This file contains any messages produced by compilers while
running configure, to aid debugging if configure makes a mistake.

It was created by GNU FriBidi configure 0.19.6, which was
generated by GNU Autoconf 2.69.  Invocation command line was

  $ ./configure --with-pic --with-sysroot=/home/will/Downloads/android/ffmpeg-android/toolchain-android/sysroot --host=arm-linux-androideabi --enable-static --disable-shared --with-glib=no --prefix=/home/will/Downloads/android/ffmpeg-android/toolchain-android

## --------- ##
## Platform. ##
## --------- ##

hostname = will-acer-server
uname -m = x86_64
uname -r = 3.16.0-45-generic
uname -s = Linux
uname -v = #60~14.04.1-Ubuntu SMP Fri Jul 24 21:16:23 UTC 2015

/usr/bin/uname -p = unknown
/bin/uname -X     = unknown

/bin/arch              = unknown
/usr/bin/arch -k       = unknown
/usr/convex/getsysinfo = unknown
/usr/bin/hostinfo      = unknown
/bin/machine           = unknown
/usr/bin/oslevel       = unknown
/bin/universe          = unknown

PATH: /usr/local/cuda/bin
PATH: /usr/local/sbin
PATH: /usr/local/bin
PATH: /usr/sbin
PATH: /usr/bin
PATH: /sbin
PATH: /bin
PATH: /usr/games
PATH: /usr/local/games


## ----------- ##
## Core tests. ##
## ----------- ##

configure:2493: checking for a BSD-compatible install
configure:2561: result: /usr/bin/install -c
configure:2572: checking whether build environment is sane
configure:2627: result: yes
configure:2686: checking for arm-linux-androideabi-strip
configure:2713: result: /home/will/Downloads/android/ffmpeg-android/toolchain-android/bin/arm-linux-androideabi-strip
configure:2778: checking for a thread-safe mkdir -p
configure:2817: result: /bin/mkdir -p
configure:2824: checking for gawk
configure:2854: result: no
configure:2824: checking for mawk
configure:2840: found /usr/bin/mawk
configure:2851: result: mawk
configure:2862: checking whether make sets $(MAKE)
configure:2884: result: yes
configure:2913: checking whether make supports nested variables
configure:2930: result: yes
configure:3057: checking whether make supports nested variables
configure:3074: result: yes
configure:3117: checking build system type
configure:3131: result: x86_64-unknown-linux-gnu
configure:3151: checking host system type
configure:3164: result: arm-unknown-linux-androideabi
configure:3205: checking how to print strings
configure:3232: result: printf
configure:3265: checking for style of include used by make
configure:3293: result: GNU
configure:3324: checking for arm-linux-androideabi-gcc
configure:3351: result: /home/will/Downloads/android/ffmpeg-android/toolchain-android/bin/arm-linux-androideabi-gcc --sysroot=/home/will/Downloads/android/ffmpeg-android/toolchain-android/sysroot
configure:3620: checking for C compiler version
configure:3629: /home/will/Downloads/android/ffmpeg-android/toolchain-android/bin/arm-linux-androideabi-gcc --sysroot=/home/will/Downloads/android/ffmpeg-android/toolchain-android/sysroot --version >&5
arm-linux-androideabi-gcc (GCC) 4.9 20140827 (prerelease)
Copyright (C) 2014 Free Software Foundation, Inc.
This is free software; see the source for copying conditions.  There is NO
warranty; not even for MERCHANTABILITY or FITNESS FOR A PARTICULAR PURPOSE.

configure:3640: $? = 0
configure:3629: /home/will/Downloads/android/ffmpeg-android/toolchain-android/bin/arm-linux-androideabi-gcc --sysroot=/home/will/Downloads/android/ffmpeg-android/toolchain-android/sysroot -v >&5
Using built-in specs.
COLLECT_GCC=/home/will/Downloads/android/ffmpeg-android/toolchain-android/bin/arm-linux-androideabi-gcc
COLLECT_LTO_WRAPPER=/home/will/Downloads/android/ffmpeg-android/toolchain-android/bin/../libexec/gcc/arm-linux-androideabi/4.9/lto-wrapper
Target: arm-linux-androideabi
Configured with: /s/ndk-toolchain/src/build/../gcc/gcc-4.9/configure --prefix=/tmp/ndk-andrewhsieh/build/toolchain/prefix --target=arm-linux-androideabi --host=x86_64-linux-gnu --build=x86_64-linux-gnu --with-gnu-as --with-gnu-ld --enable-languages=c,c++ --with-gmp=/tmp/ndk-andrewhsieh/build/toolchain/temp-install --with-mpfr=/tmp/ndk-andrewhsieh/build/toolchain/temp-install --with-mpc=/tmp/ndk-andrewhsieh/build/toolchain/temp-install --with-cloog=/tmp/ndk-andrewhsieh/build/toolchain/temp-install --with-isl=/tmp/ndk-andrewhsieh/build/toolchain/temp-install --with-ppl=/tmp/ndk-andrewhsieh/build/toolchain/temp-install --disable-ppl-version-check --disable-cloog-version-check --disable-isl-version-check --enable-cloog-backend=isl --with-host-libstdcxx='-static-libgcc -Wl,-Bstatic,-lstdc++,-Bdynamic -lm' --disable-libssp --enable-threads --disable-nls --disable-libmudflap --disable-libgomp --disable-libstdc__-v3 --disable-sjlj-exceptions --disable-shared --disable-tls --disable-libitm --with-float=soft --with-fpu=vfp --with-arch=armv5te --enable-target-optspace --enable-initfini-array --disable-nls --prefix=/tmp/ndk-andrewhsieh/build/toolchain/prefix --with-sysroot=/tmp/ndk-andrewhsieh/build/toolchain/prefix/sysroot --with-binutils-version=2.25 --with-mpfr-version=3.1.1 --with-mpc-version=1.0.1 --with-gmp-version=5.0.5 --with-gcc-version=4.9 --with-gdb-version=7.7 --with-python=/usr/local/google/home/andrewhsieh/mydroid/ndk/prebuilt/linux-x86_64/bin/python-config.sh --with-gxx-include-dir=/tmp/ndk-andrewhsieh/build/toolchain/prefix/include/c++/4.9 --with-bugurl=http://source.android.com/source/report-bugs.html --enable-languages=c,c++ --disable-bootstrap --enable-plugins --enable-libgomp --enable-gnu-indirect-function --disable-libsanitizer --enable-gold --enable-threads --enable-graphite=yes --with-cloog-version=0.18.0 --with-isl-version=0.11.1 --enable-eh-frame-hdr-for-static --with-arch=armv5te --program-transform-name='s&^&arm-linux-androideabi-&' --enable-gold=default
Thread model: posix
gcc version 4.9 20140827 (prerelease) (GCC) 
configure:3640: $? = 0
configure:3629: /home/will/Downloads/android/ffmpeg-android/toolchain-android/bin/arm-linux-androideabi-gcc --sysroot=/home/will/Downloads/android/ffmpeg-android/toolchain-android/sysroot -V >&5
arm-linux-androideabi-gcc: error: unrecognized command line option '-V'
arm-linux-androideabi-gcc: fatal error: no input files
compilation terminated.
configure:3640: $? = 1
configure:3629: /home/will/Downloads/android/ffmpeg-android/toolchain-android/bin/arm-linux-androideabi-gcc --sysroot=/home/will/Downloads/android/ffmpeg-android/toolchain-android/sysroot -qversion >&5
arm-linux-androideabi-gcc: error: unrecognized command line option '-qversion'
arm-linux-androideabi-gcc: fatal error: no input files
compilation terminated.
configure:3640: $? = 1
configure:3660: checking whether the C compiler works
configure:3682: /home/will/Downloads/android/ffmpeg-android/toolchain-android/bin/arm-linux-androideabi-gcc --sysroot=/home/will/Downloads/android/ffmpeg-android/toolchain-android/sysroot    conftest.c  >&5
configure:3686: $? = 0
configure:3734: result: yes
configure:3737: checking for C compiler default output file name
configure:3739: result: a.out
configure:3745: checking for suffix of executables
configure:3752: /home/will/Downloads/android/ffmpeg-android/toolchain-android/bin/arm-linux-androideabi-gcc --sysroot=/home/will/Downloads/android/ffmpeg-android/toolchain-android/sysroot -o conftest    conftest.c  >&5
configure:3756: $? = 0
configure:3778: result: 
configure:3800: checking whether we are cross compiling
configure:3808: /home/will/Downloads/android/ffmpeg-android/toolchain-android/bin/arm-linux-androideabi-gcc --sysroot=/home/will/Downloads/android/ffmpeg-android/toolchain-android/sysroot -o conftest    conftest.c  >&5
configure:3812: $? = 0
configure:3819: ./conftest
./configure: line 3821: ./conftest: cannot execute binary file: Exec format error
configure:3823: $? = 126
configure:3838: result: yes
configure:3843: checking for suffix of object files
configure:3865: /home/will/Downloads/android/ffmpeg-android/toolchain-android/bin/arm-linux-androideabi-gcc --sysroot=/home/will/Downloads/android/ffmpeg-android/toolchain-android/sysroot -c   conftest.c >&5
configure:3869: $? = 0
configure:3890: result: o
configure:3894: checking whether we are using the GNU C compiler
configure:3913: /home/will/Downloads/android/ffmpeg-android/toolchain-android/bin/arm-linux-androideabi-gcc --sysroot=/home/will/Downloads/android/ffmpeg-android/toolchain-android/sysroot -c   conftest.c >&5
configure:3913: $? = 0
configure:3922: result: yes
configure:3931: checking whether /home/will/Downloads/android/ffmpeg-android/toolchain-android/bin/arm-linux-androideabi-gcc --sysroot=/home/will/Downloads/android/ffmpeg-android/toolchain-android/sysroot accepts -g
configure:3951: /home/will/Downloads/android/ffmpeg-android/toolchain-android/bin/arm-linux-androideabi-gcc --sysroot=/home/will/Downloads/android/ffmpeg-android/toolchain-android/sysroot -c -g  conftest.c >&5
configure:3951: $? = 0
configure:3992: result: yes
configure:4009: checking for /home/will/Downloads/android/ffmpeg-android/toolchain-android/bin/arm-linux-androideabi-gcc --sysroot=/home/will/Downloads/android/ffmpeg-android/toolchain-android/sysroot option to accept ISO C89
configure:4072: /home/will/Downloads/android/ffmpeg-android/toolchain-android/bin/arm-linux-androideabi-gcc --sysroot=/home/will/Downloads/android/ffmpeg-android/toolchain-android/sysroot  -c -g -O2  conftest.c >&5
configure:4072: $? = 0
configure:4085: result: none needed
configure:4110: checking whether /home/will/Downloads/android/ffmpeg-android/toolchain-android/bin/arm-linux-androideabi-gcc --sysroot=/home/will/Downloads/android/ffmpeg-android/toolchain-android/sysroot understands -c and -o together
configure:4132: /home/will/Downloads/android/ffmpeg-android/toolchain-android/bin/arm-linux-androideabi-gcc --sysroot=/home/will/Downloads/android/ffmpeg-android/toolchain-android/sysroot -c conftest.c -o conftest2.o
configure:4135: $? = 0
configure:4132: /home/will/Downloads/android/ffmpeg-android/toolchain-android/bin/arm-linux-androideabi-gcc --sysroot=/home/will/Downloads/android/ffmpeg-android/toolchain-android/sysroot -c conftest.c -o conftest2.o
configure:4135: $? = 0
configure:4147: result: yes
configure:4166: checking dependency style of /home/will/Downloads/android/ffmpeg-android/toolchain-android/bin/arm-linux-androideabi-gcc --sysroot=/home/will/Downloads/android/ffmpeg-android/toolchain-android/sysroot
configure:4277: result: gcc3
configure:4292: checking for a sed that does not truncate output
configure:4356: result: /bin/sed
configure:4374: checking for grep that handles long lines and -e
configure:4432: result: /bin/grep
configure:4437: checking for egrep
configure:4499: result: /bin/grep -E
configure:4504: checking for fgrep
configure:4566: result: /bin/grep -F
configure:4601: checking for ld used by /home/will/Downloads/android/ffmpeg-android/toolchain-android/bin/arm-linux-androideabi-gcc --sysroot=/home/will/Downloads/android/ffmpeg-android/toolchain-android/sysroot
configure:4668: result: /home/will/Downloads/android/ffmpeg-android/toolchain-android/bin/arm-linux-androideabi-ld
configure:4675: checking if the linker (/home/will/Downloads/android/ffmpeg-android/toolchain-android/bin/arm-linux-androideabi-ld) is GNU ld
configure:4690: result: yes
configure:4702: checking for BSD- or MS-compatible name lister (nm)
configure:4751: result: /home/will/Downloads/android/ffmpeg-android/toolchain-android/bin/arm-linux-androideabi-nm
configure:4881: checking the name lister (/home/will/Downloads/android/ffmpeg-android/toolchain-android/bin/arm-linux-androideabi-nm) interface
configure:4888: /home/will/Downloads/android/ffmpeg-android/toolchain-android/bin/arm-linux-androideabi-gcc --sysroot=/home/will/Downloads/android/ffmpeg-android/toolchain-android/sysroot -c -g -O2  conftest.c >&5
configure:4891: /home/will/Downloads/android/ffmpeg-android/toolchain-android/bin/arm-linux-androideabi-nm "conftest.o"
configure:4894: output
00000000 B some_variable
configure:4901: result: BSD nm
configure:4904: checking whether ln -s works
configure:4908: result: yes
configure:4916: checking the maximum length of command line arguments
configure:5047: result: 1572864
configure:5064: checking whether the shell understands some XSI constructs
configure:5074: result: yes
configure:5078: checking whether the shell understands "+="
configure:5084: result: yes
configure:5119: checking how to convert x86_64-unknown-linux-gnu file names to arm-unknown-linux-androideabi format
configure:5159: result: func_convert_file_noop
configure:5166: checking how to convert x86_64-unknown-linux-gnu file names to toolchain format
configure:5186: result: func_convert_file_noop
configure:5193: checking for /home/will/Downloads/android/ffmpeg-android/toolchain-android/bin/arm-linux-androideabi-ld option to reload object files
configure:5200: result: -r
configure:5234: checking for arm-linux-androideabi-objdump
configure:5261: result: /home/will/Downloads/android/ffmpeg-android/toolchain-android/bin/arm-linux-androideabi-objdump
configure:5333: checking how to recognize dependent libraries
configure:5531: result: pass_all
configure:5576: checking for arm-linux-androideabi-dlltool
configure:5606: result: no
configure:5616: checking for dlltool
configure:5646: result: no
configure:5676: checking how to associate runtime and link libraries
configure:5703: result: printf %s\n
configure:5720: checking for arm-linux-androideabi-ar
configure:5747: result: /home/will/Downloads/android/ffmpeg-android/toolchain-android/bin/arm-linux-androideabi-ar
configure:5828: checking for archiver @FILE support
configure:5845: /home/will/Downloads/android/ffmpeg-android/toolchain-android/bin/arm-linux-androideabi-gcc --sysroot=/home/will/Downloads/android/ffmpeg-android/toolchain-android/sysroot -c -g -O2  conftest.c >&5
configure:5845: $? = 0
configure:5848: /home/will/Downloads/android/ffmpeg-android/toolchain-android/bin/arm-linux-androideabi-ar cru libconftest.a @conftest.lst >&5
configure:5851: $? = 0
configure:5856: /home/will/Downloads/android/ffmpeg-android/toolchain-android/bin/arm-linux-androideabi-ar cru libconftest.a @conftest.lst >&5
/home/will/Downloads/android/ffmpeg-android/toolchain-android/bin/arm-linux-androideabi-ar: conftest.o: No such file or directory
configure:5859: $? = 1
configure:5871: result: @
configure:5889: checking for arm-linux-androideabi-strip
configure:5916: result: /home/will/Downloads/android/ffmpeg-android/toolchain-android/bin/arm-linux-androideabi-strip
configure:5988: checking for arm-linux-androideabi-ranlib
configure:6015: result: /home/will/Downloads/android/ffmpeg-android/toolchain-android/bin/arm-linux-androideabi-ranlib
configure:6157: checking command to parse /home/will/Downloads/android/ffmpeg-android/toolchain-android/bin/arm-linux-androideabi-nm output from /home/will/Downloads/android/ffmpeg-android/toolchain-android/bin/arm-linux-androideabi-gcc --sysroot=/home/will/Downloads/android/ffmpeg-android/toolchain-android/sysroot object
configure:6277: /home/will/Downloads/android/ffmpeg-android/toolchain-android/bin/arm-linux-androideabi-gcc --sysroot=/home/will/Downloads/android/ffmpeg-android/toolchain-android/sysroot -c -g -O2  conftest.c >&5
configure:6280: $? = 0
configure:6284: /home/will/Downloads/android/ffmpeg-android/toolchain-android/bin/arm-linux-androideabi-nm conftest.o \| sed -n -e 's/^.*[ ]\([ABCDGIRSTW][ABCDGIRSTW]*\)[ ][ ]*\([_A-Za-z][_A-Za-z0-9]*\)$/\1 \2 \2/p' | sed '/ __gnu_lto/d' \> conftest.nm
configure:6287: $? = 0
configure:6353: /home/will/Downloads/android/ffmpeg-android/toolchain-android/bin/arm-linux-androideabi-gcc --sysroot=/home/will/Downloads/android/ffmpeg-android/toolchain-android/sysroot -o conftest -g -O2   conftest.c conftstm.o >&5
configure:6356: $? = 0
configure:6394: result: ok
configure:6431: checking for sysroot
configure:6461: result: /home/will/Downloads/android/ffmpeg-android/toolchain-android/sysroot
configure:6690: checking for arm-linux-androideabi-mt
configure:6720: result: no
configure:6730: checking for mt
configure:6746: found /bin/mt
configure:6757: result: mt
configure:6769: WARNING: using cross tools not prefixed with host triplet
configure:6780: checking if mt is a manifest tool
configure:6786: mt '-?'
configure:6794: result: no
configure:7436: checking how to run the C preprocessor
configure:7506: result: /home/will/Downloads/android/ffmpeg-android/toolchain-android/bin/arm-linux-androideabi-cpp
configure:7526: /home/will/Downloads/android/ffmpeg-android/toolchain-android/bin/arm-linux-androideabi-cpp  conftest.c
configure:7526: $? = 0
configure:7540: /home/will/Downloads/android/ffmpeg-android/toolchain-android/bin/arm-linux-androideabi-cpp  conftest.c
conftest.c:9:28: fatal error: ac_nonexistent.h: No such file or directory
 #include <ac_nonexistent.h>
                            ^
compilation terminated.
configure:7540: $? = 1
configure: failed program was:
| /* confdefs.h */
| #define PACKAGE_NAME "GNU FriBidi"
| #define PACKAGE_TARNAME "fribidi"
| #define PACKAGE_VERSION "0.19.6"
| #define PACKAGE_STRING "GNU FriBidi 0.19.6"
| #define PACKAGE_BUGREPORT "http://bugs.freedesktop.org/enter_bug.cgi?product=fribidi"
| #define PACKAGE_URL "http://fribidi.org/"
| /* end confdefs.h.  */
| #include <ac_nonexistent.h>
configure:7569: checking for ANSI C header files
configure:7589: /home/will/Downloads/android/ffmpeg-android/toolchain-android/bin/arm-linux-androideabi-gcc --sysroot=/home/will/Downloads/android/ffmpeg-android/toolchain-android/sysroot -c -g -O2  conftest.c >&5
configure:7589: $? = 0
configure:7673: result: yes
configure:7686: checking for sys/types.h
configure:7686: /home/will/Downloads/android/ffmpeg-android/toolchain-android/bin/arm-linux-androideabi-gcc --sysroot=/home/will/Downloads/android/ffmpeg-android/toolchain-android/sysroot -c -g -O2  conftest.c >&5
configure:7686: $? = 0
configure:7686: result: yes
configure:7686: checking for sys/stat.h
configure:7686: /home/will/Downloads/android/ffmpeg-android/toolchain-android/bin/arm-linux-androideabi-gcc --sysroot=/home/will/Downloads/android/ffmpeg-android/toolchain-android/sysroot -c -g -O2  conftest.c >&5
configure:7686: $? = 0
configure:7686: result: yes
configure:7686: checking for stdlib.h
configure:7686: /home/will/Downloads/android/ffmpeg-android/toolchain-android/bin/arm-linux-androideabi-gcc --sysroot=/home/will/Downloads/android/ffmpeg-android/toolchain-android/sysroot -c -g -O2  conftest.c >&5
configure:7686: $? = 0
configure:7686: result: yes
configure:7686: checking for string.h
configure:7686: /home/will/Downloads/android/ffmpeg-android/toolchain-android/bin/arm-linux-androideabi-gcc --sysroot=/home/will/Downloads/android/ffmpeg-android/toolchain-android/sysroot -c -g -O2  conftest.c >&5
configure:7686: $? = 0
configure:7686: result: yes
configure:7686: checking for memory.h
configure:7686: /home/will/Downloads/android/ffmpeg-android/toolchain-android/bin/arm-linux-androideabi-gcc --sysroot=/home/will/Downloads/android/ffmpeg-android/toolchain-android/sysroot -c -g -O2  conftest.c >&5
configure:7686: $? = 0
configure:7686: result: yes
configure:7686: checking for strings.h
configure:7686: /home/will/Downloads/android/ffmpeg-android/toolchain-android/bin/arm-linux-androideabi-gcc --sysroot=/home/will/Downloads/android/ffmpeg-android/toolchain-android/sysroot -c -g -O2  conftest.c >&5
configure:7686: $? = 0
configure:7686: result: yes
configure:7686: checking for inttypes.h
configure:7686: /home/will/Downloads/android/ffmpeg-android/toolchain-android/bin/arm-linux-androideabi-gcc --sysroot=/home/will/Downloads/android/ffmpeg-android/toolchain-android/sysroot -c -g -O2  conftest.c >&5
configure:7686: $? = 0
configure:7686: result: yes
configure:7686: checking for stdint.h
configure:7686: /home/will/Downloads/android/ffmpeg-android/toolchain-android/bin/arm-linux-androideabi-gcc --sysroot=/home/will/Downloads/android/ffmpeg-android/toolchain-android/sysroot -c -g -O2  conftest.c >&5
configure:7686: $? = 0
configure:7686: result: yes
configure:7686: checking for unistd.h
configure:7686: /home/will/Downloads/android/ffmpeg-android/toolchain-android/bin/arm-linux-androideabi-gcc --sysroot=/home/will/Downloads/android/ffmpeg-android/toolchain-android/sysroot -c -g -O2  conftest.c >&5
configure:7686: $? = 0
configure:7686: result: yes
configure:7700: checking for dlfcn.h
configure:7700: /home/will/Downloads/android/ffmpeg-android/toolchain-android/bin/arm-linux-androideabi-gcc --sysroot=/home/will/Downloads/android/ffmpeg-android/toolchain-android/sysroot -c -g -O2  conftest.c >&5
configure:7700: $? = 0
configure:7700: result: yes
configure:7905: checking for objdir
configure:7920: result: .libs
configure:8187: checking if /home/will/Downloads/android/ffmpeg-android/toolchain-android/bin/arm-linux-androideabi-gcc --sysroot=/home/will/Downloads/android/ffmpeg-android/toolchain-android/sysroot supports -fno-rtti -fno-exceptions
configure:8205: /home/will/Downloads/android/ffmpeg-android/toolchain-android/bin/arm-linux-androideabi-gcc --sysroot=/home/will/Downloads/android/ffmpeg-android/toolchain-android/sysroot -c -g -O2  -fno-rtti -fno-exceptions conftest.c >&5
cc1: warning: command line option '-fno-rtti' is valid for C++/ObjC++ but not for C
configure:8209: $? = 0
configure:8222: result: no
configure:8549: checking for /home/will/Downloads/android/ffmpeg-android/toolchain-android/bin/arm-linux-androideabi-gcc --sysroot=/home/will/Downloads/android/ffmpeg-android/toolchain-android/sysroot option to produce PIC
configure:8556: result: -fPIC -DPIC
configure:8564: checking if /home/will/Downloads/android/ffmpeg-android/toolchain-android/bin/arm-linux-androideabi-gcc --sysroot=/home/will/Downloads/android/ffmpeg-android/toolchain-android/sysroot PIC flag -fPIC -DPIC works
configure:8582: /home/will/Downloads/android/ffmpeg-android/toolchain-android/bin/arm-linux-androideabi-gcc --sysroot=/home/will/Downloads/android/ffmpeg-android/toolchain-android/sysroot -c -g -O2  -fPIC -DPIC -DPIC conftest.c >&5
configure:8586: $? = 0
configure:8599: result: yes
configure:8628: checking if /home/will/Downloads/android/ffmpeg-android/toolchain-android/bin/arm-linux-androideabi-gcc --sysroot=/home/will/Downloads/android/ffmpeg-android/toolchain-android/sysroot static flag -static works
configure:8656: result: yes
configure:8671: checking if /home/will/Downloads/android/ffmpeg-android/toolchain-android/bin/arm-linux-androideabi-gcc --sysroot=/home/will/Downloads/android/ffmpeg-android/toolchain-android/sysroot supports -c -o file.o
configure:8692: /home/will/Downloads/android/ffmpeg-android/toolchain-android/bin/arm-linux-androideabi-gcc --sysroot=/home/will/Downloads/android/ffmpeg-android/toolchain-android/sysroot -c -g -O2  -o out/conftest2.o conftest.c >&5
configure:8696: $? = 0
configure:8718: result: yes
configure:8726: checking if /home/will/Downloads/android/ffmpeg-android/toolchain-android/bin/arm-linux-androideabi-gcc --sysroot=/home/will/Downloads/android/ffmpeg-android/toolchain-android/sysroot supports -c -o file.o
configure:8773: result: yes
configure:8806: checking whether the /home/will/Downloads/android/ffmpeg-android/toolchain-android/bin/arm-linux-androideabi-gcc --sysroot=/home/will/Downloads/android/ffmpeg-android/toolchain-android/sysroot linker (/home/will/Downloads/android/ffmpeg-android/toolchain-android/bin/arm-linux-androideabi-ld) supports shared libraries
configure:9963: result: yes
configure:10203: checking dynamic linker characteristics
configure:10703: /home/will/Downloads/android/ffmpeg-android/toolchain-android/bin/arm-linux-androideabi-gcc --sysroot=/home/will/Downloads/android/ffmpeg-android/toolchain-android/sysroot -o conftest -g -O2   -Wl,-rpath -Wl,/foo conftest.c  >&5
configure:10703: $? = 0
configure:10937: result: GNU/Linux ld.so
configure:11044: checking how to hardcode library paths into programs
configure:11069: result: immediate
configure:11609: checking whether stripping libraries is possible
configure:11614: result: yes
configure:11649: checking if libtool supports shared libraries
configure:11651: result: yes
configure:11654: checking whether to build shared libraries
configure:11675: result: no
configure:11678: checking whether to build static libraries
configure:11682: result: yes
configure:11752: checking for arm-linux-androideabi-gcc
configure:11779: result: /home/will/Downloads/android/ffmpeg-android/toolchain-android/bin/arm-linux-androideabi-gcc --sysroot=/home/will/Downloads/android/ffmpeg-android/toolchain-android/sysroot
configure:12048: checking for C compiler version
configure:12057: /home/will/Downloads/android/ffmpeg-android/toolchain-android/bin/arm-linux-androideabi-gcc --sysroot=/home/will/Downloads/android/ffmpeg-android/toolchain-android/sysroot --version >&5
arm-linux-androideabi-gcc (GCC) 4.9 20140827 (prerelease)
Copyright (C) 2014 Free Software Foundation, Inc.
This is free software; see the source for copying conditions.  There is NO
warranty; not even for MERCHANTABILITY or FITNESS FOR A PARTICULAR PURPOSE.

configure:12068: $? = 0
configure:12057: /home/will/Downloads/android/ffmpeg-android/toolchain-android/bin/arm-linux-androideabi-gcc --sysroot=/home/will/Downloads/android/ffmpeg-android/toolchain-android/sysroot -v >&5
Using built-in specs.
COLLECT_GCC=/home/will/Downloads/android/ffmpeg-android/toolchain-android/bin/arm-linux-androideabi-gcc
COLLECT_LTO_WRAPPER=/home/will/Downloads/android/ffmpeg-android/toolchain-android/bin/../libexec/gcc/arm-linux-androideabi/4.9/lto-wrapper
Target: arm-linux-androideabi
Configured with: /s/ndk-toolchain/src/build/../gcc/gcc-4.9/configure --prefix=/tmp/ndk-andrewhsieh/build/toolchain/prefix --target=arm-linux-androideabi --host=x86_64-linux-gnu --build=x86_64-linux-gnu --with-gnu-as --with-gnu-ld --enable-languages=c,c++ --with-gmp=/tmp/ndk-andrewhsieh/build/toolchain/temp-install --with-mpfr=/tmp/ndk-andrewhsieh/build/toolchain/temp-install --with-mpc=/tmp/ndk-andrewhsieh/build/toolchain/temp-install --with-cloog=/tmp/ndk-andrewhsieh/build/toolchain/temp-install --with-isl=/tmp/ndk-andrewhsieh/build/toolchain/temp-install --with-ppl=/tmp/ndk-andrewhsieh/build/toolchain/temp-install --disable-ppl-version-check --disable-cloog-version-check --disable-isl-version-check --enable-cloog-backend=isl --with-host-libstdcxx='-static-libgcc -Wl,-Bstatic,-lstdc++,-Bdynamic -lm' --disable-libssp --enable-threads --disable-nls --disable-libmudflap --disable-libgomp --disable-libstdc__-v3 --disable-sjlj-exceptions --disable-shared --disable-tls --disable-libitm --with-float=soft --with-fpu=vfp --with-arch=armv5te --enable-target-optspace --enable-initfini-array --disable-nls --prefix=/tmp/ndk-andrewhsieh/build/toolchain/prefix --with-sysroot=/tmp/ndk-andrewhsieh/build/toolchain/prefix/sysroot --with-binutils-version=2.25 --with-mpfr-version=3.1.1 --with-mpc-version=1.0.1 --with-gmp-version=5.0.5 --with-gcc-version=4.9 --with-gdb-version=7.7 --with-python=/usr/local/google/home/andrewhsieh/mydroid/ndk/prebuilt/linux-x86_64/bin/python-config.sh --with-gxx-include-dir=/tmp/ndk-andrewhsieh/build/toolchain/prefix/include/c++/4.9 --with-bugurl=http://source.android.com/source/report-bugs.html --enable-languages=c,c++ --disable-bootstrap --enable-plugins --enable-libgomp --enable-gnu-indirect-function --disable-libsanitizer --enable-gold --enable-threads --enable-graphite=yes --with-cloog-version=0.18.0 --with-isl-version=0.11.1 --enable-eh-frame-hdr-for-static --with-arch=armv5te --program-transform-name='s&^&arm-linux-androideabi-&' --enable-gold=default
Thread model: posix
gcc version 4.9 20140827 (prerelease) (GCC) 
configure:12068: $? = 0
configure:12057: /home/will/Downloads/android/ffmpeg-android/toolchain-android/bin/arm-linux-androideabi-gcc --sysroot=/home/will/Downloads/android/ffmpeg-android/toolchain-android/sysroot -V >&5
arm-linux-androideabi-gcc: error: unrecognized command line option '-V'
arm-linux-androideabi-gcc: fatal error: no input files
compilation terminated.
configure:12068: $? = 1
configure:12057: /home/will/Downloads/android/ffmpeg-android/toolchain-android/bin/arm-linux-androideabi-gcc --sysroot=/home/will/Downloads/android/ffmpeg-android/toolchain-android/sysroot -qversion >&5
arm-linux-androideabi-gcc: error: unrecognized command line option '-qversion'
arm-linux-androideabi-gcc: fatal error: no input files
compilation terminated.
configure:12068: $? = 1
configure:12072: checking whether we are using the GNU C compiler
configure:12100: result: yes
configure:12109: checking whether /home/will/Downloads/android/ffmpeg-android/toolchain-android/bin/arm-linux-androideabi-gcc --sysroot=/home/will/Downloads/android/ffmpeg-android/toolchain-android/sysroot accepts -g
configure:12170: result: yes
configure:12187: checking for /home/will/Downloads/android/ffmpeg-android/toolchain-android/bin/arm-linux-androideabi-gcc --sysroot=/home/will/Downloads/android/ffmpeg-android/toolchain-android/sysroot option to accept ISO C89
configure:12263: result: none needed
configure:12288: checking whether /home/will/Downloads/android/ffmpeg-android/toolchain-android/bin/arm-linux-androideabi-gcc --sysroot=/home/will/Downloads/android/ffmpeg-android/toolchain-android/sysroot understands -c and -o together
configure:12325: result: yes
configure:12344: checking dependency style of /home/will/Downloads/android/ffmpeg-android/toolchain-android/bin/arm-linux-androideabi-gcc --sysroot=/home/will/Downloads/android/ffmpeg-android/toolchain-android/sysroot
configure:12455: result: gcc3
configure:12482: checking for arm-linux-androideabi-pkg-config
configure:12515: result: no
configure:12525: checking for pkg-config
configure:12543: found /usr/bin/pkg-config
configure:12555: result: /usr/bin/pkg-config
configure:12580: checking pkg-config is at least version 0.9.0
configure:12583: result: yes
configure:12591: checking for native Win32
configure:12597: result: no
configure:12607: checking for some Win32 platform
configure:12613: result: no
configure:12626: checking for ANSI C header files
configure:12730: result: yes
configure:12741: checking for stdlib.h
configure:12741: result: yes
configure:12741: checking for string.h
configure:12741: result: yes
configure:12741: checking for strings.h
configure:12741: result: yes
configure:12741: checking for inttypes.h
configure:12741: result: yes
configure:12741: checking wchar.h usability
configure:12741: /home/will/Downloads/android/ffmpeg-android/toolchain-android/bin/arm-linux-androideabi-gcc --sysroot=/home/will/Downloads/android/ffmpeg-android/toolchain-android/sysroot -c -g -O2  conftest.c >&5
configure:12741: $? = 0
configure:12741: result: yes
configure:12741: checking wchar.h presence
configure:12741: /home/will/Downloads/android/ffmpeg-android/toolchain-android/bin/arm-linux-androideabi-cpp  conftest.c
configure:12741: $? = 0
configure:12741: result: yes
configure:12741: checking for wchar.h
configure:12741: result: yes
configure:12741: checking asm/page.h usability
configure:12741: /home/will/Downloads/android/ffmpeg-android/toolchain-android/bin/arm-linux-androideabi-gcc --sysroot=/home/will/Downloads/android/ffmpeg-android/toolchain-android/sysroot -c -g -O2  conftest.c >&5
conftest.c:60:22: fatal error: asm/page.h: No such file or directory
 #include <asm/page.h>
                      ^
compilation terminated.
configure:12741: $? = 1
configure: failed program was:
| /* confdefs.h */
| #define PACKAGE_NAME "GNU FriBidi"
| #define PACKAGE_TARNAME "fribidi"
| #define PACKAGE_VERSION "0.19.6"
| #define PACKAGE_STRING "GNU FriBidi 0.19.6"
| #define PACKAGE_BUGREPORT "http://bugs.freedesktop.org/enter_bug.cgi?product=fribidi"
| #define PACKAGE_URL "http://fribidi.org/"
| #define STDC_HEADERS 1
| #define HAVE_SYS_TYPES_H 1
| #define HAVE_SYS_STAT_H 1
| #define HAVE_STDLIB_H 1
| #define HAVE_STRING_H 1
| #define HAVE_MEMORY_H 1
| #define HAVE_STRINGS_H 1
| #define HAVE_INTTYPES_H 1
| #define HAVE_STDINT_H 1
| #define HAVE_UNISTD_H 1
| #define HAVE_DLFCN_H 1
| #define LT_OBJDIR ".libs/"
| #define STDC_HEADERS 1
| #define HAVE_STDLIB_H 1
| #define HAVE_STRING_H 1
| #define HAVE_STRINGS_H 1
| #define HAVE_INTTYPES_H 1
| #define HAVE_WCHAR_H 1
| /* end confdefs.h.  */
| #include <stdio.h>
| #ifdef HAVE_SYS_TYPES_H
| # include <sys/types.h>
| #endif
| #ifdef HAVE_SYS_STAT_H
| # include <sys/stat.h>
| #endif
| #ifdef STDC_HEADERS
| # include <stdlib.h>
| # include <stddef.h>
| #else
| # ifdef HAVE_STDLIB_H
| #  include <stdlib.h>
| # endif
| #endif
| #ifdef HAVE_STRING_H
| # if !defined STDC_HEADERS && defined HAVE_MEMORY_H
| #  include <memory.h>
| # endif
| # include <string.h>
| #endif
| #ifdef HAVE_STRINGS_H
| # include <strings.h>
| #endif
| #ifdef HAVE_INTTYPES_H
| # include <inttypes.h>
| #endif
| #ifdef HAVE_STDINT_H
| # include <stdint.h>
| #endif
| #ifdef HAVE_UNISTD_H
| # include <unistd.h>
| #endif
| #include <asm/page.h>
configure:12741: result: no
configure:12741: checking asm/page.h presence
configure:12741: /home/will/Downloads/android/ffmpeg-android/toolchain-android/bin/arm-linux-androideabi-cpp  conftest.c
conftest.c:27:22: fatal error: asm/page.h: No such file or directory
 #include <asm/page.h>
                      ^
compilation terminated.
configure:12741: $? = 1
configure: failed program was:
| /* confdefs.h */
| #define PACKAGE_NAME "GNU FriBidi"
| #define PACKAGE_TARNAME "fribidi"
| #define PACKAGE_VERSION "0.19.6"
| #define PACKAGE_STRING "GNU FriBidi 0.19.6"
| #define PACKAGE_BUGREPORT "http://bugs.freedesktop.org/enter_bug.cgi?product=fribidi"
| #define PACKAGE_URL "http://fribidi.org/"
| #define STDC_HEADERS 1
| #define HAVE_SYS_TYPES_H 1
| #define HAVE_SYS_STAT_H 1
| #define HAVE_STDLIB_H 1
| #define HAVE_STRING_H 1
| #define HAVE_MEMORY_H 1
| #define HAVE_STRINGS_H 1
| #define HAVE_INTTYPES_H 1
| #define HAVE_STDINT_H 1
| #define HAVE_UNISTD_H 1
| #define HAVE_DLFCN_H 1
| #define LT_OBJDIR ".libs/"
| #define STDC_HEADERS 1
| #define HAVE_STDLIB_H 1
| #define HAVE_STRING_H 1
| #define HAVE_STRINGS_H 1
| #define HAVE_INTTYPES_H 1
| #define HAVE_WCHAR_H 1
| /* end confdefs.h.  */
| #include <asm/page.h>
configure:12741: result: no
configure:12741: checking for asm/page.h
configure:12741: result: no
configure:12741: checking sys/times.h usability
configure:12741: /home/will/Downloads/android/ffmpeg-android/toolchain-android/bin/arm-linux-androideabi-gcc --sysroot=/home/will/Downloads/android/ffmpeg-android/toolchain-android/sysroot -c -g -O2  conftest.c >&5
configure:12741: $? = 0
configure:12741: result: yes
configure:12741: checking sys/times.h presence
configure:12741: /home/will/Downloads/android/ffmpeg-android/toolchain-android/bin/arm-linux-androideabi-cpp  conftest.c
configure:12741: $? = 0
configure:12741: result: yes
configure:12741: checking for sys/times.h
configure:12741: result: yes
configure:12753: checking for an ANSI C-conforming const
configure:12819: /home/will/Downloads/android/ffmpeg-android/toolchain-android/bin/arm-linux-androideabi-gcc --sysroot=/home/will/Downloads/android/ffmpeg-android/toolchain-android/sysroot -c -g -O2  conftest.c >&5
configure:12819: $? = 0
configure:12826: result: yes
configure:12834: checking for preprocessor stringizing operator
configure:12854: result: yes
configure:12866: checking size of int
configure:12871: /home/will/Downloads/android/ffmpeg-android/toolchain-android/bin/arm-linux-androideabi-gcc --sysroot=/home/will/Downloads/android/ffmpeg-android/toolchain-android/sysroot -c -g -O2  conftest.c >&5
configure:12871: $? = 0
configure:12871: /home/will/Downloads/android/ffmpeg-android/toolchain-android/bin/arm-linux-androideabi-gcc --sysroot=/home/will/Downloads/android/ffmpeg-android/toolchain-android/sysroot -c -g -O2  conftest.c >&5
conftest.c: In function 'main':
conftest.c:65:12: error: size of array 'test_array' is negative
 static int test_array [1 - 2 * !(((long int) (sizeof (int))) <= 0)];
            ^
configure:12871: $? = 1
configure: failed program was:
| /* confdefs.h */
| #define PACKAGE_NAME "GNU FriBidi"
| #define PACKAGE_TARNAME "fribidi"
| #define PACKAGE_VERSION "0.19.6"
| #define PACKAGE_STRING "GNU FriBidi 0.19.6"
| #define PACKAGE_BUGREPORT "http://bugs.freedesktop.org/enter_bug.cgi?product=fribidi"
| #define PACKAGE_URL "http://fribidi.org/"
| #define STDC_HEADERS 1
| #define HAVE_SYS_TYPES_H 1
| #define HAVE_SYS_STAT_H 1
| #define HAVE_STDLIB_H 1
| #define HAVE_STRING_H 1
| #define HAVE_MEMORY_H 1
| #define HAVE_STRINGS_H 1
| #define HAVE_INTTYPES_H 1
| #define HAVE_STDINT_H 1
| #define HAVE_UNISTD_H 1
| #define HAVE_DLFCN_H 1
| #define LT_OBJDIR ".libs/"
| #define STDC_HEADERS 1
| #define HAVE_STDLIB_H 1
| #define HAVE_STRING_H 1
| #define HAVE_STRINGS_H 1
| #define HAVE_INTTYPES_H 1
| #define HAVE_WCHAR_H 1
| #define HAVE_SYS_TIMES_H 1
| #define HAVE_STRINGIZE 1
| /* end confdefs.h.  */
| #include <stdio.h>
| #ifdef HAVE_SYS_TYPES_H
| # include <sys/types.h>
| #endif
| #ifdef HAVE_SYS_STAT_H
| # include <sys/stat.h>
| #endif
| #ifdef STDC_HEADERS
| # include <stdlib.h>
| # include <stddef.h>
| #else
| # ifdef HAVE_STDLIB_H
| #  include <stdlib.h>
| # endif
| #endif
| #ifdef HAVE_STRING_H
| # if !defined STDC_HEADERS && defined HAVE_MEMORY_H
| #  include <memory.h>
| # endif
| # include <string.h>
| #endif
| #ifdef HAVE_STRINGS_H
| # include <strings.h>
| #endif
| #ifdef HAVE_INTTYPES_H
| # include <inttypes.h>
| #endif
| #ifdef HAVE_STDINT_H
| # include <stdint.h>
| #endif
| #ifdef HAVE_UNISTD_H
| # include <unistd.h>
| #endif
| int
| main ()
| {
| static int test_array [1 - 2 * !(((long int) (sizeof (int))) <= 0)];
| test_array [0] = 0;
| return test_array [0];
| 
|   ;
|   return 0;
| }
configure:12871: /home/will/Downloads/android/ffmpeg-android/toolchain-android/bin/arm-linux-androideabi-gcc --sysroot=/home/will/Downloads/android/ffmpeg-android/toolchain-android/sysroot -c -g -O2  conftest.c >&5
conftest.c: In function 'main':
conftest.c:65:12: error: size of array 'test_array' is negative
 static int test_array [1 - 2 * !(((long int) (sizeof (int))) <= 1)];
            ^
configure:12871: $? = 1
configure: failed program was:
| /* confdefs.h */
| #define PACKAGE_NAME "GNU FriBidi"
| #define PACKAGE_TARNAME "fribidi"
| #define PACKAGE_VERSION "0.19.6"
| #define PACKAGE_STRING "GNU FriBidi 0.19.6"
| #define PACKAGE_BUGREPORT "http://bugs.freedesktop.org/enter_bug.cgi?product=fribidi"
| #define PACKAGE_URL "http://fribidi.org/"
| #define STDC_HEADERS 1
| #define HAVE_SYS_TYPES_H 1
| #define HAVE_SYS_STAT_H 1
| #define HAVE_STDLIB_H 1
| #define HAVE_STRING_H 1
| #define HAVE_MEMORY_H 1
| #define HAVE_STRINGS_H 1
| #define HAVE_INTTYPES_H 1
| #define HAVE_STDINT_H 1
| #define HAVE_UNISTD_H 1
| #define HAVE_DLFCN_H 1
| #define LT_OBJDIR ".libs/"
| #define STDC_HEADERS 1
| #define HAVE_STDLIB_H 1
| #define HAVE_STRING_H 1
| #define HAVE_STRINGS_H 1
| #define HAVE_INTTYPES_H 1
| #define HAVE_WCHAR_H 1
| #define HAVE_SYS_TIMES_H 1
| #define HAVE_STRINGIZE 1
| /* end confdefs.h.  */
| #include <stdio.h>
| #ifdef HAVE_SYS_TYPES_H
| # include <sys/types.h>
| #endif
| #ifdef HAVE_SYS_STAT_H
| # include <sys/stat.h>
| #endif
| #ifdef STDC_HEADERS
| # include <stdlib.h>
| # include <stddef.h>
| #else
| # ifdef HAVE_STDLIB_H
| #  include <stdlib.h>
| # endif
| #endif
| #ifdef HAVE_STRING_H
| # if !defined STDC_HEADERS && defined HAVE_MEMORY_H
| #  include <memory.h>
| # endif
| # include <string.h>
| #endif
| #ifdef HAVE_STRINGS_H
| # include <strings.h>
| #endif
| #ifdef HAVE_INTTYPES_H
| # include <inttypes.h>
| #endif
| #ifdef HAVE_STDINT_H
| # include <stdint.h>
| #endif
| #ifdef HAVE_UNISTD_H
| # include <unistd.h>
| #endif
| int
| main ()
| {
| static int test_array [1 - 2 * !(((long int) (sizeof (int))) <= 1)];
| test_array [0] = 0;
| return test_array [0];
| 
|   ;
|   return 0;
| }
configure:12871: /home/will/Downloads/android/ffmpeg-android/toolchain-android/bin/arm-linux-androideabi-gcc --sysroot=/home/will/Downloads/android/ffmpeg-android/toolchain-android/sysroot -c -g -O2  conftest.c >&5
conftest.c: In function 'main':
conftest.c:65:12: error: size of array 'test_array' is negative
 static int test_array [1 - 2 * !(((long int) (sizeof (int))) <= 3)];
            ^
configure:12871: $? = 1
configure: failed program was:
| /* confdefs.h */
| #define PACKAGE_NAME "GNU FriBidi"
| #define PACKAGE_TARNAME "fribidi"
| #define PACKAGE_VERSION "0.19.6"
| #define PACKAGE_STRING "GNU FriBidi 0.19.6"
| #define PACKAGE_BUGREPORT "http://bugs.freedesktop.org/enter_bug.cgi?product=fribidi"
| #define PACKAGE_URL "http://fribidi.org/"
| #define STDC_HEADERS 1
| #define HAVE_SYS_TYPES_H 1
| #define HAVE_SYS_STAT_H 1
| #define HAVE_STDLIB_H 1
| #define HAVE_STRING_H 1
| #define HAVE_MEMORY_H 1
| #define HAVE_STRINGS_H 1
| #define HAVE_INTTYPES_H 1
| #define HAVE_STDINT_H 1
| #define HAVE_UNISTD_H 1
| #define HAVE_DLFCN_H 1
| #define LT_OBJDIR ".libs/"
| #define STDC_HEADERS 1
| #define HAVE_STDLIB_H 1
| #define HAVE_STRING_H 1
| #define HAVE_STRINGS_H 1
| #define HAVE_INTTYPES_H 1
| #define HAVE_WCHAR_H 1
| #define HAVE_SYS_TIMES_H 1
| #define HAVE_STRINGIZE 1
| /* end confdefs.h.  */
| #include <stdio.h>
| #ifdef HAVE_SYS_TYPES_H
| # include <sys/types.h>
| #endif
| #ifdef HAVE_SYS_STAT_H
| # include <sys/stat.h>
| #endif
| #ifdef STDC_HEADERS
| # include <stdlib.h>
| # include <stddef.h>
| #else
| # ifdef HAVE_STDLIB_H
| #  include <stdlib.h>
| # endif
| #endif
| #ifdef HAVE_STRING_H
| # if !defined STDC_HEADERS && defined HAVE_MEMORY_H
| #  include <memory.h>
| # endif
| # include <string.h>
| #endif
| #ifdef HAVE_STRINGS_H
| # include <strings.h>
| #endif
| #ifdef HAVE_INTTYPES_H
| # include <inttypes.h>
| #endif
| #ifdef HAVE_STDINT_H
| # include <stdint.h>
| #endif
| #ifdef HAVE_UNISTD_H
| # include <unistd.h>
| #endif
| int
| main ()
| {
| static int test_array [1 - 2 * !(((long int) (sizeof (int))) <= 3)];
| test_array [0] = 0;
| return test_array [0];
| 
|   ;
|   return 0;
| }
configure:12871: /home/will/Downloads/android/ffmpeg-android/toolchain-android/bin/arm-linux-androideabi-gcc --sysroot=/home/will/Downloads/android/ffmpeg-android/toolchain-android/sysroot -c -g -O2  conftest.c >&5
configure:12871: $? = 0
configure:12871: /home/will/Downloads/android/ffmpeg-android/toolchain-android/bin/arm-linux-androideabi-gcc --sysroot=/home/will/Downloads/android/ffmpeg-android/toolchain-android/sysroot -c -g -O2  conftest.c >&5
configure:12871: $? = 0
configure:12871: /home/will/Downloads/android/ffmpeg-android/toolchain-android/bin/arm-linux-androideabi-gcc --sysroot=/home/will/Downloads/android/ffmpeg-android/toolchain-android/sysroot -c -g -O2  conftest.c >&5
configure:12871: $? = 0
configure:12885: result: 4
configure:12901: checking size of short
configure:12906: /home/will/Downloads/android/ffmpeg-android/toolchain-android/bin/arm-linux-androideabi-gcc --sysroot=/home/will/Downloads/android/ffmpeg-android/toolchain-android/sysroot -c -g -O2  conftest.c >&5
configure:12906: $? = 0
configure:12906: /home/will/Downloads/android/ffmpeg-android/toolchain-android/bin/arm-linux-androideabi-gcc --sysroot=/home/will/Downloads/android/ffmpeg-android/toolchain-android/sysroot -c -g -O2  conftest.c >&5
conftest.c: In function 'main':
conftest.c:66:12: error: size of array 'test_array' is negative
 static int test_array [1 - 2 * !(((long int) (sizeof (short))) <= 0)];
            ^
configure:12906: $? = 1
configure: failed program was:
| /* confdefs.h */
| #define PACKAGE_NAME "GNU FriBidi"
| #define PACKAGE_TARNAME "fribidi"
| #define PACKAGE_VERSION "0.19.6"
| #define PACKAGE_STRING "GNU FriBidi 0.19.6"
| #define PACKAGE_BUGREPORT "http://bugs.freedesktop.org/enter_bug.cgi?product=fribidi"
| #define PACKAGE_URL "http://fribidi.org/"
| #define STDC_HEADERS 1
| #define HAVE_SYS_TYPES_H 1
| #define HAVE_SYS_STAT_H 1
| #define HAVE_STDLIB_H 1
| #define HAVE_STRING_H 1
| #define HAVE_MEMORY_H 1
| #define HAVE_STRINGS_H 1
| #define HAVE_INTTYPES_H 1
| #define HAVE_STDINT_H 1
| #define HAVE_UNISTD_H 1
| #define HAVE_DLFCN_H 1
| #define LT_OBJDIR ".libs/"
| #define STDC_HEADERS 1
| #define HAVE_STDLIB_H 1
| #define HAVE_STRING_H 1
| #define HAVE_STRINGS_H 1
| #define HAVE_INTTYPES_H 1
| #define HAVE_WCHAR_H 1
| #define HAVE_SYS_TIMES_H 1
| #define HAVE_STRINGIZE 1
| #define SIZEOF_INT 4
| /* end confdefs.h.  */
| #include <stdio.h>
| #ifdef HAVE_SYS_TYPES_H
| # include <sys/types.h>
| #endif
| #ifdef HAVE_SYS_STAT_H
| # include <sys/stat.h>
| #endif
| #ifdef STDC_HEADERS
| # include <stdlib.h>
| # include <stddef.h>
| #else
| # ifdef HAVE_STDLIB_H
| #  include <stdlib.h>
| # endif
| #endif
| #ifdef HAVE_STRING_H
| # if !defined STDC_HEADERS && defined HAVE_MEMORY_H
| #  include <memory.h>
| # endif
| # include <string.h>
| #endif
| #ifdef HAVE_STRINGS_H
| # include <strings.h>
| #endif
| #ifdef HAVE_INTTYPES_H
| # include <inttypes.h>
| #endif
| #ifdef HAVE_STDINT_H
| # include <stdint.h>
| #endif
| #ifdef HAVE_UNISTD_H
| # include <unistd.h>
| #endif
| int
| main ()
| {
| static int test_array [1 - 2 * !(((long int) (sizeof (short))) <= 0)];
| test_array [0] = 0;
| return test_array [0];
| 
|   ;
|   return 0;
| }
configure:12906: /home/will/Downloads/android/ffmpeg-android/toolchain-android/bin/arm-linux-androideabi-gcc --sysroot=/home/will/Downloads/android/ffmpeg-android/toolchain-android/sysroot -c -g -O2  conftest.c >&5
conftest.c: In function 'main':
conftest.c:66:12: error: size of array 'test_array' is negative
 static int test_array [1 - 2 * !(((long int) (sizeof (short))) <= 1)];
            ^
configure:12906: $? = 1
configure: failed program was:
| /* confdefs.h */
| #define PACKAGE_NAME "GNU FriBidi"
| #define PACKAGE_TARNAME "fribidi"
| #define PACKAGE_VERSION "0.19.6"
| #define PACKAGE_STRING "GNU FriBidi 0.19.6"
| #define PACKAGE_BUGREPORT "http://bugs.freedesktop.org/enter_bug.cgi?product=fribidi"
| #define PACKAGE_URL "http://fribidi.org/"
| #define STDC_HEADERS 1
| #define HAVE_SYS_TYPES_H 1
| #define HAVE_SYS_STAT_H 1
| #define HAVE_STDLIB_H 1
| #define HAVE_STRING_H 1
| #define HAVE_MEMORY_H 1
| #define HAVE_STRINGS_H 1
| #define HAVE_INTTYPES_H 1
| #define HAVE_STDINT_H 1
| #define HAVE_UNISTD_H 1
| #define HAVE_DLFCN_H 1
| #define LT_OBJDIR ".libs/"
| #define STDC_HEADERS 1
| #define HAVE_STDLIB_H 1
| #define HAVE_STRING_H 1
| #define HAVE_STRINGS_H 1
| #define HAVE_INTTYPES_H 1
| #define HAVE_WCHAR_H 1
| #define HAVE_SYS_TIMES_H 1
| #define HAVE_STRINGIZE 1
| #define SIZEOF_INT 4
| /* end confdefs.h.  */
| #include <stdio.h>
| #ifdef HAVE_SYS_TYPES_H
| # include <sys/types.h>
| #endif
| #ifdef HAVE_SYS_STAT_H
| # include <sys/stat.h>
| #endif
| #ifdef STDC_HEADERS
| # include <stdlib.h>
| # include <stddef.h>
| #else
| # ifdef HAVE_STDLIB_H
| #  include <stdlib.h>
| # endif
| #endif
| #ifdef HAVE_STRING_H
| # if !defined STDC_HEADERS && defined HAVE_MEMORY_H
| #  include <memory.h>
| # endif
| # include <string.h>
| #endif
| #ifdef HAVE_STRINGS_H
| # include <strings.h>
| #endif
| #ifdef HAVE_INTTYPES_H
| # include <inttypes.h>
| #endif
| #ifdef HAVE_STDINT_H
| # include <stdint.h>
| #endif
| #ifdef HAVE_UNISTD_H
| # include <unistd.h>
| #endif
| int
| main ()
| {
| static int test_array [1 - 2 * !(((long int) (sizeof (short))) <= 1)];
| test_array [0] = 0;
| return test_array [0];
| 
|   ;
|   return 0;
| }
configure:12906: /home/will/Downloads/android/ffmpeg-android/toolchain-android/bin/arm-linux-androideabi-gcc --sysroot=/home/will/Downloads/android/ffmpeg-android/toolchain-android/sysroot -c -g -O2  conftest.c >&5
configure:12906: $? = 0
configure:12906: /home/will/Downloads/android/ffmpeg-android/toolchain-android/bin/arm-linux-androideabi-gcc --sysroot=/home/will/Downloads/android/ffmpeg-android/toolchain-android/sysroot -c -g -O2  conftest.c >&5
configure:12906: $? = 0
configure:12920: result: 2
configure:12934: checking size of void *
configure:12939: /home/will/Downloads/android/ffmpeg-android/toolchain-android/bin/arm-linux-androideabi-gcc --sysroot=/home/will/Downloads/android/ffmpeg-android/toolchain-android/sysroot -c -g -O2  conftest.c >&5
configure:12939: $? = 0
configure:12939: /home/will/Downloads/android/ffmpeg-android/toolchain-android/bin/arm-linux-androideabi-gcc --sysroot=/home/will/Downloads/android/ffmpeg-android/toolchain-android/sysroot -c -g -O2  conftest.c >&5
conftest.c: In function 'main':
conftest.c:67:12: error: size of array 'test_array' is negative
 static int test_array [1 - 2 * !(((long int) (sizeof (void *))) <= 0)];
            ^
configure:12939: $? = 1
configure: failed program was:
| /* confdefs.h */
| #define PACKAGE_NAME "GNU FriBidi"
| #define PACKAGE_TARNAME "fribidi"
| #define PACKAGE_VERSION "0.19.6"
| #define PACKAGE_STRING "GNU FriBidi 0.19.6"
| #define PACKAGE_BUGREPORT "http://bugs.freedesktop.org/enter_bug.cgi?product=fribidi"
| #define PACKAGE_URL "http://fribidi.org/"
| #define STDC_HEADERS 1
| #define HAVE_SYS_TYPES_H 1
| #define HAVE_SYS_STAT_H 1
| #define HAVE_STDLIB_H 1
| #define HAVE_STRING_H 1
| #define HAVE_MEMORY_H 1
| #define HAVE_STRINGS_H 1
| #define HAVE_INTTYPES_H 1
| #define HAVE_STDINT_H 1
| #define HAVE_UNISTD_H 1
| #define HAVE_DLFCN_H 1
| #define LT_OBJDIR ".libs/"
| #define STDC_HEADERS 1
| #define HAVE_STDLIB_H 1
| #define HAVE_STRING_H 1
| #define HAVE_STRINGS_H 1
| #define HAVE_INTTYPES_H 1
| #define HAVE_WCHAR_H 1
| #define HAVE_SYS_TIMES_H 1
| #define HAVE_STRINGIZE 1
| #define SIZEOF_INT 4
| #define SIZEOF_SHORT 2
| /* end confdefs.h.  */
| #include <stdio.h>
| #ifdef HAVE_SYS_TYPES_H
| # include <sys/types.h>
| #endif
| #ifdef HAVE_SYS_STAT_H
| # include <sys/stat.h>
| #endif
| #ifdef STDC_HEADERS
| # include <stdlib.h>
| # include <stddef.h>
| #else
| # ifdef HAVE_STDLIB_H
| #  include <stdlib.h>
| # endif
| #endif
| #ifdef HAVE_STRING_H
| # if !defined STDC_HEADERS && defined HAVE_MEMORY_H
| #  include <memory.h>
| # endif
| # include <string.h>
| #endif
| #ifdef HAVE_STRINGS_H
| # include <strings.h>
| #endif
| #ifdef HAVE_INTTYPES_H
| # include <inttypes.h>
| #endif
| #ifdef HAVE_STDINT_H
| # include <stdint.h>
| #endif
| #ifdef HAVE_UNISTD_H
| # include <unistd.h>
| #endif
| int
| main ()
| {
| static int test_array [1 - 2 * !(((long int) (sizeof (void *))) <= 0)];
| test_array [0] = 0;
| return test_array [0];
| 
|   ;
|   return 0;
| }
configure:12939: /home/will/Downloads/android/ffmpeg-android/toolchain-android/bin/arm-linux-androideabi-gcc --sysroot=/home/will/Downloads/android/ffmpeg-android/toolchain-android/sysroot -c -g -O2  conftest.c >&5
conftest.c: In function 'main':
conftest.c:67:12: error: size of array 'test_array' is negative
 static int test_array [1 - 2 * !(((long int) (sizeof (void *))) <= 1)];
            ^
configure:12939: $? = 1
configure: failed program was:
| /* confdefs.h */
| #define PACKAGE_NAME "GNU FriBidi"
| #define PACKAGE_TARNAME "fribidi"
| #define PACKAGE_VERSION "0.19.6"
| #define PACKAGE_STRING "GNU FriBidi 0.19.6"
| #define PACKAGE_BUGREPORT "http://bugs.freedesktop.org/enter_bug.cgi?product=fribidi"
| #define PACKAGE_URL "http://fribidi.org/"
| #define STDC_HEADERS 1
| #define HAVE_SYS_TYPES_H 1
| #define HAVE_SYS_STAT_H 1
| #define HAVE_STDLIB_H 1
| #define HAVE_STRING_H 1
| #define HAVE_MEMORY_H 1
| #define HAVE_STRINGS_H 1
| #define HAVE_INTTYPES_H 1
| #define HAVE_STDINT_H 1
| #define HAVE_UNISTD_H 1
| #define HAVE_DLFCN_H 1
| #define LT_OBJDIR ".libs/"
| #define STDC_HEADERS 1
| #define HAVE_STDLIB_H 1
| #define HAVE_STRING_H 1
| #define HAVE_STRINGS_H 1
| #define HAVE_INTTYPES_H 1
| #define HAVE_WCHAR_H 1
| #define HAVE_SYS_TIMES_H 1
| #define HAVE_STRINGIZE 1
| #define SIZEOF_INT 4
| #define SIZEOF_SHORT 2
| /* end confdefs.h.  */
| #include <stdio.h>
| #ifdef HAVE_SYS_TYPES_H
| # include <sys/types.h>
| #endif
| #ifdef HAVE_SYS_STAT_H
| # include <sys/stat.h>
| #endif
| #ifdef STDC_HEADERS
| # include <stdlib.h>
| # include <stddef.h>
| #else
| # ifdef HAVE_STDLIB_H
| #  include <stdlib.h>
| # endif
| #endif
| #ifdef HAVE_STRING_H
| # if !defined STDC_HEADERS && defined HAVE_MEMORY_H
| #  include <memory.h>
| # endif
| # include <string.h>
| #endif
| #ifdef HAVE_STRINGS_H
| # include <strings.h>
| #endif
| #ifdef HAVE_INTTYPES_H
| # include <inttypes.h>
| #endif
| #ifdef HAVE_STDINT_H
| # include <stdint.h>
| #endif
| #ifdef HAVE_UNISTD_H
| # include <unistd.h>
| #endif
| int
| main ()
| {
| static int test_array [1 - 2 * !(((long int) (sizeof (void *))) <= 1)];
| test_array [0] = 0;
| return test_array [0];
| 
|   ;
|   return 0;
| }
configure:12939: /home/will/Downloads/android/ffmpeg-android/toolchain-android/bin/arm-linux-androideabi-gcc --sysroot=/home/will/Downloads/android/ffmpeg-android/toolchain-android/sysroot -c -g -O2  conftest.c >&5
conftest.c: In function 'main':
conftest.c:67:12: error: size of array 'test_array' is negative
 static int test_array [1 - 2 * !(((long int) (sizeof (void *))) <= 3)];
            ^
configure:12939: $? = 1
configure: failed program was:
| /* confdefs.h */
| #define PACKAGE_NAME "GNU FriBidi"
| #define PACKAGE_TARNAME "fribidi"
| #define PACKAGE_VERSION "0.19.6"
| #define PACKAGE_STRING "GNU FriBidi 0.19.6"
| #define PACKAGE_BUGREPORT "http://bugs.freedesktop.org/enter_bug.cgi?product=fribidi"
| #define PACKAGE_URL "http://fribidi.org/"
| #define STDC_HEADERS 1
| #define HAVE_SYS_TYPES_H 1
| #define HAVE_SYS_STAT_H 1
| #define HAVE_STDLIB_H 1
| #define HAVE_STRING_H 1
| #define HAVE_MEMORY_H 1
| #define HAVE_STRINGS_H 1
| #define HAVE_INTTYPES_H 1
| #define HAVE_STDINT_H 1
| #define HAVE_UNISTD_H 1
| #define HAVE_DLFCN_H 1
| #define LT_OBJDIR ".libs/"
| #define STDC_HEADERS 1
| #define HAVE_STDLIB_H 1
| #define HAVE_STRING_H 1
| #define HAVE_STRINGS_H 1
| #define HAVE_INTTYPES_H 1
| #define HAVE_WCHAR_H 1
| #define HAVE_SYS_TIMES_H 1
| #define HAVE_STRINGIZE 1
| #define SIZEOF_INT 4
| #define SIZEOF_SHORT 2
| /* end confdefs.h.  */
| #include <stdio.h>
| #ifdef HAVE_SYS_TYPES_H
| # include <sys/types.h>
| #endif
| #ifdef HAVE_SYS_STAT_H
| # include <sys/stat.h>
| #endif
| #ifdef STDC_HEADERS
| # include <stdlib.h>
| # include <stddef.h>
| #else
| # ifdef HAVE_STDLIB_H
| #  include <stdlib.h>
| # endif
| #endif
| #ifdef HAVE_STRING_H
| # if !defined STDC_HEADERS && defined HAVE_MEMORY_H
| #  include <memory.h>
| # endif
| # include <string.h>
| #endif
| #ifdef HAVE_STRINGS_H
| # include <strings.h>
| #endif
| #ifdef HAVE_INTTYPES_H
| # include <inttypes.h>
| #endif
| #ifdef HAVE_STDINT_H
| # include <stdint.h>
| #endif
| #ifdef HAVE_UNISTD_H
| # include <unistd.h>
| #endif
| int
| main ()
| {
| static int test_array [1 - 2 * !(((long int) (sizeof (void *))) <= 3)];
| test_array [0] = 0;
| return test_array [0];
| 
|   ;
|   return 0;
| }
configure:12939: /home/will/Downloads/android/ffmpeg-android/toolchain-android/bin/arm-linux-androideabi-gcc --sysroot=/home/will/Downloads/android/ffmpeg-android/toolchain-android/sysroot -c -g -O2  conftest.c >&5
configure:12939: $? = 0
configure:12939: /home/will/Downloads/android/ffmpeg-android/toolchain-android/bin/arm-linux-androideabi-gcc --sysroot=/home/will/Downloads/android/ffmpeg-android/toolchain-android/sysroot -c -g -O2  conftest.c >&5
configure:12939: $? = 0
configure:12939: /home/will/Downloads/android/ffmpeg-android/toolchain-android/bin/arm-linux-androideabi-gcc --sysroot=/home/will/Downloads/android/ffmpeg-android/toolchain-android/sysroot -c -g -O2  conftest.c >&5
configure:12939: $? = 0
configure:12953: result: 4
configure:12967: checking size of wchar_t
configure:12972: /home/will/Downloads/android/ffmpeg-android/toolchain-android/bin/arm-linux-androideabi-gcc --sysroot=/home/will/Downloads/android/ffmpeg-android/toolchain-android/sysroot -c -g -O2  conftest.c >&5
configure:12972: $? = 0
configure:12972: /home/will/Downloads/android/ffmpeg-android/toolchain-android/bin/arm-linux-androideabi-gcc --sysroot=/home/will/Downloads/android/ffmpeg-android/toolchain-android/sysroot -c -g -O2  conftest.c >&5
conftest.c: In function 'main':
conftest.c:68:12: error: size of array 'test_array' is negative
 static int test_array [1 - 2 * !(((long int) (sizeof (wchar_t))) <= 0)];
            ^
configure:12972: $? = 1
configure: failed program was:
| /* confdefs.h */
| #define PACKAGE_NAME "GNU FriBidi"
| #define PACKAGE_TARNAME "fribidi"
| #define PACKAGE_VERSION "0.19.6"
| #define PACKAGE_STRING "GNU FriBidi 0.19.6"
| #define PACKAGE_BUGREPORT "http://bugs.freedesktop.org/enter_bug.cgi?product=fribidi"
| #define PACKAGE_URL "http://fribidi.org/"
| #define STDC_HEADERS 1
| #define HAVE_SYS_TYPES_H 1
| #define HAVE_SYS_STAT_H 1
| #define HAVE_STDLIB_H 1
| #define HAVE_STRING_H 1
| #define HAVE_MEMORY_H 1
| #define HAVE_STRINGS_H 1
| #define HAVE_INTTYPES_H 1
| #define HAVE_STDINT_H 1
| #define HAVE_UNISTD_H 1
| #define HAVE_DLFCN_H 1
| #define LT_OBJDIR ".libs/"
| #define STDC_HEADERS 1
| #define HAVE_STDLIB_H 1
| #define HAVE_STRING_H 1
| #define HAVE_STRINGS_H 1
| #define HAVE_INTTYPES_H 1
| #define HAVE_WCHAR_H 1
| #define HAVE_SYS_TIMES_H 1
| #define HAVE_STRINGIZE 1
| #define SIZEOF_INT 4
| #define SIZEOF_SHORT 2
| #define SIZEOF_VOID_P 4
| /* end confdefs.h.  */
| #include <stdio.h>
| #ifdef HAVE_SYS_TYPES_H
| # include <sys/types.h>
| #endif
| #ifdef HAVE_SYS_STAT_H
| # include <sys/stat.h>
| #endif
| #ifdef STDC_HEADERS
| # include <stdlib.h>
| # include <stddef.h>
| #else
| # ifdef HAVE_STDLIB_H
| #  include <stdlib.h>
| # endif
| #endif
| #ifdef HAVE_STRING_H
| # if !defined STDC_HEADERS && defined HAVE_MEMORY_H
| #  include <memory.h>
| # endif
| # include <string.h>
| #endif
| #ifdef HAVE_STRINGS_H
| # include <strings.h>
| #endif
| #ifdef HAVE_INTTYPES_H
| # include <inttypes.h>
| #endif
| #ifdef HAVE_STDINT_H
| # include <stdint.h>
| #endif
| #ifdef HAVE_UNISTD_H
| # include <unistd.h>
| #endif
| int
| main ()
| {
| static int test_array [1 - 2 * !(((long int) (sizeof (wchar_t))) <= 0)];
| test_array [0] = 0;
| return test_array [0];
| 
|   ;
|   return 0;
| }
configure:12972: /home/will/Downloads/android/ffmpeg-android/toolchain-android/bin/arm-linux-androideabi-gcc --sysroot=/home/will/Downloads/android/ffmpeg-android/toolchain-android/sysroot -c -g -O2  conftest.c >&5
conftest.c: In function 'main':
conftest.c:68:12: error: size of array 'test_array' is negative
 static int test_array [1 - 2 * !(((long int) (sizeof (wchar_t))) <= 1)];
            ^
configure:12972: $? = 1
configure: failed program was:
| /* confdefs.h */
| #define PACKAGE_NAME "GNU FriBidi"
| #define PACKAGE_TARNAME "fribidi"
| #define PACKAGE_VERSION "0.19.6"
| #define PACKAGE_STRING "GNU FriBidi 0.19.6"
| #define PACKAGE_BUGREPORT "http://bugs.freedesktop.org/enter_bug.cgi?product=fribidi"
| #define PACKAGE_URL "http://fribidi.org/"
| #define STDC_HEADERS 1
| #define HAVE_SYS_TYPES_H 1
| #define HAVE_SYS_STAT_H 1
| #define HAVE_STDLIB_H 1
| #define HAVE_STRING_H 1
| #define HAVE_MEMORY_H 1
| #define HAVE_STRINGS_H 1
| #define HAVE_INTTYPES_H 1
| #define HAVE_STDINT_H 1
| #define HAVE_UNISTD_H 1
| #define HAVE_DLFCN_H 1
| #define LT_OBJDIR ".libs/"
| #define STDC_HEADERS 1
| #define HAVE_STDLIB_H 1
| #define HAVE_STRING_H 1
| #define HAVE_STRINGS_H 1
| #define HAVE_INTTYPES_H 1
| #define HAVE_WCHAR_H 1
| #define HAVE_SYS_TIMES_H 1
| #define HAVE_STRINGIZE 1
| #define SIZEOF_INT 4
| #define SIZEOF_SHORT 2
| #define SIZEOF_VOID_P 4
| /* end confdefs.h.  */
| #include <stdio.h>
| #ifdef HAVE_SYS_TYPES_H
| # include <sys/types.h>
| #endif
| #ifdef HAVE_SYS_STAT_H
| # include <sys/stat.h>
| #endif
| #ifdef STDC_HEADERS
| # include <stdlib.h>
| # include <stddef.h>
| #else
| # ifdef HAVE_STDLIB_H
| #  include <stdlib.h>
| # endif
| #endif
| #ifdef HAVE_STRING_H
| # if !defined STDC_HEADERS && defined HAVE_MEMORY_H
| #  include <memory.h>
| # endif
| # include <string.h>
| #endif
| #ifdef HAVE_STRINGS_H
| # include <strings.h>
| #endif
| #ifdef HAVE_INTTYPES_H
| # include <inttypes.h>
| #endif
| #ifdef HAVE_STDINT_H
| # include <stdint.h>
| #endif
| #ifdef HAVE_UNISTD_H
| # include <unistd.h>
| #endif
| int
| main ()
| {
| static int test_array [1 - 2 * !(((long int) (sizeof (wchar_t))) <= 1)];
| test_array [0] = 0;
| return test_array [0];
| 
|   ;
|   return 0;
| }
configure:12972: /home/will/Downloads/android/ffmpeg-android/toolchain-android/bin/arm-linux-androideabi-gcc --sysroot=/home/will/Downloads/android/ffmpeg-android/toolchain-android/sysroot -c -g -O2  conftest.c >&5
conftest.c: In function 'main':
conftest.c:68:12: error: size of array 'test_array' is negative
 static int test_array [1 - 2 * !(((long int) (sizeof (wchar_t))) <= 3)];
            ^
configure:12972: $? = 1
configure: failed program was:
| /* confdefs.h */
| #define PACKAGE_NAME "GNU FriBidi"
| #define PACKAGE_TARNAME "fribidi"
| #define PACKAGE_VERSION "0.19.6"
| #define PACKAGE_STRING "GNU FriBidi 0.19.6"
| #define PACKAGE_BUGREPORT "http://bugs.freedesktop.org/enter_bug.cgi?product=fribidi"
| #define PACKAGE_URL "http://fribidi.org/"
| #define STDC_HEADERS 1
| #define HAVE_SYS_TYPES_H 1
| #define HAVE_SYS_STAT_H 1
| #define HAVE_STDLIB_H 1
| #define HAVE_STRING_H 1
| #define HAVE_MEMORY_H 1
| #define HAVE_STRINGS_H 1
| #define HAVE_INTTYPES_H 1
| #define HAVE_STDINT_H 1
| #define HAVE_UNISTD_H 1
| #define HAVE_DLFCN_H 1
| #define LT_OBJDIR ".libs/"
| #define STDC_HEADERS 1
| #define HAVE_STDLIB_H 1
| #define HAVE_STRING_H 1
| #define HAVE_STRINGS_H 1
| #define HAVE_INTTYPES_H 1
| #define HAVE_WCHAR_H 1
| #define HAVE_SYS_TIMES_H 1
| #define HAVE_STRINGIZE 1
| #define SIZEOF_INT 4
| #define SIZEOF_SHORT 2
| #define SIZEOF_VOID_P 4
| /* end confdefs.h.  */
| #include <stdio.h>
| #ifdef HAVE_SYS_TYPES_H
| # include <sys/types.h>
| #endif
| #ifdef HAVE_SYS_STAT_H
| # include <sys/stat.h>
| #endif
| #ifdef STDC_HEADERS
| # include <stdlib.h>
| # include <stddef.h>
| #else
| # ifdef HAVE_STDLIB_H
| #  include <stdlib.h>
| # endif
| #endif
| #ifdef HAVE_STRING_H
| # if !defined STDC_HEADERS && defined HAVE_MEMORY_H
| #  include <memory.h>
| # endif
| # include <string.h>
| #endif
| #ifdef HAVE_STRINGS_H
| # include <strings.h>
| #endif
| #ifdef HAVE_INTTYPES_H
| # include <inttypes.h>
| #endif
| #ifdef HAVE_STDINT_H
| # include <stdint.h>
| #endif
| #ifdef HAVE_UNISTD_H
| # include <unistd.h>
| #endif
| int
| main ()
| {
| static int test_array [1 - 2 * !(((long int) (sizeof (wchar_t))) <= 3)];
| test_array [0] = 0;
| return test_array [0];
| 
|   ;
|   return 0;
| }
configure:12972: /home/will/Downloads/android/ffmpeg-android/toolchain-android/bin/arm-linux-androideabi-gcc --sysroot=/home/will/Downloads/android/ffmpeg-android/toolchain-android/sysroot -c -g -O2  conftest.c >&5
configure:12972: $? = 0
configure:12972: /home/will/Downloads/android/ffmpeg-android/toolchain-android/bin/arm-linux-androideabi-gcc --sysroot=/home/will/Downloads/android/ffmpeg-android/toolchain-android/sysroot -c -g -O2  conftest.c >&5
configure:12972: $? = 0
configure:12972: /home/will/Downloads/android/ffmpeg-android/toolchain-android/bin/arm-linux-androideabi-gcc --sysroot=/home/will/Downloads/android/ffmpeg-android/toolchain-android/sysroot -c -g -O2  conftest.c >&5
configure:12972: $? = 0
configure:12986: result: 4
configure:13006: checking for memmove
configure:13006: /home/will/Downloads/android/ffmpeg-android/toolchain-android/bin/arm-linux-androideabi-gcc --sysroot=/home/will/Downloads/android/ffmpeg-android/toolchain-android/sysroot -o conftest -g -O2 -Wall -ansi    conftest.c  >&5
conftest.c:56:6: warning: conflicting types for built-in function 'memmove'
 char memmove ();
      ^
configure:13006: $? = 0
configure:13006: result: yes
configure:13006: checking for memset
configure:13006: /home/will/Downloads/android/ffmpeg-android/toolchain-android/bin/arm-linux-androideabi-gcc --sysroot=/home/will/Downloads/android/ffmpeg-android/toolchain-android/sysroot -o conftest -g -O2 -Wall -ansi    conftest.c  >&5
conftest.c:57:6: warning: conflicting types for built-in function 'memset'
 char memset ();
      ^
configure:13006: $? = 0
configure:13006: result: yes
configure:13006: checking for strdup
configure:13006: /home/will/Downloads/android/ffmpeg-android/toolchain-android/bin/arm-linux-androideabi-gcc --sysroot=/home/will/Downloads/android/ffmpeg-android/toolchain-android/sysroot -o conftest -g -O2 -Wall -ansi    conftest.c  >&5
configure:13006: $? = 0
configure:13006: result: yes
configure:13015: checking return type of signal handlers
configure:13033: /home/will/Downloads/android/ffmpeg-android/toolchain-android/bin/arm-linux-androideabi-gcc --sysroot=/home/will/Downloads/android/ffmpeg-android/toolchain-android/sysroot -c -g -O2 -Wall -ansi   conftest.c >&5
conftest.c: In function 'main':
conftest.c:42:1: error: void value not ignored as it ought to be
 return *(signal (0, 0)) (0) == 1;
 ^
configure:13033: $? = 1
configure: failed program was:
| /* confdefs.h */
| #define PACKAGE_NAME "GNU FriBidi"
| #define PACKAGE_TARNAME "fribidi"
| #define PACKAGE_VERSION "0.19.6"
| #define PACKAGE_STRING "GNU FriBidi 0.19.6"
| #define PACKAGE_BUGREPORT "http://bugs.freedesktop.org/enter_bug.cgi?product=fribidi"
| #define PACKAGE_URL "http://fribidi.org/"
| #define STDC_HEADERS 1
| #define HAVE_SYS_TYPES_H 1
| #define HAVE_SYS_STAT_H 1
| #define HAVE_STDLIB_H 1
| #define HAVE_STRING_H 1
| #define HAVE_MEMORY_H 1
| #define HAVE_STRINGS_H 1
| #define HAVE_INTTYPES_H 1
| #define HAVE_STDINT_H 1
| #define HAVE_UNISTD_H 1
| #define HAVE_DLFCN_H 1
| #define LT_OBJDIR ".libs/"
| #define STDC_HEADERS 1
| #define HAVE_STDLIB_H 1
| #define HAVE_STRING_H 1
| #define HAVE_STRINGS_H 1
| #define HAVE_INTTYPES_H 1
| #define HAVE_WCHAR_H 1
| #define HAVE_SYS_TIMES_H 1
| #define HAVE_STRINGIZE 1
| #define SIZEOF_INT 4
| #define SIZEOF_SHORT 2
| #define SIZEOF_VOID_P 4
| #define SIZEOF_WCHAR_T 4
| #define HAVE_MEMMOVE 1
| #define HAVE_MEMSET 1
| #define HAVE_STRDUP 1
| /* end confdefs.h.  */
| #include <sys/types.h>
| #include <signal.h>
| 
| int
| main ()
| {
| return *(signal (0, 0)) (0) == 1;
|   ;
|   return 0;
| }
configure:13040: result: void
configure:13426: checking that generated files are newer than configure
configure:13432: result: done
configure:13475: creating ./config.status

## ---------------------- ##
## Running config.status. ##
## ---------------------- ##

This file was extended by GNU FriBidi config.status 0.19.6, which was
generated by GNU Autoconf 2.69.  Invocation command line was

  CONFIG_FILES    = 
  CONFIG_HEADERS  = 
  CONFIG_LINKS    = 
  CONFIG_COMMANDS = 
  $ ./config.status 

on will-acer-server

config.status:1135: creating fribidi.pc
config.status:1135: creating lib/fribidi-config.h
config.status:1135: creating Makefile
config.status:1135: creating charset/Makefile
config.status:1135: creating gen.tab/Makefile
config.status:1135: creating lib/Makefile
config.status:1135: creating bin/Makefile
config.status:1135: creating doc/Makefile
config.status:1135: creating test/Makefile
config.status:1135: creating config.h
config.status:1316: config.h is unchanged
config.status:1364: executing depfiles commands
config.status:1364: executing libtool commands

## ---------------- ##
## Cache variables. ##
## ---------------- ##

ac_cv_build=x86_64-unknown-linux-gnu
ac_cv_c_compiler_gnu=yes
ac_cv_c_const=yes
ac_cv_c_stringize=yes
ac_cv_env_CC_set=set
ac_cv_env_CC_value='/home/will/Downloads/android/ffmpeg-android/toolchain-android/bin/arm-linux-androideabi-gcc --sysroot=/home/will/Downloads/android/ffmpeg-android/toolchain-android/sysroot'
ac_cv_env_CFLAGS_set=
ac_cv_env_CFLAGS_value=
ac_cv_env_CPPFLAGS_set=
ac_cv_env_CPPFLAGS_value=
ac_cv_env_CPP_set=set
ac_cv_env_CPP_value=/home/will/Downloads/android/ffmpeg-android/toolchain-android/bin/arm-linux-androideabi-cpp
ac_cv_env_GLIB_CFLAGS_set=
ac_cv_env_GLIB_CFLAGS_value=
ac_cv_env_GLIB_LIBS_set=
ac_cv_env_GLIB_LIBS_value=
ac_cv_env_LDFLAGS_set=
ac_cv_env_LDFLAGS_value=
ac_cv_env_LIBS_set=
ac_cv_env_LIBS_value=
ac_cv_env_PKG_CONFIG_LIBDIR_set=set
ac_cv_env_PKG_CONFIG_LIBDIR_value=/home/will/Downloads/android/ffmpeg-android/toolchain-android/lib/pkgconfig
ac_cv_env_PKG_CONFIG_PATH_set=
ac_cv_env_PKG_CONFIG_PATH_value=
ac_cv_env_PKG_CONFIG_set=
ac_cv_env_PKG_CONFIG_value=
ac_cv_env_build_alias_set=
ac_cv_env_build_alias_value=
ac_cv_env_host_alias_set=set
ac_cv_env_host_alias_value=arm-linux-androideabi
ac_cv_env_target_alias_set=
ac_cv_env_target_alias_value=
ac_cv_func_memmove=yes
ac_cv_func_memset=yes
ac_cv_func_strdup=yes
ac_cv_header_asm_page_h=no
ac_cv_header_dlfcn_h=yes
ac_cv_header_inttypes_h=yes
ac_cv_header_memory_h=yes
ac_cv_header_stdc=yes
ac_cv_header_stdint_h=yes
ac_cv_header_stdlib_h=yes
ac_cv_header_string_h=yes
ac_cv_header_strings_h=yes
ac_cv_header_sys_stat_h=yes
ac_cv_header_sys_times_h=yes
ac_cv_header_sys_types_h=yes
ac_cv_header_unistd_h=yes
ac_cv_header_wchar_h=yes
ac_cv_host=arm-unknown-linux-androideabi
ac_cv_objext=o
ac_cv_path_EGREP='/bin/grep -E'
ac_cv_path_FGREP='/bin/grep -F'
ac_cv_path_GREP=/bin/grep
ac_cv_path_SED=/bin/sed
ac_cv_path_ac_pt_PKG_CONFIG=/usr/bin/pkg-config
ac_cv_path_install='/usr/bin/install -c'
ac_cv_path_mkdir=/bin/mkdir
ac_cv_prog_AR=/home/will/Downloads/android/ffmpeg-android/toolchain-android/bin/arm-linux-androideabi-ar
ac_cv_prog_AWK=mawk
ac_cv_prog_CC='/home/will/Downloads/android/ffmpeg-android/toolchain-android/bin/arm-linux-androideabi-gcc --sysroot=/home/will/Downloads/android/ffmpeg-android/toolchain-android/sysroot'
ac_cv_prog_CPP=/home/will/Downloads/android/ffmpeg-android/toolchain-android/bin/arm-linux-androideabi-cpp
ac_cv_prog_OBJDUMP=/home/will/Downloads/android/ffmpeg-android/toolchain-android/bin/arm-linux-androideabi-objdump
ac_cv_prog_RANLIB=/home/will/Downloads/android/ffmpeg-android/toolchain-android/bin/arm-linux-androideabi-ranlib
ac_cv_prog_STRIP=/home/will/Downloads/android/ffmpeg-android/toolchain-android/bin/arm-linux-androideabi-strip
ac_cv_prog_ac_ct_MANIFEST_TOOL=mt
ac_cv_prog_cc_c89=
ac_cv_prog_cc_g=yes
ac_cv_prog_make_make_set=yes
ac_cv_sizeof_int=4
ac_cv_sizeof_short=2
ac_cv_sizeof_void_p=4
ac_cv_sizeof_wchar_t=4
ac_cv_type_signal=void
am_cv_CC_dependencies_compiler_type=gcc3
am_cv_make_support_nested_variables=yes
am_cv_prog_cc_c_o=yes
lt_cv_ar_at_file=@
lt_cv_deplibs_check_method=pass_all
lt_cv_file_magic_cmd='$MAGIC_CMD'
lt_cv_file_magic_test_file=
lt_cv_ld_reload_flag=-r
lt_cv_nm_interface='BSD nm'
lt_cv_objdir=.libs
lt_cv_path_LD=/home/will/Downloads/android/ffmpeg-android/toolchain-android/bin/arm-linux-androideabi-ld
lt_cv_path_NM=/home/will/Downloads/android/ffmpeg-android/toolchain-android/bin/arm-linux-androideabi-nm
lt_cv_path_mainfest_tool=no
lt_cv_prog_compiler_c_o=yes
lt_cv_prog_compiler_pic='-fPIC -DPIC'
lt_cv_prog_compiler_pic_works=yes
lt_cv_prog_compiler_rtti_exceptions=no
lt_cv_prog_compiler_static_works=yes
lt_cv_prog_gnu_ld=yes
lt_cv_sharedlib_from_linklib_cmd='printf %s\n'
lt_cv_shlibpath_overrides_runpath=yes
lt_cv_sys_global_symbol_pipe='sed -n -e '\''s/^.*[	 ]\([ABCDGIRSTW][ABCDGIRSTW]*\)[	 ][	 ]*\([_A-Za-z][_A-Za-z0-9]*\)$/\1 \2 \2/p'\'' | sed '\''/ __gnu_lto/d'\'''
lt_cv_sys_global_symbol_to_c_name_address='sed -n -e '\''s/^: \([^ ]*\)[ ]*$/  {\"\1\", (void *) 0},/p'\'' -e '\''s/^[ABCDGIRSTW]* \([^ ]*\) \([^ ]*\)$/  {"\2", (void *) \&\2},/p'\'''
lt_cv_sys_global_symbol_to_c_name_address_lib_prefix='sed -n -e '\''s/^: \([^ ]*\)[ ]*$/  {\"\1\", (void *) 0},/p'\'' -e '\''s/^[ABCDGIRSTW]* \([^ ]*\) \(lib[^ ]*\)$/  {"\2", (void *) \&\2},/p'\'' -e '\''s/^[ABCDGIRSTW]* \([^ ]*\) \([^ ]*\)$/  {"lib\2", (void *) \&\2},/p'\'''
lt_cv_sys_global_symbol_to_cdecl='sed -n -e '\''s/^T .* \(.*\)$/extern int \1();/p'\'' -e '\''s/^[ABCDGIRSTW]* .* \(.*\)$/extern char \1;/p'\'''
lt_cv_sys_max_cmd_len=1572864
lt_cv_to_host_file_cmd=func_convert_file_noop
lt_cv_to_tool_file_cmd=func_convert_file_noop

## ----------------- ##
## Output variables. ##
## ----------------- ##

ACLOCAL='${SHELL} /home/will/Downloads/android/ffmpeg-android/fribidi-0.19.6/missing aclocal-1.14'
AMDEPBACKSLASH='\'
AMDEP_FALSE='#'
AMDEP_TRUE=''
AMTAR='$${TAR-tar}'
AM_BACKSLASH='\'
AM_DEFAULT_V='$(AM_DEFAULT_VERBOSITY)'
AM_DEFAULT_VERBOSITY='0'
AM_V='$(V)'
AR='/home/will/Downloads/android/ffmpeg-android/toolchain-android/bin/arm-linux-androideabi-ar'
AUTOCONF='${SHELL} /home/will/Downloads/android/ffmpeg-android/fribidi-0.19.6/missing autoconf'
AUTOHEADER='${SHELL} /home/will/Downloads/android/ffmpeg-android/fribidi-0.19.6/missing autoheader'
AUTOMAKE='${SHELL} /home/will/Downloads/android/ffmpeg-android/fribidi-0.19.6/missing automake-1.14'
AWK='mawk'
CC='/home/will/Downloads/android/ffmpeg-android/toolchain-android/bin/arm-linux-androideabi-gcc --sysroot=/home/will/Downloads/android/ffmpeg-android/toolchain-android/sysroot'
CCDEPMODE='depmode=gcc3'
CFLAGS='-g -O2 -Wall -ansi '
CPP='/home/will/Downloads/android/ffmpeg-android/toolchain-android/bin/arm-linux-androideabi-cpp'
CPPFLAGS=''
CYGPATH_W='echo'
DEFS='-DHAVE_CONFIG_H'
DEPDIR='.deps'
DLLTOOL='false'
DSYMUTIL=''
DUMPBIN=''
ECHO_C=''
ECHO_N='-n'
ECHO_T=''
EGREP='/bin/grep -E'
EXEEXT=''
FGREP='/bin/grep -F'
FRIBIDI_BINARY_AGE='3'
FRIBIDI_CHARSETS='1'
FRIBIDI_CHARSETS_FALSE='#'
FRIBIDI_CHARSETS_TRUE=''
FRIBIDI_INTERFACE_AGE='5'
FRIBIDI_INTERFACE_VERSION='3'
FRIBIDI_MAJOR_VERSION='0'
FRIBIDI_MICRO_VERSION='6'
FRIBIDI_MINOR_VERSION='19'
FRIBIDI_NO_DEPRECATED='0'
FRIBIDI_USE_GLIB='0'
FRIBIDI_USE_GLIB_FALSE=''
FRIBIDI_USE_GLIB_TRUE='#'
FRIBIDI_VERSION='0.19.6'
GLIB_CFLAGS=''
GLIB_LIBS=''
GREP='/bin/grep'
INSTALL_DATA='${INSTALL} -m 644'
INSTALL_PROGRAM='${INSTALL}'
INSTALL_SCRIPT='${INSTALL}'
INSTALL_STRIP_PROGRAM='$(install_sh) -c -s'
LD='/home/will/Downloads/android/ffmpeg-android/toolchain-android/bin/arm-linux-androideabi-ld'
LDFLAGS=''
LIBOBJS=''
LIBS=''
LIBTOOL='$(SHELL) $(top_builddir)/libtool'
LIPO=''
LN_S='ln -s'
LTLIBOBJS=''
LT_CURRENT_MINUS_AGE='0'
LT_VERSION_INFO='3:5:3'
MAKEINFO='${SHELL} /home/will/Downloads/android/ffmpeg-android/fribidi-0.19.6/missing makeinfo'
MANIFEST_TOOL=':'
MISC_CFLAGS=''
MISC_LIBS=''
MISC_PACKAGES=''
MKDIR_P='/bin/mkdir -p'
NM='/home/will/Downloads/android/ffmpeg-android/toolchain-android/bin/arm-linux-androideabi-nm'
NMEDIT=''
OBJDUMP='/home/will/Downloads/android/ffmpeg-android/toolchain-android/bin/arm-linux-androideabi-objdump'
OBJEXT='o'
OS_WIN32_FALSE=''
OS_WIN32_TRUE='#'
OTOOL64=''
OTOOL=''
PACKAGE='fribidi'
PACKAGE_BUGREPORT='http://bugs.freedesktop.org/enter_bug.cgi?product=fribidi'
PACKAGE_NAME='GNU FriBidi'
PACKAGE_STRING='GNU FriBidi 0.19.6'
PACKAGE_TARNAME='fribidi'
PACKAGE_URL='http://fribidi.org/'
PACKAGE_VERSION='0.19.6'
PATH_SEPARATOR=':'
PKG_CONFIG='/usr/bin/pkg-config'
PKG_CONFIG_LIBDIR='/home/will/Downloads/android/ffmpeg-android/toolchain-android/lib/pkgconfig'
PKG_CONFIG_PATH=''
PLATFORM_WIN32_FALSE=''
PLATFORM_WIN32_TRUE='#'
RANLIB='/home/will/Downloads/android/ffmpeg-android/toolchain-android/bin/arm-linux-androideabi-ranlib'
SED='/bin/sed'
SET_MAKE=''
SHELL='/bin/bash'
SIZEOF_INT='4'
STRIP='/home/will/Downloads/android/ffmpeg-android/toolchain-android/bin/arm-linux-androideabi-strip'
VERSION='0.19.6'
ac_ct_AR=''
ac_ct_CC=''
ac_ct_DUMPBIN=''
am__EXEEXT_FALSE=''
am__EXEEXT_TRUE='#'
am__fastdepCC_FALSE='#'
am__fastdepCC_TRUE=''
am__include='include'
am__isrc=''
am__leading_dot='.'
am__nodep='_no'
am__quote=''
am__tar='$${TAR-tar} chof - "$$tardir"'
am__untar='$${TAR-tar} xf -'
bindir='${exec_prefix}/bin'
build='x86_64-unknown-linux-gnu'
build_alias=''
build_cpu='x86_64'
build_os='linux-gnu'
build_vendor='unknown'
datadir='${datarootdir}'
datarootdir='${prefix}/share'
docdir='${datarootdir}/doc/${PACKAGE_TARNAME}'
dvidir='${docdir}'
exec_prefix='${prefix}'
host='arm-unknown-linux-androideabi'
host_alias='arm-linux-androideabi'
host_cpu='arm'
host_os='linux-androideabi'
host_vendor='unknown'
htmldir='${docdir}'
includedir='${prefix}/include'
infodir='${datarootdir}/info'
install_sh='${SHELL} /home/will/Downloads/android/ffmpeg-android/fribidi-0.19.6/install-sh'
libdir='${exec_prefix}/lib'
libexecdir='${exec_prefix}/libexec'
localedir='${datarootdir}/locale'
localstatedir='${prefix}/var'
mandir='${datarootdir}/man'
mkdir_p='$(MKDIR_P)'
oldincludedir='/usr/include'
pdfdir='${docdir}'
prefix='/home/will/Downloads/android/ffmpeg-android/toolchain-android'
program_transform_name='s,x,x,'
psdir='${docdir}'
sbindir='${exec_prefix}/sbin'
sharedstatedir='${prefix}/com'
sysconfdir='${prefix}/etc'
target_alias=''

## ----------- ##
## confdefs.h. ##
## ----------- ##

/* confdefs.h */
#define PACKAGE_NAME "GNU FriBidi"
#define PACKAGE_TARNAME "fribidi"
#define PACKAGE_VERSION "0.19.6"
#define PACKAGE_STRING "GNU FriBidi 0.19.6"
#define PACKAGE_BUGREPORT "http://bugs.freedesktop.org/enter_bug.cgi?product=fribidi"
#define PACKAGE_URL "http://fribidi.org/"
#define STDC_HEADERS 1
#define HAVE_SYS_TYPES_H 1
#define HAVE_SYS_STAT_H 1
#define HAVE_STDLIB_H 1
#define HAVE_STRING_H 1
#define HAVE_MEMORY_H 1
#define HAVE_STRINGS_H 1
#define HAVE_INTTYPES_H 1
#define HAVE_STDINT_H 1
#define HAVE_UNISTD_H 1
#define HAVE_DLFCN_H 1
#define LT_OBJDIR ".libs/"
#define STDC_HEADERS 1
#define HAVE_STDLIB_H 1
#define HAVE_STRING_H 1
#define HAVE_STRINGS_H 1
#define HAVE_INTTYPES_H 1
#define HAVE_WCHAR_H 1
#define HAVE_SYS_TIMES_H 1
#define HAVE_STRINGIZE 1
#define SIZEOF_INT 4
#define SIZEOF_SHORT 2
#define SIZEOF_VOID_P 4
#define SIZEOF_WCHAR_T 4
#define HAVE_MEMMOVE 1
#define HAVE_MEMSET 1
#define HAVE_STRDUP 1
#define RETSIGTYPE void
#define DEBUG 1

configure: exit 0
