This file contains any messages produced by compilers while
running configure, to aid debugging if configure makes a mistake.

It was created by expat configure 2.1.0, which was
generated by GNU Autoconf 2.68.  Invocation command line was

  $ ./configure --with-pic --with-sysroot=/home/will/Downloads/android/ffmpeg-android/toolchain-android/sysroot --host=arm-linux-androideabi --enable-static --disable-shared --prefix=/home/will/Downloads/android/ffmpeg-android/toolchain-android

## --------- ##
## Platform. ##
## --------- ##

hostname = will-acer-server
uname -m = x86_64
uname -r = 3.16.0-45-generic
uname -s = Linux
uname -v = #60~14.04.1-Ubuntu SMP Fri Jul 24 21:16:23 UTC 2015

/usr/bin/uname -p = unknown
/bin/uname -X     = unknown

/bin/arch              = unknown
/usr/bin/arch -k       = unknown
/usr/convex/getsysinfo = unknown
/usr/bin/hostinfo      = unknown
/bin/machine           = unknown
/usr/bin/oslevel       = unknown
/bin/universe          = unknown

PATH: /usr/local/cuda/bin
PATH: /usr/local/sbin
PATH: /usr/local/bin
PATH: /usr/sbin
PATH: /usr/bin
PATH: /sbin
PATH: /bin
PATH: /usr/games
PATH: /usr/local/games


## ----------- ##
## Core tests. ##
## ----------- ##

configure:2385: checking build system type
configure:2399: result: x86_64-unknown-linux-gnu
configure:2419: checking host system type
configure:2432: result: arm-unknown-linux-androideabi
configure:2801: checking how to print strings
configure:2828: result: printf
configure:2857: checking for arm-linux-androideabi-gcc
configure:2884: result: /home/will/Downloads/android/ffmpeg-android/toolchain-android/bin/arm-linux-androideabi-gcc --sysroot=/home/will/Downloads/android/ffmpeg-android/toolchain-android/sysroot
configure:3153: checking for C compiler version
configure:3162: /home/will/Downloads/android/ffmpeg-android/toolchain-android/bin/arm-linux-androideabi-gcc --sysroot=/home/will/Downloads/android/ffmpeg-android/toolchain-android/sysroot --version >&5
arm-linux-androideabi-gcc (GCC) 4.9 20140827 (prerelease)
Copyright (C) 2014 Free Software Foundation, Inc.
This is free software; see the source for copying conditions.  There is NO
warranty; not even for MERCHANTABILITY or FITNESS FOR A PARTICULAR PURPOSE.

configure:3173: $? = 0
configure:3162: /home/will/Downloads/android/ffmpeg-android/toolchain-android/bin/arm-linux-androideabi-gcc --sysroot=/home/will/Downloads/android/ffmpeg-android/toolchain-android/sysroot -v >&5
Using built-in specs.
COLLECT_GCC=/home/will/Downloads/android/ffmpeg-android/toolchain-android/bin/arm-linux-androideabi-gcc
COLLECT_LTO_WRAPPER=/home/will/Downloads/android/ffmpeg-android/toolchain-android/bin/../libexec/gcc/arm-linux-androideabi/4.9/lto-wrapper
Target: arm-linux-androideabi
Configured with: /s/ndk-toolchain/src/build/../gcc/gcc-4.9/configure --prefix=/tmp/ndk-andrewhsieh/build/toolchain/prefix --target=arm-linux-androideabi --host=x86_64-linux-gnu --build=x86_64-linux-gnu --with-gnu-as --with-gnu-ld --enable-languages=c,c++ --with-gmp=/tmp/ndk-andrewhsieh/build/toolchain/temp-install --with-mpfr=/tmp/ndk-andrewhsieh/build/toolchain/temp-install --with-mpc=/tmp/ndk-andrewhsieh/build/toolchain/temp-install --with-cloog=/tmp/ndk-andrewhsieh/build/toolchain/temp-install --with-isl=/tmp/ndk-andrewhsieh/build/toolchain/temp-install --with-ppl=/tmp/ndk-andrewhsieh/build/toolchain/temp-install --disable-ppl-version-check --disable-cloog-version-check --disable-isl-version-check --enable-cloog-backend=isl --with-host-libstdcxx='-static-libgcc -Wl,-Bstatic,-lstdc++,-Bdynamic -lm' --disable-libssp --enable-threads --disable-nls --disable-libmudflap --disable-libgomp --disable-libstdc__-v3 --disable-sjlj-exceptions --disable-shared --disable-tls --disable-libitm --with-float=soft --with-fpu=vfp --with-arch=armv5te --enable-target-optspace --enable-initfini-array --disable-nls --prefix=/tmp/ndk-andrewhsieh/build/toolchain/prefix --with-sysroot=/tmp/ndk-andrewhsieh/build/toolchain/prefix/sysroot --with-binutils-version=2.25 --with-mpfr-version=3.1.1 --with-mpc-version=1.0.1 --with-gmp-version=5.0.5 --with-gcc-version=4.9 --with-gdb-version=7.7 --with-python=/usr/local/google/home/andrewhsieh/mydroid/ndk/prebuilt/linux-x86_64/bin/python-config.sh --with-gxx-include-dir=/tmp/ndk-andrewhsieh/build/toolchain/prefix/include/c++/4.9 --with-bugurl=http://source.android.com/source/report-bugs.html --enable-languages=c,c++ --disable-bootstrap --enable-plugins --enable-libgomp --enable-gnu-indirect-function --disable-libsanitizer --enable-gold --enable-threads --enable-graphite=yes --with-cloog-version=0.18.0 --with-isl-version=0.11.1 --enable-eh-frame-hdr-for-static --with-arch=armv5te --program-transform-name='s&^&arm-linux-androideabi-&' --enable-gold=default
Thread model: posix
gcc version 4.9 20140827 (prerelease) (GCC) 
configure:3173: $? = 0
configure:3162: /home/will/Downloads/android/ffmpeg-android/toolchain-android/bin/arm-linux-androideabi-gcc --sysroot=/home/will/Downloads/android/ffmpeg-android/toolchain-android/sysroot -V >&5
arm-linux-androideabi-gcc: error: unrecognized command line option '-V'
arm-linux-androideabi-gcc: fatal error: no input files
compilation terminated.
configure:3173: $? = 1
configure:3162: /home/will/Downloads/android/ffmpeg-android/toolchain-android/bin/arm-linux-androideabi-gcc --sysroot=/home/will/Downloads/android/ffmpeg-android/toolchain-android/sysroot -qversion >&5
arm-linux-androideabi-gcc: error: unrecognized command line option '-qversion'
arm-linux-androideabi-gcc: fatal error: no input files
compilation terminated.
configure:3173: $? = 1
configure:3193: checking whether the C compiler works
configure:3215: /home/will/Downloads/android/ffmpeg-android/toolchain-android/bin/arm-linux-androideabi-gcc --sysroot=/home/will/Downloads/android/ffmpeg-android/toolchain-android/sysroot    conftest.c  >&5
configure:3219: $? = 0
configure:3267: result: yes
configure:3270: checking for C compiler default output file name
configure:3272: result: a.out
configure:3278: checking for suffix of executables
configure:3285: /home/will/Downloads/android/ffmpeg-android/toolchain-android/bin/arm-linux-androideabi-gcc --sysroot=/home/will/Downloads/android/ffmpeg-android/toolchain-android/sysroot -o conftest    conftest.c  >&5
configure:3289: $? = 0
configure:3311: result: 
configure:3333: checking whether we are cross compiling
configure:3341: /home/will/Downloads/android/ffmpeg-android/toolchain-android/bin/arm-linux-androideabi-gcc --sysroot=/home/will/Downloads/android/ffmpeg-android/toolchain-android/sysroot -o conftest    conftest.c  >&5
configure:3345: $? = 0
configure:3352: ./conftest
./configure: line 3354: ./conftest: cannot execute binary file: Exec format error
configure:3356: $? = 126
configure:3371: result: yes
configure:3376: checking for suffix of object files
configure:3398: /home/will/Downloads/android/ffmpeg-android/toolchain-android/bin/arm-linux-androideabi-gcc --sysroot=/home/will/Downloads/android/ffmpeg-android/toolchain-android/sysroot -c   conftest.c >&5
configure:3402: $? = 0
configure:3423: result: o
configure:3427: checking whether we are using the GNU C compiler
configure:3446: /home/will/Downloads/android/ffmpeg-android/toolchain-android/bin/arm-linux-androideabi-gcc --sysroot=/home/will/Downloads/android/ffmpeg-android/toolchain-android/sysroot -c   conftest.c >&5
configure:3446: $? = 0
configure:3455: result: yes
configure:3464: checking whether /home/will/Downloads/android/ffmpeg-android/toolchain-android/bin/arm-linux-androideabi-gcc --sysroot=/home/will/Downloads/android/ffmpeg-android/toolchain-android/sysroot accepts -g
configure:3484: /home/will/Downloads/android/ffmpeg-android/toolchain-android/bin/arm-linux-androideabi-gcc --sysroot=/home/will/Downloads/android/ffmpeg-android/toolchain-android/sysroot -c -g  conftest.c >&5
configure:3484: $? = 0
configure:3525: result: yes
configure:3542: checking for /home/will/Downloads/android/ffmpeg-android/toolchain-android/bin/arm-linux-androideabi-gcc --sysroot=/home/will/Downloads/android/ffmpeg-android/toolchain-android/sysroot option to accept ISO C89
configure:3606: /home/will/Downloads/android/ffmpeg-android/toolchain-android/bin/arm-linux-androideabi-gcc --sysroot=/home/will/Downloads/android/ffmpeg-android/toolchain-android/sysroot  -c -g -O2  conftest.c >&5
configure:3606: $? = 0
configure:3619: result: none needed
configure:3639: checking for a sed that does not truncate output
configure:3703: result: /bin/sed
configure:3721: checking for grep that handles long lines and -e
configure:3779: result: /bin/grep
configure:3784: checking for egrep
configure:3846: result: /bin/grep -E
configure:3851: checking for fgrep
configure:3913: result: /bin/grep -F
configure:3948: checking for ld used by /home/will/Downloads/android/ffmpeg-android/toolchain-android/bin/arm-linux-androideabi-gcc --sysroot=/home/will/Downloads/android/ffmpeg-android/toolchain-android/sysroot
configure:4015: result: /home/will/Downloads/android/ffmpeg-android/toolchain-android/bin/arm-linux-androideabi-ld
configure:4022: checking if the linker (/home/will/Downloads/android/ffmpeg-android/toolchain-android/bin/arm-linux-androideabi-ld) is GNU ld
configure:4037: result: yes
configure:4049: checking for BSD- or MS-compatible name lister (nm)
configure:4098: result: /home/will/Downloads/android/ffmpeg-android/toolchain-android/bin/arm-linux-androideabi-nm
configure:4228: checking the name lister (/home/will/Downloads/android/ffmpeg-android/toolchain-android/bin/arm-linux-androideabi-nm) interface
configure:4235: /home/will/Downloads/android/ffmpeg-android/toolchain-android/bin/arm-linux-androideabi-gcc --sysroot=/home/will/Downloads/android/ffmpeg-android/toolchain-android/sysroot -c -g -O2  conftest.c >&5
configure:4238: /home/will/Downloads/android/ffmpeg-android/toolchain-android/bin/arm-linux-androideabi-nm "conftest.o"
configure:4241: output
00000000 B some_variable
configure:4248: result: BSD nm
configure:4251: checking whether ln -s works
configure:4255: result: yes
configure:4263: checking the maximum length of command line arguments
configure:4388: result: 1572864
configure:4405: checking whether the shell understands some XSI constructs
configure:4415: result: yes
configure:4419: checking whether the shell understands "+="
configure:4425: result: yes
configure:4460: checking how to convert x86_64-unknown-linux-gnu file names to arm-unknown-linux-androideabi format
configure:4500: result: func_convert_file_noop
configure:4507: checking how to convert x86_64-unknown-linux-gnu file names to toolchain format
configure:4527: result: func_convert_file_noop
configure:4534: checking for /home/will/Downloads/android/ffmpeg-android/toolchain-android/bin/arm-linux-androideabi-ld option to reload object files
configure:4541: result: -r
configure:4575: checking for arm-linux-androideabi-objdump
configure:4602: result: /home/will/Downloads/android/ffmpeg-android/toolchain-android/bin/arm-linux-androideabi-objdump
configure:4671: checking how to recognize dependent libraries
configure:4873: result: pass_all
configure:4918: checking for arm-linux-androideabi-dlltool
configure:4945: result: dlltool
configure:5015: checking how to associate runtime and link libraries
configure:5042: result: printf %s\n
configure:5059: checking for arm-linux-androideabi-ar
configure:5086: result: /home/will/Downloads/android/ffmpeg-android/toolchain-android/bin/arm-linux-androideabi-ar
configure:5167: checking for archiver @FILE support
configure:5184: /home/will/Downloads/android/ffmpeg-android/toolchain-android/bin/arm-linux-androideabi-gcc --sysroot=/home/will/Downloads/android/ffmpeg-android/toolchain-android/sysroot -c -g -O2  conftest.c >&5
configure:5184: $? = 0
configure:5187: /home/will/Downloads/android/ffmpeg-android/toolchain-android/bin/arm-linux-androideabi-ar cru libconftest.a @conftest.lst >&5
configure:5190: $? = 0
configure:5195: /home/will/Downloads/android/ffmpeg-android/toolchain-android/bin/arm-linux-androideabi-ar cru libconftest.a @conftest.lst >&5
/home/will/Downloads/android/ffmpeg-android/toolchain-android/bin/arm-linux-androideabi-ar: conftest.o: No such file or directory
configure:5198: $? = 1
configure:5210: result: @
configure:5228: checking for arm-linux-androideabi-strip
configure:5255: result: /home/will/Downloads/android/ffmpeg-android/toolchain-android/bin/arm-linux-androideabi-strip
configure:5327: checking for arm-linux-androideabi-ranlib
configure:5354: result: /home/will/Downloads/android/ffmpeg-android/toolchain-android/bin/arm-linux-androideabi-ranlib
configure:5471: checking for gawk
configure:5501: result: no
configure:5471: checking for mawk
configure:5487: found /usr/bin/mawk
configure:5498: result: mawk
configure:5538: checking command to parse /home/will/Downloads/android/ffmpeg-android/toolchain-android/bin/arm-linux-androideabi-nm output from /home/will/Downloads/android/ffmpeg-android/toolchain-android/bin/arm-linux-androideabi-gcc --sysroot=/home/will/Downloads/android/ffmpeg-android/toolchain-android/sysroot object
configure:5657: /home/will/Downloads/android/ffmpeg-android/toolchain-android/bin/arm-linux-androideabi-gcc --sysroot=/home/will/Downloads/android/ffmpeg-android/toolchain-android/sysroot -c -g -O2  conftest.c >&5
configure:5660: $? = 0
configure:5664: /home/will/Downloads/android/ffmpeg-android/toolchain-android/bin/arm-linux-androideabi-nm conftest.o \| sed -n -e 's/^.*[ ]\([ABCDGIRSTW][ABCDGIRSTW]*\)[ ][ ]*\([_A-Za-z][_A-Za-z0-9]*\)$/\1 \2 \2/p' | sed '/ __gnu_lto/d' \> conftest.nm
configure:5667: $? = 0
configure:5733: /home/will/Downloads/android/ffmpeg-android/toolchain-android/bin/arm-linux-androideabi-gcc --sysroot=/home/will/Downloads/android/ffmpeg-android/toolchain-android/sysroot -o conftest -g -O2   conftest.c conftstm.o >&5
configure:5736: $? = 0
configure:5774: result: ok
configure:5811: checking for sysroot
configure:5841: result: /home/will/Downloads/android/ffmpeg-android/toolchain-android/sysroot
configure:6044: checking for arm-linux-androideabi-mt
configure:6074: result: no
configure:6084: checking for mt
configure:6100: found /bin/mt
configure:6111: result: mt
configure:6123: WARNING: using cross tools not prefixed with host triplet
configure:6134: checking if mt is a manifest tool
configure:6140: mt '-?'
configure:6148: result: no
configure:6780: checking how to run the C preprocessor
configure:6850: result: /home/will/Downloads/android/ffmpeg-android/toolchain-android/bin/arm-linux-androideabi-cpp
configure:6870: /home/will/Downloads/android/ffmpeg-android/toolchain-android/bin/arm-linux-androideabi-cpp  conftest.c
configure:6870: $? = 0
configure:6884: /home/will/Downloads/android/ffmpeg-android/toolchain-android/bin/arm-linux-androideabi-cpp  conftest.c
conftest.c:9:28: fatal error: ac_nonexistent.h: No such file or directory
 #include <ac_nonexistent.h>
                            ^
compilation terminated.
configure:6884: $? = 1
configure: failed program was:
| /* confdefs.h */
| #define PACKAGE_NAME "expat"
| #define PACKAGE_TARNAME "expat"
| #define PACKAGE_VERSION "2.1.0"
| #define PACKAGE_STRING "expat 2.1.0"
| #define PACKAGE_BUGREPORT "expat-bugs@libexpat.org"
| #define PACKAGE_URL ""
| /* end confdefs.h.  */
| #include <ac_nonexistent.h>
configure:6913: checking for ANSI C header files
configure:6933: /home/will/Downloads/android/ffmpeg-android/toolchain-android/bin/arm-linux-androideabi-gcc --sysroot=/home/will/Downloads/android/ffmpeg-android/toolchain-android/sysroot -c -g -O2  conftest.c >&5
configure:6933: $? = 0
configure:7017: result: yes
configure:7030: checking for sys/types.h
configure:7030: /home/will/Downloads/android/ffmpeg-android/toolchain-android/bin/arm-linux-androideabi-gcc --sysroot=/home/will/Downloads/android/ffmpeg-android/toolchain-android/sysroot -c -g -O2  conftest.c >&5
configure:7030: $? = 0
configure:7030: result: yes
configure:7030: checking for sys/stat.h
configure:7030: /home/will/Downloads/android/ffmpeg-android/toolchain-android/bin/arm-linux-androideabi-gcc --sysroot=/home/will/Downloads/android/ffmpeg-android/toolchain-android/sysroot -c -g -O2  conftest.c >&5
configure:7030: $? = 0
configure:7030: result: yes
configure:7030: checking for stdlib.h
configure:7030: /home/will/Downloads/android/ffmpeg-android/toolchain-android/bin/arm-linux-androideabi-gcc --sysroot=/home/will/Downloads/android/ffmpeg-android/toolchain-android/sysroot -c -g -O2  conftest.c >&5
configure:7030: $? = 0
configure:7030: result: yes
configure:7030: checking for string.h
configure:7030: /home/will/Downloads/android/ffmpeg-android/toolchain-android/bin/arm-linux-androideabi-gcc --sysroot=/home/will/Downloads/android/ffmpeg-android/toolchain-android/sysroot -c -g -O2  conftest.c >&5
configure:7030: $? = 0
configure:7030: result: yes
configure:7030: checking for memory.h
configure:7030: /home/will/Downloads/android/ffmpeg-android/toolchain-android/bin/arm-linux-androideabi-gcc --sysroot=/home/will/Downloads/android/ffmpeg-android/toolchain-android/sysroot -c -g -O2  conftest.c >&5
configure:7030: $? = 0
configure:7030: result: yes
configure:7030: checking for strings.h
configure:7030: /home/will/Downloads/android/ffmpeg-android/toolchain-android/bin/arm-linux-androideabi-gcc --sysroot=/home/will/Downloads/android/ffmpeg-android/toolchain-android/sysroot -c -g -O2  conftest.c >&5
configure:7030: $? = 0
configure:7030: result: yes
configure:7030: checking for inttypes.h
configure:7030: /home/will/Downloads/android/ffmpeg-android/toolchain-android/bin/arm-linux-androideabi-gcc --sysroot=/home/will/Downloads/android/ffmpeg-android/toolchain-android/sysroot -c -g -O2  conftest.c >&5
configure:7030: $? = 0
configure:7030: result: yes
configure:7030: checking for stdint.h
configure:7030: /home/will/Downloads/android/ffmpeg-android/toolchain-android/bin/arm-linux-androideabi-gcc --sysroot=/home/will/Downloads/android/ffmpeg-android/toolchain-android/sysroot -c -g -O2  conftest.c >&5
configure:7030: $? = 0
configure:7030: result: yes
configure:7030: checking for unistd.h
configure:7030: /home/will/Downloads/android/ffmpeg-android/toolchain-android/bin/arm-linux-androideabi-gcc --sysroot=/home/will/Downloads/android/ffmpeg-android/toolchain-android/sysroot -c -g -O2  conftest.c >&5
configure:7030: $? = 0
configure:7030: result: yes
configure:7044: checking for dlfcn.h
configure:7044: /home/will/Downloads/android/ffmpeg-android/toolchain-android/bin/arm-linux-androideabi-gcc --sysroot=/home/will/Downloads/android/ffmpeg-android/toolchain-android/sysroot -c -g -O2  conftest.c >&5
configure:7044: $? = 0
configure:7044: result: yes
configure:7229: checking for objdir
configure:7244: result: .libs
configure:7511: checking if /home/will/Downloads/android/ffmpeg-android/toolchain-android/bin/arm-linux-androideabi-gcc --sysroot=/home/will/Downloads/android/ffmpeg-android/toolchain-android/sysroot supports -fno-rtti -fno-exceptions
configure:7529: /home/will/Downloads/android/ffmpeg-android/toolchain-android/bin/arm-linux-androideabi-gcc --sysroot=/home/will/Downloads/android/ffmpeg-android/toolchain-android/sysroot -c -g -O2  -fno-rtti -fno-exceptions conftest.c >&5
cc1: warning: command line option '-fno-rtti' is valid for C++/ObjC++ but not for C
configure:7533: $? = 0
configure:7546: result: no
configure:7856: checking for /home/will/Downloads/android/ffmpeg-android/toolchain-android/bin/arm-linux-androideabi-gcc --sysroot=/home/will/Downloads/android/ffmpeg-android/toolchain-android/sysroot option to produce PIC
configure:7863: result: -fPIC -DPIC
configure:7871: checking if /home/will/Downloads/android/ffmpeg-android/toolchain-android/bin/arm-linux-androideabi-gcc --sysroot=/home/will/Downloads/android/ffmpeg-android/toolchain-android/sysroot PIC flag -fPIC -DPIC works
configure:7889: /home/will/Downloads/android/ffmpeg-android/toolchain-android/bin/arm-linux-androideabi-gcc --sysroot=/home/will/Downloads/android/ffmpeg-android/toolchain-android/sysroot -c -g -O2  -fPIC -DPIC -DPIC conftest.c >&5
configure:7893: $? = 0
configure:7906: result: yes
configure:7935: checking if /home/will/Downloads/android/ffmpeg-android/toolchain-android/bin/arm-linux-androideabi-gcc --sysroot=/home/will/Downloads/android/ffmpeg-android/toolchain-android/sysroot static flag -static works
configure:7963: result: yes
configure:7978: checking if /home/will/Downloads/android/ffmpeg-android/toolchain-android/bin/arm-linux-androideabi-gcc --sysroot=/home/will/Downloads/android/ffmpeg-android/toolchain-android/sysroot supports -c -o file.o
configure:7999: /home/will/Downloads/android/ffmpeg-android/toolchain-android/bin/arm-linux-androideabi-gcc --sysroot=/home/will/Downloads/android/ffmpeg-android/toolchain-android/sysroot -c -g -O2  -o out/conftest2.o conftest.c >&5
configure:8003: $? = 0
configure:8025: result: yes
configure:8033: checking if /home/will/Downloads/android/ffmpeg-android/toolchain-android/bin/arm-linux-androideabi-gcc --sysroot=/home/will/Downloads/android/ffmpeg-android/toolchain-android/sysroot supports -c -o file.o
configure:8080: result: yes
configure:8113: checking whether the /home/will/Downloads/android/ffmpeg-android/toolchain-android/bin/arm-linux-androideabi-gcc --sysroot=/home/will/Downloads/android/ffmpeg-android/toolchain-android/sysroot linker (/home/will/Downloads/android/ffmpeg-android/toolchain-android/bin/arm-linux-androideabi-ld) supports shared libraries
configure:9275: result: yes
configure:9520: checking dynamic linker characteristics
configure:10035: /home/will/Downloads/android/ffmpeg-android/toolchain-android/bin/arm-linux-androideabi-gcc --sysroot=/home/will/Downloads/android/ffmpeg-android/toolchain-android/sysroot -o conftest -g -O2   -Wl,-rpath -Wl,/foo conftest.c  >&5
configure:10035: $? = 0
configure:10269: result: GNU/Linux ld.so
configure:10376: checking how to hardcode library paths into programs
configure:10401: result: immediate
configure:10941: checking whether stripping libraries is possible
configure:10946: result: yes
configure:10981: checking if libtool supports shared libraries
configure:10983: result: yes
configure:10986: checking whether to build shared libraries
configure:11007: result: no
configure:11010: checking whether to build static libraries
configure:11014: result: yes
configure:11062: checking for arm-linux-androideabi-gcc
configure:11089: result: /home/will/Downloads/android/ffmpeg-android/toolchain-android/bin/arm-linux-androideabi-gcc --sysroot=/home/will/Downloads/android/ffmpeg-android/toolchain-android/sysroot
configure:11358: checking for C compiler version
configure:11367: /home/will/Downloads/android/ffmpeg-android/toolchain-android/bin/arm-linux-androideabi-gcc --sysroot=/home/will/Downloads/android/ffmpeg-android/toolchain-android/sysroot --version >&5
arm-linux-androideabi-gcc (GCC) 4.9 20140827 (prerelease)
Copyright (C) 2014 Free Software Foundation, Inc.
This is free software; see the source for copying conditions.  There is NO
warranty; not even for MERCHANTABILITY or FITNESS FOR A PARTICULAR PURPOSE.

configure:11378: $? = 0
configure:11367: /home/will/Downloads/android/ffmpeg-android/toolchain-android/bin/arm-linux-androideabi-gcc --sysroot=/home/will/Downloads/android/ffmpeg-android/toolchain-android/sysroot -v >&5
Using built-in specs.
COLLECT_GCC=/home/will/Downloads/android/ffmpeg-android/toolchain-android/bin/arm-linux-androideabi-gcc
COLLECT_LTO_WRAPPER=/home/will/Downloads/android/ffmpeg-android/toolchain-android/bin/../libexec/gcc/arm-linux-androideabi/4.9/lto-wrapper
Target: arm-linux-androideabi
Configured with: /s/ndk-toolchain/src/build/../gcc/gcc-4.9/configure --prefix=/tmp/ndk-andrewhsieh/build/toolchain/prefix --target=arm-linux-androideabi --host=x86_64-linux-gnu --build=x86_64-linux-gnu --with-gnu-as --with-gnu-ld --enable-languages=c,c++ --with-gmp=/tmp/ndk-andrewhsieh/build/toolchain/temp-install --with-mpfr=/tmp/ndk-andrewhsieh/build/toolchain/temp-install --with-mpc=/tmp/ndk-andrewhsieh/build/toolchain/temp-install --with-cloog=/tmp/ndk-andrewhsieh/build/toolchain/temp-install --with-isl=/tmp/ndk-andrewhsieh/build/toolchain/temp-install --with-ppl=/tmp/ndk-andrewhsieh/build/toolchain/temp-install --disable-ppl-version-check --disable-cloog-version-check --disable-isl-version-check --enable-cloog-backend=isl --with-host-libstdcxx='-static-libgcc -Wl,-Bstatic,-lstdc++,-Bdynamic -lm' --disable-libssp --enable-threads --disable-nls --disable-libmudflap --disable-libgomp --disable-libstdc__-v3 --disable-sjlj-exceptions --disable-shared --disable-tls --disable-libitm --with-float=soft --with-fpu=vfp --with-arch=armv5te --enable-target-optspace --enable-initfini-array --disable-nls --prefix=/tmp/ndk-andrewhsieh/build/toolchain/prefix --with-sysroot=/tmp/ndk-andrewhsieh/build/toolchain/prefix/sysroot --with-binutils-version=2.25 --with-mpfr-version=3.1.1 --with-mpc-version=1.0.1 --with-gmp-version=5.0.5 --with-gcc-version=4.9 --with-gdb-version=7.7 --with-python=/usr/local/google/home/andrewhsieh/mydroid/ndk/prebuilt/linux-x86_64/bin/python-config.sh --with-gxx-include-dir=/tmp/ndk-andrewhsieh/build/toolchain/prefix/include/c++/4.9 --with-bugurl=http://source.android.com/source/report-bugs.html --enable-languages=c,c++ --disable-bootstrap --enable-plugins --enable-libgomp --enable-gnu-indirect-function --disable-libsanitizer --enable-gold --enable-threads --enable-graphite=yes --with-cloog-version=0.18.0 --with-isl-version=0.11.1 --enable-eh-frame-hdr-for-static --with-arch=armv5te --program-transform-name='s&^&arm-linux-androideabi-&' --enable-gold=default
Thread model: posix
gcc version 4.9 20140827 (prerelease) (GCC) 
configure:11378: $? = 0
configure:11367: /home/will/Downloads/android/ffmpeg-android/toolchain-android/bin/arm-linux-androideabi-gcc --sysroot=/home/will/Downloads/android/ffmpeg-android/toolchain-android/sysroot -V >&5
arm-linux-androideabi-gcc: error: unrecognized command line option '-V'
arm-linux-androideabi-gcc: fatal error: no input files
compilation terminated.
configure:11378: $? = 1
configure:11367: /home/will/Downloads/android/ffmpeg-android/toolchain-android/bin/arm-linux-androideabi-gcc --sysroot=/home/will/Downloads/android/ffmpeg-android/toolchain-android/sysroot -qversion >&5
arm-linux-androideabi-gcc: error: unrecognized command line option '-qversion'
arm-linux-androideabi-gcc: fatal error: no input files
compilation terminated.
configure:11378: $? = 1
configure:11382: checking whether we are using the GNU C compiler
configure:11410: result: yes
configure:11419: checking whether /home/will/Downloads/android/ffmpeg-android/toolchain-android/bin/arm-linux-androideabi-gcc --sysroot=/home/will/Downloads/android/ffmpeg-android/toolchain-android/sysroot accepts -g
configure:11480: result: yes
configure:11497: checking for /home/will/Downloads/android/ffmpeg-android/toolchain-android/bin/arm-linux-androideabi-gcc --sysroot=/home/will/Downloads/android/ffmpeg-android/toolchain-android/sysroot option to accept ISO C89
configure:11574: result: none needed
configure:11706: checking for C++ compiler version
configure:11715: /home/will/Downloads/android/ffmpeg-android/toolchain-android/bin/arm-linux-androideabi-g++ --version >&5
arm-linux-androideabi-g++ (GCC) 4.9 20140827 (prerelease)
Copyright (C) 2014 Free Software Foundation, Inc.
This is free software; see the source for copying conditions.  There is NO
warranty; not even for MERCHANTABILITY or FITNESS FOR A PARTICULAR PURPOSE.

configure:11726: $? = 0
configure:11715: /home/will/Downloads/android/ffmpeg-android/toolchain-android/bin/arm-linux-androideabi-g++ -v >&5
Using built-in specs.
COLLECT_GCC=/home/will/Downloads/android/ffmpeg-android/toolchain-android/bin/arm-linux-androideabi-g++
COLLECT_LTO_WRAPPER=/home/will/Downloads/android/ffmpeg-android/toolchain-android/bin/../libexec/gcc/arm-linux-androideabi/4.9/lto-wrapper
Target: arm-linux-androideabi
Configured with: /s/ndk-toolchain/src/build/../gcc/gcc-4.9/configure --prefix=/tmp/ndk-andrewhsieh/build/toolchain/prefix --target=arm-linux-androideabi --host=x86_64-linux-gnu --build=x86_64-linux-gnu --with-gnu-as --with-gnu-ld --enable-languages=c,c++ --with-gmp=/tmp/ndk-andrewhsieh/build/toolchain/temp-install --with-mpfr=/tmp/ndk-andrewhsieh/build/toolchain/temp-install --with-mpc=/tmp/ndk-andrewhsieh/build/toolchain/temp-install --with-cloog=/tmp/ndk-andrewhsieh/build/toolchain/temp-install --with-isl=/tmp/ndk-andrewhsieh/build/toolchain/temp-install --with-ppl=/tmp/ndk-andrewhsieh/build/toolchain/temp-install --disable-ppl-version-check --disable-cloog-version-check --disable-isl-version-check --enable-cloog-backend=isl --with-host-libstdcxx='-static-libgcc -Wl,-Bstatic,-lstdc++,-Bdynamic -lm' --disable-libssp --enable-threads --disable-nls --disable-libmudflap --disable-libgomp --disable-libstdc__-v3 --disable-sjlj-exceptions --disable-shared --disable-tls --disable-libitm --with-float=soft --with-fpu=vfp --with-arch=armv5te --enable-target-optspace --enable-initfini-array --disable-nls --prefix=/tmp/ndk-andrewhsieh/build/toolchain/prefix --with-sysroot=/tmp/ndk-andrewhsieh/build/toolchain/prefix/sysroot --with-binutils-version=2.25 --with-mpfr-version=3.1.1 --with-mpc-version=1.0.1 --with-gmp-version=5.0.5 --with-gcc-version=4.9 --with-gdb-version=7.7 --with-python=/usr/local/google/home/andrewhsieh/mydroid/ndk/prebuilt/linux-x86_64/bin/python-config.sh --with-gxx-include-dir=/tmp/ndk-andrewhsieh/build/toolchain/prefix/include/c++/4.9 --with-bugurl=http://source.android.com/source/report-bugs.html --enable-languages=c,c++ --disable-bootstrap --enable-plugins --enable-libgomp --enable-gnu-indirect-function --disable-libsanitizer --enable-gold --enable-threads --enable-graphite=yes --with-cloog-version=0.18.0 --with-isl-version=0.11.1 --enable-eh-frame-hdr-for-static --with-arch=armv5te --program-transform-name='s&^&arm-linux-androideabi-&' --enable-gold=default
Thread model: posix
gcc version 4.9 20140827 (prerelease) (GCC) 
configure:11726: $? = 0
configure:11715: /home/will/Downloads/android/ffmpeg-android/toolchain-android/bin/arm-linux-androideabi-g++ -V >&5
arm-linux-androideabi-g++: error: unrecognized command line option '-V'
arm-linux-androideabi-g++: fatal error: no input files
compilation terminated.
configure:11726: $? = 1
configure:11715: /home/will/Downloads/android/ffmpeg-android/toolchain-android/bin/arm-linux-androideabi-g++ -qversion >&5
arm-linux-androideabi-g++: error: unrecognized command line option '-qversion'
arm-linux-androideabi-g++: fatal error: no input files
compilation terminated.
configure:11726: $? = 1
configure:11730: checking whether we are using the GNU C++ compiler
configure:11749: /home/will/Downloads/android/ffmpeg-android/toolchain-android/bin/arm-linux-androideabi-g++ -c   conftest.cpp >&5
configure:11749: $? = 0
configure:11758: result: yes
configure:11767: checking whether /home/will/Downloads/android/ffmpeg-android/toolchain-android/bin/arm-linux-androideabi-g++ accepts -g
configure:11787: /home/will/Downloads/android/ffmpeg-android/toolchain-android/bin/arm-linux-androideabi-g++ -c -g  conftest.cpp >&5
configure:11787: $? = 0
configure:11828: result: yes
configure:11869: checking how to run the C++ preprocessor
configure:11896: /home/will/Downloads/android/ffmpeg-android/toolchain-android/bin/arm-linux-androideabi-g++ -E  conftest.cpp
configure:11896: $? = 0
configure:11910: /home/will/Downloads/android/ffmpeg-android/toolchain-android/bin/arm-linux-androideabi-g++ -E  conftest.cpp
conftest.cpp:21:28: fatal error: ac_nonexistent.h: No such file or directory
 #include <ac_nonexistent.h>
                            ^
compilation terminated.
configure:11910: $? = 1
configure: failed program was:
| /* confdefs.h */
| #define PACKAGE_NAME "expat"
| #define PACKAGE_TARNAME "expat"
| #define PACKAGE_VERSION "2.1.0"
| #define PACKAGE_STRING "expat 2.1.0"
| #define PACKAGE_BUGREPORT "expat-bugs@libexpat.org"
| #define PACKAGE_URL ""
| #define STDC_HEADERS 1
| #define HAVE_SYS_TYPES_H 1
| #define HAVE_SYS_STAT_H 1
| #define HAVE_STDLIB_H 1
| #define HAVE_STRING_H 1
| #define HAVE_MEMORY_H 1
| #define HAVE_STRINGS_H 1
| #define HAVE_INTTYPES_H 1
| #define HAVE_STDINT_H 1
| #define HAVE_UNISTD_H 1
| #define HAVE_DLFCN_H 1
| #define LT_OBJDIR ".libs/"
| /* end confdefs.h.  */
| #include <ac_nonexistent.h>
configure:11935: result: /home/will/Downloads/android/ffmpeg-android/toolchain-android/bin/arm-linux-androideabi-g++ -E
configure:11955: /home/will/Downloads/android/ffmpeg-android/toolchain-android/bin/arm-linux-androideabi-g++ -E  conftest.cpp
configure:11955: $? = 0
configure:11969: /home/will/Downloads/android/ffmpeg-android/toolchain-android/bin/arm-linux-androideabi-g++ -E  conftest.cpp
conftest.cpp:21:28: fatal error: ac_nonexistent.h: No such file or directory
 #include <ac_nonexistent.h>
                            ^
compilation terminated.
configure:11969: $? = 1
configure: failed program was:
| /* confdefs.h */
| #define PACKAGE_NAME "expat"
| #define PACKAGE_TARNAME "expat"
| #define PACKAGE_VERSION "2.1.0"
| #define PACKAGE_STRING "expat 2.1.0"
| #define PACKAGE_BUGREPORT "expat-bugs@libexpat.org"
| #define PACKAGE_URL ""
| #define STDC_HEADERS 1
| #define HAVE_SYS_TYPES_H 1
| #define HAVE_SYS_STAT_H 1
| #define HAVE_STDLIB_H 1
| #define HAVE_STRING_H 1
| #define HAVE_MEMORY_H 1
| #define HAVE_STRINGS_H 1
| #define HAVE_INTTYPES_H 1
| #define HAVE_STDINT_H 1
| #define HAVE_UNISTD_H 1
| #define HAVE_DLFCN_H 1
| #define LT_OBJDIR ".libs/"
| /* end confdefs.h.  */
| #include <ac_nonexistent.h>
configure:12139: checking for ld used by /home/will/Downloads/android/ffmpeg-android/toolchain-android/bin/arm-linux-androideabi-g++
configure:12206: result: /home/will/Downloads/android/ffmpeg-android/toolchain-android/bin/arm-linux-androideabi-ld
configure:12213: checking if the linker (/home/will/Downloads/android/ffmpeg-android/toolchain-android/bin/arm-linux-androideabi-ld) is GNU ld
configure:12228: result: yes
configure:12283: checking whether the /home/will/Downloads/android/ffmpeg-android/toolchain-android/bin/arm-linux-androideabi-g++ linker (/home/will/Downloads/android/ffmpeg-android/toolchain-android/bin/arm-linux-androideabi-ld) supports shared libraries
configure:13287: result: yes
configure:13322: /home/will/Downloads/android/ffmpeg-android/toolchain-android/bin/arm-linux-androideabi-g++ -c -g -O2  conftest.cpp >&5
configure:13325: $? = 0
configure:13845: checking for /home/will/Downloads/android/ffmpeg-android/toolchain-android/bin/arm-linux-androideabi-g++ option to produce PIC
configure:13852: result: -fPIC -DPIC
configure:13860: checking if /home/will/Downloads/android/ffmpeg-android/toolchain-android/bin/arm-linux-androideabi-g++ PIC flag -fPIC -DPIC works
configure:13878: /home/will/Downloads/android/ffmpeg-android/toolchain-android/bin/arm-linux-androideabi-g++ -c -g -O2  -fPIC -DPIC -DPIC conftest.cpp >&5
configure:13882: $? = 0
configure:13895: result: yes
configure:13918: checking if /home/will/Downloads/android/ffmpeg-android/toolchain-android/bin/arm-linux-androideabi-g++ static flag -static works
configure:13946: result: yes
configure:13958: checking if /home/will/Downloads/android/ffmpeg-android/toolchain-android/bin/arm-linux-androideabi-g++ supports -c -o file.o
configure:13979: /home/will/Downloads/android/ffmpeg-android/toolchain-android/bin/arm-linux-androideabi-g++ -c -g -O2  -o out/conftest2.o conftest.cpp >&5
configure:13983: $? = 0
configure:14005: result: yes
configure:14010: checking if /home/will/Downloads/android/ffmpeg-android/toolchain-android/bin/arm-linux-androideabi-g++ supports -c -o file.o
configure:14057: result: yes
configure:14087: checking whether the /home/will/Downloads/android/ffmpeg-android/toolchain-android/bin/arm-linux-androideabi-g++ linker (/home/will/Downloads/android/ffmpeg-android/toolchain-android/bin/arm-linux-androideabi-ld) supports shared libraries
configure:14124: result: yes
configure:14267: checking dynamic linker characteristics
configure:14950: result: GNU/Linux ld.so
configure:15003: checking how to hardcode library paths into programs
configure:15028: result: immediate
configure:15082: checking for a BSD-compatible install
configure:15150: result: /usr/bin/install -c
configure:15165: checking whether /home/will/Downloads/android/ffmpeg-android/toolchain-android/bin/arm-linux-androideabi-gcc --sysroot=/home/will/Downloads/android/ffmpeg-android/toolchain-android/sysroot accepts -fexceptions
configure:15178: /home/will/Downloads/android/ffmpeg-android/toolchain-android/bin/arm-linux-androideabi-gcc --sysroot=/home/will/Downloads/android/ffmpeg-android/toolchain-android/sysroot -o conftest -g -O2 -Wall -Wmissing-prototypes -Wstrict-prototypes -fexceptions   conftest.c  >&5
conftest.c:23:1: warning: function declaration isn't a prototype [-Wstrict-prototypes]
 main ()
 ^
configure:15178: $? = 0
configure:15179: result: yes
configure:15190: checking for ANSI C header files
configure:15294: result: yes
configure:15304: checking whether byte ordering is bigendian
configure:15326: /home/will/Downloads/android/ffmpeg-android/toolchain-android/bin/arm-linux-androideabi-gcc --sysroot=/home/will/Downloads/android/ffmpeg-android/toolchain-android/sysroot -c -g -O2 -Wall -Wmissing-prototypes -Wstrict-prototypes -fexceptions  conftest.c >&5
conftest.c:25:1: warning: function declaration isn't a prototype [-Wstrict-prototypes]
 main ()
 ^
conftest.c: In function 'main':
conftest.c:29:2: error: unknown type name 'bogus'
  bogus endian macros
  ^
conftest.c:29:15: error: expected '=', ',', ';', 'asm' or '__attribute__' before 'macros'
  bogus endian macros
               ^
configure:15326: $? = 1
configure: failed program was:
| /* confdefs.h */
| #define PACKAGE_NAME "expat"
| #define PACKAGE_TARNAME "expat"
| #define PACKAGE_VERSION "2.1.0"
| #define PACKAGE_STRING "expat 2.1.0"
| #define PACKAGE_BUGREPORT "expat-bugs@libexpat.org"
| #define PACKAGE_URL ""
| #define STDC_HEADERS 1
| #define HAVE_SYS_TYPES_H 1
| #define HAVE_SYS_STAT_H 1
| #define HAVE_STDLIB_H 1
| #define HAVE_STRING_H 1
| #define HAVE_MEMORY_H 1
| #define HAVE_STRINGS_H 1
| #define HAVE_INTTYPES_H 1
| #define HAVE_STDINT_H 1
| #define HAVE_UNISTD_H 1
| #define HAVE_DLFCN_H 1
| #define LT_OBJDIR ".libs/"
| #define STDC_HEADERS 1
| /* end confdefs.h.  */
| #include <sys/types.h>
| #include <sys/param.h>
| int
| main ()
| {
| 
| #if !BYTE_ORDER || !BIG_ENDIAN || !LITTLE_ENDIAN
|  bogus endian macros
| #endif
|   ;
|   return 0;
| }
configure:15379: result: unknown
configure:15382: checking to probe for byte ordering
configure:15411: result: no
configure:15432: checking for an ANSI C-conforming const
configure:15497: /home/will/Downloads/android/ffmpeg-android/toolchain-android/bin/arm-linux-androideabi-gcc --sysroot=/home/will/Downloads/android/ffmpeg-android/toolchain-android/sysroot -c -g -O2 -Wall -Wmissing-prototypes -Wstrict-prototypes -fexceptions  conftest.c >&5
conftest.c:25:1: warning: function declaration isn't a prototype [-Wstrict-prototypes]
 main ()
 ^
conftest.c: In function 'main':
conftest.c:52:7: warning: 't' is used uninitialized in this function [-Wuninitialized]
     *t++ = 0;
       ^
conftest.c:74:13: warning: 'cs[0]' is used uninitialized in this function [-Wuninitialized]
   return !cs[0] && !zero.x;
             ^
configure:15497: $? = 0
configure:15504: result: yes
configure:15512: checking for size_t
configure:15512: /home/will/Downloads/android/ffmpeg-android/toolchain-android/bin/arm-linux-androideabi-gcc --sysroot=/home/will/Downloads/android/ffmpeg-android/toolchain-android/sysroot -c -g -O2 -Wall -Wmissing-prototypes -Wstrict-prototypes -fexceptions  conftest.c >&5
conftest.c:57:1: warning: function declaration isn't a prototype [-Wstrict-prototypes]
 main ()
 ^
configure:15512: $? = 0
configure:15512: /home/will/Downloads/android/ffmpeg-android/toolchain-android/bin/arm-linux-androideabi-gcc --sysroot=/home/will/Downloads/android/ffmpeg-android/toolchain-android/sysroot -c -g -O2 -Wall -Wmissing-prototypes -Wstrict-prototypes -fexceptions  conftest.c >&5
conftest.c:57:1: warning: function declaration isn't a prototype [-Wstrict-prototypes]
 main ()
 ^
conftest.c: In function 'main':
conftest.c:59:21: error: expected expression before ')' token
 if (sizeof ((size_t)))
                     ^
configure:15512: $? = 1
configure: failed program was:
| /* confdefs.h */
| #define PACKAGE_NAME "expat"
| #define PACKAGE_TARNAME "expat"
| #define PACKAGE_VERSION "2.1.0"
| #define PACKAGE_STRING "expat 2.1.0"
| #define PACKAGE_BUGREPORT "expat-bugs@libexpat.org"
| #define PACKAGE_URL ""
| #define STDC_HEADERS 1
| #define HAVE_SYS_TYPES_H 1
| #define HAVE_SYS_STAT_H 1
| #define HAVE_STDLIB_H 1
| #define HAVE_STRING_H 1
| #define HAVE_MEMORY_H 1
| #define HAVE_STRINGS_H 1
| #define HAVE_INTTYPES_H 1
| #define HAVE_STDINT_H 1
| #define HAVE_UNISTD_H 1
| #define HAVE_DLFCN_H 1
| #define LT_OBJDIR ".libs/"
| #define STDC_HEADERS 1
| #define BYTEORDER 1234
| /* end confdefs.h.  */
| #include <stdio.h>
| #ifdef HAVE_SYS_TYPES_H
| # include <sys/types.h>
| #endif
| #ifdef HAVE_SYS_STAT_H
| # include <sys/stat.h>
| #endif
| #ifdef STDC_HEADERS
| # include <stdlib.h>
| # include <stddef.h>
| #else
| # ifdef HAVE_STDLIB_H
| #  include <stdlib.h>
| # endif
| #endif
| #ifdef HAVE_STRING_H
| # if !defined STDC_HEADERS && defined HAVE_MEMORY_H
| #  include <memory.h>
| # endif
| # include <string.h>
| #endif
| #ifdef HAVE_STRINGS_H
| # include <strings.h>
| #endif
| #ifdef HAVE_INTTYPES_H
| # include <inttypes.h>
| #endif
| #ifdef HAVE_STDINT_H
| # include <stdint.h>
| #endif
| #ifdef HAVE_UNISTD_H
| # include <unistd.h>
| #endif
| int
| main ()
| {
| if (sizeof ((size_t)))
| 	    return 0;
|   ;
|   return 0;
| }
configure:15512: result: yes
configure:15526: checking for memmove
configure:15526: /home/will/Downloads/android/ffmpeg-android/toolchain-android/bin/arm-linux-androideabi-gcc --sysroot=/home/will/Downloads/android/ffmpeg-android/toolchain-android/sysroot -o conftest -g -O2 -Wall -Wmissing-prototypes -Wstrict-prototypes -fexceptions   conftest.c  >&5
conftest.c:46:1: warning: function declaration isn't a prototype [-Wstrict-prototypes]
 char memmove ();
 ^
conftest.c:46:6: warning: conflicting types for built-in function 'memmove'
 char memmove ();
      ^
conftest.c:55:1: warning: function declaration isn't a prototype [-Wstrict-prototypes]
 main ()
 ^
configure:15526: $? = 0
configure:15526: result: yes
configure:15526: checking for bcopy
configure:15526: /home/will/Downloads/android/ffmpeg-android/toolchain-android/bin/arm-linux-androideabi-gcc --sysroot=/home/will/Downloads/android/ffmpeg-android/toolchain-android/sysroot -o conftest -g -O2 -Wall -Wmissing-prototypes -Wstrict-prototypes -fexceptions   conftest.c  >&5
conftest.c:47:1: warning: function declaration isn't a prototype [-Wstrict-prototypes]
 char bcopy ();
 ^
conftest.c:47:6: warning: conflicting types for built-in function 'bcopy'
 char bcopy ();
      ^
conftest.c:56:1: warning: function declaration isn't a prototype [-Wstrict-prototypes]
 main ()
 ^
configure:15526: $? = 0
configure:15526: result: yes
configure:15539: checking fcntl.h usability
configure:15539: /home/will/Downloads/android/ffmpeg-android/toolchain-android/bin/arm-linux-androideabi-gcc --sysroot=/home/will/Downloads/android/ffmpeg-android/toolchain-android/sysroot -c -g -O2 -Wall -Wmissing-prototypes -Wstrict-prototypes -fexceptions  conftest.c >&5
configure:15539: $? = 0
configure:15539: result: yes
configure:15539: checking fcntl.h presence
configure:15539: /home/will/Downloads/android/ffmpeg-android/toolchain-android/bin/arm-linux-androideabi-cpp  conftest.c
configure:15539: $? = 0
configure:15539: result: yes
configure:15539: checking for fcntl.h
configure:15539: result: yes
configure:15539: checking for unistd.h
configure:15539: result: yes
configure:15549: checking for off_t
configure:15549: /home/will/Downloads/android/ffmpeg-android/toolchain-android/bin/arm-linux-androideabi-gcc --sysroot=/home/will/Downloads/android/ffmpeg-android/toolchain-android/sysroot -c -g -O2 -Wall -Wmissing-prototypes -Wstrict-prototypes -fexceptions  conftest.c >&5
conftest.c:61:1: warning: function declaration isn't a prototype [-Wstrict-prototypes]
 main ()
 ^
configure:15549: $? = 0
configure:15549: /home/will/Downloads/android/ffmpeg-android/toolchain-android/bin/arm-linux-androideabi-gcc --sysroot=/home/will/Downloads/android/ffmpeg-android/toolchain-android/sysroot -c -g -O2 -Wall -Wmissing-prototypes -Wstrict-prototypes -fexceptions  conftest.c >&5
conftest.c:61:1: warning: function declaration isn't a prototype [-Wstrict-prototypes]
 main ()
 ^
conftest.c: In function 'main':
conftest.c:63:20: error: expected expression before ')' token
 if (sizeof ((off_t)))
                    ^
configure:15549: $? = 1
configure: failed program was:
| /* confdefs.h */
| #define PACKAGE_NAME "expat"
| #define PACKAGE_TARNAME "expat"
| #define PACKAGE_VERSION "2.1.0"
| #define PACKAGE_STRING "expat 2.1.0"
| #define PACKAGE_BUGREPORT "expat-bugs@libexpat.org"
| #define PACKAGE_URL ""
| #define STDC_HEADERS 1
| #define HAVE_SYS_TYPES_H 1
| #define HAVE_SYS_STAT_H 1
| #define HAVE_STDLIB_H 1
| #define HAVE_STRING_H 1
| #define HAVE_MEMORY_H 1
| #define HAVE_STRINGS_H 1
| #define HAVE_INTTYPES_H 1
| #define HAVE_STDINT_H 1
| #define HAVE_UNISTD_H 1
| #define HAVE_DLFCN_H 1
| #define LT_OBJDIR ".libs/"
| #define STDC_HEADERS 1
| #define BYTEORDER 1234
| #define HAVE_MEMMOVE 1
| #define HAVE_BCOPY 1
| #define HAVE_FCNTL_H 1
| #define HAVE_UNISTD_H 1
| /* end confdefs.h.  */
| #include <stdio.h>
| #ifdef HAVE_SYS_TYPES_H
| # include <sys/types.h>
| #endif
| #ifdef HAVE_SYS_STAT_H
| # include <sys/stat.h>
| #endif
| #ifdef STDC_HEADERS
| # include <stdlib.h>
| # include <stddef.h>
| #else
| # ifdef HAVE_STDLIB_H
| #  include <stdlib.h>
| # endif
| #endif
| #ifdef HAVE_STRING_H
| # if !defined STDC_HEADERS && defined HAVE_MEMORY_H
| #  include <memory.h>
| # endif
| # include <string.h>
| #endif
| #ifdef HAVE_STRINGS_H
| # include <strings.h>
| #endif
| #ifdef HAVE_INTTYPES_H
| # include <inttypes.h>
| #endif
| #ifdef HAVE_STDINT_H
| # include <stdint.h>
| #endif
| #ifdef HAVE_UNISTD_H
| # include <unistd.h>
| #endif
| int
| main ()
| {
| if (sizeof ((off_t)))
| 	    return 0;
|   ;
|   return 0;
| }
configure:15549: result: yes
configure:15566: checking for stdlib.h
configure:15566: result: yes
configure:15566: checking for unistd.h
configure:15566: result: yes
configure:15566: checking for sys/param.h
configure:15566: /home/will/Downloads/android/ffmpeg-android/toolchain-android/bin/arm-linux-androideabi-gcc --sysroot=/home/will/Downloads/android/ffmpeg-android/toolchain-android/sysroot -c -g -O2 -Wall -Wmissing-prototypes -Wstrict-prototypes -fexceptions  conftest.c >&5
configure:15566: $? = 0
configure:15566: result: yes
configure:15586: checking for getpagesize
configure:15586: /home/will/Downloads/android/ffmpeg-android/toolchain-android/bin/arm-linux-androideabi-gcc --sysroot=/home/will/Downloads/android/ffmpeg-android/toolchain-android/sysroot -o conftest -g -O2 -Wall -Wmissing-prototypes -Wstrict-prototypes -fexceptions   conftest.c  >&5
conftest.c:53:1: warning: function declaration isn't a prototype [-Wstrict-prototypes]
 char getpagesize ();
 ^
conftest.c:62:1: warning: function declaration isn't a prototype [-Wstrict-prototypes]
 main ()
 ^
configure:15586: $? = 0
configure:15586: result: yes
configure:15595: checking for working mmap
configure:15752: result: no
configure:15781: checking for /home/will/Downloads/android/ffmpeg-android/toolchain-android/bin/arm-linux-androideabi-gcc --sysroot=/home/will/Downloads/android/ffmpeg-android/toolchain-android/sysroot option to accept ISO C99
configure:15930: /home/will/Downloads/android/ffmpeg-android/toolchain-android/bin/arm-linux-androideabi-gcc --sysroot=/home/will/Downloads/android/ffmpeg-android/toolchain-android/sysroot  -c -g -O2 -Wall -Wmissing-prototypes -Wstrict-prototypes -fexceptions  conftest.c >&5
conftest.c:81:29: error: expected ';', ',' or ')' before 'text'
 test_restrict (ccp restrict text)
                             ^
conftest.c: In function 'test_varargs':
conftest.c:102:9: warning: variable 'fnumber' set but not used [-Wunused-but-set-variable]
   float fnumber;
         ^
conftest.c:101:7: warning: variable 'number' set but not used [-Wunused-but-set-variable]
   int number;
       ^
conftest.c:100:15: warning: variable 'str' set but not used [-Wunused-but-set-variable]
   const char *str;
               ^
conftest.c: At top level:
conftest.c:126:1: warning: function declaration isn't a prototype [-Wstrict-prototypes]
 main ()
 ^
conftest.c: In function 'main':
conftest.c:133:3: warning: implicit declaration of function 'test_restrict' [-Wimplicit-function-declaration]
   if (test_restrict ("String literal") == 0)
   ^
conftest.c:135:18: error: expected '=', ',', ';', 'asm' or '__attribute__' before 'newvar'
   char *restrict newvar = "Another string";
                  ^
conftest.c:135:18: error: 'newvar' undeclared (first use in this function)
conftest.c:135:18: note: each undeclared identifier is reported only once for each function it appears in
conftest.c:145:3: error: 'for' loop initial declarations are only allowed in C99 or C11 mode
   for (int i = 0; i < ia->datasize; ++i)
   ^
conftest.c:145:3: note: use option -std=c99, -std=gnu99, -std=c11 or -std=gnu11 to compile your code
configure:15930: $? = 1
configure: failed program was:
| /* confdefs.h */
| #define PACKAGE_NAME "expat"
| #define PACKAGE_TARNAME "expat"
| #define PACKAGE_VERSION "2.1.0"
| #define PACKAGE_STRING "expat 2.1.0"
| #define PACKAGE_BUGREPORT "expat-bugs@libexpat.org"
| #define PACKAGE_URL ""
| #define STDC_HEADERS 1
| #define HAVE_SYS_TYPES_H 1
| #define HAVE_SYS_STAT_H 1
| #define HAVE_STDLIB_H 1
| #define HAVE_STRING_H 1
| #define HAVE_MEMORY_H 1
| #define HAVE_STRINGS_H 1
| #define HAVE_INTTYPES_H 1
| #define HAVE_STDINT_H 1
| #define HAVE_UNISTD_H 1
| #define HAVE_DLFCN_H 1
| #define LT_OBJDIR ".libs/"
| #define STDC_HEADERS 1
| #define BYTEORDER 1234
| #define HAVE_MEMMOVE 1
| #define HAVE_BCOPY 1
| #define HAVE_FCNTL_H 1
| #define HAVE_UNISTD_H 1
| #define HAVE_STDLIB_H 1
| #define HAVE_UNISTD_H 1
| #define HAVE_SYS_PARAM_H 1
| #define HAVE_GETPAGESIZE 1
| /* end confdefs.h.  */
| #include <stdarg.h>
| #include <stdbool.h>
| #include <stdlib.h>
| #include <wchar.h>
| #include <stdio.h>
| 
| // Check varargs macros.  These examples are taken from C99 6.10.3.5.
| #define debug(...) fprintf (stderr, __VA_ARGS__)
| #define showlist(...) puts (#__VA_ARGS__)
| #define report(test,...) ((test) ? puts (#test) : printf (__VA_ARGS__))
| static void
| test_varargs_macros (void)
| {
|   int x = 1234;
|   int y = 5678;
|   debug ("Flag");
|   debug ("X = %d\n", x);
|   showlist (The first, second, and third items.);
|   report (x>y, "x is %d but y is %d", x, y);
| }
| 
| // Check long long types.
| #define BIG64 18446744073709551615ull
| #define BIG32 4294967295ul
| #define BIG_OK (BIG64 / BIG32 == 4294967297ull && BIG64 % BIG32 == 0)
| #if !BIG_OK
|   your preprocessor is broken;
| #endif
| #if BIG_OK
| #else
|   your preprocessor is broken;
| #endif
| static long long int bignum = -9223372036854775807LL;
| static unsigned long long int ubignum = BIG64;
| 
| struct incomplete_array
| {
|   int datasize;
|   double data[];
| };
| 
| struct named_init {
|   int number;
|   const wchar_t *name;
|   double average;
| };
| 
| typedef const char *ccp;
| 
| static inline int
| test_restrict (ccp restrict text)
| {
|   // See if C++-style comments work.
|   // Iterate through items via the restricted pointer.
|   // Also check for declarations in for loops.
|   for (unsigned int i = 0; *(text+i) != '\0'; ++i)
|     continue;
|   return 0;
| }
| 
| // Check varargs and va_copy.
| static void
| test_varargs (const char *format, ...)
| {
|   va_list args;
|   va_start (args, format);
|   va_list args_copy;
|   va_copy (args_copy, args);
| 
|   const char *str;
|   int number;
|   float fnumber;
| 
|   while (*format)
|     {
|       switch (*format++)
| 	{
| 	case 's': // string
| 	  str = va_arg (args_copy, const char *);
| 	  break;
| 	case 'd': // int
| 	  number = va_arg (args_copy, int);
| 	  break;
| 	case 'f': // float
| 	  fnumber = va_arg (args_copy, double);
| 	  break;
| 	default:
| 	  break;
| 	}
|     }
|   va_end (args_copy);
|   va_end (args);
| }
| 
| int
| main ()
| {
| 
|   // Check bool.
|   _Bool success = false;
| 
|   // Check restrict.
|   if (test_restrict ("String literal") == 0)
|     success = true;
|   char *restrict newvar = "Another string";
| 
|   // Check varargs.
|   test_varargs ("s, d' f .", "string", 65, 34.234);
|   test_varargs_macros ();
| 
|   // Check flexible array members.
|   struct incomplete_array *ia =
|     malloc (sizeof (struct incomplete_array) + (sizeof (double) * 10));
|   ia->datasize = 10;
|   for (int i = 0; i < ia->datasize; ++i)
|     ia->data[i] = i * 1.234;
| 
|   // Check named initializers.
|   struct named_init ni = {
|     .number = 34,
|     .name = L"Test wide string",
|     .average = 543.34343,
|   };
| 
|   ni.number = 58;
| 
|   int dynamic_array[ni.number];
|   dynamic_array[ni.number - 1] = 543;
| 
|   // work around unused variable warnings
|   return (!success || bignum == 0LL || ubignum == 0uLL || newvar[0] == 'x'
| 	  || dynamic_array[ni.number - 1] != 543);
| 
|   ;
|   return 0;
| }
configure:15930: /home/will/Downloads/android/ffmpeg-android/toolchain-android/bin/arm-linux-androideabi-gcc --sysroot=/home/will/Downloads/android/ffmpeg-android/toolchain-android/sysroot -std=gnu99 -c -g -O2 -Wall -Wmissing-prototypes -Wstrict-prototypes -fexceptions  conftest.c >&5
conftest.c: In function 'test_varargs':
conftest.c:102:9: warning: variable 'fnumber' set but not used [-Wunused-but-set-variable]
   float fnumber;
         ^
conftest.c:101:7: warning: variable 'number' set but not used [-Wunused-but-set-variable]
   int number;
       ^
conftest.c:100:15: warning: variable 'str' set but not used [-Wunused-but-set-variable]
   const char *str;
               ^
conftest.c: At top level:
conftest.c:126:1: warning: function declaration isn't a prototype [-Wstrict-prototypes]
 main ()
 ^
configure:15930: $? = 0
configure:15950: result: -std=gnu99
configure:16052: checking for /home/will/Downloads/android/ffmpeg-android/toolchain-android/bin/arm-linux-androideabi-gcc --sysroot=/home/will/Downloads/android/ffmpeg-android/toolchain-android/sysroot -std=gnu99 option to accept ISO Standard C
configure:16066: result: -std=gnu99
configure:16070: checking for an ANSI C99-conforming __func__
configure:16086: /home/will/Downloads/android/ffmpeg-android/toolchain-android/bin/arm-linux-androideabi-gcc --sysroot=/home/will/Downloads/android/ffmpeg-android/toolchain-android/sysroot -std=gnu99 -c -g -O2 -Wall -Wmissing-prototypes -Wstrict-prototypes -fexceptions  conftest.c >&5
conftest.c:33:1: warning: function declaration isn't a prototype [-Wstrict-prototypes]
 main ()
 ^
conftest.c: In function 'main':
conftest.c:35:13: warning: initialization discards 'const' qualifier from pointer target type
 char *foo = __func__;
             ^
conftest.c:35:7: warning: unused variable 'foo' [-Wunused-variable]
 char *foo = __func__;
       ^
configure:16086: $? = 0
configure:16109: result: yes
configure:16249: creating ./config.status

## ---------------------- ##
## Running config.status. ##
## ---------------------- ##

This file was extended by expat config.status 2.1.0, which was
generated by GNU Autoconf 2.68.  Invocation command line was

  CONFIG_FILES    = 
  CONFIG_HEADERS  = 
  CONFIG_LINKS    = 
  CONFIG_COMMANDS = 
  $ ./config.status 

on will-acer-server

config.status:1135: creating Makefile
config.status:1238: WARNING:  'Makefile.in' seems to ignore the --datarootdir setting
config.status:1135: creating expat.pc
config.status:1135: creating expat_config.h
config.status:1310: expat_config.h is unchanged
config.status:1324: executing libtool commands

## ---------------- ##
## Cache variables. ##
## ---------------- ##

ac_cv_build=x86_64-unknown-linux-gnu
ac_cv_c_bigendian=no
ac_cv_c_compiler_gnu=yes
ac_cv_c_const=yes
ac_cv_cpp_func=yes
ac_cv_cxx_compiler_gnu=yes
ac_cv_env_CCC_set=
ac_cv_env_CCC_value=
ac_cv_env_CC_set=set
ac_cv_env_CC_value='/home/will/Downloads/android/ffmpeg-android/toolchain-android/bin/arm-linux-androideabi-gcc --sysroot=/home/will/Downloads/android/ffmpeg-android/toolchain-android/sysroot'
ac_cv_env_CFLAGS_set=
ac_cv_env_CFLAGS_value=
ac_cv_env_CPPFLAGS_set=
ac_cv_env_CPPFLAGS_value=
ac_cv_env_CPP_set=set
ac_cv_env_CPP_value=/home/will/Downloads/android/ffmpeg-android/toolchain-android/bin/arm-linux-androideabi-cpp
ac_cv_env_CXXCPP_set=
ac_cv_env_CXXCPP_value=
ac_cv_env_CXXFLAGS_set=
ac_cv_env_CXXFLAGS_value=
ac_cv_env_CXX_set=set
ac_cv_env_CXX_value=/home/will/Downloads/android/ffmpeg-android/toolchain-android/bin/arm-linux-androideabi-g++
ac_cv_env_LDFLAGS_set=
ac_cv_env_LDFLAGS_value=
ac_cv_env_LIBS_set=
ac_cv_env_LIBS_value=
ac_cv_env_build_alias_set=
ac_cv_env_build_alias_value=
ac_cv_env_host_alias_set=set
ac_cv_env_host_alias_value=arm-linux-androideabi
ac_cv_env_target_alias_set=
ac_cv_env_target_alias_value=
ac_cv_func_bcopy=yes
ac_cv_func_getpagesize=yes
ac_cv_func_memmove=yes
ac_cv_func_mmap_fixed_mapped=no
ac_cv_header_dlfcn_h=yes
ac_cv_header_fcntl_h=yes
ac_cv_header_inttypes_h=yes
ac_cv_header_memory_h=yes
ac_cv_header_stdc=yes
ac_cv_header_stdint_h=yes
ac_cv_header_stdlib_h=yes
ac_cv_header_string_h=yes
ac_cv_header_strings_h=yes
ac_cv_header_sys_param_h=yes
ac_cv_header_sys_stat_h=yes
ac_cv_header_sys_types_h=yes
ac_cv_header_unistd_h=yes
ac_cv_host=arm-unknown-linux-androideabi
ac_cv_objext=o
ac_cv_path_EGREP='/bin/grep -E'
ac_cv_path_FGREP='/bin/grep -F'
ac_cv_path_GREP=/bin/grep
ac_cv_path_SED=/bin/sed
ac_cv_path_install='/usr/bin/install -c'
ac_cv_prog_AR=/home/will/Downloads/android/ffmpeg-android/toolchain-android/bin/arm-linux-androideabi-ar
ac_cv_prog_AWK=mawk
ac_cv_prog_CC='/home/will/Downloads/android/ffmpeg-android/toolchain-android/bin/arm-linux-androideabi-gcc --sysroot=/home/will/Downloads/android/ffmpeg-android/toolchain-android/sysroot'
ac_cv_prog_CPP=/home/will/Downloads/android/ffmpeg-android/toolchain-android/bin/arm-linux-androideabi-cpp
ac_cv_prog_CXXCPP='/home/will/Downloads/android/ffmpeg-android/toolchain-android/bin/arm-linux-androideabi-g++ -E'
ac_cv_prog_DLLTOOL=dlltool
ac_cv_prog_OBJDUMP=/home/will/Downloads/android/ffmpeg-android/toolchain-android/bin/arm-linux-androideabi-objdump
ac_cv_prog_RANLIB=/home/will/Downloads/android/ffmpeg-android/toolchain-android/bin/arm-linux-androideabi-ranlib
ac_cv_prog_STRIP=/home/will/Downloads/android/ffmpeg-android/toolchain-android/bin/arm-linux-androideabi-strip
ac_cv_prog_ac_ct_MANIFEST_TOOL=mt
ac_cv_prog_cc_c89=
ac_cv_prog_cc_c99=-std=gnu99
ac_cv_prog_cc_g=yes
ac_cv_prog_cc_stdc=-std=gnu99
ac_cv_prog_cxx_g=yes
ac_cv_type_off_t=yes
ac_cv_type_size_t=yes
lt_cv_ar_at_file=@
lt_cv_deplibs_check_method=pass_all
lt_cv_file_magic_cmd='$MAGIC_CMD'
lt_cv_file_magic_test_file=
lt_cv_ld_reload_flag=-r
lt_cv_nm_interface='BSD nm'
lt_cv_objdir=.libs
lt_cv_path_LD=/home/will/Downloads/android/ffmpeg-android/toolchain-android/bin/arm-linux-androideabi-ld
lt_cv_path_LDCXX=/home/will/Downloads/android/ffmpeg-android/toolchain-android/bin/arm-linux-androideabi-ld
lt_cv_path_NM=/home/will/Downloads/android/ffmpeg-android/toolchain-android/bin/arm-linux-androideabi-nm
lt_cv_path_mainfest_tool=no
lt_cv_prog_compiler_c_o=yes
lt_cv_prog_compiler_c_o_CXX=yes
lt_cv_prog_compiler_pic='-fPIC -DPIC'
lt_cv_prog_compiler_pic_CXX='-fPIC -DPIC'
lt_cv_prog_compiler_pic_works=yes
lt_cv_prog_compiler_pic_works_CXX=yes
lt_cv_prog_compiler_rtti_exceptions=no
lt_cv_prog_compiler_static_works=yes
lt_cv_prog_compiler_static_works_CXX=yes
lt_cv_prog_gnu_ld=yes
lt_cv_prog_gnu_ldcxx=yes
lt_cv_sharedlib_from_linklib_cmd='printf %s\n'
lt_cv_shlibpath_overrides_runpath=yes
lt_cv_sys_global_symbol_pipe='sed -n -e '\''s/^.*[	 ]\([ABCDGIRSTW][ABCDGIRSTW]*\)[	 ][	 ]*\([_A-Za-z][_A-Za-z0-9]*\)$/\1 \2 \2/p'\'' | sed '\''/ __gnu_lto/d'\'''
lt_cv_sys_global_symbol_to_c_name_address='sed -n -e '\''s/^: \([^ ]*\)[ ]*$/  {\"\1\", (void *) 0},/p'\'' -e '\''s/^[ABCDGIRSTW]* \([^ ]*\) \([^ ]*\)$/  {"\2", (void *) \&\2},/p'\'''
lt_cv_sys_global_symbol_to_c_name_address_lib_prefix='sed -n -e '\''s/^: \([^ ]*\)[ ]*$/  {\"\1\", (void *) 0},/p'\'' -e '\''s/^[ABCDGIRSTW]* \([^ ]*\) \(lib[^ ]*\)$/  {"\2", (void *) \&\2},/p'\'' -e '\''s/^[ABCDGIRSTW]* \([^ ]*\) \([^ ]*\)$/  {"lib\2", (void *) \&\2},/p'\'''
lt_cv_sys_global_symbol_to_cdecl='sed -n -e '\''s/^T .* \(.*\)$/extern int \1();/p'\'' -e '\''s/^[ABCDGIRSTW]* .* \(.*\)$/extern char \1;/p'\'''
lt_cv_sys_max_cmd_len=1572864
lt_cv_to_host_file_cmd=func_convert_file_noop
lt_cv_to_tool_file_cmd=func_convert_file_noop

## ----------------- ##
## Output variables. ##
## ----------------- ##

AR='/home/will/Downloads/android/ffmpeg-android/toolchain-android/bin/arm-linux-androideabi-ar'
AS='/home/will/Downloads/android/ffmpeg-android/toolchain-android/bin/arm-linux-androideabi-as'
AWK='mawk'
CC='/home/will/Downloads/android/ffmpeg-android/toolchain-android/bin/arm-linux-androideabi-gcc --sysroot=/home/will/Downloads/android/ffmpeg-android/toolchain-android/sysroot -std=gnu99'
CFLAGS='-g -O2 -Wall -Wmissing-prototypes -Wstrict-prototypes -fexceptions'
CPP='/home/will/Downloads/android/ffmpeg-android/toolchain-android/bin/arm-linux-androideabi-cpp'
CPPFLAGS=''
CXX='/home/will/Downloads/android/ffmpeg-android/toolchain-android/bin/arm-linux-androideabi-g++'
CXXCPP='/home/will/Downloads/android/ffmpeg-android/toolchain-android/bin/arm-linux-androideabi-g++ -E'
CXXFLAGS='-g -O2 -Wall -fexceptions'
DEFS='-DHAVE_CONFIG_H'
DLLTOOL='dlltool'
DSYMUTIL=''
DUMPBIN=''
ECHO_C=''
ECHO_N='-n'
ECHO_T=''
EGREP='/bin/grep -E'
EXEEXT=''
FGREP='/bin/grep -F'
FILEMAP='readfilemap'
GREP='/bin/grep'
INSTALL_DATA='${INSTALL} -m 644'
INSTALL_PROGRAM='${INSTALL}'
INSTALL_SCRIPT='${INSTALL}'
LD='/home/will/Downloads/android/ffmpeg-android/toolchain-android/bin/arm-linux-androideabi-ld'
LDFLAGS=''
LIBAGE='6'
LIBCURRENT='7'
LIBOBJS=''
LIBREVISION='0'
LIBS=''
LIBTOOL='$(SHELL) $(top_builddir)/libtool'
LIPO=''
LN_S='ln -s'
LTLIBOBJS=''
MANIFEST_TOOL=':'
NM='/home/will/Downloads/android/ffmpeg-android/toolchain-android/bin/arm-linux-androideabi-nm'
NMEDIT=''
OBJDUMP='/home/will/Downloads/android/ffmpeg-android/toolchain-android/bin/arm-linux-androideabi-objdump'
OBJEXT='o'
OTOOL64=''
OTOOL=''
PACKAGE_BUGREPORT='expat-bugs@libexpat.org'
PACKAGE_NAME='expat'
PACKAGE_STRING='expat 2.1.0'
PACKAGE_TARNAME='expat'
PACKAGE_URL=''
PACKAGE_VERSION='2.1.0'
PATH_SEPARATOR=':'
RANLIB='/home/will/Downloads/android/ffmpeg-android/toolchain-android/bin/arm-linux-androideabi-ranlib'
SED='/bin/sed'
SHELL='/bin/bash'
STRIP='/home/will/Downloads/android/ffmpeg-android/toolchain-android/bin/arm-linux-androideabi-strip'
ac_ct_AR=''
ac_ct_CC=''
ac_ct_CXX=''
ac_ct_DUMPBIN=''
bindir='${exec_prefix}/bin'
build='x86_64-unknown-linux-gnu'
build_alias=''
build_cpu='x86_64'
build_os='linux-gnu'
build_vendor='unknown'
datadir='${datarootdir}'
datarootdir='${prefix}/share'
docdir='${datarootdir}/doc/${PACKAGE_TARNAME}'
dvidir='${docdir}'
exec_prefix='${prefix}'
host='arm-unknown-linux-androideabi'
host_alias='arm-linux-androideabi'
host_cpu='arm'
host_os='linux-androideabi'
host_vendor='unknown'
htmldir='${docdir}'
includedir='${prefix}/include'
infodir='${datarootdir}/info'
libdir='${exec_prefix}/lib'
libexecdir='${exec_prefix}/libexec'
localedir='${datarootdir}/locale'
localstatedir='${prefix}/var'
mandir='${datarootdir}/man'
oldincludedir='/usr/include'
pdfdir='${docdir}'
prefix='/home/will/Downloads/android/ffmpeg-android/toolchain-android'
program_transform_name='s,x,x,'
psdir='${docdir}'
sbindir='${exec_prefix}/sbin'
sharedstatedir='${prefix}/com'
sysconfdir='${prefix}/etc'
target_alias=''

## ----------- ##
## confdefs.h. ##
## ----------- ##

/* confdefs.h */
#define PACKAGE_NAME "expat"
#define PACKAGE_TARNAME "expat"
#define PACKAGE_VERSION "2.1.0"
#define PACKAGE_STRING "expat 2.1.0"
#define PACKAGE_BUGREPORT "expat-bugs@libexpat.org"
#define PACKAGE_URL ""
#define STDC_HEADERS 1
#define HAVE_SYS_TYPES_H 1
#define HAVE_SYS_STAT_H 1
#define HAVE_STDLIB_H 1
#define HAVE_STRING_H 1
#define HAVE_MEMORY_H 1
#define HAVE_STRINGS_H 1
#define HAVE_INTTYPES_H 1
#define HAVE_STDINT_H 1
#define HAVE_UNISTD_H 1
#define HAVE_DLFCN_H 1
#define LT_OBJDIR ".libs/"
#define STDC_HEADERS 1
#define BYTEORDER 1234
#define HAVE_MEMMOVE 1
#define HAVE_BCOPY 1
#define HAVE_FCNTL_H 1
#define HAVE_UNISTD_H 1
#define HAVE_STDLIB_H 1
#define HAVE_UNISTD_H 1
#define HAVE_SYS_PARAM_H 1
#define HAVE_GETPAGESIZE 1
#define XML_NS 1
#define XML_DTD 1
#define XML_CONTEXT_BYTES 1024

configure: exit 0
