This file contains any messages produced by compilers while
running configure, to aid debugging if configure makes a mistake.

It was created by libass configure 0.11.2, which was
generated by GNU Autoconf 2.69.  Invocation command line was

  $ ./configure --disable-dependency-tracking --with-pic --host=arm-linux-androideabi --disable-enca --disable-asm --enable-fontconfig --disable-harfbuzz --enable-static --disable-shared --prefix=/home/will/Downloads/android/ffmpeg-android/toolchain-android

## --------- ##
## Platform. ##
## --------- ##

hostname = will-acer-server
uname -m = x86_64
uname -r = 3.16.0-45-generic
uname -s = Linux
uname -v = #60~14.04.1-Ubuntu SMP Fri Jul 24 21:16:23 UTC 2015

/usr/bin/uname -p = unknown
/bin/uname -X     = unknown

/bin/arch              = unknown
/usr/bin/arch -k       = unknown
/usr/convex/getsysinfo = unknown
/usr/bin/hostinfo      = unknown
/bin/machine           = unknown
/usr/bin/oslevel       = unknown
/bin/universe          = unknown

PATH: /usr/local/cuda/bin
PATH: /usr/local/sbin
PATH: /usr/local/bin
PATH: /usr/sbin
PATH: /usr/bin
PATH: /sbin
PATH: /bin
PATH: /usr/games
PATH: /usr/local/games


## ----------- ##
## Core tests. ##
## ----------- ##

configure:2524: checking for a BSD-compatible install
configure:2592: result: /usr/bin/install -c
configure:2603: checking whether build environment is sane
configure:2658: result: yes
configure:2717: checking for arm-linux-androideabi-strip
configure:2744: result: /home/will/Downloads/android/ffmpeg-android/toolchain-android/bin/arm-linux-androideabi-strip
configure:2809: checking for a thread-safe mkdir -p
configure:2848: result: /bin/mkdir -p
configure:2855: checking for gawk
configure:2885: result: no
configure:2855: checking for mawk
configure:2871: found /usr/bin/mawk
configure:2882: result: mawk
configure:2893: checking whether make sets $(MAKE)
configure:2915: result: yes
configure:2944: checking whether make supports nested variables
configure:2961: result: yes
configure:3119: checking build system type
configure:3133: result: x86_64-unknown-linux-gnu
configure:3153: checking host system type
configure:3166: result: arm-unknown-linux-androideabi
configure:3207: checking how to print strings
configure:3234: result: printf
configure:3267: checking for style of include used by make
configure:3295: result: GNU
configure:3326: checking for arm-linux-androideabi-gcc
configure:3353: result: /home/will/Downloads/android/ffmpeg-android/toolchain-android/bin/arm-linux-androideabi-gcc --sysroot=/home/will/Downloads/android/ffmpeg-android/toolchain-android/sysroot
configure:3622: checking for C compiler version
configure:3631: /home/will/Downloads/android/ffmpeg-android/toolchain-android/bin/arm-linux-androideabi-gcc --sysroot=/home/will/Downloads/android/ffmpeg-android/toolchain-android/sysroot --version >&5
arm-linux-androideabi-gcc (GCC) 4.9 20140827 (prerelease)
Copyright (C) 2014 Free Software Foundation, Inc.
This is free software; see the source for copying conditions.  There is NO
warranty; not even for MERCHANTABILITY or FITNESS FOR A PARTICULAR PURPOSE.

configure:3642: $? = 0
configure:3631: /home/will/Downloads/android/ffmpeg-android/toolchain-android/bin/arm-linux-androideabi-gcc --sysroot=/home/will/Downloads/android/ffmpeg-android/toolchain-android/sysroot -v >&5
Using built-in specs.
COLLECT_GCC=/home/will/Downloads/android/ffmpeg-android/toolchain-android/bin/arm-linux-androideabi-gcc
COLLECT_LTO_WRAPPER=/home/will/Downloads/android/ffmpeg-android/toolchain-android/bin/../libexec/gcc/arm-linux-androideabi/4.9/lto-wrapper
Target: arm-linux-androideabi
Configured with: /s/ndk-toolchain/src/build/../gcc/gcc-4.9/configure --prefix=/tmp/ndk-andrewhsieh/build/toolchain/prefix --target=arm-linux-androideabi --host=x86_64-linux-gnu --build=x86_64-linux-gnu --with-gnu-as --with-gnu-ld --enable-languages=c,c++ --with-gmp=/tmp/ndk-andrewhsieh/build/toolchain/temp-install --with-mpfr=/tmp/ndk-andrewhsieh/build/toolchain/temp-install --with-mpc=/tmp/ndk-andrewhsieh/build/toolchain/temp-install --with-cloog=/tmp/ndk-andrewhsieh/build/toolchain/temp-install --with-isl=/tmp/ndk-andrewhsieh/build/toolchain/temp-install --with-ppl=/tmp/ndk-andrewhsieh/build/toolchain/temp-install --disable-ppl-version-check --disable-cloog-version-check --disable-isl-version-check --enable-cloog-backend=isl --with-host-libstdcxx='-static-libgcc -Wl,-Bstatic,-lstdc++,-Bdynamic -lm' --disable-libssp --enable-threads --disable-nls --disable-libmudflap --disable-libgomp --disable-libstdc__-v3 --disable-sjlj-exceptions --disable-shared --disable-tls --disable-libitm --with-float=soft --with-fpu=vfp --with-arch=armv5te --enable-target-optspace --enable-initfini-array --disable-nls --prefix=/tmp/ndk-andrewhsieh/build/toolchain/prefix --with-sysroot=/tmp/ndk-andrewhsieh/build/toolchain/prefix/sysroot --with-binutils-version=2.25 --with-mpfr-version=3.1.1 --with-mpc-version=1.0.1 --with-gmp-version=5.0.5 --with-gcc-version=4.9 --with-gdb-version=7.7 --with-python=/usr/local/google/home/andrewhsieh/mydroid/ndk/prebuilt/linux-x86_64/bin/python-config.sh --with-gxx-include-dir=/tmp/ndk-andrewhsieh/build/toolchain/prefix/include/c++/4.9 --with-bugurl=http://source.android.com/source/report-bugs.html --enable-languages=c,c++ --disable-bootstrap --enable-plugins --enable-libgomp --enable-gnu-indirect-function --disable-libsanitizer --enable-gold --enable-threads --enable-graphite=yes --with-cloog-version=0.18.0 --with-isl-version=0.11.1 --enable-eh-frame-hdr-for-static --with-arch=armv5te --program-transform-name='s&^&arm-linux-androideabi-&' --enable-gold=default
Thread model: posix
gcc version 4.9 20140827 (prerelease) (GCC) 
configure:3642: $? = 0
configure:3631: /home/will/Downloads/android/ffmpeg-android/toolchain-android/bin/arm-linux-androideabi-gcc --sysroot=/home/will/Downloads/android/ffmpeg-android/toolchain-android/sysroot -V >&5
arm-linux-androideabi-gcc: error: unrecognized command line option '-V'
arm-linux-androideabi-gcc: fatal error: no input files
compilation terminated.
configure:3642: $? = 1
configure:3631: /home/will/Downloads/android/ffmpeg-android/toolchain-android/bin/arm-linux-androideabi-gcc --sysroot=/home/will/Downloads/android/ffmpeg-android/toolchain-android/sysroot -qversion >&5
arm-linux-androideabi-gcc: error: unrecognized command line option '-qversion'
arm-linux-androideabi-gcc: fatal error: no input files
compilation terminated.
configure:3642: $? = 1
configure:3662: checking whether the C compiler works
configure:3684: /home/will/Downloads/android/ffmpeg-android/toolchain-android/bin/arm-linux-androideabi-gcc --sysroot=/home/will/Downloads/android/ffmpeg-android/toolchain-android/sysroot    conftest.c  >&5
configure:3688: $? = 0
configure:3736: result: yes
configure:3739: checking for C compiler default output file name
configure:3741: result: a.out
configure:3747: checking for suffix of executables
configure:3754: /home/will/Downloads/android/ffmpeg-android/toolchain-android/bin/arm-linux-androideabi-gcc --sysroot=/home/will/Downloads/android/ffmpeg-android/toolchain-android/sysroot -o conftest    conftest.c  >&5
configure:3758: $? = 0
configure:3780: result: 
configure:3802: checking whether we are cross compiling
configure:3810: /home/will/Downloads/android/ffmpeg-android/toolchain-android/bin/arm-linux-androideabi-gcc --sysroot=/home/will/Downloads/android/ffmpeg-android/toolchain-android/sysroot -o conftest    conftest.c  >&5
configure:3814: $? = 0
configure:3821: ./conftest
./configure: line 3823: ./conftest: cannot execute binary file: Exec format error
configure:3825: $? = 126
configure:3840: result: yes
configure:3845: checking for suffix of object files
configure:3867: /home/will/Downloads/android/ffmpeg-android/toolchain-android/bin/arm-linux-androideabi-gcc --sysroot=/home/will/Downloads/android/ffmpeg-android/toolchain-android/sysroot -c   conftest.c >&5
configure:3871: $? = 0
configure:3892: result: o
configure:3896: checking whether we are using the GNU C compiler
configure:3915: /home/will/Downloads/android/ffmpeg-android/toolchain-android/bin/arm-linux-androideabi-gcc --sysroot=/home/will/Downloads/android/ffmpeg-android/toolchain-android/sysroot -c   conftest.c >&5
configure:3915: $? = 0
configure:3924: result: yes
configure:3933: checking whether /home/will/Downloads/android/ffmpeg-android/toolchain-android/bin/arm-linux-androideabi-gcc --sysroot=/home/will/Downloads/android/ffmpeg-android/toolchain-android/sysroot accepts -g
configure:3953: /home/will/Downloads/android/ffmpeg-android/toolchain-android/bin/arm-linux-androideabi-gcc --sysroot=/home/will/Downloads/android/ffmpeg-android/toolchain-android/sysroot -c -g  conftest.c >&5
configure:3953: $? = 0
configure:3994: result: yes
configure:4011: checking for /home/will/Downloads/android/ffmpeg-android/toolchain-android/bin/arm-linux-androideabi-gcc --sysroot=/home/will/Downloads/android/ffmpeg-android/toolchain-android/sysroot option to accept ISO C89
configure:4074: /home/will/Downloads/android/ffmpeg-android/toolchain-android/bin/arm-linux-androideabi-gcc --sysroot=/home/will/Downloads/android/ffmpeg-android/toolchain-android/sysroot  -c -g -O2  conftest.c >&5
configure:4074: $? = 0
configure:4087: result: none needed
configure:4112: checking whether /home/will/Downloads/android/ffmpeg-android/toolchain-android/bin/arm-linux-androideabi-gcc --sysroot=/home/will/Downloads/android/ffmpeg-android/toolchain-android/sysroot understands -c and -o together
configure:4134: /home/will/Downloads/android/ffmpeg-android/toolchain-android/bin/arm-linux-androideabi-gcc --sysroot=/home/will/Downloads/android/ffmpeg-android/toolchain-android/sysroot -c conftest.c -o conftest2.o
configure:4137: $? = 0
configure:4134: /home/will/Downloads/android/ffmpeg-android/toolchain-android/bin/arm-linux-androideabi-gcc --sysroot=/home/will/Downloads/android/ffmpeg-android/toolchain-android/sysroot -c conftest.c -o conftest2.o
configure:4137: $? = 0
configure:4149: result: yes
configure:4168: checking dependency style of /home/will/Downloads/android/ffmpeg-android/toolchain-android/bin/arm-linux-androideabi-gcc --sysroot=/home/will/Downloads/android/ffmpeg-android/toolchain-android/sysroot
configure:4279: result: none
configure:4294: checking for a sed that does not truncate output
configure:4358: result: /bin/sed
configure:4376: checking for grep that handles long lines and -e
configure:4434: result: /bin/grep
configure:4439: checking for egrep
configure:4501: result: /bin/grep -E
configure:4506: checking for fgrep
configure:4568: result: /bin/grep -F
configure:4603: checking for ld used by /home/will/Downloads/android/ffmpeg-android/toolchain-android/bin/arm-linux-androideabi-gcc --sysroot=/home/will/Downloads/android/ffmpeg-android/toolchain-android/sysroot
configure:4670: result: /home/will/Downloads/android/ffmpeg-android/toolchain-android/bin/arm-linux-androideabi-ld
configure:4677: checking if the linker (/home/will/Downloads/android/ffmpeg-android/toolchain-android/bin/arm-linux-androideabi-ld) is GNU ld
configure:4692: result: yes
configure:4704: checking for BSD- or MS-compatible name lister (nm)
configure:4753: result: /home/will/Downloads/android/ffmpeg-android/toolchain-android/bin/arm-linux-androideabi-nm
configure:4883: checking the name lister (/home/will/Downloads/android/ffmpeg-android/toolchain-android/bin/arm-linux-androideabi-nm) interface
configure:4890: /home/will/Downloads/android/ffmpeg-android/toolchain-android/bin/arm-linux-androideabi-gcc --sysroot=/home/will/Downloads/android/ffmpeg-android/toolchain-android/sysroot -c -g -O2  conftest.c >&5
configure:4893: /home/will/Downloads/android/ffmpeg-android/toolchain-android/bin/arm-linux-androideabi-nm "conftest.o"
configure:4896: output
00000000 B some_variable
configure:4903: result: BSD nm
configure:4906: checking whether ln -s works
configure:4910: result: yes
configure:4918: checking the maximum length of command line arguments
configure:5049: result: 1572864
configure:5066: checking whether the shell understands some XSI constructs
configure:5076: result: yes
configure:5080: checking whether the shell understands "+="
configure:5086: result: yes
configure:5121: checking how to convert x86_64-unknown-linux-gnu file names to arm-unknown-linux-androideabi format
configure:5161: result: func_convert_file_noop
configure:5168: checking how to convert x86_64-unknown-linux-gnu file names to toolchain format
configure:5188: result: func_convert_file_noop
configure:5195: checking for /home/will/Downloads/android/ffmpeg-android/toolchain-android/bin/arm-linux-androideabi-ld option to reload object files
configure:5202: result: -r
configure:5236: checking for arm-linux-androideabi-objdump
configure:5263: result: /home/will/Downloads/android/ffmpeg-android/toolchain-android/bin/arm-linux-androideabi-objdump
configure:5335: checking how to recognize dependent libraries
configure:5533: result: pass_all
configure:5578: checking for arm-linux-androideabi-dlltool
configure:5608: result: no
configure:5618: checking for dlltool
configure:5648: result: no
configure:5678: checking how to associate runtime and link libraries
configure:5705: result: printf %s\n
configure:5722: checking for arm-linux-androideabi-ar
configure:5749: result: /home/will/Downloads/android/ffmpeg-android/toolchain-android/bin/arm-linux-androideabi-ar
configure:5830: checking for archiver @FILE support
configure:5847: /home/will/Downloads/android/ffmpeg-android/toolchain-android/bin/arm-linux-androideabi-gcc --sysroot=/home/will/Downloads/android/ffmpeg-android/toolchain-android/sysroot -c -g -O2  conftest.c >&5
configure:5847: $? = 0
configure:5850: /home/will/Downloads/android/ffmpeg-android/toolchain-android/bin/arm-linux-androideabi-ar cru libconftest.a @conftest.lst >&5
configure:5853: $? = 0
configure:5858: /home/will/Downloads/android/ffmpeg-android/toolchain-android/bin/arm-linux-androideabi-ar cru libconftest.a @conftest.lst >&5
/home/will/Downloads/android/ffmpeg-android/toolchain-android/bin/arm-linux-androideabi-ar: conftest.o: No such file or directory
configure:5861: $? = 1
configure:5873: result: @
configure:5891: checking for arm-linux-androideabi-strip
configure:5918: result: /home/will/Downloads/android/ffmpeg-android/toolchain-android/bin/arm-linux-androideabi-strip
configure:5990: checking for arm-linux-androideabi-ranlib
configure:6017: result: /home/will/Downloads/android/ffmpeg-android/toolchain-android/bin/arm-linux-androideabi-ranlib
configure:6159: checking command to parse /home/will/Downloads/android/ffmpeg-android/toolchain-android/bin/arm-linux-androideabi-nm output from /home/will/Downloads/android/ffmpeg-android/toolchain-android/bin/arm-linux-androideabi-gcc --sysroot=/home/will/Downloads/android/ffmpeg-android/toolchain-android/sysroot object
configure:6279: /home/will/Downloads/android/ffmpeg-android/toolchain-android/bin/arm-linux-androideabi-gcc --sysroot=/home/will/Downloads/android/ffmpeg-android/toolchain-android/sysroot -c -g -O2  conftest.c >&5
configure:6282: $? = 0
configure:6286: /home/will/Downloads/android/ffmpeg-android/toolchain-android/bin/arm-linux-androideabi-nm conftest.o \| sed -n -e 's/^.*[ ]\([ABCDGIRSTW][ABCDGIRSTW]*\)[ ][ ]*\([_A-Za-z][_A-Za-z0-9]*\)$/\1 \2 \2/p' | sed '/ __gnu_lto/d' \> conftest.nm
configure:6289: $? = 0
configure:6355: /home/will/Downloads/android/ffmpeg-android/toolchain-android/bin/arm-linux-androideabi-gcc --sysroot=/home/will/Downloads/android/ffmpeg-android/toolchain-android/sysroot -o conftest -g -O2   conftest.c conftstm.o >&5
configure:6358: $? = 0
configure:6396: result: ok
configure:6433: checking for sysroot
configure:6463: result: no
configure:6692: checking for arm-linux-androideabi-mt
configure:6722: result: no
configure:6732: checking for mt
configure:6748: found /bin/mt
configure:6759: result: mt
configure:6771: WARNING: using cross tools not prefixed with host triplet
configure:6782: checking if mt is a manifest tool
configure:6788: mt '-?'
configure:6796: result: no
configure:7438: checking how to run the C preprocessor
configure:7508: result: /home/will/Downloads/android/ffmpeg-android/toolchain-android/bin/arm-linux-androideabi-cpp
configure:7528: /home/will/Downloads/android/ffmpeg-android/toolchain-android/bin/arm-linux-androideabi-cpp  conftest.c
configure:7528: $? = 0
configure:7542: /home/will/Downloads/android/ffmpeg-android/toolchain-android/bin/arm-linux-androideabi-cpp  conftest.c
conftest.c:11:28: fatal error: ac_nonexistent.h: No such file or directory
 #include <ac_nonexistent.h>
                            ^
compilation terminated.
configure:7542: $? = 1
configure: failed program was:
| /* confdefs.h */
| #define PACKAGE_NAME "libass"
| #define PACKAGE_TARNAME "libass"
| #define PACKAGE_VERSION "0.11.2"
| #define PACKAGE_STRING "libass 0.11.2"
| #define PACKAGE_BUGREPORT ""
| #define PACKAGE_URL ""
| #define PACKAGE "libass"
| #define VERSION "0.11.2"
| /* end confdefs.h.  */
| #include <ac_nonexistent.h>
configure:7571: checking for ANSI C header files
configure:7591: /home/will/Downloads/android/ffmpeg-android/toolchain-android/bin/arm-linux-androideabi-gcc --sysroot=/home/will/Downloads/android/ffmpeg-android/toolchain-android/sysroot -c -g -O2  conftest.c >&5
configure:7591: $? = 0
configure:7675: result: yes
configure:7688: checking for sys/types.h
configure:7688: /home/will/Downloads/android/ffmpeg-android/toolchain-android/bin/arm-linux-androideabi-gcc --sysroot=/home/will/Downloads/android/ffmpeg-android/toolchain-android/sysroot -c -g -O2  conftest.c >&5
configure:7688: $? = 0
configure:7688: result: yes
configure:7688: checking for sys/stat.h
configure:7688: /home/will/Downloads/android/ffmpeg-android/toolchain-android/bin/arm-linux-androideabi-gcc --sysroot=/home/will/Downloads/android/ffmpeg-android/toolchain-android/sysroot -c -g -O2  conftest.c >&5
configure:7688: $? = 0
configure:7688: result: yes
configure:7688: checking for stdlib.h
configure:7688: /home/will/Downloads/android/ffmpeg-android/toolchain-android/bin/arm-linux-androideabi-gcc --sysroot=/home/will/Downloads/android/ffmpeg-android/toolchain-android/sysroot -c -g -O2  conftest.c >&5
configure:7688: $? = 0
configure:7688: result: yes
configure:7688: checking for string.h
configure:7688: /home/will/Downloads/android/ffmpeg-android/toolchain-android/bin/arm-linux-androideabi-gcc --sysroot=/home/will/Downloads/android/ffmpeg-android/toolchain-android/sysroot -c -g -O2  conftest.c >&5
configure:7688: $? = 0
configure:7688: result: yes
configure:7688: checking for memory.h
configure:7688: /home/will/Downloads/android/ffmpeg-android/toolchain-android/bin/arm-linux-androideabi-gcc --sysroot=/home/will/Downloads/android/ffmpeg-android/toolchain-android/sysroot -c -g -O2  conftest.c >&5
configure:7688: $? = 0
configure:7688: result: yes
configure:7688: checking for strings.h
configure:7688: /home/will/Downloads/android/ffmpeg-android/toolchain-android/bin/arm-linux-androideabi-gcc --sysroot=/home/will/Downloads/android/ffmpeg-android/toolchain-android/sysroot -c -g -O2  conftest.c >&5
configure:7688: $? = 0
configure:7688: result: yes
configure:7688: checking for inttypes.h
configure:7688: /home/will/Downloads/android/ffmpeg-android/toolchain-android/bin/arm-linux-androideabi-gcc --sysroot=/home/will/Downloads/android/ffmpeg-android/toolchain-android/sysroot -c -g -O2  conftest.c >&5
configure:7688: $? = 0
configure:7688: result: yes
configure:7688: checking for stdint.h
configure:7688: /home/will/Downloads/android/ffmpeg-android/toolchain-android/bin/arm-linux-androideabi-gcc --sysroot=/home/will/Downloads/android/ffmpeg-android/toolchain-android/sysroot -c -g -O2  conftest.c >&5
configure:7688: $? = 0
configure:7688: result: yes
configure:7688: checking for unistd.h
configure:7688: /home/will/Downloads/android/ffmpeg-android/toolchain-android/bin/arm-linux-androideabi-gcc --sysroot=/home/will/Downloads/android/ffmpeg-android/toolchain-android/sysroot -c -g -O2  conftest.c >&5
configure:7688: $? = 0
configure:7688: result: yes
configure:7702: checking for dlfcn.h
configure:7702: /home/will/Downloads/android/ffmpeg-android/toolchain-android/bin/arm-linux-androideabi-gcc --sysroot=/home/will/Downloads/android/ffmpeg-android/toolchain-android/sysroot -c -g -O2  conftest.c >&5
configure:7702: $? = 0
configure:7702: result: yes
configure:7908: checking for objdir
configure:7923: result: .libs
configure:8194: checking if /home/will/Downloads/android/ffmpeg-android/toolchain-android/bin/arm-linux-androideabi-gcc --sysroot=/home/will/Downloads/android/ffmpeg-android/toolchain-android/sysroot supports -fno-rtti -fno-exceptions
configure:8212: /home/will/Downloads/android/ffmpeg-android/toolchain-android/bin/arm-linux-androideabi-gcc --sysroot=/home/will/Downloads/android/ffmpeg-android/toolchain-android/sysroot -c -g -O2  -fno-rtti -fno-exceptions conftest.c >&5
cc1: warning: command line option '-fno-rtti' is valid for C++/ObjC++ but not for C
configure:8216: $? = 0
configure:8229: result: no
configure:8556: checking for /home/will/Downloads/android/ffmpeg-android/toolchain-android/bin/arm-linux-androideabi-gcc --sysroot=/home/will/Downloads/android/ffmpeg-android/toolchain-android/sysroot option to produce PIC
configure:8563: result: -fPIC -DPIC
configure:8571: checking if /home/will/Downloads/android/ffmpeg-android/toolchain-android/bin/arm-linux-androideabi-gcc --sysroot=/home/will/Downloads/android/ffmpeg-android/toolchain-android/sysroot PIC flag -fPIC -DPIC works
configure:8589: /home/will/Downloads/android/ffmpeg-android/toolchain-android/bin/arm-linux-androideabi-gcc --sysroot=/home/will/Downloads/android/ffmpeg-android/toolchain-android/sysroot -c -g -O2  -fPIC -DPIC -DPIC conftest.c >&5
configure:8593: $? = 0
configure:8606: result: yes
configure:8635: checking if /home/will/Downloads/android/ffmpeg-android/toolchain-android/bin/arm-linux-androideabi-gcc --sysroot=/home/will/Downloads/android/ffmpeg-android/toolchain-android/sysroot static flag -static works
configure:8663: result: yes
configure:8678: checking if /home/will/Downloads/android/ffmpeg-android/toolchain-android/bin/arm-linux-androideabi-gcc --sysroot=/home/will/Downloads/android/ffmpeg-android/toolchain-android/sysroot supports -c -o file.o
configure:8699: /home/will/Downloads/android/ffmpeg-android/toolchain-android/bin/arm-linux-androideabi-gcc --sysroot=/home/will/Downloads/android/ffmpeg-android/toolchain-android/sysroot -c -g -O2  -o out/conftest2.o conftest.c >&5
configure:8703: $? = 0
configure:8725: result: yes
configure:8733: checking if /home/will/Downloads/android/ffmpeg-android/toolchain-android/bin/arm-linux-androideabi-gcc --sysroot=/home/will/Downloads/android/ffmpeg-android/toolchain-android/sysroot supports -c -o file.o
configure:8780: result: yes
configure:8813: checking whether the /home/will/Downloads/android/ffmpeg-android/toolchain-android/bin/arm-linux-androideabi-gcc --sysroot=/home/will/Downloads/android/ffmpeg-android/toolchain-android/sysroot linker (/home/will/Downloads/android/ffmpeg-android/toolchain-android/bin/arm-linux-androideabi-ld) supports shared libraries
configure:9970: result: yes
configure:10210: checking dynamic linker characteristics
configure:10710: /home/will/Downloads/android/ffmpeg-android/toolchain-android/bin/arm-linux-androideabi-gcc --sysroot=/home/will/Downloads/android/ffmpeg-android/toolchain-android/sysroot -o conftest -g -O2   -Wl,-rpath -Wl,/foo conftest.c  >&5
configure:10710: $? = 0
configure:10944: result: GNU/Linux ld.so
configure:11051: checking how to hardcode library paths into programs
configure:11076: result: immediate
configure:11616: checking whether stripping libraries is possible
configure:11621: result: yes
configure:11656: checking if libtool supports shared libraries
configure:11658: result: yes
configure:11661: checking whether to build shared libraries
configure:11682: result: no
configure:11685: checking whether to build static libraries
configure:11689: result: yes
configure:11739: checking for arm-linux-androideabi-gcc
configure:11766: result: /home/will/Downloads/android/ffmpeg-android/toolchain-android/bin/arm-linux-androideabi-gcc --sysroot=/home/will/Downloads/android/ffmpeg-android/toolchain-android/sysroot
configure:12035: checking for C compiler version
configure:12044: /home/will/Downloads/android/ffmpeg-android/toolchain-android/bin/arm-linux-androideabi-gcc --sysroot=/home/will/Downloads/android/ffmpeg-android/toolchain-android/sysroot --version >&5
arm-linux-androideabi-gcc (GCC) 4.9 20140827 (prerelease)
Copyright (C) 2014 Free Software Foundation, Inc.
This is free software; see the source for copying conditions.  There is NO
warranty; not even for MERCHANTABILITY or FITNESS FOR A PARTICULAR PURPOSE.

configure:12055: $? = 0
configure:12044: /home/will/Downloads/android/ffmpeg-android/toolchain-android/bin/arm-linux-androideabi-gcc --sysroot=/home/will/Downloads/android/ffmpeg-android/toolchain-android/sysroot -v >&5
Using built-in specs.
COLLECT_GCC=/home/will/Downloads/android/ffmpeg-android/toolchain-android/bin/arm-linux-androideabi-gcc
COLLECT_LTO_WRAPPER=/home/will/Downloads/android/ffmpeg-android/toolchain-android/bin/../libexec/gcc/arm-linux-androideabi/4.9/lto-wrapper
Target: arm-linux-androideabi
Configured with: /s/ndk-toolchain/src/build/../gcc/gcc-4.9/configure --prefix=/tmp/ndk-andrewhsieh/build/toolchain/prefix --target=arm-linux-androideabi --host=x86_64-linux-gnu --build=x86_64-linux-gnu --with-gnu-as --with-gnu-ld --enable-languages=c,c++ --with-gmp=/tmp/ndk-andrewhsieh/build/toolchain/temp-install --with-mpfr=/tmp/ndk-andrewhsieh/build/toolchain/temp-install --with-mpc=/tmp/ndk-andrewhsieh/build/toolchain/temp-install --with-cloog=/tmp/ndk-andrewhsieh/build/toolchain/temp-install --with-isl=/tmp/ndk-andrewhsieh/build/toolchain/temp-install --with-ppl=/tmp/ndk-andrewhsieh/build/toolchain/temp-install --disable-ppl-version-check --disable-cloog-version-check --disable-isl-version-check --enable-cloog-backend=isl --with-host-libstdcxx='-static-libgcc -Wl,-Bstatic,-lstdc++,-Bdynamic -lm' --disable-libssp --enable-threads --disable-nls --disable-libmudflap --disable-libgomp --disable-libstdc__-v3 --disable-sjlj-exceptions --disable-shared --disable-tls --disable-libitm --with-float=soft --with-fpu=vfp --with-arch=armv5te --enable-target-optspace --enable-initfini-array --disable-nls --prefix=/tmp/ndk-andrewhsieh/build/toolchain/prefix --with-sysroot=/tmp/ndk-andrewhsieh/build/toolchain/prefix/sysroot --with-binutils-version=2.25 --with-mpfr-version=3.1.1 --with-mpc-version=1.0.1 --with-gmp-version=5.0.5 --with-gcc-version=4.9 --with-gdb-version=7.7 --with-python=/usr/local/google/home/andrewhsieh/mydroid/ndk/prebuilt/linux-x86_64/bin/python-config.sh --with-gxx-include-dir=/tmp/ndk-andrewhsieh/build/toolchain/prefix/include/c++/4.9 --with-bugurl=http://source.android.com/source/report-bugs.html --enable-languages=c,c++ --disable-bootstrap --enable-plugins --enable-libgomp --enable-gnu-indirect-function --disable-libsanitizer --enable-gold --enable-threads --enable-graphite=yes --with-cloog-version=0.18.0 --with-isl-version=0.11.1 --enable-eh-frame-hdr-for-static --with-arch=armv5te --program-transform-name='s&^&arm-linux-androideabi-&' --enable-gold=default
Thread model: posix
gcc version 4.9 20140827 (prerelease) (GCC) 
configure:12055: $? = 0
configure:12044: /home/will/Downloads/android/ffmpeg-android/toolchain-android/bin/arm-linux-androideabi-gcc --sysroot=/home/will/Downloads/android/ffmpeg-android/toolchain-android/sysroot -V >&5
arm-linux-androideabi-gcc: error: unrecognized command line option '-V'
arm-linux-androideabi-gcc: fatal error: no input files
compilation terminated.
configure:12055: $? = 1
configure:12044: /home/will/Downloads/android/ffmpeg-android/toolchain-android/bin/arm-linux-androideabi-gcc --sysroot=/home/will/Downloads/android/ffmpeg-android/toolchain-android/sysroot -qversion >&5
arm-linux-androideabi-gcc: error: unrecognized command line option '-qversion'
arm-linux-androideabi-gcc: fatal error: no input files
compilation terminated.
configure:12055: $? = 1
configure:12059: checking whether we are using the GNU C compiler
configure:12087: result: yes
configure:12096: checking whether /home/will/Downloads/android/ffmpeg-android/toolchain-android/bin/arm-linux-androideabi-gcc --sysroot=/home/will/Downloads/android/ffmpeg-android/toolchain-android/sysroot accepts -g
configure:12157: result: yes
configure:12174: checking for /home/will/Downloads/android/ffmpeg-android/toolchain-android/bin/arm-linux-androideabi-gcc --sysroot=/home/will/Downloads/android/ffmpeg-android/toolchain-android/sysroot option to accept ISO C89
configure:12250: result: none needed
configure:12275: checking whether /home/will/Downloads/android/ffmpeg-android/toolchain-android/bin/arm-linux-androideabi-gcc --sysroot=/home/will/Downloads/android/ffmpeg-android/toolchain-android/sysroot understands -c and -o together
configure:12312: result: yes
configure:12331: checking dependency style of /home/will/Downloads/android/ffmpeg-android/toolchain-android/bin/arm-linux-androideabi-gcc --sysroot=/home/will/Downloads/android/ffmpeg-android/toolchain-android/sysroot
configure:12442: result: none
configure:12462: checking how to run the C preprocessor
configure:12532: result: /home/will/Downloads/android/ffmpeg-android/toolchain-android/bin/arm-linux-androideabi-cpp
configure:12552: /home/will/Downloads/android/ffmpeg-android/toolchain-android/bin/arm-linux-androideabi-cpp  conftest.c
configure:12552: $? = 0
configure:12566: /home/will/Downloads/android/ffmpeg-android/toolchain-android/bin/arm-linux-androideabi-cpp  conftest.c
conftest.c:23:28: fatal error: ac_nonexistent.h: No such file or directory
 #include <ac_nonexistent.h>
                            ^
compilation terminated.
configure:12566: $? = 1
configure: failed program was:
| /* confdefs.h */
| #define PACKAGE_NAME "libass"
| #define PACKAGE_TARNAME "libass"
| #define PACKAGE_VERSION "0.11.2"
| #define PACKAGE_STRING "libass 0.11.2"
| #define PACKAGE_BUGREPORT ""
| #define PACKAGE_URL ""
| #define PACKAGE "libass"
| #define VERSION "0.11.2"
| #define STDC_HEADERS 1
| #define HAVE_SYS_TYPES_H 1
| #define HAVE_SYS_STAT_H 1
| #define HAVE_STDLIB_H 1
| #define HAVE_STRING_H 1
| #define HAVE_MEMORY_H 1
| #define HAVE_STRINGS_H 1
| #define HAVE_INTTYPES_H 1
| #define HAVE_STDINT_H 1
| #define HAVE_UNISTD_H 1
| #define HAVE_DLFCN_H 1
| #define LT_OBJDIR ".libs/"
| /* end confdefs.h.  */
| #include <ac_nonexistent.h>
configure:12604: checking dependency style of /home/will/Downloads/android/ffmpeg-android/toolchain-android/bin/arm-linux-androideabi-gcc --sysroot=/home/will/Downloads/android/ffmpeg-android/toolchain-android/sysroot
configure:12713: result: none
configure:12730: checking for ANSI C header files
configure:12834: result: yes
configure:12842: checking for stdbool.h that conforms to C99
configure:12909: /home/will/Downloads/android/ffmpeg-android/toolchain-android/bin/arm-linux-androideabi-gcc --sysroot=/home/will/Downloads/android/ffmpeg-android/toolchain-android/sysroot -c -g -O2  conftest.c >&5
configure:12909: $? = 0
configure:12916: result: yes
configure:12918: checking for _Bool
configure:12918: /home/will/Downloads/android/ffmpeg-android/toolchain-android/bin/arm-linux-androideabi-gcc --sysroot=/home/will/Downloads/android/ffmpeg-android/toolchain-android/sysroot -c -g -O2  conftest.c >&5
configure:12918: $? = 0
configure:12918: /home/will/Downloads/android/ffmpeg-android/toolchain-android/bin/arm-linux-androideabi-gcc --sysroot=/home/will/Downloads/android/ffmpeg-android/toolchain-android/sysroot -c -g -O2  conftest.c >&5
conftest.c: In function 'main':
conftest.c:60:20: error: expected expression before ')' token
 if (sizeof ((_Bool)))
                    ^
configure:12918: $? = 1
configure: failed program was:
| /* confdefs.h */
| #define PACKAGE_NAME "libass"
| #define PACKAGE_TARNAME "libass"
| #define PACKAGE_VERSION "0.11.2"
| #define PACKAGE_STRING "libass 0.11.2"
| #define PACKAGE_BUGREPORT ""
| #define PACKAGE_URL ""
| #define PACKAGE "libass"
| #define VERSION "0.11.2"
| #define STDC_HEADERS 1
| #define HAVE_SYS_TYPES_H 1
| #define HAVE_SYS_STAT_H 1
| #define HAVE_STDLIB_H 1
| #define HAVE_STRING_H 1
| #define HAVE_MEMORY_H 1
| #define HAVE_STRINGS_H 1
| #define HAVE_INTTYPES_H 1
| #define HAVE_STDINT_H 1
| #define HAVE_UNISTD_H 1
| #define HAVE_DLFCN_H 1
| #define LT_OBJDIR ".libs/"
| #define STDC_HEADERS 1
| /* end confdefs.h.  */
| #include <stdio.h>
| #ifdef HAVE_SYS_TYPES_H
| # include <sys/types.h>
| #endif
| #ifdef HAVE_SYS_STAT_H
| # include <sys/stat.h>
| #endif
| #ifdef STDC_HEADERS
| # include <stdlib.h>
| # include <stddef.h>
| #else
| # ifdef HAVE_STDLIB_H
| #  include <stdlib.h>
| # endif
| #endif
| #ifdef HAVE_STRING_H
| # if !defined STDC_HEADERS && defined HAVE_MEMORY_H
| #  include <memory.h>
| # endif
| # include <string.h>
| #endif
| #ifdef HAVE_STRINGS_H
| # include <strings.h>
| #endif
| #ifdef HAVE_INTTYPES_H
| # include <inttypes.h>
| #endif
| #ifdef HAVE_STDINT_H
| # include <stdint.h>
| #endif
| #ifdef HAVE_UNISTD_H
| # include <unistd.h>
| #endif
| int
| main ()
| {
| if (sizeof ((_Bool)))
| 	    return 0;
|   ;
|   return 0;
| }
configure:12918: result: yes
configure:12938: checking for inttypes.h
configure:12938: result: yes
configure:12938: checking for stdint.h
configure:12938: result: yes
configure:12938: checking for stdlib.h
configure:12938: result: yes
configure:12938: checking for string.h
configure:12938: result: yes
configure:12938: checking sys/time.h usability
configure:12938: /home/will/Downloads/android/ffmpeg-android/toolchain-android/bin/arm-linux-androideabi-gcc --sysroot=/home/will/Downloads/android/ffmpeg-android/toolchain-android/sysroot -c -g -O2  conftest.c >&5
configure:12938: $? = 0
configure:12938: result: yes
configure:12938: checking sys/time.h presence
configure:12938: /home/will/Downloads/android/ffmpeg-android/toolchain-android/bin/arm-linux-androideabi-cpp  conftest.c
configure:12938: $? = 0
configure:12938: result: yes
configure:12938: checking for sys/time.h
configure:12938: result: yes
configure:12938: checking for unistd.h
configure:12938: result: yes
configure:12938: checking iconv.h usability
configure:12938: /home/will/Downloads/android/ffmpeg-android/toolchain-android/bin/arm-linux-androideabi-gcc --sysroot=/home/will/Downloads/android/ffmpeg-android/toolchain-android/sysroot -c -g -O2  conftest.c >&5
conftest.c:65:19: fatal error: iconv.h: No such file or directory
 #include <iconv.h>
                   ^
compilation terminated.
configure:12938: $? = 1
configure: failed program was:
| /* confdefs.h */
| #define PACKAGE_NAME "libass"
| #define PACKAGE_TARNAME "libass"
| #define PACKAGE_VERSION "0.11.2"
| #define PACKAGE_STRING "libass 0.11.2"
| #define PACKAGE_BUGREPORT ""
| #define PACKAGE_URL ""
| #define PACKAGE "libass"
| #define VERSION "0.11.2"
| #define STDC_HEADERS 1
| #define HAVE_SYS_TYPES_H 1
| #define HAVE_SYS_STAT_H 1
| #define HAVE_STDLIB_H 1
| #define HAVE_STRING_H 1
| #define HAVE_MEMORY_H 1
| #define HAVE_STRINGS_H 1
| #define HAVE_INTTYPES_H 1
| #define HAVE_STDINT_H 1
| #define HAVE_UNISTD_H 1
| #define HAVE_DLFCN_H 1
| #define LT_OBJDIR ".libs/"
| #define STDC_HEADERS 1
| #define HAVE__BOOL 1
| #define HAVE_STDBOOL_H 1
| #define HAVE_INTTYPES_H 1
| #define HAVE_STDINT_H 1
| #define HAVE_STDLIB_H 1
| #define HAVE_STRING_H 1
| #define HAVE_SYS_TIME_H 1
| #define HAVE_UNISTD_H 1
| /* end confdefs.h.  */
| #include <stdio.h>
| #ifdef HAVE_SYS_TYPES_H
| # include <sys/types.h>
| #endif
| #ifdef HAVE_SYS_STAT_H
| # include <sys/stat.h>
| #endif
| #ifdef STDC_HEADERS
| # include <stdlib.h>
| # include <stddef.h>
| #else
| # ifdef HAVE_STDLIB_H
| #  include <stdlib.h>
| # endif
| #endif
| #ifdef HAVE_STRING_H
| # if !defined STDC_HEADERS && defined HAVE_MEMORY_H
| #  include <memory.h>
| # endif
| # include <string.h>
| #endif
| #ifdef HAVE_STRINGS_H
| # include <strings.h>
| #endif
| #ifdef HAVE_INTTYPES_H
| # include <inttypes.h>
| #endif
| #ifdef HAVE_STDINT_H
| # include <stdint.h>
| #endif
| #ifdef HAVE_UNISTD_H
| # include <unistd.h>
| #endif
| #include <iconv.h>
configure:12938: result: no
configure:12938: checking iconv.h presence
configure:12938: /home/will/Downloads/android/ffmpeg-android/toolchain-android/bin/arm-linux-androideabi-cpp  conftest.c
conftest.c:32:19: fatal error: iconv.h: No such file or directory
 #include <iconv.h>
                   ^
compilation terminated.
configure:12938: $? = 1
configure: failed program was:
| /* confdefs.h */
| #define PACKAGE_NAME "libass"
| #define PACKAGE_TARNAME "libass"
| #define PACKAGE_VERSION "0.11.2"
| #define PACKAGE_STRING "libass 0.11.2"
| #define PACKAGE_BUGREPORT ""
| #define PACKAGE_URL ""
| #define PACKAGE "libass"
| #define VERSION "0.11.2"
| #define STDC_HEADERS 1
| #define HAVE_SYS_TYPES_H 1
| #define HAVE_SYS_STAT_H 1
| #define HAVE_STDLIB_H 1
| #define HAVE_STRING_H 1
| #define HAVE_MEMORY_H 1
| #define HAVE_STRINGS_H 1
| #define HAVE_INTTYPES_H 1
| #define HAVE_STDINT_H 1
| #define HAVE_UNISTD_H 1
| #define HAVE_DLFCN_H 1
| #define LT_OBJDIR ".libs/"
| #define STDC_HEADERS 1
| #define HAVE__BOOL 1
| #define HAVE_STDBOOL_H 1
| #define HAVE_INTTYPES_H 1
| #define HAVE_STDINT_H 1
| #define HAVE_STDLIB_H 1
| #define HAVE_STRING_H 1
| #define HAVE_SYS_TIME_H 1
| #define HAVE_UNISTD_H 1
| /* end confdefs.h.  */
| #include <iconv.h>
configure:12938: result: no
configure:12938: checking for iconv.h
configure:12938: result: no
configure:12950: checking for an ANSI C-conforming const
configure:13016: /home/will/Downloads/android/ffmpeg-android/toolchain-android/bin/arm-linux-androideabi-gcc --sysroot=/home/will/Downloads/android/ffmpeg-android/toolchain-android/sysroot -c -g -O2  conftest.c >&5
configure:13016: $? = 0
configure:13023: result: yes
configure:13031: checking for inline
configure:13047: /home/will/Downloads/android/ffmpeg-android/toolchain-android/bin/arm-linux-androideabi-gcc --sysroot=/home/will/Downloads/android/ffmpeg-android/toolchain-android/sysroot -c -g -O2  conftest.c >&5
configure:13047: $? = 0
configure:13055: result: inline
configure:13073: checking for int64_t
configure:13073: /home/will/Downloads/android/ffmpeg-android/toolchain-android/bin/arm-linux-androideabi-gcc --sysroot=/home/will/Downloads/android/ffmpeg-android/toolchain-android/sysroot -c -g -O2  conftest.c >&5
configure:13073: $? = 0
configure:13073: /home/will/Downloads/android/ffmpeg-android/toolchain-android/bin/arm-linux-androideabi-gcc --sysroot=/home/will/Downloads/android/ffmpeg-android/toolchain-android/sysroot -c -g -O2  conftest.c >&5
conftest.c: In function 'main':
conftest.c:70:53: warning: integer overflow in expression [-Woverflow]
    < (int64_t) (((((int64_t) 1 << N) << N) - 1) * 2 + 2))];
                                                     ^
conftest.c:69:12: error: storage size of 'test_array' isn't constant
 static int test_array [1 - 2 * !((int64_t) (((((int64_t) 1 << N) << N) - 1) * 2 + 1)
            ^
configure:13073: $? = 1
configure: failed program was:
| /* confdefs.h */
| #define PACKAGE_NAME "libass"
| #define PACKAGE_TARNAME "libass"
| #define PACKAGE_VERSION "0.11.2"
| #define PACKAGE_STRING "libass 0.11.2"
| #define PACKAGE_BUGREPORT ""
| #define PACKAGE_URL ""
| #define PACKAGE "libass"
| #define VERSION "0.11.2"
| #define STDC_HEADERS 1
| #define HAVE_SYS_TYPES_H 1
| #define HAVE_SYS_STAT_H 1
| #define HAVE_STDLIB_H 1
| #define HAVE_STRING_H 1
| #define HAVE_MEMORY_H 1
| #define HAVE_STRINGS_H 1
| #define HAVE_INTTYPES_H 1
| #define HAVE_STDINT_H 1
| #define HAVE_UNISTD_H 1
| #define HAVE_DLFCN_H 1
| #define LT_OBJDIR ".libs/"
| #define STDC_HEADERS 1
| #define HAVE__BOOL 1
| #define HAVE_STDBOOL_H 1
| #define HAVE_INTTYPES_H 1
| #define HAVE_STDINT_H 1
| #define HAVE_STDLIB_H 1
| #define HAVE_STRING_H 1
| #define HAVE_SYS_TIME_H 1
| #define HAVE_UNISTD_H 1
| /* end confdefs.h.  */
| #include <stdio.h>
| #ifdef HAVE_SYS_TYPES_H
| # include <sys/types.h>
| #endif
| #ifdef HAVE_SYS_STAT_H
| # include <sys/stat.h>
| #endif
| #ifdef STDC_HEADERS
| # include <stdlib.h>
| # include <stddef.h>
| #else
| # ifdef HAVE_STDLIB_H
| #  include <stdlib.h>
| # endif
| #endif
| #ifdef HAVE_STRING_H
| # if !defined STDC_HEADERS && defined HAVE_MEMORY_H
| #  include <memory.h>
| # endif
| # include <string.h>
| #endif
| #ifdef HAVE_STRINGS_H
| # include <strings.h>
| #endif
| #ifdef HAVE_INTTYPES_H
| # include <inttypes.h>
| #endif
| #ifdef HAVE_STDINT_H
| # include <stdint.h>
| #endif
| #ifdef HAVE_UNISTD_H
| # include <unistd.h>
| #endif
| 	        enum { N = 64 / 2 - 1 };
| int
| main ()
| {
| static int test_array [1 - 2 * !((int64_t) (((((int64_t) 1 << N) << N) - 1) * 2 + 1)
| 		 < (int64_t) (((((int64_t) 1 << N) << N) - 1) * 2 + 2))];
| test_array [0] = 0;
| return test_array [0];
| 
|   ;
|   return 0;
| }
configure:13073: result: yes
configure:13084: checking for size_t
configure:13084: /home/will/Downloads/android/ffmpeg-android/toolchain-android/bin/arm-linux-androideabi-gcc --sysroot=/home/will/Downloads/android/ffmpeg-android/toolchain-android/sysroot -c -g -O2  conftest.c >&5
configure:13084: $? = 0
configure:13084: /home/will/Downloads/android/ffmpeg-android/toolchain-android/bin/arm-linux-androideabi-gcc --sysroot=/home/will/Downloads/android/ffmpeg-android/toolchain-android/sysroot -c -g -O2  conftest.c >&5
conftest.c: In function 'main':
conftest.c:68:21: error: expected expression before ')' token
 if (sizeof ((size_t)))
                     ^
configure:13084: $? = 1
configure: failed program was:
| /* confdefs.h */
| #define PACKAGE_NAME "libass"
| #define PACKAGE_TARNAME "libass"
| #define PACKAGE_VERSION "0.11.2"
| #define PACKAGE_STRING "libass 0.11.2"
| #define PACKAGE_BUGREPORT ""
| #define PACKAGE_URL ""
| #define PACKAGE "libass"
| #define VERSION "0.11.2"
| #define STDC_HEADERS 1
| #define HAVE_SYS_TYPES_H 1
| #define HAVE_SYS_STAT_H 1
| #define HAVE_STDLIB_H 1
| #define HAVE_STRING_H 1
| #define HAVE_MEMORY_H 1
| #define HAVE_STRINGS_H 1
| #define HAVE_INTTYPES_H 1
| #define HAVE_STDINT_H 1
| #define HAVE_UNISTD_H 1
| #define HAVE_DLFCN_H 1
| #define LT_OBJDIR ".libs/"
| #define STDC_HEADERS 1
| #define HAVE__BOOL 1
| #define HAVE_STDBOOL_H 1
| #define HAVE_INTTYPES_H 1
| #define HAVE_STDINT_H 1
| #define HAVE_STDLIB_H 1
| #define HAVE_STRING_H 1
| #define HAVE_SYS_TIME_H 1
| #define HAVE_UNISTD_H 1
| /* end confdefs.h.  */
| #include <stdio.h>
| #ifdef HAVE_SYS_TYPES_H
| # include <sys/types.h>
| #endif
| #ifdef HAVE_SYS_STAT_H
| # include <sys/stat.h>
| #endif
| #ifdef STDC_HEADERS
| # include <stdlib.h>
| # include <stddef.h>
| #else
| # ifdef HAVE_STDLIB_H
| #  include <stdlib.h>
| # endif
| #endif
| #ifdef HAVE_STRING_H
| # if !defined STDC_HEADERS && defined HAVE_MEMORY_H
| #  include <memory.h>
| # endif
| # include <string.h>
| #endif
| #ifdef HAVE_STRINGS_H
| # include <strings.h>
| #endif
| #ifdef HAVE_INTTYPES_H
| # include <inttypes.h>
| #endif
| #ifdef HAVE_STDINT_H
| # include <stdint.h>
| #endif
| #ifdef HAVE_UNISTD_H
| # include <unistd.h>
| #endif
| int
| main ()
| {
| if (sizeof ((size_t)))
| 	    return 0;
|   ;
|   return 0;
| }
configure:13084: result: yes
configure:13095: checking for uint32_t
configure:13095: /home/will/Downloads/android/ffmpeg-android/toolchain-android/bin/arm-linux-androideabi-gcc --sysroot=/home/will/Downloads/android/ffmpeg-android/toolchain-android/sysroot -c -g -O2  conftest.c >&5
configure:13095: $? = 0
configure:13095: result: yes
configure:13109: checking for uint8_t
configure:13109: /home/will/Downloads/android/ffmpeg-android/toolchain-android/bin/arm-linux-androideabi-gcc --sysroot=/home/will/Downloads/android/ffmpeg-android/toolchain-android/sysroot -c -g -O2  conftest.c >&5
configure:13109: $? = 0
configure:13109: result: yes
configure:13128: checking for mkdir
configure:13128: /home/will/Downloads/android/ffmpeg-android/toolchain-android/bin/arm-linux-androideabi-gcc --sysroot=/home/will/Downloads/android/ffmpeg-android/toolchain-android/sysroot -o conftest -g -O2   conftest.c  >&5
configure:13128: $? = 0
configure:13128: result: yes
configure:13128: checking for strcasecmp
configure:13128: /home/will/Downloads/android/ffmpeg-android/toolchain-android/bin/arm-linux-androideabi-gcc --sysroot=/home/will/Downloads/android/ffmpeg-android/toolchain-android/sysroot -o conftest -g -O2   conftest.c  >&5
conftest.c:56:6: warning: conflicting types for built-in function 'strcasecmp'
 char strcasecmp ();
      ^
configure:13128: $? = 0
configure:13128: result: yes
configure:13128: checking for strdup
configure:13128: /home/will/Downloads/android/ffmpeg-android/toolchain-android/bin/arm-linux-androideabi-gcc --sysroot=/home/will/Downloads/android/ffmpeg-android/toolchain-android/sysroot -o conftest -g -O2   conftest.c  >&5
conftest.c:57:6: warning: conflicting types for built-in function 'strdup'
 char strdup ();
      ^
configure:13128: $? = 0
configure:13128: result: yes
configure:13128: checking for strtol
configure:13128: /home/will/Downloads/android/ffmpeg-android/toolchain-android/bin/arm-linux-androideabi-gcc --sysroot=/home/will/Downloads/android/ffmpeg-android/toolchain-android/sysroot -o conftest -g -O2   conftest.c  >&5
configure:13128: $? = 0
configure:13128: result: yes
configure:13139: checking for library containing iconv_open
configure:13170: /home/will/Downloads/android/ffmpeg-android/toolchain-android/bin/arm-linux-androideabi-gcc --sysroot=/home/will/Downloads/android/ffmpeg-android/toolchain-android/sysroot -o conftest -g -O2   conftest.c  >&5
conftest.c:47: error: undefined reference to 'iconv_open'
collect2: error: ld returned 1 exit status
configure:13170: $? = 1
configure: failed program was:
| /* confdefs.h */
| #define PACKAGE_NAME "libass"
| #define PACKAGE_TARNAME "libass"
| #define PACKAGE_VERSION "0.11.2"
| #define PACKAGE_STRING "libass 0.11.2"
| #define PACKAGE_BUGREPORT ""
| #define PACKAGE_URL ""
| #define PACKAGE "libass"
| #define VERSION "0.11.2"
| #define STDC_HEADERS 1
| #define HAVE_SYS_TYPES_H 1
| #define HAVE_SYS_STAT_H 1
| #define HAVE_STDLIB_H 1
| #define HAVE_STRING_H 1
| #define HAVE_MEMORY_H 1
| #define HAVE_STRINGS_H 1
| #define HAVE_INTTYPES_H 1
| #define HAVE_STDINT_H 1
| #define HAVE_UNISTD_H 1
| #define HAVE_DLFCN_H 1
| #define LT_OBJDIR ".libs/"
| #define STDC_HEADERS 1
| #define HAVE__BOOL 1
| #define HAVE_STDBOOL_H 1
| #define HAVE_INTTYPES_H 1
| #define HAVE_STDINT_H 1
| #define HAVE_STDLIB_H 1
| #define HAVE_STRING_H 1
| #define HAVE_SYS_TIME_H 1
| #define HAVE_UNISTD_H 1
| #define HAVE_MKDIR 1
| #define HAVE_STRCASECMP 1
| #define HAVE_STRDUP 1
| #define HAVE_STRTOL 1
| /* end confdefs.h.  */
| 
| /* Override any GCC internal prototype to avoid an error.
|    Use char because int might match the return type of a GCC
|    builtin and then its argument prototype would still apply.  */
| #ifdef __cplusplus
| extern "C"
| #endif
| char iconv_open ();
| int
| main ()
| {
| return iconv_open ();
|   ;
|   return 0;
| }
configure:13170: /home/will/Downloads/android/ffmpeg-android/toolchain-android/bin/arm-linux-androideabi-gcc --sysroot=/home/will/Downloads/android/ffmpeg-android/toolchain-android/sysroot -o conftest -g -O2   conftest.c -liconv   >&5
/home/will/Downloads/android/ffmpeg-android/toolchain-android/bin/../lib/gcc/arm-linux-androideabi/4.9/../../../../arm-linux-androideabi/bin/ld: error: cannot find -liconv
conftest.c:47: error: undefined reference to 'iconv_open'
collect2: error: ld returned 1 exit status
configure:13170: $? = 1
configure: failed program was:
| /* confdefs.h */
| #define PACKAGE_NAME "libass"
| #define PACKAGE_TARNAME "libass"
| #define PACKAGE_VERSION "0.11.2"
| #define PACKAGE_STRING "libass 0.11.2"
| #define PACKAGE_BUGREPORT ""
| #define PACKAGE_URL ""
| #define PACKAGE "libass"
| #define VERSION "0.11.2"
| #define STDC_HEADERS 1
| #define HAVE_SYS_TYPES_H 1
| #define HAVE_SYS_STAT_H 1
| #define HAVE_STDLIB_H 1
| #define HAVE_STRING_H 1
| #define HAVE_MEMORY_H 1
| #define HAVE_STRINGS_H 1
| #define HAVE_INTTYPES_H 1
| #define HAVE_STDINT_H 1
| #define HAVE_UNISTD_H 1
| #define HAVE_DLFCN_H 1
| #define LT_OBJDIR ".libs/"
| #define STDC_HEADERS 1
| #define HAVE__BOOL 1
| #define HAVE_STDBOOL_H 1
| #define HAVE_INTTYPES_H 1
| #define HAVE_STDINT_H 1
| #define HAVE_STDLIB_H 1
| #define HAVE_STRING_H 1
| #define HAVE_SYS_TIME_H 1
| #define HAVE_UNISTD_H 1
| #define HAVE_MKDIR 1
| #define HAVE_STRCASECMP 1
| #define HAVE_STRDUP 1
| #define HAVE_STRTOL 1
| /* end confdefs.h.  */
| 
| /* Override any GCC internal prototype to avoid an error.
|    Use char because int might match the return type of a GCC
|    builtin and then its argument prototype would still apply.  */
| #ifdef __cplusplus
| extern "C"
| #endif
| char iconv_open ();
| int
| main ()
| {
| return iconv_open ();
|   ;
|   return 0;
| }
configure:13187: result: no
configure:13197: checking for fabs in -lm
configure:13222: /home/will/Downloads/android/ffmpeg-android/toolchain-android/bin/arm-linux-androideabi-gcc --sysroot=/home/will/Downloads/android/ffmpeg-android/toolchain-android/sysroot -o conftest -g -O2   conftest.c -lm   >&5
conftest.c:43:6: warning: conflicting types for built-in function 'fabs'
 char fabs ();
      ^
configure:13222: $? = 0
configure:13231: result: yes
configure:13455: checking for arm-linux-androideabi-pkg-config
configure:13488: result: no
configure:13498: checking for pkg-config
configure:13516: found /usr/bin/pkg-config
configure:13528: result: /usr/bin/pkg-config
configure:13553: checking pkg-config is at least version 0.9.0
configure:13556: result: yes
configure:13566: checking for FREETYPE
configure:13573: $PKG_CONFIG --exists --print-errors "freetype2 >= 9.10.3"
configure:13576: $? = 0
configure:13590: $PKG_CONFIG --exists --print-errors "freetype2 >= 9.10.3"
configure:13593: $? = 0
configure:13651: result: yes
configure:13664: checking for FRIBIDI
configure:13671: $PKG_CONFIG --exists --print-errors "fribidi >= 0.19.0"
configure:13674: $? = 0
configure:13688: $PKG_CONFIG --exists --print-errors "fribidi >= 0.19.0"
configure:13691: $? = 0
configure:13749: result: yes
configure:13763: checking for FONTCONFIG
configure:13770: $PKG_CONFIG --exists --print-errors "fontconfig >= 2.4.2"
configure:13773: $? = 0
configure:13787: $PKG_CONFIG --exists --print-errors "fontconfig >= 2.4.2"
configure:13790: $? = 0
configure:13848: result: yes
configure:14176: checking whether make supports nested variables
configure:14193: result: yes
configure:14316: checking that generated files are newer than configure
configure:14322: result: done
configure:14377: creating ./config.status

## ---------------------- ##
## Running config.status. ##
## ---------------------- ##

This file was extended by libass config.status 0.11.2, which was
generated by GNU Autoconf 2.69.  Invocation command line was

  CONFIG_FILES    = 
  CONFIG_HEADERS  = 
  CONFIG_LINKS    = 
  CONFIG_COMMANDS = 
  $ ./config.status 

on will-acer-server

config.status:1149: creating Makefile
config.status:1149: creating libass/Makefile
config.status:1149: creating test/Makefile
config.status:1149: creating profile/Makefile
config.status:1149: creating libass.pc
config.status:1149: creating config.h
config.status:1330: config.h is unchanged
config.status:1378: executing depfiles commands
config.status:1378: executing libtool commands

## ---------------- ##
## Cache variables. ##
## ---------------- ##

ac_cv_build=x86_64-unknown-linux-gnu
ac_cv_c_compiler_gnu=yes
ac_cv_c_const=yes
ac_cv_c_inline=inline
ac_cv_c_int64_t=yes
ac_cv_c_uint32_t=yes
ac_cv_c_uint8_t=yes
ac_cv_env_CCASFLAGS_set=
ac_cv_env_CCASFLAGS_value=
ac_cv_env_CCAS_set=
ac_cv_env_CCAS_value=
ac_cv_env_CC_set=set
ac_cv_env_CC_value='/home/will/Downloads/android/ffmpeg-android/toolchain-android/bin/arm-linux-androideabi-gcc --sysroot=/home/will/Downloads/android/ffmpeg-android/toolchain-android/sysroot'
ac_cv_env_CFLAGS_set=
ac_cv_env_CFLAGS_value=
ac_cv_env_CPPFLAGS_set=
ac_cv_env_CPPFLAGS_value=
ac_cv_env_CPP_set=set
ac_cv_env_CPP_value=/home/will/Downloads/android/ffmpeg-android/toolchain-android/bin/arm-linux-androideabi-cpp
ac_cv_env_ENCA_CFLAGS_set=
ac_cv_env_ENCA_CFLAGS_value=
ac_cv_env_ENCA_LIBS_set=
ac_cv_env_ENCA_LIBS_value=
ac_cv_env_FONTCONFIG_CFLAGS_set=
ac_cv_env_FONTCONFIG_CFLAGS_value=
ac_cv_env_FONTCONFIG_LIBS_set=
ac_cv_env_FONTCONFIG_LIBS_value=
ac_cv_env_FREETYPE_CFLAGS_set=
ac_cv_env_FREETYPE_CFLAGS_value=
ac_cv_env_FREETYPE_LIBS_set=
ac_cv_env_FREETYPE_LIBS_value=
ac_cv_env_FRIBIDI_CFLAGS_set=
ac_cv_env_FRIBIDI_CFLAGS_value=
ac_cv_env_FRIBIDI_LIBS_set=
ac_cv_env_FRIBIDI_LIBS_value=
ac_cv_env_HARFBUZZ_CFLAGS_set=
ac_cv_env_HARFBUZZ_CFLAGS_value=
ac_cv_env_HARFBUZZ_LIBS_set=
ac_cv_env_HARFBUZZ_LIBS_value=
ac_cv_env_LDFLAGS_set=
ac_cv_env_LDFLAGS_value=
ac_cv_env_LIBPNG_CFLAGS_set=
ac_cv_env_LIBPNG_CFLAGS_value=
ac_cv_env_LIBPNG_LIBS_set=
ac_cv_env_LIBPNG_LIBS_value=
ac_cv_env_LIBS_set=
ac_cv_env_LIBS_value=
ac_cv_env_PKG_CONFIG_LIBDIR_set=set
ac_cv_env_PKG_CONFIG_LIBDIR_value=/home/will/Downloads/android/ffmpeg-android/toolchain-android/lib/pkgconfig
ac_cv_env_PKG_CONFIG_PATH_set=
ac_cv_env_PKG_CONFIG_PATH_value=
ac_cv_env_PKG_CONFIG_set=
ac_cv_env_PKG_CONFIG_value=
ac_cv_env_build_alias_set=
ac_cv_env_build_alias_value=
ac_cv_env_host_alias_set=set
ac_cv_env_host_alias_value=arm-linux-androideabi
ac_cv_env_target_alias_set=
ac_cv_env_target_alias_value=
ac_cv_func_mkdir=yes
ac_cv_func_strcasecmp=yes
ac_cv_func_strdup=yes
ac_cv_func_strtol=yes
ac_cv_header_dlfcn_h=yes
ac_cv_header_iconv_h=no
ac_cv_header_inttypes_h=yes
ac_cv_header_memory_h=yes
ac_cv_header_stdbool_h=yes
ac_cv_header_stdc=yes
ac_cv_header_stdint_h=yes
ac_cv_header_stdlib_h=yes
ac_cv_header_string_h=yes
ac_cv_header_strings_h=yes
ac_cv_header_sys_stat_h=yes
ac_cv_header_sys_time_h=yes
ac_cv_header_sys_types_h=yes
ac_cv_header_unistd_h=yes
ac_cv_host=arm-unknown-linux-androideabi
ac_cv_lib_m_fabs=yes
ac_cv_objext=o
ac_cv_path_EGREP='/bin/grep -E'
ac_cv_path_FGREP='/bin/grep -F'
ac_cv_path_GREP=/bin/grep
ac_cv_path_SED=/bin/sed
ac_cv_path_ac_pt_PKG_CONFIG=/usr/bin/pkg-config
ac_cv_path_install='/usr/bin/install -c'
ac_cv_path_mkdir=/bin/mkdir
ac_cv_prog_AR=/home/will/Downloads/android/ffmpeg-android/toolchain-android/bin/arm-linux-androideabi-ar
ac_cv_prog_AWK=mawk
ac_cv_prog_CC='/home/will/Downloads/android/ffmpeg-android/toolchain-android/bin/arm-linux-androideabi-gcc --sysroot=/home/will/Downloads/android/ffmpeg-android/toolchain-android/sysroot'
ac_cv_prog_CPP=/home/will/Downloads/android/ffmpeg-android/toolchain-android/bin/arm-linux-androideabi-cpp
ac_cv_prog_OBJDUMP=/home/will/Downloads/android/ffmpeg-android/toolchain-android/bin/arm-linux-androideabi-objdump
ac_cv_prog_RANLIB=/home/will/Downloads/android/ffmpeg-android/toolchain-android/bin/arm-linux-androideabi-ranlib
ac_cv_prog_STRIP=/home/will/Downloads/android/ffmpeg-android/toolchain-android/bin/arm-linux-androideabi-strip
ac_cv_prog_ac_ct_MANIFEST_TOOL=mt
ac_cv_prog_cc_c89=
ac_cv_prog_cc_g=yes
ac_cv_prog_make_make_set=yes
ac_cv_search_iconv_open=no
ac_cv_type__Bool=yes
ac_cv_type_size_t=yes
am_cv_CCAS_dependencies_compiler_type=none
am_cv_CC_dependencies_compiler_type=none
am_cv_make_support_nested_variables=yes
am_cv_prog_cc_c_o=yes
lt_cv_ar_at_file=@
lt_cv_deplibs_check_method=pass_all
lt_cv_file_magic_cmd='$MAGIC_CMD'
lt_cv_file_magic_test_file=
lt_cv_ld_reload_flag=-r
lt_cv_nm_interface='BSD nm'
lt_cv_objdir=.libs
lt_cv_path_LD=/home/will/Downloads/android/ffmpeg-android/toolchain-android/bin/arm-linux-androideabi-ld
lt_cv_path_NM=/home/will/Downloads/android/ffmpeg-android/toolchain-android/bin/arm-linux-androideabi-nm
lt_cv_path_mainfest_tool=no
lt_cv_prog_compiler_c_o=yes
lt_cv_prog_compiler_pic='-fPIC -DPIC'
lt_cv_prog_compiler_pic_works=yes
lt_cv_prog_compiler_rtti_exceptions=no
lt_cv_prog_compiler_static_works=yes
lt_cv_prog_gnu_ld=yes
lt_cv_sharedlib_from_linklib_cmd='printf %s\n'
lt_cv_shlibpath_overrides_runpath=yes
lt_cv_sys_global_symbol_pipe='sed -n -e '\''s/^.*[	 ]\([ABCDGIRSTW][ABCDGIRSTW]*\)[	 ][	 ]*\([_A-Za-z][_A-Za-z0-9]*\)$/\1 \2 \2/p'\'' | sed '\''/ __gnu_lto/d'\'''
lt_cv_sys_global_symbol_to_c_name_address='sed -n -e '\''s/^: \([^ ]*\)[ ]*$/  {\"\1\", (void *) 0},/p'\'' -e '\''s/^[ABCDGIRSTW]* \([^ ]*\) \([^ ]*\)$/  {"\2", (void *) \&\2},/p'\'''
lt_cv_sys_global_symbol_to_c_name_address_lib_prefix='sed -n -e '\''s/^: \([^ ]*\)[ ]*$/  {\"\1\", (void *) 0},/p'\'' -e '\''s/^[ABCDGIRSTW]* \([^ ]*\) \(lib[^ ]*\)$/  {"\2", (void *) \&\2},/p'\'' -e '\''s/^[ABCDGIRSTW]* \([^ ]*\) \([^ ]*\)$/  {"lib\2", (void *) \&\2},/p'\'''
lt_cv_sys_global_symbol_to_cdecl='sed -n -e '\''s/^T .* \(.*\)$/extern int \1();/p'\'' -e '\''s/^[ABCDGIRSTW]* .* \(.*\)$/extern char \1;/p'\'''
lt_cv_sys_max_cmd_len=1572864
lt_cv_to_host_file_cmd=func_convert_file_noop
lt_cv_to_tool_file_cmd=func_convert_file_noop
pkg_cv_FONTCONFIG_CFLAGS='-I/home/will/Downloads/android/ffmpeg-android/toolchain-android/include -I/home/will/Downloads/android/ffmpeg-android/toolchain-android/include/freetype2 -I/home/will/Downloads/android/ffmpeg-android/toolchain-android/include/libpng16  '
pkg_cv_FONTCONFIG_LIBS='-L/home/will/Downloads/android/ffmpeg-android/toolchain-android/lib -lfontconfig -lfreetype  '
pkg_cv_FREETYPE_CFLAGS='-I/home/will/Downloads/android/ffmpeg-android/toolchain-android/include/freetype2 -I/home/will/Downloads/android/ffmpeg-android/toolchain-android/include/libpng16  '
pkg_cv_FREETYPE_LIBS='-L/home/will/Downloads/android/ffmpeg-android/toolchain-android/lib -lfreetype  '
pkg_cv_FRIBIDI_CFLAGS='-I/home/will/Downloads/android/ffmpeg-android/toolchain-android/include/fribidi  '
pkg_cv_FRIBIDI_LIBS='-L/home/will/Downloads/android/ffmpeg-android/toolchain-android/lib -lfribidi  '

## ----------------- ##
## Output variables. ##
## ----------------- ##

ACLOCAL='${SHELL} /home/will/Downloads/android/ffmpeg-android/libass/missing aclocal-1.14'
AMDEPBACKSLASH=''
AMDEP_FALSE=''
AMDEP_TRUE='#'
AMTAR='$${TAR-tar}'
AM_BACKSLASH='\'
AM_DEFAULT_V='$(AM_DEFAULT_VERBOSITY)'
AM_DEFAULT_VERBOSITY='0'
AM_V='$(V)'
AR='/home/will/Downloads/android/ffmpeg-android/toolchain-android/bin/arm-linux-androideabi-ar'
AS='/home/will/Downloads/android/ffmpeg-android/toolchain-android/bin/arm-linux-androideabi-as'
ASFLAGS=''
ASM_FALSE=''
ASM_TRUE='#'
AUTOCONF='${SHELL} /home/will/Downloads/android/ffmpeg-android/libass/missing autoconf'
AUTOHEADER='${SHELL} /home/will/Downloads/android/ffmpeg-android/libass/missing autoheader'
AUTOMAKE='${SHELL} /home/will/Downloads/android/ffmpeg-android/libass/missing automake-1.14'
AWK='mawk'
CC='/home/will/Downloads/android/ffmpeg-android/toolchain-android/bin/arm-linux-androideabi-gcc --sysroot=/home/will/Downloads/android/ffmpeg-android/toolchain-android/sysroot'
CCAS='/home/will/Downloads/android/ffmpeg-android/toolchain-android/bin/arm-linux-androideabi-gcc --sysroot=/home/will/Downloads/android/ffmpeg-android/toolchain-android/sysroot'
CCASDEPMODE='depmode=none'
CCASFLAGS='-g -O2'
CCDEPMODE='depmode=none'
CFLAGS='-g -O2 -I/home/will/Downloads/android/ffmpeg-android/toolchain-android/include/freetype2 -I/home/will/Downloads/android/ffmpeg-android/toolchain-android/include/libpng16   -I/home/will/Downloads/android/ffmpeg-android/toolchain-android/include/fribidi   -I/home/will/Downloads/android/ffmpeg-android/toolchain-android/include -I/home/will/Downloads/android/ffmpeg-android/toolchain-android/include/freetype2 -I/home/will/Downloads/android/ffmpeg-android/toolchain-android/include/libpng16  '
CPP='/home/will/Downloads/android/ffmpeg-android/toolchain-android/bin/arm-linux-androideabi-cpp'
CPPFLAGS=''
CYGPATH_W='echo'
DEFS='-DHAVE_CONFIG_H'
DEPDIR='.deps'
DLLTOOL='false'
DSYMUTIL=''
DUMPBIN=''
ECHO_C=''
ECHO_N='-n'
ECHO_T=''
EGREP='/bin/grep -E'
ENABLE_PROFILE_FALSE=''
ENABLE_PROFILE_TRUE='#'
ENCA_CFLAGS=''
ENCA_LIBS=''
EXEEXT=''
FGREP='/bin/grep -F'
FONTCONFIG_CFLAGS='-I/home/will/Downloads/android/ffmpeg-android/toolchain-android/include -I/home/will/Downloads/android/ffmpeg-android/toolchain-android/include/freetype2 -I/home/will/Downloads/android/ffmpeg-android/toolchain-android/include/libpng16  '
FONTCONFIG_LIBS='-L/home/will/Downloads/android/ffmpeg-android/toolchain-android/lib -lfontconfig -lfreetype  '
FREETYPE_CFLAGS='-I/home/will/Downloads/android/ffmpeg-android/toolchain-android/include/freetype2 -I/home/will/Downloads/android/ffmpeg-android/toolchain-android/include/libpng16  '
FREETYPE_LIBS='-L/home/will/Downloads/android/ffmpeg-android/toolchain-android/lib -lfreetype  '
FRIBIDI_CFLAGS='-I/home/will/Downloads/android/ffmpeg-android/toolchain-android/include/fribidi  '
FRIBIDI_LIBS='-L/home/will/Downloads/android/ffmpeg-android/toolchain-android/lib -lfribidi  '
GREP='/bin/grep'
HARFBUZZ_CFLAGS=''
HARFBUZZ_LIBS=''
HAVE_LIBPNG_FALSE=''
HAVE_LIBPNG_TRUE='#'
INSTALL_DATA='${INSTALL} -m 644'
INSTALL_PROGRAM='${INSTALL}'
INSTALL_SCRIPT='${INSTALL}'
INSTALL_STRIP_PROGRAM='$(install_sh) -c -s'
INTEL_FALSE=''
INTEL_TRUE='#'
LD='/home/will/Downloads/android/ffmpeg-android/toolchain-android/bin/arm-linux-androideabi-ld'
LDFLAGS=''
LIBOBJS=''
LIBPNG_CFLAGS=''
LIBPNG_LIBS=''
LIBS='-lm  -L/home/will/Downloads/android/ffmpeg-android/toolchain-android/lib -lfreetype   -L/home/will/Downloads/android/ffmpeg-android/toolchain-android/lib -lfribidi   -L/home/will/Downloads/android/ffmpeg-android/toolchain-android/lib -lfontconfig -lfreetype  '
LIBTOOL='$(SHELL) $(top_builddir)/libtool'
LIPO=''
LN_S='ln -s'
LTLIBOBJS=''
MAKEINFO='${SHELL} /home/will/Downloads/android/ffmpeg-android/libass/missing makeinfo'
MANIFEST_TOOL=':'
MKDIR_P='/bin/mkdir -p'
NM='/home/will/Downloads/android/ffmpeg-android/toolchain-android/bin/arm-linux-androideabi-nm'
NMEDIT=''
OBJDUMP='/home/will/Downloads/android/ffmpeg-android/toolchain-android/bin/arm-linux-androideabi-objdump'
OBJEXT='o'
OTOOL64=''
OTOOL=''
PACKAGE='libass'
PACKAGE_BUGREPORT=''
PACKAGE_NAME='libass'
PACKAGE_STRING='libass 0.11.2'
PACKAGE_TARNAME='libass'
PACKAGE_URL=''
PACKAGE_VERSION='0.11.2'
PATH_SEPARATOR=':'
PKG_CONFIG='/usr/bin/pkg-config'
PKG_CONFIG_LIBDIR='/home/will/Downloads/android/ffmpeg-android/toolchain-android/lib/pkgconfig'
PKG_CONFIG_PATH=''
PKG_LIBS_DEFAULT='-lm'
PKG_LIBS_PRIVATE=''
PKG_REQUIRES_DEFAULT='fontconfig >= 2.4.2, fribidi >= 0.19.0, freetype2 >= 9.10.3'
PKG_REQUIRES_PRIVATE=''
RANLIB='/home/will/Downloads/android/ffmpeg-android/toolchain-android/bin/arm-linux-androideabi-ranlib'
SED='/bin/sed'
SET_MAKE=''
SHELL='/bin/bash'
STRIP='/home/will/Downloads/android/ffmpeg-android/toolchain-android/bin/arm-linux-androideabi-strip'
VERSION='0.11.2'
X64_FALSE=''
X64_TRUE='#'
X86_FALSE=''
X86_TRUE='#'
ac_ct_AR=''
ac_ct_CC=''
ac_ct_DUMPBIN=''
am__EXEEXT_FALSE=''
am__EXEEXT_TRUE='#'
am__fastdepCCAS_FALSE=''
am__fastdepCCAS_TRUE='#'
am__fastdepCC_FALSE=''
am__fastdepCC_TRUE='#'
am__include='include'
am__isrc=''
am__leading_dot='.'
am__nodep=''
am__quote=''
am__tar='$${TAR-tar} chof - "$$tardir"'
am__untar='$${TAR-tar} xf -'
bindir='${exec_prefix}/bin'
build='x86_64-unknown-linux-gnu'
build_alias=''
build_cpu='x86_64'
build_os='linux-gnu'
build_vendor='unknown'
datadir='${datarootdir}'
datarootdir='${prefix}/share'
docdir='${datarootdir}/doc/${PACKAGE_TARNAME}'
dvidir='${docdir}'
exec_prefix='${prefix}'
host='arm-unknown-linux-androideabi'
host_alias='arm-linux-androideabi'
host_cpu='arm'
host_os='linux-androideabi'
host_vendor='unknown'
htmldir='${docdir}'
includedir='${prefix}/include'
infodir='${datarootdir}/info'
install_sh='${SHELL} /home/will/Downloads/android/ffmpeg-android/libass/install-sh'
libdir='${exec_prefix}/lib'
libexecdir='${exec_prefix}/libexec'
localedir='${datarootdir}/locale'
localstatedir='${prefix}/var'
mandir='${datarootdir}/man'
mkdir_p='$(MKDIR_P)'
oldincludedir='/usr/include'
pdfdir='${docdir}'
prefix='/home/will/Downloads/android/ffmpeg-android/toolchain-android'
program_transform_name='s,x,x,'
psdir='${docdir}'
sbindir='${exec_prefix}/sbin'
sharedstatedir='${prefix}/com'
sysconfdir='${prefix}/etc'
target_alias=''
yasm_check=''

## ----------- ##
## confdefs.h. ##
## ----------- ##

/* confdefs.h */
#define PACKAGE_NAME "libass"
#define PACKAGE_TARNAME "libass"
#define PACKAGE_VERSION "0.11.2"
#define PACKAGE_STRING "libass 0.11.2"
#define PACKAGE_BUGREPORT ""
#define PACKAGE_URL ""
#define PACKAGE "libass"
#define VERSION "0.11.2"
#define STDC_HEADERS 1
#define HAVE_SYS_TYPES_H 1
#define HAVE_SYS_STAT_H 1
#define HAVE_STDLIB_H 1
#define HAVE_STRING_H 1
#define HAVE_MEMORY_H 1
#define HAVE_STRINGS_H 1
#define HAVE_INTTYPES_H 1
#define HAVE_STDINT_H 1
#define HAVE_UNISTD_H 1
#define HAVE_DLFCN_H 1
#define LT_OBJDIR ".libs/"
#define STDC_HEADERS 1
#define HAVE__BOOL 1
#define HAVE_STDBOOL_H 1
#define HAVE_INTTYPES_H 1
#define HAVE_STDINT_H 1
#define HAVE_STDLIB_H 1
#define HAVE_STRING_H 1
#define HAVE_SYS_TIME_H 1
#define HAVE_UNISTD_H 1
#define HAVE_MKDIR 1
#define HAVE_STRCASECMP 1
#define HAVE_STRDUP 1
#define HAVE_STRTOL 1
#define HAVE_LIBM 1
#define CONFIG_ASM 0
#define CONFIG_FREETYPE 1
#define CONFIG_FRIBIDI 1
#define CONFIG_FONTCONFIG 1

configure: exit 0

## ---------------------- ##
## Running config.status. ##
## ---------------------- ##

This file was extended by libass config.status 0.11.2, which was
generated by GNU Autoconf 2.69.  Invocation command line was

  CONFIG_FILES    = 
  CONFIG_HEADERS  = 
  CONFIG_LINKS    = 
  CONFIG_COMMANDS = 
  $ ./config.status config.h

on will-acer-server

config.status:1149: creating config.h
config.status:1330: config.h is unchanged
