This file contains any messages produced by compilers while
running configure, to aid debugging if configure makes a mistake.

It was created by libpng configure 1.6.13, which was
generated by GNU Autoconf 2.69.  Invocation command line was

  $ ./configure --with-pic --with-sysroot=/home/will/Downloads/android/ffmpeg-android/toolchain-android/sysroot --host=x86 --enable-static --disable-shared --prefix=/home/will/Downloads/android/ffmpeg-android/toolchain-android --enable-arm-neon=no --disable-shared

## --------- ##
## Platform. ##
## --------- ##

hostname = will-acer-server
uname -m = x86_64
uname -r = 3.16.0-46-generic
uname -s = Linux
uname -v = #62~14.04.1-Ubuntu SMP Tue Aug 11 16:27:16 UTC 2015

/usr/bin/uname -p = unknown
/bin/uname -X     = unknown

/bin/arch              = unknown
/usr/bin/arch -k       = unknown
/usr/convex/getsysinfo = unknown
/usr/bin/hostinfo      = unknown
/bin/machine           = unknown
/usr/bin/oslevel       = unknown
/bin/universe          = unknown

PATH: /home/will/bin
PATH: /usr/local/sbin
PATH: /usr/local/bin
PATH: /usr/sbin
PATH: /usr/bin
PATH: /sbin
PATH: /bin
PATH: /usr/games
PATH: /usr/local/games


## ----------- ##
## Core tests. ##
## ----------- ##

configure:2319: checking for a BSD-compatible install
configure:2387: result: /usr/bin/install -c
configure:2398: checking whether build environment is sane
configure:2453: result: yes
configure:2512: checking for x86-strip
configure:2539: result: /home/will/Downloads/android/ffmpeg-android/toolchain-android/bin/i686-linux-android-strip
configure:2604: checking for a thread-safe mkdir -p
configure:2643: result: /bin/mkdir -p
configure:2650: checking for gawk
configure:2680: result: no
configure:2650: checking for mawk
configure:2666: found /usr/bin/mawk
configure:2677: result: mawk
configure:2688: checking whether make sets $(MAKE)
configure:2710: result: yes
configure:2739: checking whether make supports nested variables
configure:2756: result: yes
configure:2885: checking whether to enable maintainer-specific portions of Makefiles
configure:2894: result: no
configure:2934: checking for x86-gcc
configure:2961: result: /home/will/Downloads/android/ffmpeg-android/toolchain-android/bin/i686-linux-android-gcc --sysroot=/home/will/Downloads/android/ffmpeg-android/toolchain-android/sysroot
configure:3230: checking for C compiler version
configure:3239: /home/will/Downloads/android/ffmpeg-android/toolchain-android/bin/i686-linux-android-gcc --sysroot=/home/will/Downloads/android/ffmpeg-android/toolchain-android/sysroot --version >&5
i686-linux-android-gcc (GCC) 4.9 20140827 (prerelease)
Copyright (C) 2014 Free Software Foundation, Inc.
This is free software; see the source for copying conditions.  There is NO
warranty; not even for MERCHANTABILITY or FITNESS FOR A PARTICULAR PURPOSE.

configure:3250: $? = 0
configure:3239: /home/will/Downloads/android/ffmpeg-android/toolchain-android/bin/i686-linux-android-gcc --sysroot=/home/will/Downloads/android/ffmpeg-android/toolchain-android/sysroot -v >&5
Using built-in specs.
COLLECT_GCC=/home/will/Downloads/android/ffmpeg-android/toolchain-android/bin/i686-linux-android-gcc
COLLECT_LTO_WRAPPER=/home/will/Downloads/android/ffmpeg-android/toolchain-android/bin/../libexec/gcc/i686-linux-android/4.9/lto-wrapper
Target: i686-linux-android
Configured with: /s/ndk-toolchain/src/build/../gcc/gcc-4.9/configure --prefix=/tmp/ndk-andrewhsieh/build/toolchain/prefix --target=i686-linux-android --host=x86_64-linux-gnu --build=x86_64-linux-gnu --with-gnu-as --with-gnu-ld --enable-languages=c,c++ --with-gmp=/tmp/ndk-andrewhsieh/build/toolchain/temp-install --with-mpfr=/tmp/ndk-andrewhsieh/build/toolchain/temp-install --with-mpc=/tmp/ndk-andrewhsieh/build/toolchain/temp-install --with-cloog=/tmp/ndk-andrewhsieh/build/toolchain/temp-install --with-isl=/tmp/ndk-andrewhsieh/build/toolchain/temp-install --with-ppl=/tmp/ndk-andrewhsieh/build/toolchain/temp-install --disable-ppl-version-check --disable-cloog-version-check --disable-isl-version-check --enable-cloog-backend=isl --with-host-libstdcxx='-static-libgcc -Wl,-Bstatic,-lstdc++,-Bdynamic -lm' --disable-libssp --enable-threads --disable-nls --disable-libmudflap --disable-libgomp --disable-libstdc__-v3 --disable-sjlj-exceptions --disable-shared --disable-tls --disable-libitm --with-arch=i686 --with-tune=intel --with-fpmath=sse --enable-initfini-array --disable-nls --prefix=/tmp/ndk-andrewhsieh/build/toolchain/prefix --with-sysroot=/tmp/ndk-andrewhsieh/build/toolchain/prefix/sysroot --with-binutils-version=2.25 --with-mpfr-version=3.1.1 --with-mpc-version=1.0.1 --with-gmp-version=5.0.5 --with-gcc-version=4.9 --with-gdb-version=7.7 --with-python=/usr/local/google/home/andrewhsieh/mydroid/ndk/prebuilt/linux-x86_64/bin/python-config.sh --with-gxx-include-dir=/tmp/ndk-andrewhsieh/build/toolchain/prefix/include/c++/4.9 --with-bugurl=http://source.android.com/source/report-bugs.html --enable-languages=c,c++ --disable-bootstrap --enable-plugins --enable-libgomp --enable-gnu-indirect-function --disable-libcilkrts --disable-libsanitizer --enable-gold --enable-threads --enable-graphite=yes --with-cloog-version=0.18.0 --with-isl-version=0.11.1 --enable-eh-frame-hdr-for-static --program-transform-name='s&^&i686-linux-android-&' --enable-gold=default
Thread model: posix
gcc version 4.9 20140827 (prerelease) (GCC) 
configure:3250: $? = 0
configure:3239: /home/will/Downloads/android/ffmpeg-android/toolchain-android/bin/i686-linux-android-gcc --sysroot=/home/will/Downloads/android/ffmpeg-android/toolchain-android/sysroot -V >&5
i686-linux-android-gcc: error: unrecognized command line option '-V'
i686-linux-android-gcc: fatal error: no input files
compilation terminated.
configure:3250: $? = 1
configure:3239: /home/will/Downloads/android/ffmpeg-android/toolchain-android/bin/i686-linux-android-gcc --sysroot=/home/will/Downloads/android/ffmpeg-android/toolchain-android/sysroot -qversion >&5
i686-linux-android-gcc: error: unrecognized command line option '-qversion'
i686-linux-android-gcc: fatal error: no input files
compilation terminated.
configure:3250: $? = 1
configure:3270: checking whether the C compiler works
configure:3292: /home/will/Downloads/android/ffmpeg-android/toolchain-android/bin/i686-linux-android-gcc --sysroot=/home/will/Downloads/android/ffmpeg-android/toolchain-android/sysroot    conftest.c  >&5
configure:3296: $? = 0
configure:3344: result: yes
configure:3347: checking for C compiler default output file name
configure:3349: result: a.out
configure:3355: checking for suffix of executables
configure:3362: /home/will/Downloads/android/ffmpeg-android/toolchain-android/bin/i686-linux-android-gcc --sysroot=/home/will/Downloads/android/ffmpeg-android/toolchain-android/sysroot -o conftest    conftest.c  >&5
configure:3366: $? = 0
configure:3388: result: 
configure:3410: checking whether we are cross compiling
configure:3418: /home/will/Downloads/android/ffmpeg-android/toolchain-android/bin/i686-linux-android-gcc --sysroot=/home/will/Downloads/android/ffmpeg-android/toolchain-android/sysroot -o conftest    conftest.c  >&5
configure:3422: $? = 0
configure:3429: ./conftest
./configure: line 3431: ./conftest: No such file or directory
configure:3433: $? = 127
configure:3448: result: yes
configure:3453: checking for suffix of object files
configure:3475: /home/will/Downloads/android/ffmpeg-android/toolchain-android/bin/i686-linux-android-gcc --sysroot=/home/will/Downloads/android/ffmpeg-android/toolchain-android/sysroot -c   conftest.c >&5
configure:3479: $? = 0
configure:3500: result: o
configure:3504: checking whether we are using the GNU C compiler
configure:3523: /home/will/Downloads/android/ffmpeg-android/toolchain-android/bin/i686-linux-android-gcc --sysroot=/home/will/Downloads/android/ffmpeg-android/toolchain-android/sysroot -c   conftest.c >&5
configure:3523: $? = 0
configure:3532: result: yes
configure:3541: checking whether /home/will/Downloads/android/ffmpeg-android/toolchain-android/bin/i686-linux-android-gcc --sysroot=/home/will/Downloads/android/ffmpeg-android/toolchain-android/sysroot accepts -g
configure:3561: /home/will/Downloads/android/ffmpeg-android/toolchain-android/bin/i686-linux-android-gcc --sysroot=/home/will/Downloads/android/ffmpeg-android/toolchain-android/sysroot -c -g  conftest.c >&5
configure:3561: $? = 0
configure:3602: result: yes
configure:3619: checking for /home/will/Downloads/android/ffmpeg-android/toolchain-android/bin/i686-linux-android-gcc --sysroot=/home/will/Downloads/android/ffmpeg-android/toolchain-android/sysroot option to accept ISO C89
configure:3682: /home/will/Downloads/android/ffmpeg-android/toolchain-android/bin/i686-linux-android-gcc --sysroot=/home/will/Downloads/android/ffmpeg-android/toolchain-android/sysroot  -c -g -O2  conftest.c >&5
configure:3682: $? = 0
configure:3695: result: none needed
configure:3720: checking whether /home/will/Downloads/android/ffmpeg-android/toolchain-android/bin/i686-linux-android-gcc --sysroot=/home/will/Downloads/android/ffmpeg-android/toolchain-android/sysroot understands -c and -o together
configure:3742: /home/will/Downloads/android/ffmpeg-android/toolchain-android/bin/i686-linux-android-gcc --sysroot=/home/will/Downloads/android/ffmpeg-android/toolchain-android/sysroot -c conftest.c -o conftest2.o
configure:3745: $? = 0
configure:3742: /home/will/Downloads/android/ffmpeg-android/toolchain-android/bin/i686-linux-android-gcc --sysroot=/home/will/Downloads/android/ffmpeg-android/toolchain-android/sysroot -c conftest.c -o conftest2.o
configure:3745: $? = 0
configure:3757: result: yes
configure:3785: checking for style of include used by make
configure:3813: result: GNU
configure:3839: checking dependency style of /home/will/Downloads/android/ffmpeg-android/toolchain-android/bin/i686-linux-android-gcc --sysroot=/home/will/Downloads/android/ffmpeg-android/toolchain-android/sysroot
configure:3950: result: gcc3
configure:3974: checking dependency style of /home/will/Downloads/android/ffmpeg-android/toolchain-android/bin/i686-linux-android-gcc --sysroot=/home/will/Downloads/android/ffmpeg-android/toolchain-android/sysroot
configure:4083: result: gcc3
configure:4102: checking build system type
configure:4116: result: x86_64-unknown-linux-gnu
configure:4136: checking host system type
configure:4149: result: x86-unknown-none
configure:4169: checking for a sed that does not truncate output
configure:4233: result: /bin/sed
configure:4251: checking for grep that handles long lines and -e
configure:4309: result: /bin/grep
configure:4314: checking for egrep
configure:4376: result: /bin/grep -E
configure:4381: checking for fgrep
configure:4443: result: /bin/grep -F
configure:4470: checking how to print strings
configure:4497: result: printf
configure:4530: checking for ld used by /home/will/Downloads/android/ffmpeg-android/toolchain-android/bin/i686-linux-android-gcc --sysroot=/home/will/Downloads/android/ffmpeg-android/toolchain-android/sysroot
configure:4597: result: /home/will/Downloads/android/ffmpeg-android/toolchain-android/bin/i686-linux-android-ld
configure:4604: checking if the linker (/home/will/Downloads/android/ffmpeg-android/toolchain-android/bin/i686-linux-android-ld) is GNU ld
configure:4619: result: yes
configure:4636: checking how to run the C preprocessor
configure:4706: result: /home/will/Downloads/android/ffmpeg-android/toolchain-android/bin/i686-linux-android-cpp
configure:4726: /home/will/Downloads/android/ffmpeg-android/toolchain-android/bin/i686-linux-android-cpp  conftest.c
configure:4726: $? = 0
configure:4740: /home/will/Downloads/android/ffmpeg-android/toolchain-android/bin/i686-linux-android-cpp  conftest.c
conftest.c:11:28: fatal error: ac_nonexistent.h: No such file or directory
 #include <ac_nonexistent.h>
                            ^
compilation terminated.
configure:4740: $? = 1
configure: failed program was:
| /* confdefs.h */
| #define PACKAGE_NAME "libpng"
| #define PACKAGE_TARNAME "libpng"
| #define PACKAGE_VERSION "1.6.13"
| #define PACKAGE_STRING "libpng 1.6.13"
| #define PACKAGE_BUGREPORT "png-mng-implement@lists.sourceforge.net"
| #define PACKAGE_URL ""
| #define PACKAGE "libpng"
| #define VERSION "1.6.13"
| /* end confdefs.h.  */
| #include <ac_nonexistent.h>
configure:4772: checking for gawk
configure:4799: result: mawk
configure:4811: checking whether ln -s works
configure:4815: result: yes
configure:4822: checking whether make sets $(MAKE)
configure:4844: result: yes
configure:4896: checking for BSD- or MS-compatible name lister (nm)
configure:4945: result: /home/will/Downloads/android/ffmpeg-android/toolchain-android/bin/i686-linux-android-nm
configure:5075: checking the name lister (/home/will/Downloads/android/ffmpeg-android/toolchain-android/bin/i686-linux-android-nm) interface
configure:5082: /home/will/Downloads/android/ffmpeg-android/toolchain-android/bin/i686-linux-android-gcc --sysroot=/home/will/Downloads/android/ffmpeg-android/toolchain-android/sysroot -c -g -O2  conftest.c >&5
configure:5085: /home/will/Downloads/android/ffmpeg-android/toolchain-android/bin/i686-linux-android-nm "conftest.o"
configure:5088: output
00000000 B some_variable
configure:5095: result: BSD nm
configure:5099: checking the maximum length of command line arguments
configure:5229: result: 1572864
configure:5246: checking whether the shell understands some XSI constructs
configure:5256: result: yes
configure:5260: checking whether the shell understands "+="
configure:5266: result: yes
configure:5301: checking how to convert x86_64-unknown-linux-gnu file names to x86-unknown-none format
configure:5341: result: func_convert_file_noop
configure:5348: checking how to convert x86_64-unknown-linux-gnu file names to toolchain format
configure:5368: result: func_convert_file_noop
configure:5375: checking for /home/will/Downloads/android/ffmpeg-android/toolchain-android/bin/i686-linux-android-ld option to reload object files
configure:5382: result: -r
configure:5416: checking for x86-objdump
configure:5443: result: /home/will/Downloads/android/ffmpeg-android/toolchain-android/bin/i686-linux-android-objdump
configure:5512: checking how to recognize dependent libraries
configure:5714: result: unknown
configure:5759: checking for x86-dlltool
configure:5789: result: no
configure:5799: checking for dlltool
configure:5829: result: no
configure:5856: checking how to associate runtime and link libraries
configure:5883: result: printf %s\n
configure:5900: checking for x86-ar
configure:5927: result: /home/will/Downloads/android/ffmpeg-android/toolchain-android/bin/i686-linux-android-ar
configure:6008: checking for archiver @FILE support
configure:6025: /home/will/Downloads/android/ffmpeg-android/toolchain-android/bin/i686-linux-android-gcc --sysroot=/home/will/Downloads/android/ffmpeg-android/toolchain-android/sysroot -c -g -O2  conftest.c >&5
configure:6025: $? = 0
configure:6028: /home/will/Downloads/android/ffmpeg-android/toolchain-android/bin/i686-linux-android-ar cru libconftest.a @conftest.lst >&5
configure:6031: $? = 0
configure:6036: /home/will/Downloads/android/ffmpeg-android/toolchain-android/bin/i686-linux-android-ar cru libconftest.a @conftest.lst >&5
/home/will/Downloads/android/ffmpeg-android/toolchain-android/bin/i686-linux-android-ar: conftest.o: No such file or directory
configure:6039: $? = 1
configure:6051: result: @
configure:6069: checking for x86-strip
configure:6096: result: /home/will/Downloads/android/ffmpeg-android/toolchain-android/bin/i686-linux-android-strip
configure:6168: checking for x86-ranlib
configure:6195: result: /home/will/Downloads/android/ffmpeg-android/toolchain-android/bin/i686-linux-android-ranlib
configure:6337: checking command to parse /home/will/Downloads/android/ffmpeg-android/toolchain-android/bin/i686-linux-android-nm output from /home/will/Downloads/android/ffmpeg-android/toolchain-android/bin/i686-linux-android-gcc --sysroot=/home/will/Downloads/android/ffmpeg-android/toolchain-android/sysroot object
configure:6457: /home/will/Downloads/android/ffmpeg-android/toolchain-android/bin/i686-linux-android-gcc --sysroot=/home/will/Downloads/android/ffmpeg-android/toolchain-android/sysroot -c -g -O2  conftest.c >&5
configure:6460: $? = 0
configure:6464: /home/will/Downloads/android/ffmpeg-android/toolchain-android/bin/i686-linux-android-nm conftest.o \| sed -n -e 's/^.*[ ]\([ABCDGIRSTW][ABCDGIRSTW]*\)[ ][ ]*\([_A-Za-z][_A-Za-z0-9]*\)$/\1 \2 \2/p' | sed '/ __gnu_lto/d' \> conftest.nm
configure:6467: $? = 0
configure:6533: /home/will/Downloads/android/ffmpeg-android/toolchain-android/bin/i686-linux-android-gcc --sysroot=/home/will/Downloads/android/ffmpeg-android/toolchain-android/sysroot -o conftest -g -O2   conftest.c conftstm.o >&5
configure:6536: $? = 0
configure:6574: result: ok
configure:6611: checking for sysroot
configure:6641: result: /home/will/Downloads/android/ffmpeg-android/toolchain-android/sysroot
configure:6857: checking for x86-mt
configure:6887: result: no
configure:6897: checking for mt
configure:6913: found /bin/mt
configure:6924: result: mt
configure:6936: WARNING: using cross tools not prefixed with host triplet
configure:6947: checking if mt is a manifest tool
configure:6953: mt '-?'
configure:6961: result: no
configure:7599: checking for ANSI C header files
configure:7619: /home/will/Downloads/android/ffmpeg-android/toolchain-android/bin/i686-linux-android-gcc --sysroot=/home/will/Downloads/android/ffmpeg-android/toolchain-android/sysroot -c -g -O2  conftest.c >&5
configure:7619: $? = 0
configure:7703: result: yes
configure:7716: checking for sys/types.h
configure:7716: /home/will/Downloads/android/ffmpeg-android/toolchain-android/bin/i686-linux-android-gcc --sysroot=/home/will/Downloads/android/ffmpeg-android/toolchain-android/sysroot -c -g -O2  conftest.c >&5
configure:7716: $? = 0
configure:7716: result: yes
configure:7716: checking for sys/stat.h
configure:7716: /home/will/Downloads/android/ffmpeg-android/toolchain-android/bin/i686-linux-android-gcc --sysroot=/home/will/Downloads/android/ffmpeg-android/toolchain-android/sysroot -c -g -O2  conftest.c >&5
configure:7716: $? = 0
configure:7716: result: yes
configure:7716: checking for stdlib.h
configure:7716: /home/will/Downloads/android/ffmpeg-android/toolchain-android/bin/i686-linux-android-gcc --sysroot=/home/will/Downloads/android/ffmpeg-android/toolchain-android/sysroot -c -g -O2  conftest.c >&5
configure:7716: $? = 0
configure:7716: result: yes
configure:7716: checking for string.h
configure:7716: /home/will/Downloads/android/ffmpeg-android/toolchain-android/bin/i686-linux-android-gcc --sysroot=/home/will/Downloads/android/ffmpeg-android/toolchain-android/sysroot -c -g -O2  conftest.c >&5
configure:7716: $? = 0
configure:7716: result: yes
configure:7716: checking for memory.h
configure:7716: /home/will/Downloads/android/ffmpeg-android/toolchain-android/bin/i686-linux-android-gcc --sysroot=/home/will/Downloads/android/ffmpeg-android/toolchain-android/sysroot -c -g -O2  conftest.c >&5
configure:7716: $? = 0
configure:7716: result: yes
configure:7716: checking for strings.h
configure:7716: /home/will/Downloads/android/ffmpeg-android/toolchain-android/bin/i686-linux-android-gcc --sysroot=/home/will/Downloads/android/ffmpeg-android/toolchain-android/sysroot -c -g -O2  conftest.c >&5
configure:7716: $? = 0
configure:7716: result: yes
configure:7716: checking for inttypes.h
configure:7716: /home/will/Downloads/android/ffmpeg-android/toolchain-android/bin/i686-linux-android-gcc --sysroot=/home/will/Downloads/android/ffmpeg-android/toolchain-android/sysroot -c -g -O2  conftest.c >&5
configure:7716: $? = 0
configure:7716: result: yes
configure:7716: checking for stdint.h
configure:7716: /home/will/Downloads/android/ffmpeg-android/toolchain-android/bin/i686-linux-android-gcc --sysroot=/home/will/Downloads/android/ffmpeg-android/toolchain-android/sysroot -c -g -O2  conftest.c >&5
configure:7716: $? = 0
configure:7716: result: yes
configure:7716: checking for unistd.h
configure:7716: /home/will/Downloads/android/ffmpeg-android/toolchain-android/bin/i686-linux-android-gcc --sysroot=/home/will/Downloads/android/ffmpeg-android/toolchain-android/sysroot -c -g -O2  conftest.c >&5
configure:7716: $? = 0
configure:7716: result: yes
configure:7730: checking for dlfcn.h
configure:7730: /home/will/Downloads/android/ffmpeg-android/toolchain-android/bin/i686-linux-android-gcc --sysroot=/home/will/Downloads/android/ffmpeg-android/toolchain-android/sysroot -c -g -O2  conftest.c >&5
configure:7730: $? = 0
configure:7730: result: yes
configure:8234: checking for objdir
configure:8249: result: .libs
configure:8520: checking if /home/will/Downloads/android/ffmpeg-android/toolchain-android/bin/i686-linux-android-gcc --sysroot=/home/will/Downloads/android/ffmpeg-android/toolchain-android/sysroot supports -fno-rtti -fno-exceptions
configure:8538: /home/will/Downloads/android/ffmpeg-android/toolchain-android/bin/i686-linux-android-gcc --sysroot=/home/will/Downloads/android/ffmpeg-android/toolchain-android/sysroot -c -g -O2  -fno-rtti -fno-exceptions conftest.c >&5
cc1: warning: command line option '-fno-rtti' is valid for C++/ObjC++ but not for C
configure:8542: $? = 0
configure:8555: result: no
configure:8882: checking for /home/will/Downloads/android/ffmpeg-android/toolchain-android/bin/i686-linux-android-gcc --sysroot=/home/will/Downloads/android/ffmpeg-android/toolchain-android/sysroot option to produce PIC
configure:8889: result: -fPIC -DPIC
configure:8897: checking if /home/will/Downloads/android/ffmpeg-android/toolchain-android/bin/i686-linux-android-gcc --sysroot=/home/will/Downloads/android/ffmpeg-android/toolchain-android/sysroot PIC flag -fPIC -DPIC works
configure:8915: /home/will/Downloads/android/ffmpeg-android/toolchain-android/bin/i686-linux-android-gcc --sysroot=/home/will/Downloads/android/ffmpeg-android/toolchain-android/sysroot -c -g -O2  -fPIC -DPIC -DPIC conftest.c >&5
configure:8919: $? = 0
configure:8932: result: yes
configure:8961: checking if /home/will/Downloads/android/ffmpeg-android/toolchain-android/bin/i686-linux-android-gcc --sysroot=/home/will/Downloads/android/ffmpeg-android/toolchain-android/sysroot static flag -static works
configure:8989: result: yes
configure:9004: checking if /home/will/Downloads/android/ffmpeg-android/toolchain-android/bin/i686-linux-android-gcc --sysroot=/home/will/Downloads/android/ffmpeg-android/toolchain-android/sysroot supports -c -o file.o
configure:9025: /home/will/Downloads/android/ffmpeg-android/toolchain-android/bin/i686-linux-android-gcc --sysroot=/home/will/Downloads/android/ffmpeg-android/toolchain-android/sysroot -c -g -O2  -o out/conftest2.o conftest.c >&5
configure:9029: $? = 0
configure:9051: result: yes
configure:9059: checking if /home/will/Downloads/android/ffmpeg-android/toolchain-android/bin/i686-linux-android-gcc --sysroot=/home/will/Downloads/android/ffmpeg-android/toolchain-android/sysroot supports -c -o file.o
configure:9106: result: yes
configure:9139: checking whether the /home/will/Downloads/android/ffmpeg-android/toolchain-android/bin/i686-linux-android-gcc --sysroot=/home/will/Downloads/android/ffmpeg-android/toolchain-android/sysroot linker (/home/will/Downloads/android/ffmpeg-android/toolchain-android/bin/i686-linux-android-ld) supports shared libraries
configure:10292: result: yes
configure:10532: checking dynamic linker characteristics
configure:11265: result: no
configure:11372: checking how to hardcode library paths into programs
configure:11397: result: immediate
configure:11937: checking whether stripping libraries is possible
configure:11942: result: yes
configure:11977: checking if libtool supports shared libraries
configure:11979: result: no
configure:11982: checking whether to build shared libraries
configure:12003: result: no
configure:12006: checking whether to build static libraries
configure:12010: result: yes
configure:12051: checking that AWK works
configure:12057: result: ok
configure:12105: checking for ANSI C header files
configure:12209: result: yes
configure:12219: checking for an ANSI C-conforming const
configure:12285: /home/will/Downloads/android/ffmpeg-android/toolchain-android/bin/i686-linux-android-gcc --sysroot=/home/will/Downloads/android/ffmpeg-android/toolchain-android/sysroot -c -g -O2  conftest.c >&5
configure:12285: $? = 0
configure:12292: result: yes
configure:12300: checking for size_t
configure:12300: /home/will/Downloads/android/ffmpeg-android/toolchain-android/bin/i686-linux-android-gcc --sysroot=/home/will/Downloads/android/ffmpeg-android/toolchain-android/sysroot -c -g -O2  conftest.c >&5
configure:12300: $? = 0
configure:12300: /home/will/Downloads/android/ffmpeg-android/toolchain-android/bin/i686-linux-android-gcc --sysroot=/home/will/Downloads/android/ffmpeg-android/toolchain-android/sysroot -c -g -O2  conftest.c >&5
conftest.c: In function 'main':
conftest.c:60:21: error: expected expression before ')' token
 if (sizeof ((size_t)))
                     ^
configure:12300: $? = 1
configure: failed program was:
| /* confdefs.h */
| #define PACKAGE_NAME "libpng"
| #define PACKAGE_TARNAME "libpng"
| #define PACKAGE_VERSION "1.6.13"
| #define PACKAGE_STRING "libpng 1.6.13"
| #define PACKAGE_BUGREPORT "png-mng-implement@lists.sourceforge.net"
| #define PACKAGE_URL ""
| #define PACKAGE "libpng"
| #define VERSION "1.6.13"
| #define STDC_HEADERS 1
| #define HAVE_SYS_TYPES_H 1
| #define HAVE_SYS_STAT_H 1
| #define HAVE_STDLIB_H 1
| #define HAVE_STRING_H 1
| #define HAVE_MEMORY_H 1
| #define HAVE_STRINGS_H 1
| #define HAVE_INTTYPES_H 1
| #define HAVE_STDINT_H 1
| #define HAVE_UNISTD_H 1
| #define HAVE_DLFCN_H 1
| #define LT_OBJDIR ".libs/"
| #define STDC_HEADERS 1
| /* end confdefs.h.  */
| #include <stdio.h>
| #ifdef HAVE_SYS_TYPES_H
| # include <sys/types.h>
| #endif
| #ifdef HAVE_SYS_STAT_H
| # include <sys/stat.h>
| #endif
| #ifdef STDC_HEADERS
| # include <stdlib.h>
| # include <stddef.h>
| #else
| # ifdef HAVE_STDLIB_H
| #  include <stdlib.h>
| # endif
| #endif
| #ifdef HAVE_STRING_H
| # if !defined STDC_HEADERS && defined HAVE_MEMORY_H
| #  include <memory.h>
| # endif
| # include <string.h>
| #endif
| #ifdef HAVE_STRINGS_H
| # include <strings.h>
| #endif
| #ifdef HAVE_INTTYPES_H
| # include <inttypes.h>
| #endif
| #ifdef HAVE_STDINT_H
| # include <stdint.h>
| #endif
| #ifdef HAVE_UNISTD_H
| # include <unistd.h>
| #endif
| int
| main ()
| {
| if (sizeof ((size_t)))
| 	    return 0;
|   ;
|   return 0;
| }
configure:12300: result: yes
configure:12311: checking whether struct tm is in sys/time.h or time.h
configure:12331: /home/will/Downloads/android/ffmpeg-android/toolchain-android/bin/i686-linux-android-gcc --sysroot=/home/will/Downloads/android/ffmpeg-android/toolchain-android/sysroot -c -g -O2  conftest.c >&5
configure:12331: $? = 0
configure:12338: result: time.h
configure:12346: checking for C/C++ restrict keyword
configure:12371: /home/will/Downloads/android/ffmpeg-android/toolchain-android/bin/i686-linux-android-gcc --sysroot=/home/will/Downloads/android/ffmpeg-android/toolchain-android/sysroot -c -g -O2  conftest.c >&5
configure:12371: $? = 0
configure:12379: result: __restrict
configure:12394: checking for working strtod
configure:12445: result: no
configure:12454: checking for pow
configure:12454: /home/will/Downloads/android/ffmpeg-android/toolchain-android/bin/i686-linux-android-gcc --sysroot=/home/will/Downloads/android/ffmpeg-android/toolchain-android/sysroot -o conftest -g -O2   conftest.c  >&5
conftest.c:48:6: warning: conflicting types for built-in function 'pow'
 char pow ();
      ^
conftest.c:59: error: undefined reference to 'pow'
collect2: error: ld returned 1 exit status
configure:12454: $? = 1
configure: failed program was:
| /* confdefs.h */
| #define PACKAGE_NAME "libpng"
| #define PACKAGE_TARNAME "libpng"
| #define PACKAGE_VERSION "1.6.13"
| #define PACKAGE_STRING "libpng 1.6.13"
| #define PACKAGE_BUGREPORT "png-mng-implement@lists.sourceforge.net"
| #define PACKAGE_URL ""
| #define PACKAGE "libpng"
| #define VERSION "1.6.13"
| #define STDC_HEADERS 1
| #define HAVE_SYS_TYPES_H 1
| #define HAVE_SYS_STAT_H 1
| #define HAVE_STDLIB_H 1
| #define HAVE_STRING_H 1
| #define HAVE_MEMORY_H 1
| #define HAVE_STRINGS_H 1
| #define HAVE_INTTYPES_H 1
| #define HAVE_STDINT_H 1
| #define HAVE_UNISTD_H 1
| #define HAVE_DLFCN_H 1
| #define LT_OBJDIR ".libs/"
| #define STDC_HEADERS 1
| #define restrict __restrict
| /* end confdefs.h.  */
| /* Define pow to an innocuous variant, in case <limits.h> declares pow.
|    For example, HP-UX 11i <limits.h> declares gettimeofday.  */
| #define pow innocuous_pow
| 
| /* System header to define __stub macros and hopefully few prototypes,
|     which can conflict with char pow (); below.
|     Prefer <limits.h> to <assert.h> if __STDC__ is defined, since
|     <limits.h> exists even on freestanding compilers.  */
| 
| #ifdef __STDC__
| # include <limits.h>
| #else
| # include <assert.h>
| #endif
| 
| #undef pow
| 
| /* Override any GCC internal prototype to avoid an error.
|    Use char because int might match the return type of a GCC
|    builtin and then its argument prototype would still apply.  */
| #ifdef __cplusplus
| extern "C"
| #endif
| char pow ();
| /* The GNU C library defines this for functions which it implements
|     to always fail with ENOSYS.  Some functions are actually named
|     something starting with __ and the normal name is an alias.  */
| #if defined __stub_pow || defined __stub___pow
| choke me
| #endif
| 
| int
| main ()
| {
| return pow ();
|   ;
|   return 0;
| }
configure:12454: result: no
configure:12460: checking for pow in -lm
configure:12485: /home/will/Downloads/android/ffmpeg-android/toolchain-android/bin/i686-linux-android-gcc --sysroot=/home/will/Downloads/android/ffmpeg-android/toolchain-android/sysroot -o conftest -g -O2   conftest.c -lm   >&5
conftest.c:32:6: warning: conflicting types for built-in function 'pow'
 char pow ();
      ^
configure:12485: $? = 0
configure:12494: result: yes
configure:12509: checking for memset
configure:12509: /home/will/Downloads/android/ffmpeg-android/toolchain-android/bin/i686-linux-android-gcc --sysroot=/home/will/Downloads/android/ffmpeg-android/toolchain-android/sysroot -o conftest -g -O2   conftest.c  >&5
conftest.c:48:6: warning: conflicting types for built-in function 'memset'
 char memset ();
      ^
configure:12509: $? = 0
configure:12509: result: yes
configure:12522: checking for pow
configure:12522: result: no
configure:12529: checking for pow in -lm
configure:12563: result: yes
configure:12587: checking for zlibVersion in -lz
configure:12612: /home/will/Downloads/android/ffmpeg-android/toolchain-android/bin/i686-linux-android-gcc --sysroot=/home/will/Downloads/android/ffmpeg-android/toolchain-android/sysroot -o conftest -g -O2   conftest.c -lz  -lm  >&5
configure:12612: $? = 0
configure:12621: result: yes
configure:12686: checking for feenableexcept in -lm
configure:12711: /home/will/Downloads/android/ffmpeg-android/toolchain-android/bin/i686-linux-android-gcc --sysroot=/home/will/Downloads/android/ffmpeg-android/toolchain-android/sysroot -o conftest -g -O2   conftest.c -lm  -lz -lm  >&5
configure:12711: $? = 0
configure:12720: result: yes
configure:12733: checking for feenableexcept
configure:12733: /home/will/Downloads/android/ffmpeg-android/toolchain-android/bin/i686-linux-android-gcc --sysroot=/home/will/Downloads/android/ffmpeg-android/toolchain-android/sysroot -o conftest -g -O2   conftest.c -lm -lz -lm  >&5
configure:12733: $? = 0
configure:12733: result: yes
configure:12743: checking if using Solaris linker
configure:12752: result: no
configure:12764: checking if libraries can be versioned
configure:12785: result: yes
configure:12807: checking for symbol prefix
configure:12814: result: 
configure:12836: pkgconfig directory is ${libdir}/pkgconfig
configure:12983: Extra options for compiler: 
configure:13101: checking that generated files are newer than configure
configure:13107: result: done
configure:13166: creating ./config.status

## ---------------------- ##
## Running config.status. ##
## ---------------------- ##

This file was extended by libpng config.status 1.6.13, which was
generated by GNU Autoconf 2.69.  Invocation command line was

  CONFIG_FILES    = 
  CONFIG_HEADERS  = 
  CONFIG_LINKS    = 
  CONFIG_COMMANDS = 
  $ ./config.status 

on will-acer-server

config.status:1124: creating Makefile
config.status:1124: creating libpng.pc
config.status:1124: creating libpng-config
config.status:1124: creating config.h
config.status:1353: executing depfiles commands
config.status:1353: executing libtool commands

## ---------------- ##
## Cache variables. ##
## ---------------- ##

ac_cv_build=x86_64-unknown-linux-gnu
ac_cv_c_compiler_gnu=yes
ac_cv_c_const=yes
ac_cv_c_restrict=__restrict
ac_cv_env_CCASFLAGS_set=
ac_cv_env_CCASFLAGS_value=
ac_cv_env_CCAS_set=
ac_cv_env_CCAS_value=
ac_cv_env_CC_set=set
ac_cv_env_CC_value='/home/will/Downloads/android/ffmpeg-android/toolchain-android/bin/i686-linux-android-gcc --sysroot=/home/will/Downloads/android/ffmpeg-android/toolchain-android/sysroot'
ac_cv_env_CFLAGS_set=
ac_cv_env_CFLAGS_value=
ac_cv_env_CPPFLAGS_set=
ac_cv_env_CPPFLAGS_value=
ac_cv_env_CPP_set=set
ac_cv_env_CPP_value=/home/will/Downloads/android/ffmpeg-android/toolchain-android/bin/i686-linux-android-cpp
ac_cv_env_LDFLAGS_set=
ac_cv_env_LDFLAGS_value=
ac_cv_env_LIBS_set=
ac_cv_env_LIBS_value=
ac_cv_env_PNG_COPTS_set=
ac_cv_env_PNG_COPTS_value=
ac_cv_env_build_alias_set=
ac_cv_env_build_alias_value=
ac_cv_env_host_alias_set=set
ac_cv_env_host_alias_value=x86
ac_cv_env_target_alias_set=
ac_cv_env_target_alias_value=
ac_cv_func_feenableexcept=yes
ac_cv_func_memset=yes
ac_cv_func_pow=no
ac_cv_func_strtod=no
ac_cv_header_dlfcn_h=yes
ac_cv_header_inttypes_h=yes
ac_cv_header_memory_h=yes
ac_cv_header_stdc=yes
ac_cv_header_stdint_h=yes
ac_cv_header_stdlib_h=yes
ac_cv_header_string_h=yes
ac_cv_header_strings_h=yes
ac_cv_header_sys_stat_h=yes
ac_cv_header_sys_types_h=yes
ac_cv_header_unistd_h=yes
ac_cv_host=x86-unknown-none
ac_cv_lib_m_feenableexcept=yes
ac_cv_lib_m_pow=yes
ac_cv_lib_z_zlibVersion=yes
ac_cv_objext=o
ac_cv_path_EGREP='/bin/grep -E'
ac_cv_path_FGREP='/bin/grep -F'
ac_cv_path_GREP=/bin/grep
ac_cv_path_SED=/bin/sed
ac_cv_path_install='/usr/bin/install -c'
ac_cv_path_mkdir=/bin/mkdir
ac_cv_prog_AR=/home/will/Downloads/android/ffmpeg-android/toolchain-android/bin/i686-linux-android-ar
ac_cv_prog_AWK=mawk
ac_cv_prog_CC='/home/will/Downloads/android/ffmpeg-android/toolchain-android/bin/i686-linux-android-gcc --sysroot=/home/will/Downloads/android/ffmpeg-android/toolchain-android/sysroot'
ac_cv_prog_CPP=/home/will/Downloads/android/ffmpeg-android/toolchain-android/bin/i686-linux-android-cpp
ac_cv_prog_OBJDUMP=/home/will/Downloads/android/ffmpeg-android/toolchain-android/bin/i686-linux-android-objdump
ac_cv_prog_RANLIB=/home/will/Downloads/android/ffmpeg-android/toolchain-android/bin/i686-linux-android-ranlib
ac_cv_prog_STRIP=/home/will/Downloads/android/ffmpeg-android/toolchain-android/bin/i686-linux-android-strip
ac_cv_prog_ac_ct_MANIFEST_TOOL=mt
ac_cv_prog_cc_c89=
ac_cv_prog_cc_g=yes
ac_cv_prog_make_make_set=yes
ac_cv_struct_tm=time.h
ac_cv_type_size_t=yes
am_cv_CCAS_dependencies_compiler_type=gcc3
am_cv_CC_dependencies_compiler_type=gcc3
am_cv_make_support_nested_variables=yes
am_cv_prog_cc_c_o=yes
lt_cv_ar_at_file=@
lt_cv_deplibs_check_method=unknown
lt_cv_file_magic_cmd='$MAGIC_CMD'
lt_cv_file_magic_test_file=
lt_cv_ld_reload_flag=-r
lt_cv_nm_interface='BSD nm'
lt_cv_objdir=.libs
lt_cv_path_LD=/home/will/Downloads/android/ffmpeg-android/toolchain-android/bin/i686-linux-android-ld
lt_cv_path_NM=/home/will/Downloads/android/ffmpeg-android/toolchain-android/bin/i686-linux-android-nm
lt_cv_path_mainfest_tool=no
lt_cv_prog_compiler_c_o=yes
lt_cv_prog_compiler_pic='-fPIC -DPIC'
lt_cv_prog_compiler_pic_works=yes
lt_cv_prog_compiler_rtti_exceptions=no
lt_cv_prog_compiler_static_works=yes
lt_cv_prog_gnu_ld=yes
lt_cv_sharedlib_from_linklib_cmd='printf %s\n'
lt_cv_sys_global_symbol_pipe='sed -n -e '\''s/^.*[	 ]\([ABCDGIRSTW][ABCDGIRSTW]*\)[	 ][	 ]*\([_A-Za-z][_A-Za-z0-9]*\)$/\1 \2 \2/p'\'' | sed '\''/ __gnu_lto/d'\'''
lt_cv_sys_global_symbol_to_c_name_address='sed -n -e '\''s/^: \([^ ]*\)[ ]*$/  {\"\1\", (void *) 0},/p'\'' -e '\''s/^[ABCDGIRSTW]* \([^ ]*\) \([^ ]*\)$/  {"\2", (void *) \&\2},/p'\'''
lt_cv_sys_global_symbol_to_c_name_address_lib_prefix='sed -n -e '\''s/^: \([^ ]*\)[ ]*$/  {\"\1\", (void *) 0},/p'\'' -e '\''s/^[ABCDGIRSTW]* \([^ ]*\) \(lib[^ ]*\)$/  {"\2", (void *) \&\2},/p'\'' -e '\''s/^[ABCDGIRSTW]* \([^ ]*\) \([^ ]*\)$/  {"lib\2", (void *) \&\2},/p'\'''
lt_cv_sys_global_symbol_to_cdecl='sed -n -e '\''s/^T .* \(.*\)$/extern int \1();/p'\'' -e '\''s/^[ABCDGIRSTW]* .* \(.*\)$/extern char \1;/p'\'''
lt_cv_sys_max_cmd_len=1572864
lt_cv_to_host_file_cmd=func_convert_file_noop
lt_cv_to_tool_file_cmd=func_convert_file_noop

## ----------------- ##
## Output variables. ##
## ----------------- ##

ACLOCAL='${SHELL} /home/will/Downloads/android/ffmpeg-android/libpng-1.6.13/missing aclocal-1.14'
AMDEPBACKSLASH='\'
AMDEP_FALSE='#'
AMDEP_TRUE=''
AMTAR='$${TAR-tar}'
AM_BACKSLASH='\'
AM_DEFAULT_V='$(AM_DEFAULT_VERBOSITY)'
AM_DEFAULT_VERBOSITY='1'
AM_V='$(V)'
AR='/home/will/Downloads/android/ffmpeg-android/toolchain-android/bin/i686-linux-android-ar'
AS='/home/will/Downloads/android/ffmpeg-android/toolchain-android/bin/i686-linux-android-as'
AUTOCONF='${SHELL} /home/will/Downloads/android/ffmpeg-android/libpng-1.6.13/missing autoconf'
AUTOHEADER='${SHELL} /home/will/Downloads/android/ffmpeg-android/libpng-1.6.13/missing autoheader'
AUTOMAKE='${SHELL} /home/will/Downloads/android/ffmpeg-android/libpng-1.6.13/missing automake-1.14'
AWK='mawk'
CC='/home/will/Downloads/android/ffmpeg-android/toolchain-android/bin/i686-linux-android-gcc --sysroot=/home/will/Downloads/android/ffmpeg-android/toolchain-android/sysroot'
CCAS='/home/will/Downloads/android/ffmpeg-android/toolchain-android/bin/i686-linux-android-gcc --sysroot=/home/will/Downloads/android/ffmpeg-android/toolchain-android/sysroot'
CCASDEPMODE='depmode=gcc3'
CCASFLAGS='-g -O2'
CCDEPMODE='depmode=gcc3'
CFLAGS='-g -O2'
CPP='/home/will/Downloads/android/ffmpeg-android/toolchain-android/bin/i686-linux-android-cpp'
CPPFLAGS=''
CYGPATH_W='echo'
DEFS='-DHAVE_CONFIG_H'
DEPDIR='.deps'
DFNCPP='/home/will/Downloads/android/ffmpeg-android/toolchain-android/bin/i686-linux-android-cpp'
DLLTOOL='false'
DO_INSTALL_LIBPNG_CONFIG_FALSE='#'
DO_INSTALL_LIBPNG_CONFIG_TRUE=''
DO_INSTALL_LIBPNG_PC_FALSE='#'
DO_INSTALL_LIBPNG_PC_TRUE=''
DO_INSTALL_LINKS_FALSE='#'
DO_INSTALL_LINKS_TRUE=''
DO_PNG_PREFIX_FALSE=''
DO_PNG_PREFIX_TRUE='#'
DSYMUTIL=''
DUMPBIN=''
ECHO_C=''
ECHO_N='-n'
ECHO_T=''
EGREP='/bin/grep -E'
EXEEXT=''
FGREP='/bin/grep -F'
GREP='/bin/grep'
HAVE_LD_VERSION_SCRIPT_FALSE='#'
HAVE_LD_VERSION_SCRIPT_TRUE=''
HAVE_SOLARIS_LD_FALSE=''
HAVE_SOLARIS_LD_TRUE='#'
INSTALL_DATA='${INSTALL} -m 644'
INSTALL_PROGRAM='${INSTALL}'
INSTALL_SCRIPT='${INSTALL}'
INSTALL_STRIP_PROGRAM='$(install_sh) -c -s'
LD='/home/will/Downloads/android/ffmpeg-android/toolchain-android/bin/i686-linux-android-ld'
LDFLAGS=''
LIBOBJS=' ${LIBOBJDIR}strtod$U.o'
LIBS='-lm -lz -lm '
LIBTOOL='$(SHELL) $(top_builddir)/libtool'
LIPO=''
LN_S='ln -s'
LTLIBOBJS=' ${LIBOBJDIR}strtod$U.lo'
MAINT='#'
MAINTAINER_MODE_FALSE=''
MAINTAINER_MODE_TRUE='#'
MAKEINFO='${SHELL} /home/will/Downloads/android/ffmpeg-android/libpng-1.6.13/missing makeinfo'
MANIFEST_TOOL=':'
MKDIR_P='/bin/mkdir -p'
NM='/home/will/Downloads/android/ffmpeg-android/toolchain-android/bin/i686-linux-android-nm'
NMEDIT=''
OBJDUMP='/home/will/Downloads/android/ffmpeg-android/toolchain-android/bin/i686-linux-android-objdump'
OBJEXT='o'
OTOOL64=''
OTOOL=''
PACKAGE='libpng'
PACKAGE_BUGREPORT='png-mng-implement@lists.sourceforge.net'
PACKAGE_NAME='libpng'
PACKAGE_STRING='libpng 1.6.13'
PACKAGE_TARNAME='libpng'
PACKAGE_URL=''
PACKAGE_VERSION='1.6.13'
PATH_SEPARATOR=':'
PNGLIB_MAJOR='1'
PNGLIB_MINOR='6'
PNGLIB_RELEASE='13'
PNGLIB_VERSION='1.6.13'
PNG_ARM_NEON_FALSE=''
PNG_ARM_NEON_TRUE='#'
PNG_COPTS=''
PNG_PREFIX=''
POW_LIB='-lm'
RANLIB='/home/will/Downloads/android/ffmpeg-android/toolchain-android/bin/i686-linux-android-ranlib'
SED='/bin/sed'
SET_MAKE=''
SHELL='/bin/bash'
STRIP='/home/will/Downloads/android/ffmpeg-android/toolchain-android/bin/i686-linux-android-strip'
SYMBOL_PREFIX=''
VERSION='1.6.13'
ac_ct_AR=''
ac_ct_CC=''
ac_ct_DUMPBIN=''
am__EXEEXT_FALSE=''
am__EXEEXT_TRUE='#'
am__fastdepCCAS_FALSE='#'
am__fastdepCCAS_TRUE=''
am__fastdepCC_FALSE='#'
am__fastdepCC_TRUE=''
am__include='include'
am__isrc=''
am__leading_dot='.'
am__nodep='_no'
am__quote=''
am__tar='$${TAR-tar} chof - "$$tardir"'
am__untar='$${TAR-tar} xf -'
binconfigs='${binconfigs}'
bindir='${exec_prefix}/bin'
build='x86_64-unknown-linux-gnu'
build_alias=''
build_cpu='x86_64'
build_os='linux-gnu'
build_vendor='unknown'
datadir='${datarootdir}'
datarootdir='${prefix}/share'
docdir='${datarootdir}/doc/${PACKAGE_TARNAME}'
dvidir='${docdir}'
exec_prefix='${prefix}'
host='x86-unknown-none'
host_alias='x86'
host_cpu='x86'
host_os='none'
host_vendor='unknown'
htmldir='${docdir}'
includedir='${prefix}/include'
infodir='${datarootdir}/info'
install_sh='${SHELL} /home/will/Downloads/android/ffmpeg-android/libpng-1.6.13/install-sh'
libdir='${exec_prefix}/lib'
libexecdir='${exec_prefix}/libexec'
localedir='${datarootdir}/locale'
localstatedir='${prefix}/var'
mandir='${datarootdir}/man'
mkdir_p='$(MKDIR_P)'
oldincludedir='/usr/include'
pdfdir='${docdir}'
pkgconfigdir='${libdir}/pkgconfig'
prefix='/home/will/Downloads/android/ffmpeg-android/toolchain-android'
program_transform_name='s,x,x,'
psdir='${docdir}'
sbindir='${exec_prefix}/sbin'
sharedstatedir='${prefix}/com'
sysconfdir='${prefix}/etc'
target_alias=''

## ----------- ##
## confdefs.h. ##
## ----------- ##

/* confdefs.h */
#define PACKAGE_NAME "libpng"
#define PACKAGE_TARNAME "libpng"
#define PACKAGE_VERSION "1.6.13"
#define PACKAGE_STRING "libpng 1.6.13"
#define PACKAGE_BUGREPORT "png-mng-implement@lists.sourceforge.net"
#define PACKAGE_URL ""
#define PACKAGE "libpng"
#define VERSION "1.6.13"
#define STDC_HEADERS 1
#define HAVE_SYS_TYPES_H 1
#define HAVE_SYS_STAT_H 1
#define HAVE_STDLIB_H 1
#define HAVE_STRING_H 1
#define HAVE_MEMORY_H 1
#define HAVE_STRINGS_H 1
#define HAVE_INTTYPES_H 1
#define HAVE_STDINT_H 1
#define HAVE_UNISTD_H 1
#define HAVE_DLFCN_H 1
#define LT_OBJDIR ".libs/"
#define STDC_HEADERS 1
#define restrict __restrict
#define HAVE_MEMSET 1
#define HAVE_LIBM 1
#define HAVE_LIBZ 1
#define HAVE_LIBM 1
#define HAVE_FEENABLEEXCEPT 1
#define PNG_ARM_NEON_OPT 0

configure: exit 0
