This file contains any messages produced by compilers while
running configure, to aid debugging if configure makes a mistake.

It was created by FreeType configure 2.5.3, which was
generated by GNU Autoconf 2.69.  Invocation command line was

  $ ./configure --with-pic --with-sysroot=/home/will/Downloads/android/ffmpeg-android/toolchain-android/sysroot --host=arm-linux-androideabi --enable-static --disable-shared --with-png=yes --with-zlib=yes --prefix=/home/will/Downloads/android/ffmpeg-android/toolchain-android

## --------- ##
## Platform. ##
## --------- ##

hostname = will-acer-server
uname -m = x86_64
uname -r = 3.16.0-45-generic
uname -s = Linux
uname -v = #60~14.04.1-Ubuntu SMP Fri Jul 24 21:16:23 UTC 2015

/usr/bin/uname -p = unknown
/bin/uname -X     = unknown

/bin/arch              = unknown
/usr/bin/arch -k       = unknown
/usr/convex/getsysinfo = unknown
/usr/bin/hostinfo      = unknown
/bin/machine           = unknown
/usr/bin/oslevel       = unknown
/bin/universe          = unknown

PATH: /usr/local/cuda/bin
PATH: /usr/local/sbin
PATH: /usr/local/bin
PATH: /usr/sbin
PATH: /usr/bin
PATH: /sbin
PATH: /bin
PATH: /usr/games
PATH: /usr/local/games


## ----------- ##
## Core tests. ##
## ----------- ##

configure:2530: checking build system type
configure:2544: result: x86_64-unknown-linux-gnu
configure:2564: checking host system type
configure:2577: result: arm-unknown-linux-androideabi
configure:2609: checking for arm-linux-androideabi-gcc
configure:2636: result: /home/will/Downloads/android/ffmpeg-android/toolchain-android/bin/arm-linux-androideabi-gcc --sysroot=/home/will/Downloads/android/ffmpeg-android/toolchain-android/sysroot
configure:2905: checking for C compiler version
configure:2914: /home/will/Downloads/android/ffmpeg-android/toolchain-android/bin/arm-linux-androideabi-gcc --sysroot=/home/will/Downloads/android/ffmpeg-android/toolchain-android/sysroot --version >&5
arm-linux-androideabi-gcc (GCC) 4.9 20140827 (prerelease)
Copyright (C) 2014 Free Software Foundation, Inc.
This is free software; see the source for copying conditions.  There is NO
warranty; not even for MERCHANTABILITY or FITNESS FOR A PARTICULAR PURPOSE.

configure:2925: $? = 0
configure:2914: /home/will/Downloads/android/ffmpeg-android/toolchain-android/bin/arm-linux-androideabi-gcc --sysroot=/home/will/Downloads/android/ffmpeg-android/toolchain-android/sysroot -v >&5
Using built-in specs.
COLLECT_GCC=/home/will/Downloads/android/ffmpeg-android/toolchain-android/bin/arm-linux-androideabi-gcc
COLLECT_LTO_WRAPPER=/home/will/Downloads/android/ffmpeg-android/toolchain-android/bin/../libexec/gcc/arm-linux-androideabi/4.9/lto-wrapper
Target: arm-linux-androideabi
Configured with: /s/ndk-toolchain/src/build/../gcc/gcc-4.9/configure --prefix=/tmp/ndk-andrewhsieh/build/toolchain/prefix --target=arm-linux-androideabi --host=x86_64-linux-gnu --build=x86_64-linux-gnu --with-gnu-as --with-gnu-ld --enable-languages=c,c++ --with-gmp=/tmp/ndk-andrewhsieh/build/toolchain/temp-install --with-mpfr=/tmp/ndk-andrewhsieh/build/toolchain/temp-install --with-mpc=/tmp/ndk-andrewhsieh/build/toolchain/temp-install --with-cloog=/tmp/ndk-andrewhsieh/build/toolchain/temp-install --with-isl=/tmp/ndk-andrewhsieh/build/toolchain/temp-install --with-ppl=/tmp/ndk-andrewhsieh/build/toolchain/temp-install --disable-ppl-version-check --disable-cloog-version-check --disable-isl-version-check --enable-cloog-backend=isl --with-host-libstdcxx='-static-libgcc -Wl,-Bstatic,-lstdc++,-Bdynamic -lm' --disable-libssp --enable-threads --disable-nls --disable-libmudflap --disable-libgomp --disable-libstdc__-v3 --disable-sjlj-exceptions --disable-shared --disable-tls --disable-libitm --with-float=soft --with-fpu=vfp --with-arch=armv5te --enable-target-optspace --enable-initfini-array --disable-nls --prefix=/tmp/ndk-andrewhsieh/build/toolchain/prefix --with-sysroot=/tmp/ndk-andrewhsieh/build/toolchain/prefix/sysroot --with-binutils-version=2.25 --with-mpfr-version=3.1.1 --with-mpc-version=1.0.1 --with-gmp-version=5.0.5 --with-gcc-version=4.9 --with-gdb-version=7.7 --with-python=/usr/local/google/home/andrewhsieh/mydroid/ndk/prebuilt/linux-x86_64/bin/python-config.sh --with-gxx-include-dir=/tmp/ndk-andrewhsieh/build/toolchain/prefix/include/c++/4.9 --with-bugurl=http://source.android.com/source/report-bugs.html --enable-languages=c,c++ --disable-bootstrap --enable-plugins --enable-libgomp --enable-gnu-indirect-function --disable-libsanitizer --enable-gold --enable-threads --enable-graphite=yes --with-cloog-version=0.18.0 --with-isl-version=0.11.1 --enable-eh-frame-hdr-for-static --with-arch=armv5te --program-transform-name='s&^&arm-linux-androideabi-&' --enable-gold=default
Thread model: posix
gcc version 4.9 20140827 (prerelease) (GCC) 
configure:2925: $? = 0
configure:2914: /home/will/Downloads/android/ffmpeg-android/toolchain-android/bin/arm-linux-androideabi-gcc --sysroot=/home/will/Downloads/android/ffmpeg-android/toolchain-android/sysroot -V >&5
arm-linux-androideabi-gcc: error: unrecognized command line option '-V'
arm-linux-androideabi-gcc: fatal error: no input files
compilation terminated.
configure:2925: $? = 1
configure:2914: /home/will/Downloads/android/ffmpeg-android/toolchain-android/bin/arm-linux-androideabi-gcc --sysroot=/home/will/Downloads/android/ffmpeg-android/toolchain-android/sysroot -qversion >&5
arm-linux-androideabi-gcc: error: unrecognized command line option '-qversion'
arm-linux-androideabi-gcc: fatal error: no input files
compilation terminated.
configure:2925: $? = 1
configure:2945: checking whether the C compiler works
configure:2967: /home/will/Downloads/android/ffmpeg-android/toolchain-android/bin/arm-linux-androideabi-gcc --sysroot=/home/will/Downloads/android/ffmpeg-android/toolchain-android/sysroot    conftest.c  >&5
configure:2971: $? = 0
configure:3019: result: yes
configure:3022: checking for C compiler default output file name
configure:3024: result: a.out
configure:3030: checking for suffix of executables
configure:3037: /home/will/Downloads/android/ffmpeg-android/toolchain-android/bin/arm-linux-androideabi-gcc --sysroot=/home/will/Downloads/android/ffmpeg-android/toolchain-android/sysroot -o conftest    conftest.c  >&5
configure:3041: $? = 0
configure:3063: result: 
configure:3085: checking whether we are cross compiling
configure:3093: /home/will/Downloads/android/ffmpeg-android/toolchain-android/bin/arm-linux-androideabi-gcc --sysroot=/home/will/Downloads/android/ffmpeg-android/toolchain-android/sysroot -o conftest    conftest.c  >&5
configure:3097: $? = 0
configure:3104: ./conftest
./configure: line 3106: ./conftest: cannot execute binary file: Exec format error
configure:3108: $? = 126
configure:3123: result: yes
configure:3128: checking for suffix of object files
configure:3150: /home/will/Downloads/android/ffmpeg-android/toolchain-android/bin/arm-linux-androideabi-gcc --sysroot=/home/will/Downloads/android/ffmpeg-android/toolchain-android/sysroot -c   conftest.c >&5
configure:3154: $? = 0
configure:3175: result: o
configure:3179: checking whether we are using the GNU C compiler
configure:3198: /home/will/Downloads/android/ffmpeg-android/toolchain-android/bin/arm-linux-androideabi-gcc --sysroot=/home/will/Downloads/android/ffmpeg-android/toolchain-android/sysroot -c   conftest.c >&5
configure:3198: $? = 0
configure:3207: result: yes
configure:3216: checking whether /home/will/Downloads/android/ffmpeg-android/toolchain-android/bin/arm-linux-androideabi-gcc --sysroot=/home/will/Downloads/android/ffmpeg-android/toolchain-android/sysroot accepts -g
configure:3236: /home/will/Downloads/android/ffmpeg-android/toolchain-android/bin/arm-linux-androideabi-gcc --sysroot=/home/will/Downloads/android/ffmpeg-android/toolchain-android/sysroot -c -g  conftest.c >&5
configure:3236: $? = 0
configure:3277: result: yes
configure:3294: checking for /home/will/Downloads/android/ffmpeg-android/toolchain-android/bin/arm-linux-androideabi-gcc --sysroot=/home/will/Downloads/android/ffmpeg-android/toolchain-android/sysroot option to accept ISO C89
configure:3357: /home/will/Downloads/android/ffmpeg-android/toolchain-android/bin/arm-linux-androideabi-gcc --sysroot=/home/will/Downloads/android/ffmpeg-android/toolchain-android/sysroot  -c -g -O2  conftest.c >&5
configure:3357: $? = 0
configure:3370: result: none needed
configure:3395: checking how to run the C preprocessor
configure:3465: result: /home/will/Downloads/android/ffmpeg-android/toolchain-android/bin/arm-linux-androideabi-cpp
configure:3485: /home/will/Downloads/android/ffmpeg-android/toolchain-android/bin/arm-linux-androideabi-cpp  conftest.c
configure:3485: $? = 0
configure:3499: /home/will/Downloads/android/ffmpeg-android/toolchain-android/bin/arm-linux-androideabi-cpp  conftest.c
conftest.c:9:28: fatal error: ac_nonexistent.h: No such file or directory
 #include <ac_nonexistent.h>
                            ^
compilation terminated.
configure:3499: $? = 1
configure: failed program was:
| /* confdefs.h */
| #define PACKAGE_NAME "FreeType"
| #define PACKAGE_TARNAME "freetype"
| #define PACKAGE_VERSION "2.5.3"
| #define PACKAGE_STRING "FreeType 2.5.3"
| #define PACKAGE_BUGREPORT "freetype@nongnu.org"
| #define PACKAGE_URL ""
| /* end confdefs.h.  */
| #include <ac_nonexistent.h>
configure:3540: checking for arm-linux-androideabi-pkg-config
configure:3573: result: no
configure:3583: checking for pkg-config
configure:3601: found /usr/bin/pkg-config
configure:3613: result: /usr/bin/pkg-config
configure:3625: WARNING: using cross tools not prefixed with host triplet
configure:3638: checking pkg-config is at least version 0.24
configure:3641: result: yes
configure:3696: checking how to print strings
configure:3723: result: printf
configure:3744: checking for a sed that does not truncate output
configure:3808: result: /bin/sed
configure:3826: checking for grep that handles long lines and -e
configure:3884: result: /bin/grep
configure:3889: checking for egrep
configure:3951: result: /bin/grep -E
configure:3956: checking for fgrep
configure:4018: result: /bin/grep -F
configure:4053: checking for ld used by /home/will/Downloads/android/ffmpeg-android/toolchain-android/bin/arm-linux-androideabi-gcc --sysroot=/home/will/Downloads/android/ffmpeg-android/toolchain-android/sysroot
configure:4120: result: /home/will/Downloads/android/ffmpeg-android/toolchain-android/bin/arm-linux-androideabi-ld
configure:4127: checking if the linker (/home/will/Downloads/android/ffmpeg-android/toolchain-android/bin/arm-linux-androideabi-ld) is GNU ld
configure:4142: result: yes
configure:4154: checking for BSD- or MS-compatible name lister (nm)
configure:4203: result: /home/will/Downloads/android/ffmpeg-android/toolchain-android/bin/arm-linux-androideabi-nm
configure:4333: checking the name lister (/home/will/Downloads/android/ffmpeg-android/toolchain-android/bin/arm-linux-androideabi-nm) interface
configure:4340: /home/will/Downloads/android/ffmpeg-android/toolchain-android/bin/arm-linux-androideabi-gcc --sysroot=/home/will/Downloads/android/ffmpeg-android/toolchain-android/sysroot -c -g -O2  conftest.c >&5
configure:4343: /home/will/Downloads/android/ffmpeg-android/toolchain-android/bin/arm-linux-androideabi-nm "conftest.o"
configure:4346: output
00000000 B some_variable
configure:4353: result: BSD nm
configure:4356: checking whether ln -s works
configure:4360: result: yes
configure:4368: checking the maximum length of command line arguments
configure:4499: result: 3458764513820540925
configure:4516: checking whether the shell understands some XSI constructs
configure:4526: result: yes
configure:4530: checking whether the shell understands "+="
configure:4536: result: yes
configure:4571: checking how to convert x86_64-unknown-linux-gnu file names to arm-unknown-linux-androideabi format
configure:4611: result: func_convert_file_noop
configure:4618: checking how to convert x86_64-unknown-linux-gnu file names to toolchain format
configure:4638: result: func_convert_file_noop
configure:4645: checking for /home/will/Downloads/android/ffmpeg-android/toolchain-android/bin/arm-linux-androideabi-ld option to reload object files
configure:4652: result: -r
configure:4686: checking for arm-linux-androideabi-objdump
configure:4713: result: /home/will/Downloads/android/ffmpeg-android/toolchain-android/bin/arm-linux-androideabi-objdump
configure:4782: checking how to recognize dependent libraries
configure:4980: result: pass_all
configure:5025: checking for arm-linux-androideabi-dlltool
configure:5055: result: no
configure:5065: checking for dlltool
configure:5095: result: no
configure:5122: checking how to associate runtime and link libraries
configure:5149: result: printf %s\n
configure:5166: checking for arm-linux-androideabi-ar
configure:5193: result: /home/will/Downloads/android/ffmpeg-android/toolchain-android/bin/arm-linux-androideabi-ar
configure:5274: checking for archiver @FILE support
configure:5291: /home/will/Downloads/android/ffmpeg-android/toolchain-android/bin/arm-linux-androideabi-gcc --sysroot=/home/will/Downloads/android/ffmpeg-android/toolchain-android/sysroot -c -g -O2  conftest.c >&5
configure:5291: $? = 0
configure:5294: /home/will/Downloads/android/ffmpeg-android/toolchain-android/bin/arm-linux-androideabi-ar cru libconftest.a @conftest.lst >&5
configure:5297: $? = 0
configure:5302: /home/will/Downloads/android/ffmpeg-android/toolchain-android/bin/arm-linux-androideabi-ar cru libconftest.a @conftest.lst >&5
/home/will/Downloads/android/ffmpeg-android/toolchain-android/bin/arm-linux-androideabi-ar: conftest.o: No such file or directory
configure:5305: $? = 1
configure:5317: result: @
configure:5335: checking for arm-linux-androideabi-strip
configure:5362: result: /home/will/Downloads/android/ffmpeg-android/toolchain-android/bin/arm-linux-androideabi-strip
configure:5434: checking for arm-linux-androideabi-ranlib
configure:5461: result: /home/will/Downloads/android/ffmpeg-android/toolchain-android/bin/arm-linux-androideabi-ranlib
configure:5578: checking for gawk
configure:5608: result: no
configure:5578: checking for mawk
configure:5594: found /usr/bin/mawk
configure:5605: result: mawk
configure:5645: checking command to parse /home/will/Downloads/android/ffmpeg-android/toolchain-android/bin/arm-linux-androideabi-nm output from /home/will/Downloads/android/ffmpeg-android/toolchain-android/bin/arm-linux-androideabi-gcc --sysroot=/home/will/Downloads/android/ffmpeg-android/toolchain-android/sysroot object
configure:5765: /home/will/Downloads/android/ffmpeg-android/toolchain-android/bin/arm-linux-androideabi-gcc --sysroot=/home/will/Downloads/android/ffmpeg-android/toolchain-android/sysroot -c -g -O2  conftest.c >&5
configure:5768: $? = 0
configure:5772: /home/will/Downloads/android/ffmpeg-android/toolchain-android/bin/arm-linux-androideabi-nm conftest.o \| sed -n -e 's/^.*[ ]\([ABCDGIRSTW][ABCDGIRSTW]*\)[ ][ ]*\([_A-Za-z][_A-Za-z0-9]*\)$/\1 \2 \2/p' | sed '/ __gnu_lto/d' \> conftest.nm
configure:5775: $? = 0
configure:5841: /home/will/Downloads/android/ffmpeg-android/toolchain-android/bin/arm-linux-androideabi-gcc --sysroot=/home/will/Downloads/android/ffmpeg-android/toolchain-android/sysroot -o conftest -g -O2   conftest.c conftstm.o >&5
configure:5844: $? = 0
configure:5882: result: ok
configure:5919: checking for sysroot
configure:5949: result: /home/will/Downloads/android/ffmpeg-android/toolchain-android/sysroot
configure:6178: checking for arm-linux-androideabi-mt
configure:6208: result: no
configure:6218: checking for mt
configure:6234: found /bin/mt
configure:6245: result: mt
configure:6268: checking if mt is a manifest tool
configure:6274: mt '-?'
configure:6282: result: no
configure:6920: checking for ANSI C header files
configure:6940: /home/will/Downloads/android/ffmpeg-android/toolchain-android/bin/arm-linux-androideabi-gcc --sysroot=/home/will/Downloads/android/ffmpeg-android/toolchain-android/sysroot -c -g -O2  conftest.c >&5
configure:6940: $? = 0
configure:7024: result: yes
configure:7037: checking for sys/types.h
configure:7037: /home/will/Downloads/android/ffmpeg-android/toolchain-android/bin/arm-linux-androideabi-gcc --sysroot=/home/will/Downloads/android/ffmpeg-android/toolchain-android/sysroot -c -g -O2  conftest.c >&5
configure:7037: $? = 0
configure:7037: result: yes
configure:7037: checking for sys/stat.h
configure:7037: /home/will/Downloads/android/ffmpeg-android/toolchain-android/bin/arm-linux-androideabi-gcc --sysroot=/home/will/Downloads/android/ffmpeg-android/toolchain-android/sysroot -c -g -O2  conftest.c >&5
configure:7037: $? = 0
configure:7037: result: yes
configure:7037: checking for stdlib.h
configure:7037: /home/will/Downloads/android/ffmpeg-android/toolchain-android/bin/arm-linux-androideabi-gcc --sysroot=/home/will/Downloads/android/ffmpeg-android/toolchain-android/sysroot -c -g -O2  conftest.c >&5
configure:7037: $? = 0
configure:7037: result: yes
configure:7037: checking for string.h
configure:7037: /home/will/Downloads/android/ffmpeg-android/toolchain-android/bin/arm-linux-androideabi-gcc --sysroot=/home/will/Downloads/android/ffmpeg-android/toolchain-android/sysroot -c -g -O2  conftest.c >&5
configure:7037: $? = 0
configure:7037: result: yes
configure:7037: checking for memory.h
configure:7037: /home/will/Downloads/android/ffmpeg-android/toolchain-android/bin/arm-linux-androideabi-gcc --sysroot=/home/will/Downloads/android/ffmpeg-android/toolchain-android/sysroot -c -g -O2  conftest.c >&5
configure:7037: $? = 0
configure:7037: result: yes
configure:7037: checking for strings.h
configure:7037: /home/will/Downloads/android/ffmpeg-android/toolchain-android/bin/arm-linux-androideabi-gcc --sysroot=/home/will/Downloads/android/ffmpeg-android/toolchain-android/sysroot -c -g -O2  conftest.c >&5
configure:7037: $? = 0
configure:7037: result: yes
configure:7037: checking for inttypes.h
configure:7037: /home/will/Downloads/android/ffmpeg-android/toolchain-android/bin/arm-linux-androideabi-gcc --sysroot=/home/will/Downloads/android/ffmpeg-android/toolchain-android/sysroot -c -g -O2  conftest.c >&5
configure:7037: $? = 0
configure:7037: result: yes
configure:7037: checking for stdint.h
configure:7037: /home/will/Downloads/android/ffmpeg-android/toolchain-android/bin/arm-linux-androideabi-gcc --sysroot=/home/will/Downloads/android/ffmpeg-android/toolchain-android/sysroot -c -g -O2  conftest.c >&5
configure:7037: $? = 0
configure:7037: result: yes
configure:7037: checking for unistd.h
configure:7037: /home/will/Downloads/android/ffmpeg-android/toolchain-android/bin/arm-linux-androideabi-gcc --sysroot=/home/will/Downloads/android/ffmpeg-android/toolchain-android/sysroot -c -g -O2  conftest.c >&5
configure:7037: $? = 0
configure:7037: result: yes
configure:7051: checking for dlfcn.h
configure:7051: /home/will/Downloads/android/ffmpeg-android/toolchain-android/bin/arm-linux-androideabi-gcc --sysroot=/home/will/Downloads/android/ffmpeg-android/toolchain-android/sysroot -c -g -O2  conftest.c >&5
configure:7051: $? = 0
configure:7051: result: yes
configure:7555: checking for objdir
configure:7570: result: .libs
configure:7837: checking if /home/will/Downloads/android/ffmpeg-android/toolchain-android/bin/arm-linux-androideabi-gcc --sysroot=/home/will/Downloads/android/ffmpeg-android/toolchain-android/sysroot supports -fno-rtti -fno-exceptions
configure:7855: /home/will/Downloads/android/ffmpeg-android/toolchain-android/bin/arm-linux-androideabi-gcc --sysroot=/home/will/Downloads/android/ffmpeg-android/toolchain-android/sysroot -c -g -O2  -fno-rtti -fno-exceptions conftest.c >&5
cc1: warning: command line option '-fno-rtti' is valid for C++/ObjC++ but not for C
configure:7859: $? = 0
configure:7872: result: no
configure:8199: checking for /home/will/Downloads/android/ffmpeg-android/toolchain-android/bin/arm-linux-androideabi-gcc --sysroot=/home/will/Downloads/android/ffmpeg-android/toolchain-android/sysroot option to produce PIC
configure:8206: result: -fPIC -DPIC
configure:8214: checking if /home/will/Downloads/android/ffmpeg-android/toolchain-android/bin/arm-linux-androideabi-gcc --sysroot=/home/will/Downloads/android/ffmpeg-android/toolchain-android/sysroot PIC flag -fPIC -DPIC works
configure:8232: /home/will/Downloads/android/ffmpeg-android/toolchain-android/bin/arm-linux-androideabi-gcc --sysroot=/home/will/Downloads/android/ffmpeg-android/toolchain-android/sysroot -c -g -O2  -fPIC -DPIC -DPIC conftest.c >&5
configure:8236: $? = 0
configure:8249: result: yes
configure:8278: checking if /home/will/Downloads/android/ffmpeg-android/toolchain-android/bin/arm-linux-androideabi-gcc --sysroot=/home/will/Downloads/android/ffmpeg-android/toolchain-android/sysroot static flag -static works
configure:8306: result: yes
configure:8321: checking if /home/will/Downloads/android/ffmpeg-android/toolchain-android/bin/arm-linux-androideabi-gcc --sysroot=/home/will/Downloads/android/ffmpeg-android/toolchain-android/sysroot supports -c -o file.o
configure:8342: /home/will/Downloads/android/ffmpeg-android/toolchain-android/bin/arm-linux-androideabi-gcc --sysroot=/home/will/Downloads/android/ffmpeg-android/toolchain-android/sysroot -c -g -O2  -o out/conftest2.o conftest.c >&5
configure:8346: $? = 0
configure:8368: result: yes
configure:8376: checking if /home/will/Downloads/android/ffmpeg-android/toolchain-android/bin/arm-linux-androideabi-gcc --sysroot=/home/will/Downloads/android/ffmpeg-android/toolchain-android/sysroot supports -c -o file.o
configure:8423: result: yes
configure:8456: checking whether the /home/will/Downloads/android/ffmpeg-android/toolchain-android/bin/arm-linux-androideabi-gcc --sysroot=/home/will/Downloads/android/ffmpeg-android/toolchain-android/sysroot linker (/home/will/Downloads/android/ffmpeg-android/toolchain-android/bin/arm-linux-androideabi-ld) supports shared libraries
configure:9613: result: yes
configure:9853: checking dynamic linker characteristics
configure:10353: /home/will/Downloads/android/ffmpeg-android/toolchain-android/bin/arm-linux-androideabi-gcc --sysroot=/home/will/Downloads/android/ffmpeg-android/toolchain-android/sysroot -o conftest -g -O2   -Wl,-rpath -Wl,/foo conftest.c  >&5
configure:10353: $? = 0
configure:10587: result: GNU/Linux ld.so
configure:10694: checking how to hardcode library paths into programs
configure:10719: result: immediate
configure:11259: checking whether stripping libraries is possible
configure:11264: result: yes
configure:11299: checking if libtool supports shared libraries
configure:11301: result: yes
configure:11304: checking whether to build shared libraries
configure:11325: result: no
configure:11328: checking whether to build static libraries
configure:11332: result: yes
configure:11376: checking for x86_64-unknown-linux-gnu-gcc
configure:11406: result: no
configure:11413: checking for gcc
configure:11429: found /usr/bin/gcc
configure:11440: result: gcc
configure:11450: checking for gcc
configure:11494: result: gcc
configure:11504: checking for suffix of native executables
configure:11518: result: 
configure:11533: checking for rmdir
configure:11549: found /bin/rmdir
configure:11560: result: rmdir
configure:11588: checking for a BSD-compatible install
configure:11656: result: /usr/bin/install -c
configure:11678: checking for ANSI C header files
configure:11782: result: yes
configure:11793: checking fcntl.h usability
configure:11793: /home/will/Downloads/android/ffmpeg-android/toolchain-android/bin/arm-linux-androideabi-gcc --sysroot=/home/will/Downloads/android/ffmpeg-android/toolchain-android/sysroot -c -g -O2  conftest.c >&5
configure:11793: $? = 0
configure:11793: result: yes
configure:11793: checking fcntl.h presence
configure:11793: /home/will/Downloads/android/ffmpeg-android/toolchain-android/bin/arm-linux-androideabi-cpp  conftest.c
configure:11793: $? = 0
configure:11793: result: yes
configure:11793: checking for fcntl.h
configure:11793: result: yes
configure:11793: checking for unistd.h
configure:11793: result: yes
configure:11807: checking for an ANSI C-conforming const
configure:11873: /home/will/Downloads/android/ffmpeg-android/toolchain-android/bin/arm-linux-androideabi-gcc --sysroot=/home/will/Downloads/android/ffmpeg-android/toolchain-android/sysroot -c -g -O2  conftest.c >&5
configure:11873: $? = 0
configure:11880: result: yes
configure:11892: checking size of int
configure:11897: /home/will/Downloads/android/ffmpeg-android/toolchain-android/bin/arm-linux-androideabi-gcc --sysroot=/home/will/Downloads/android/ffmpeg-android/toolchain-android/sysroot -c -g -O2  conftest.c >&5
configure:11897: $? = 0
configure:11897: /home/will/Downloads/android/ffmpeg-android/toolchain-android/bin/arm-linux-androideabi-gcc --sysroot=/home/will/Downloads/android/ffmpeg-android/toolchain-android/sysroot -c -g -O2  conftest.c >&5
conftest.c: In function 'main':
conftest.c:60:12: error: size of array 'test_array' is negative
 static int test_array [1 - 2 * !(((long int) (sizeof (int))) <= 0)];
            ^
configure:11897: $? = 1
configure: failed program was:
| /* confdefs.h */
| #define PACKAGE_NAME "FreeType"
| #define PACKAGE_TARNAME "freetype"
| #define PACKAGE_VERSION "2.5.3"
| #define PACKAGE_STRING "FreeType 2.5.3"
| #define PACKAGE_BUGREPORT "freetype@nongnu.org"
| #define PACKAGE_URL ""
| #define STDC_HEADERS 1
| #define HAVE_SYS_TYPES_H 1
| #define HAVE_SYS_STAT_H 1
| #define HAVE_STDLIB_H 1
| #define HAVE_STRING_H 1
| #define HAVE_MEMORY_H 1
| #define HAVE_STRINGS_H 1
| #define HAVE_INTTYPES_H 1
| #define HAVE_STDINT_H 1
| #define HAVE_UNISTD_H 1
| #define HAVE_DLFCN_H 1
| #define LT_OBJDIR ".libs/"
| #define STDC_HEADERS 1
| #define HAVE_FCNTL_H 1
| #define HAVE_UNISTD_H 1
| /* end confdefs.h.  */
| #include <stdio.h>
| #ifdef HAVE_SYS_TYPES_H
| # include <sys/types.h>
| #endif
| #ifdef HAVE_SYS_STAT_H
| # include <sys/stat.h>
| #endif
| #ifdef STDC_HEADERS
| # include <stdlib.h>
| # include <stddef.h>
| #else
| # ifdef HAVE_STDLIB_H
| #  include <stdlib.h>
| # endif
| #endif
| #ifdef HAVE_STRING_H
| # if !defined STDC_HEADERS && defined HAVE_MEMORY_H
| #  include <memory.h>
| # endif
| # include <string.h>
| #endif
| #ifdef HAVE_STRINGS_H
| # include <strings.h>
| #endif
| #ifdef HAVE_INTTYPES_H
| # include <inttypes.h>
| #endif
| #ifdef HAVE_STDINT_H
| # include <stdint.h>
| #endif
| #ifdef HAVE_UNISTD_H
| # include <unistd.h>
| #endif
| int
| main ()
| {
| static int test_array [1 - 2 * !(((long int) (sizeof (int))) <= 0)];
| test_array [0] = 0;
| return test_array [0];
| 
|   ;
|   return 0;
| }
configure:11897: /home/will/Downloads/android/ffmpeg-android/toolchain-android/bin/arm-linux-androideabi-gcc --sysroot=/home/will/Downloads/android/ffmpeg-android/toolchain-android/sysroot -c -g -O2  conftest.c >&5
conftest.c: In function 'main':
conftest.c:60:12: error: size of array 'test_array' is negative
 static int test_array [1 - 2 * !(((long int) (sizeof (int))) <= 1)];
            ^
configure:11897: $? = 1
configure: failed program was:
| /* confdefs.h */
| #define PACKAGE_NAME "FreeType"
| #define PACKAGE_TARNAME "freetype"
| #define PACKAGE_VERSION "2.5.3"
| #define PACKAGE_STRING "FreeType 2.5.3"
| #define PACKAGE_BUGREPORT "freetype@nongnu.org"
| #define PACKAGE_URL ""
| #define STDC_HEADERS 1
| #define HAVE_SYS_TYPES_H 1
| #define HAVE_SYS_STAT_H 1
| #define HAVE_STDLIB_H 1
| #define HAVE_STRING_H 1
| #define HAVE_MEMORY_H 1
| #define HAVE_STRINGS_H 1
| #define HAVE_INTTYPES_H 1
| #define HAVE_STDINT_H 1
| #define HAVE_UNISTD_H 1
| #define HAVE_DLFCN_H 1
| #define LT_OBJDIR ".libs/"
| #define STDC_HEADERS 1
| #define HAVE_FCNTL_H 1
| #define HAVE_UNISTD_H 1
| /* end confdefs.h.  */
| #include <stdio.h>
| #ifdef HAVE_SYS_TYPES_H
| # include <sys/types.h>
| #endif
| #ifdef HAVE_SYS_STAT_H
| # include <sys/stat.h>
| #endif
| #ifdef STDC_HEADERS
| # include <stdlib.h>
| # include <stddef.h>
| #else
| # ifdef HAVE_STDLIB_H
| #  include <stdlib.h>
| # endif
| #endif
| #ifdef HAVE_STRING_H
| # if !defined STDC_HEADERS && defined HAVE_MEMORY_H
| #  include <memory.h>
| # endif
| # include <string.h>
| #endif
| #ifdef HAVE_STRINGS_H
| # include <strings.h>
| #endif
| #ifdef HAVE_INTTYPES_H
| # include <inttypes.h>
| #endif
| #ifdef HAVE_STDINT_H
| # include <stdint.h>
| #endif
| #ifdef HAVE_UNISTD_H
| # include <unistd.h>
| #endif
| int
| main ()
| {
| static int test_array [1 - 2 * !(((long int) (sizeof (int))) <= 1)];
| test_array [0] = 0;
| return test_array [0];
| 
|   ;
|   return 0;
| }
configure:11897: /home/will/Downloads/android/ffmpeg-android/toolchain-android/bin/arm-linux-androideabi-gcc --sysroot=/home/will/Downloads/android/ffmpeg-android/toolchain-android/sysroot -c -g -O2  conftest.c >&5
conftest.c: In function 'main':
conftest.c:60:12: error: size of array 'test_array' is negative
 static int test_array [1 - 2 * !(((long int) (sizeof (int))) <= 3)];
            ^
configure:11897: $? = 1
configure: failed program was:
| /* confdefs.h */
| #define PACKAGE_NAME "FreeType"
| #define PACKAGE_TARNAME "freetype"
| #define PACKAGE_VERSION "2.5.3"
| #define PACKAGE_STRING "FreeType 2.5.3"
| #define PACKAGE_BUGREPORT "freetype@nongnu.org"
| #define PACKAGE_URL ""
| #define STDC_HEADERS 1
| #define HAVE_SYS_TYPES_H 1
| #define HAVE_SYS_STAT_H 1
| #define HAVE_STDLIB_H 1
| #define HAVE_STRING_H 1
| #define HAVE_MEMORY_H 1
| #define HAVE_STRINGS_H 1
| #define HAVE_INTTYPES_H 1
| #define HAVE_STDINT_H 1
| #define HAVE_UNISTD_H 1
| #define HAVE_DLFCN_H 1
| #define LT_OBJDIR ".libs/"
| #define STDC_HEADERS 1
| #define HAVE_FCNTL_H 1
| #define HAVE_UNISTD_H 1
| /* end confdefs.h.  */
| #include <stdio.h>
| #ifdef HAVE_SYS_TYPES_H
| # include <sys/types.h>
| #endif
| #ifdef HAVE_SYS_STAT_H
| # include <sys/stat.h>
| #endif
| #ifdef STDC_HEADERS
| # include <stdlib.h>
| # include <stddef.h>
| #else
| # ifdef HAVE_STDLIB_H
| #  include <stdlib.h>
| # endif
| #endif
| #ifdef HAVE_STRING_H
| # if !defined STDC_HEADERS && defined HAVE_MEMORY_H
| #  include <memory.h>
| # endif
| # include <string.h>
| #endif
| #ifdef HAVE_STRINGS_H
| # include <strings.h>
| #endif
| #ifdef HAVE_INTTYPES_H
| # include <inttypes.h>
| #endif
| #ifdef HAVE_STDINT_H
| # include <stdint.h>
| #endif
| #ifdef HAVE_UNISTD_H
| # include <unistd.h>
| #endif
| int
| main ()
| {
| static int test_array [1 - 2 * !(((long int) (sizeof (int))) <= 3)];
| test_array [0] = 0;
| return test_array [0];
| 
|   ;
|   return 0;
| }
configure:11897: /home/will/Downloads/android/ffmpeg-android/toolchain-android/bin/arm-linux-androideabi-gcc --sysroot=/home/will/Downloads/android/ffmpeg-android/toolchain-android/sysroot -c -g -O2  conftest.c >&5
configure:11897: $? = 0
configure:11897: /home/will/Downloads/android/ffmpeg-android/toolchain-android/bin/arm-linux-androideabi-gcc --sysroot=/home/will/Downloads/android/ffmpeg-android/toolchain-android/sysroot -c -g -O2  conftest.c >&5
configure:11897: $? = 0
configure:11897: /home/will/Downloads/android/ffmpeg-android/toolchain-android/bin/arm-linux-androideabi-gcc --sysroot=/home/will/Downloads/android/ffmpeg-android/toolchain-android/sysroot -c -g -O2  conftest.c >&5
configure:11897: $? = 0
configure:11911: result: 4
configure:11925: checking size of long
configure:11930: /home/will/Downloads/android/ffmpeg-android/toolchain-android/bin/arm-linux-androideabi-gcc --sysroot=/home/will/Downloads/android/ffmpeg-android/toolchain-android/sysroot -c -g -O2  conftest.c >&5
configure:11930: $? = 0
configure:11930: /home/will/Downloads/android/ffmpeg-android/toolchain-android/bin/arm-linux-androideabi-gcc --sysroot=/home/will/Downloads/android/ffmpeg-android/toolchain-android/sysroot -c -g -O2  conftest.c >&5
conftest.c: In function 'main':
conftest.c:61:12: error: size of array 'test_array' is negative
 static int test_array [1 - 2 * !(((long int) (sizeof (long))) <= 0)];
            ^
configure:11930: $? = 1
configure: failed program was:
| /* confdefs.h */
| #define PACKAGE_NAME "FreeType"
| #define PACKAGE_TARNAME "freetype"
| #define PACKAGE_VERSION "2.5.3"
| #define PACKAGE_STRING "FreeType 2.5.3"
| #define PACKAGE_BUGREPORT "freetype@nongnu.org"
| #define PACKAGE_URL ""
| #define STDC_HEADERS 1
| #define HAVE_SYS_TYPES_H 1
| #define HAVE_SYS_STAT_H 1
| #define HAVE_STDLIB_H 1
| #define HAVE_STRING_H 1
| #define HAVE_MEMORY_H 1
| #define HAVE_STRINGS_H 1
| #define HAVE_INTTYPES_H 1
| #define HAVE_STDINT_H 1
| #define HAVE_UNISTD_H 1
| #define HAVE_DLFCN_H 1
| #define LT_OBJDIR ".libs/"
| #define STDC_HEADERS 1
| #define HAVE_FCNTL_H 1
| #define HAVE_UNISTD_H 1
| #define SIZEOF_INT 4
| /* end confdefs.h.  */
| #include <stdio.h>
| #ifdef HAVE_SYS_TYPES_H
| # include <sys/types.h>
| #endif
| #ifdef HAVE_SYS_STAT_H
| # include <sys/stat.h>
| #endif
| #ifdef STDC_HEADERS
| # include <stdlib.h>
| # include <stddef.h>
| #else
| # ifdef HAVE_STDLIB_H
| #  include <stdlib.h>
| # endif
| #endif
| #ifdef HAVE_STRING_H
| # if !defined STDC_HEADERS && defined HAVE_MEMORY_H
| #  include <memory.h>
| # endif
| # include <string.h>
| #endif
| #ifdef HAVE_STRINGS_H
| # include <strings.h>
| #endif
| #ifdef HAVE_INTTYPES_H
| # include <inttypes.h>
| #endif
| #ifdef HAVE_STDINT_H
| # include <stdint.h>
| #endif
| #ifdef HAVE_UNISTD_H
| # include <unistd.h>
| #endif
| int
| main ()
| {
| static int test_array [1 - 2 * !(((long int) (sizeof (long))) <= 0)];
| test_array [0] = 0;
| return test_array [0];
| 
|   ;
|   return 0;
| }
configure:11930: /home/will/Downloads/android/ffmpeg-android/toolchain-android/bin/arm-linux-androideabi-gcc --sysroot=/home/will/Downloads/android/ffmpeg-android/toolchain-android/sysroot -c -g -O2  conftest.c >&5
conftest.c: In function 'main':
conftest.c:61:12: error: size of array 'test_array' is negative
 static int test_array [1 - 2 * !(((long int) (sizeof (long))) <= 1)];
            ^
configure:11930: $? = 1
configure: failed program was:
| /* confdefs.h */
| #define PACKAGE_NAME "FreeType"
| #define PACKAGE_TARNAME "freetype"
| #define PACKAGE_VERSION "2.5.3"
| #define PACKAGE_STRING "FreeType 2.5.3"
| #define PACKAGE_BUGREPORT "freetype@nongnu.org"
| #define PACKAGE_URL ""
| #define STDC_HEADERS 1
| #define HAVE_SYS_TYPES_H 1
| #define HAVE_SYS_STAT_H 1
| #define HAVE_STDLIB_H 1
| #define HAVE_STRING_H 1
| #define HAVE_MEMORY_H 1
| #define HAVE_STRINGS_H 1
| #define HAVE_INTTYPES_H 1
| #define HAVE_STDINT_H 1
| #define HAVE_UNISTD_H 1
| #define HAVE_DLFCN_H 1
| #define LT_OBJDIR ".libs/"
| #define STDC_HEADERS 1
| #define HAVE_FCNTL_H 1
| #define HAVE_UNISTD_H 1
| #define SIZEOF_INT 4
| /* end confdefs.h.  */
| #include <stdio.h>
| #ifdef HAVE_SYS_TYPES_H
| # include <sys/types.h>
| #endif
| #ifdef HAVE_SYS_STAT_H
| # include <sys/stat.h>
| #endif
| #ifdef STDC_HEADERS
| # include <stdlib.h>
| # include <stddef.h>
| #else
| # ifdef HAVE_STDLIB_H
| #  include <stdlib.h>
| # endif
| #endif
| #ifdef HAVE_STRING_H
| # if !defined STDC_HEADERS && defined HAVE_MEMORY_H
| #  include <memory.h>
| # endif
| # include <string.h>
| #endif
| #ifdef HAVE_STRINGS_H
| # include <strings.h>
| #endif
| #ifdef HAVE_INTTYPES_H
| # include <inttypes.h>
| #endif
| #ifdef HAVE_STDINT_H
| # include <stdint.h>
| #endif
| #ifdef HAVE_UNISTD_H
| # include <unistd.h>
| #endif
| int
| main ()
| {
| static int test_array [1 - 2 * !(((long int) (sizeof (long))) <= 1)];
| test_array [0] = 0;
| return test_array [0];
| 
|   ;
|   return 0;
| }
configure:11930: /home/will/Downloads/android/ffmpeg-android/toolchain-android/bin/arm-linux-androideabi-gcc --sysroot=/home/will/Downloads/android/ffmpeg-android/toolchain-android/sysroot -c -g -O2  conftest.c >&5
conftest.c: In function 'main':
conftest.c:61:12: error: size of array 'test_array' is negative
 static int test_array [1 - 2 * !(((long int) (sizeof (long))) <= 3)];
            ^
configure:11930: $? = 1
configure: failed program was:
| /* confdefs.h */
| #define PACKAGE_NAME "FreeType"
| #define PACKAGE_TARNAME "freetype"
| #define PACKAGE_VERSION "2.5.3"
| #define PACKAGE_STRING "FreeType 2.5.3"
| #define PACKAGE_BUGREPORT "freetype@nongnu.org"
| #define PACKAGE_URL ""
| #define STDC_HEADERS 1
| #define HAVE_SYS_TYPES_H 1
| #define HAVE_SYS_STAT_H 1
| #define HAVE_STDLIB_H 1
| #define HAVE_STRING_H 1
| #define HAVE_MEMORY_H 1
| #define HAVE_STRINGS_H 1
| #define HAVE_INTTYPES_H 1
| #define HAVE_STDINT_H 1
| #define HAVE_UNISTD_H 1
| #define HAVE_DLFCN_H 1
| #define LT_OBJDIR ".libs/"
| #define STDC_HEADERS 1
| #define HAVE_FCNTL_H 1
| #define HAVE_UNISTD_H 1
| #define SIZEOF_INT 4
| /* end confdefs.h.  */
| #include <stdio.h>
| #ifdef HAVE_SYS_TYPES_H
| # include <sys/types.h>
| #endif
| #ifdef HAVE_SYS_STAT_H
| # include <sys/stat.h>
| #endif
| #ifdef STDC_HEADERS
| # include <stdlib.h>
| # include <stddef.h>
| #else
| # ifdef HAVE_STDLIB_H
| #  include <stdlib.h>
| # endif
| #endif
| #ifdef HAVE_STRING_H
| # if !defined STDC_HEADERS && defined HAVE_MEMORY_H
| #  include <memory.h>
| # endif
| # include <string.h>
| #endif
| #ifdef HAVE_STRINGS_H
| # include <strings.h>
| #endif
| #ifdef HAVE_INTTYPES_H
| # include <inttypes.h>
| #endif
| #ifdef HAVE_STDINT_H
| # include <stdint.h>
| #endif
| #ifdef HAVE_UNISTD_H
| # include <unistd.h>
| #endif
| int
| main ()
| {
| static int test_array [1 - 2 * !(((long int) (sizeof (long))) <= 3)];
| test_array [0] = 0;
| return test_array [0];
| 
|   ;
|   return 0;
| }
configure:11930: /home/will/Downloads/android/ffmpeg-android/toolchain-android/bin/arm-linux-androideabi-gcc --sysroot=/home/will/Downloads/android/ffmpeg-android/toolchain-android/sysroot -c -g -O2  conftest.c >&5
configure:11930: $? = 0
configure:11930: /home/will/Downloads/android/ffmpeg-android/toolchain-android/bin/arm-linux-androideabi-gcc --sysroot=/home/will/Downloads/android/ffmpeg-android/toolchain-android/sysroot -c -g -O2  conftest.c >&5
configure:11930: $? = 0
configure:11930: /home/will/Downloads/android/ffmpeg-android/toolchain-android/bin/arm-linux-androideabi-gcc --sysroot=/home/will/Downloads/android/ffmpeg-android/toolchain-android/sysroot -c -g -O2  conftest.c >&5
configure:11930: $? = 0
configure:11944: result: 4
configure:11958: checking whether cpp computation of bit length in ftconfig.in works
configure:12015: result: yes
configure:12053: checking for stdlib.h
configure:12053: result: yes
configure:12053: checking for unistd.h
configure:12053: result: yes
configure:12053: checking for sys/param.h
configure:12053: /home/will/Downloads/android/ffmpeg-android/toolchain-android/bin/arm-linux-androideabi-gcc --sysroot=/home/will/Downloads/android/ffmpeg-android/toolchain-android/sysroot -c -g -O2  conftest.c >&5
configure:12053: $? = 0
configure:12053: result: yes
configure:12073: checking for getpagesize
configure:12073: /home/will/Downloads/android/ffmpeg-android/toolchain-android/bin/arm-linux-androideabi-gcc --sysroot=/home/will/Downloads/android/ffmpeg-android/toolchain-android/sysroot -o conftest -g -O2   conftest.c  >&5
configure:12073: $? = 0
configure:12073: result: yes
configure:12082: checking for working mmap
configure:12239: result: no
configure:12307: checking for memcpy
configure:12307: /home/will/Downloads/android/ffmpeg-android/toolchain-android/bin/arm-linux-androideabi-gcc --sysroot=/home/will/Downloads/android/ffmpeg-android/toolchain-android/sysroot -o conftest -g -O2   conftest.c  >&5
conftest.c:53:6: warning: conflicting types for built-in function 'memcpy'
 char memcpy ();
      ^
configure:12307: $? = 0
configure:12307: result: yes
configure:12307: checking for memmove
configure:12307: /home/will/Downloads/android/ffmpeg-android/toolchain-android/bin/arm-linux-androideabi-gcc --sysroot=/home/will/Downloads/android/ffmpeg-android/toolchain-android/sysroot -o conftest -g -O2   conftest.c  >&5
conftest.c:54:6: warning: conflicting types for built-in function 'memmove'
 char memmove ();
      ^
configure:12307: $? = 0
configure:12307: result: yes
configure:12356: checking gcc compiler flag -pedantic to assure ANSI C works correctly
configure:12383: /home/will/Downloads/android/ffmpeg-android/toolchain-android/bin/arm-linux-androideabi-gcc --sysroot=/home/will/Downloads/android/ffmpeg-android/toolchain-android/sysroot -c -g -O2  -pedantic  conftest.c >&5
configure:12383: $? = 0
configure:12384: result: ok, add it to XX_ANSIFLAGS
configure:12356: checking gcc compiler flag -ansi to assure ANSI C works correctly
configure:12383: /home/will/Downloads/android/ffmpeg-android/toolchain-android/bin/arm-linux-androideabi-gcc --sysroot=/home/will/Downloads/android/ffmpeg-android/toolchain-android/sysroot -c -g -O2  -pedantic -ansi  conftest.c >&5
configure:12383: $? = 0
configure:12384: result: ok, add it to XX_ANSIFLAGS
configure:12448: $PKG_CONFIG --exists --print-errors "$zlib_pkg"
Package zlib was not found in the pkg-config search path.
Perhaps you should add the directory containing `zlib.pc'
to the PKG_CONFIG_PATH environment variable
No package 'zlib' found
configure:12451: $? = 1
configure:12458: checking for ZLIB
configure:12465: $PKG_CONFIG --exists --print-errors "$zlib_pkg"
Package zlib was not found in the pkg-config search path.
Perhaps you should add the directory containing `zlib.pc'
to the PKG_CONFIG_PATH environment variable
No package 'zlib' found
configure:12468: $? = 1
configure:12482: $PKG_CONFIG --exists --print-errors "$zlib_pkg"
Package zlib was not found in the pkg-config search path.
Perhaps you should add the directory containing `zlib.pc'
to the PKG_CONFIG_PATH environment variable
No package 'zlib' found
configure:12485: $? = 1
configure:12499: result: no
No package 'zlib' found
configure:12543: checking for gzsetparams in -lz
configure:12568: /home/will/Downloads/android/ffmpeg-android/toolchain-android/bin/arm-linux-androideabi-gcc --sysroot=/home/will/Downloads/android/ffmpeg-android/toolchain-android/sysroot -o conftest -g -O2   conftest.c -lz   >&5
configure:12568: $? = 0
configure:12577: result: yes
configure:12580: checking zlib.h usability
configure:12580: /home/will/Downloads/android/ffmpeg-android/toolchain-android/bin/arm-linux-androideabi-gcc --sysroot=/home/will/Downloads/android/ffmpeg-android/toolchain-android/sysroot -c -g -O2  conftest.c >&5
configure:12580: $? = 0
configure:12580: result: yes
configure:12580: checking zlib.h presence
configure:12580: /home/will/Downloads/android/ffmpeg-android/toolchain-android/bin/arm-linux-androideabi-cpp  conftest.c
configure:12580: $? = 0
configure:12580: result: yes
configure:12580: checking for zlib.h
configure:12580: result: yes
configure:12618: $PKG_CONFIG --exists --print-errors "$bzip2_pkg"
Package bzip2 was not found in the pkg-config search path.
Perhaps you should add the directory containing `bzip2.pc'
to the PKG_CONFIG_PATH environment variable
No package 'bzip2' found
configure:12621: $? = 1
configure:12628: checking for BZIP2
configure:12635: $PKG_CONFIG --exists --print-errors "$bzip2_pkg"
Package bzip2 was not found in the pkg-config search path.
Perhaps you should add the directory containing `bzip2.pc'
to the PKG_CONFIG_PATH environment variable
No package 'bzip2' found
configure:12638: $? = 1
configure:12652: $PKG_CONFIG --exists --print-errors "$bzip2_pkg"
Package bzip2 was not found in the pkg-config search path.
Perhaps you should add the directory containing `bzip2.pc'
to the PKG_CONFIG_PATH environment variable
No package 'bzip2' found
configure:12655: $? = 1
configure:12669: result: no
No package 'bzip2' found
configure:12713: checking for BZ2_bzDecompress in -lbz2
configure:12738: /home/will/Downloads/android/ffmpeg-android/toolchain-android/bin/arm-linux-androideabi-gcc --sysroot=/home/will/Downloads/android/ffmpeg-android/toolchain-android/sysroot -o conftest -g -O2   conftest.c -lbz2   >&5
/home/will/Downloads/android/ffmpeg-android/toolchain-android/bin/../lib/gcc/arm-linux-androideabi/4.9/../../../../arm-linux-androideabi/bin/ld: error: cannot find -lbz2
conftest.c:43: error: undefined reference to 'BZ2_bzDecompress'
collect2: error: ld returned 1 exit status
configure:12738: $? = 1
configure: failed program was:
| /* confdefs.h */
| #define PACKAGE_NAME "FreeType"
| #define PACKAGE_TARNAME "freetype"
| #define PACKAGE_VERSION "2.5.3"
| #define PACKAGE_STRING "FreeType 2.5.3"
| #define PACKAGE_BUGREPORT "freetype@nongnu.org"
| #define PACKAGE_URL ""
| #define STDC_HEADERS 1
| #define HAVE_SYS_TYPES_H 1
| #define HAVE_SYS_STAT_H 1
| #define HAVE_STDLIB_H 1
| #define HAVE_STRING_H 1
| #define HAVE_MEMORY_H 1
| #define HAVE_STRINGS_H 1
| #define HAVE_INTTYPES_H 1
| #define HAVE_STDINT_H 1
| #define HAVE_UNISTD_H 1
| #define HAVE_DLFCN_H 1
| #define LT_OBJDIR ".libs/"
| #define STDC_HEADERS 1
| #define HAVE_FCNTL_H 1
| #define HAVE_UNISTD_H 1
| #define SIZEOF_INT 4
| #define SIZEOF_LONG 4
| #define HAVE_STDLIB_H 1
| #define HAVE_UNISTD_H 1
| #define HAVE_SYS_PARAM_H 1
| #define HAVE_GETPAGESIZE 1
| #define HAVE_MEMCPY 1
| #define HAVE_MEMMOVE 1
| /* end confdefs.h.  */
| 
| /* Override any GCC internal prototype to avoid an error.
|    Use char because int might match the return type of a GCC
|    builtin and then its argument prototype would still apply.  */
| #ifdef __cplusplus
| extern "C"
| #endif
| char BZ2_bzDecompress ();
| int
| main ()
| {
| return BZ2_bzDecompress ();
|   ;
|   return 0;
| }
configure:12747: result: no
configure:12788: $PKG_CONFIG --exists --print-errors "$libpng_pkg"
configure:12791: $? = 0
configure:12798: checking for LIBPNG
configure:12805: $PKG_CONFIG --exists --print-errors "$libpng_pkg"
configure:12808: $? = 0
configure:12822: $PKG_CONFIG --exists --print-errors "$libpng_pkg"
configure:12825: $? = 0
configure:12863: result: yes
configure:12924: $PKG_CONFIG --exists --print-errors "$harfbuzz_pkg"
Package harfbuzz was not found in the pkg-config search path.
Perhaps you should add the directory containing `harfbuzz.pc'
to the PKG_CONFIG_PATH environment variable
No package 'harfbuzz' found
configure:12927: $? = 1
configure:12934: checking for HARFBUZZ
configure:12941: $PKG_CONFIG --exists --print-errors "$harfbuzz_pkg"
Package harfbuzz was not found in the pkg-config search path.
Perhaps you should add the directory containing `harfbuzz.pc'
to the PKG_CONFIG_PATH environment variable
No package 'harfbuzz' found
configure:12944: $? = 1
configure:12958: $PKG_CONFIG --exists --print-errors "$harfbuzz_pkg"
Package harfbuzz was not found in the pkg-config search path.
Perhaps you should add the directory containing `harfbuzz.pc'
to the PKG_CONFIG_PATH environment variable
No package 'harfbuzz' found
configure:12961: $? = 1
configure:12975: result: no
No package 'harfbuzz' found
configure:13832: creating ./config.status

## ---------------------- ##
## Running config.status. ##
## ---------------------- ##

This file was extended by FreeType config.status 2.5.3, which was
generated by GNU Autoconf 2.69.  Invocation command line was

  CONFIG_FILES    = 
  CONFIG_HEADERS  = 
  CONFIG_LINKS    = 
  CONFIG_COMMANDS = 
  $ ./config.status 

on will-acer-server

config.status:1083: creating unix-cc.mk
config.status:1083: creating unix-def.mk
config.status:1083: creating ftconfig.h
config.status:1272: executing libtool commands
configure:15937:

Library configuration:
  external zlib: yes (autoconf test)
  bzip2:         no
  libpng:        yes (pkg-config)
  harfbuzz:      no


## ---------------- ##
## Cache variables. ##
## ---------------- ##

ac_cv_build=x86_64-unknown-linux-gnu
ac_cv_c_compiler_gnu=yes
ac_cv_c_const=yes
ac_cv_env_BZIP2_CFLAGS_set=
ac_cv_env_BZIP2_CFLAGS_value=
ac_cv_env_BZIP2_LIBS_set=
ac_cv_env_BZIP2_LIBS_value=
ac_cv_env_CC_set=set
ac_cv_env_CC_value='/home/will/Downloads/android/ffmpeg-android/toolchain-android/bin/arm-linux-androideabi-gcc --sysroot=/home/will/Downloads/android/ffmpeg-android/toolchain-android/sysroot'
ac_cv_env_CFLAGS_set=
ac_cv_env_CFLAGS_value=
ac_cv_env_CPPFLAGS_set=
ac_cv_env_CPPFLAGS_value=
ac_cv_env_CPP_set=set
ac_cv_env_CPP_value=/home/will/Downloads/android/ffmpeg-android/toolchain-android/bin/arm-linux-androideabi-cpp
ac_cv_env_HARFBUZZ_CFLAGS_set=
ac_cv_env_HARFBUZZ_CFLAGS_value=
ac_cv_env_HARFBUZZ_LIBS_set=
ac_cv_env_HARFBUZZ_LIBS_value=
ac_cv_env_LDFLAGS_set=
ac_cv_env_LDFLAGS_value=
ac_cv_env_LIBPNG_CFLAGS_set=
ac_cv_env_LIBPNG_CFLAGS_value=
ac_cv_env_LIBPNG_LIBS_set=
ac_cv_env_LIBPNG_LIBS_value=
ac_cv_env_LIBS_set=
ac_cv_env_LIBS_value=
ac_cv_env_PKG_CONFIG_LIBDIR_set=set
ac_cv_env_PKG_CONFIG_LIBDIR_value=/home/will/Downloads/android/ffmpeg-android/toolchain-android/lib/pkgconfig
ac_cv_env_PKG_CONFIG_PATH_set=
ac_cv_env_PKG_CONFIG_PATH_value=
ac_cv_env_PKG_CONFIG_set=
ac_cv_env_PKG_CONFIG_value=
ac_cv_env_ZLIB_CFLAGS_set=
ac_cv_env_ZLIB_CFLAGS_value=
ac_cv_env_ZLIB_LIBS_set=
ac_cv_env_ZLIB_LIBS_value=
ac_cv_env_build_alias_set=
ac_cv_env_build_alias_value=
ac_cv_env_host_alias_set=set
ac_cv_env_host_alias_value=arm-linux-androideabi
ac_cv_env_target_alias_set=
ac_cv_env_target_alias_value=
ac_cv_func_getpagesize=yes
ac_cv_func_memcpy=yes
ac_cv_func_memmove=yes
ac_cv_func_mmap_fixed_mapped=no
ac_cv_header_dlfcn_h=yes
ac_cv_header_fcntl_h=yes
ac_cv_header_inttypes_h=yes
ac_cv_header_memory_h=yes
ac_cv_header_stdc=yes
ac_cv_header_stdint_h=yes
ac_cv_header_stdlib_h=yes
ac_cv_header_string_h=yes
ac_cv_header_strings_h=yes
ac_cv_header_sys_param_h=yes
ac_cv_header_sys_stat_h=yes
ac_cv_header_sys_types_h=yes
ac_cv_header_unistd_h=yes
ac_cv_header_zlib_h=yes
ac_cv_host=arm-unknown-linux-androideabi
ac_cv_lib_bz2_BZ2_bzDecompress=no
ac_cv_lib_z_gzsetparams=yes
ac_cv_objext=o
ac_cv_path_EGREP='/bin/grep -E'
ac_cv_path_FGREP='/bin/grep -F'
ac_cv_path_GREP=/bin/grep
ac_cv_path_SED=/bin/sed
ac_cv_path_ac_pt_PKG_CONFIG=/usr/bin/pkg-config
ac_cv_path_install='/usr/bin/install -c'
ac_cv_prog_AR=/home/will/Downloads/android/ffmpeg-android/toolchain-android/bin/arm-linux-androideabi-ar
ac_cv_prog_AWK=mawk
ac_cv_prog_CC='/home/will/Downloads/android/ffmpeg-android/toolchain-android/bin/arm-linux-androideabi-gcc --sysroot=/home/will/Downloads/android/ffmpeg-android/toolchain-android/sysroot'
ac_cv_prog_CC_BUILD=gcc
ac_cv_prog_CPP=/home/will/Downloads/android/ffmpeg-android/toolchain-android/bin/arm-linux-androideabi-cpp
ac_cv_prog_OBJDUMP=/home/will/Downloads/android/ffmpeg-android/toolchain-android/bin/arm-linux-androideabi-objdump
ac_cv_prog_RANLIB=/home/will/Downloads/android/ffmpeg-android/toolchain-android/bin/arm-linux-androideabi-ranlib
ac_cv_prog_RMDIR=rmdir
ac_cv_prog_STRIP=/home/will/Downloads/android/ffmpeg-android/toolchain-android/bin/arm-linux-androideabi-strip
ac_cv_prog_ac_ct_MANIFEST_TOOL=mt
ac_cv_prog_cc_c89=
ac_cv_prog_cc_g=yes
ac_cv_sizeof_int=4
ac_cv_sizeof_long=4
lt_cv_ar_at_file=@
lt_cv_deplibs_check_method=pass_all
lt_cv_file_magic_cmd='$MAGIC_CMD'
lt_cv_file_magic_test_file=
lt_cv_ld_reload_flag=-r
lt_cv_nm_interface='BSD nm'
lt_cv_objdir=.libs
lt_cv_path_LD=/home/will/Downloads/android/ffmpeg-android/toolchain-android/bin/arm-linux-androideabi-ld
lt_cv_path_NM=/home/will/Downloads/android/ffmpeg-android/toolchain-android/bin/arm-linux-androideabi-nm
lt_cv_path_mainfest_tool=no
lt_cv_prog_compiler_c_o=yes
lt_cv_prog_compiler_pic='-fPIC -DPIC'
lt_cv_prog_compiler_pic_works=yes
lt_cv_prog_compiler_rtti_exceptions=no
lt_cv_prog_compiler_static_works=yes
lt_cv_prog_gnu_ld=yes
lt_cv_sharedlib_from_linklib_cmd='printf %s\n'
lt_cv_shlibpath_overrides_runpath=yes
lt_cv_sys_global_symbol_pipe='sed -n -e '\''s/^.*[	 ]\([ABCDGIRSTW][ABCDGIRSTW]*\)[	 ][	 ]*\([_A-Za-z][_A-Za-z0-9]*\)$/\1 \2 \2/p'\'' | sed '\''/ __gnu_lto/d'\'''
lt_cv_sys_global_symbol_to_c_name_address='sed -n -e '\''s/^: \([^ ]*\)[ ]*$/  {\"\1\", (void *) 0},/p'\'' -e '\''s/^[ABCDGIRSTW]* \([^ ]*\) \([^ ]*\)$/  {"\2", (void *) \&\2},/p'\'''
lt_cv_sys_global_symbol_to_c_name_address_lib_prefix='sed -n -e '\''s/^: \([^ ]*\)[ ]*$/  {\"\1\", (void *) 0},/p'\'' -e '\''s/^[ABCDGIRSTW]* \([^ ]*\) \(lib[^ ]*\)$/  {"\2", (void *) \&\2},/p'\'' -e '\''s/^[ABCDGIRSTW]* \([^ ]*\) \([^ ]*\)$/  {"lib\2", (void *) \&\2},/p'\'''
lt_cv_sys_global_symbol_to_cdecl='sed -n -e '\''s/^T .* \(.*\)$/extern int \1();/p'\'' -e '\''s/^[ABCDGIRSTW]* .* \(.*\)$/extern char \1;/p'\'''
lt_cv_sys_max_cmd_len=3458764513820540925
lt_cv_to_host_file_cmd=func_convert_file_noop
lt_cv_to_tool_file_cmd=func_convert_file_noop
pkg_cv_LIBPNG_CFLAGS='-I/home/will/Downloads/android/ffmpeg-android/toolchain-android/include/libpng16  '
pkg_cv_LIBPNG_LIBS='-L/home/will/Downloads/android/ffmpeg-android/toolchain-android/lib -lpng16  '

## ----------------- ##
## Output variables. ##
## ----------------- ##

AR='/home/will/Downloads/android/ffmpeg-android/toolchain-android/bin/arm-linux-androideabi-ar'
AS='/home/will/Downloads/android/ffmpeg-android/toolchain-android/bin/arm-linux-androideabi-as'
AWK='mawk'
BZIP2_CFLAGS=''
BZIP2_LIBS=''
CC='/home/will/Downloads/android/ffmpeg-android/toolchain-android/bin/arm-linux-androideabi-gcc --sysroot=/home/will/Downloads/android/ffmpeg-android/toolchain-android/sysroot'
CC_BUILD='gcc'
CFLAGS='-g -O2  -DFT_CONFIG_OPTION_SYSTEM_ZLIB -I/home/will/Downloads/android/ffmpeg-android/toolchain-android/include/libpng16   -DFT_CONFIG_OPTION_USE_PNG'
CPP='/home/will/Downloads/android/ffmpeg-android/toolchain-android/bin/arm-linux-androideabi-cpp'
CPPFLAGS=''
DEFS='-DHAVE_CONFIG_H'
DLLTOOL='false'
DSYMUTIL=''
DUMPBIN=''
ECHO_C=''
ECHO_N='-n'
ECHO_T=''
EGREP='/bin/grep -E'
EXEEXT=''
EXEEXT_BUILD=''
FGREP='/bin/grep -F'
FTSYS_SRC='$(BASE_DIR)/ftsystem.c'
GREP='/bin/grep'
HARFBUZZ_CFLAGS=''
HARFBUZZ_LIBS=''
INSTALL_DATA='${INSTALL} -m 644'
INSTALL_PROGRAM='${INSTALL}'
INSTALL_SCRIPT='${INSTALL}'
LD='/home/will/Downloads/android/ffmpeg-android/toolchain-android/bin/arm-linux-androideabi-ld'
LDFLAGS=' -lz -L/home/will/Downloads/android/ffmpeg-android/toolchain-android/lib -lpng16  '
LIBOBJS=''
LIBPNG_CFLAGS='-I/home/will/Downloads/android/ffmpeg-android/toolchain-android/include/libpng16  '
LIBPNG_LIBS='-L/home/will/Downloads/android/ffmpeg-android/toolchain-android/lib -lpng16  '
LIBS=''
LIBSSTATIC_CONFIG='-lfreetype -lz -L/home/will/Downloads/android/ffmpeg-android/toolchain-android/lib -lpng16 -lz -lm'
LIBS_CONFIG='-lfreetype -lz -L/home/will/Downloads/android/ffmpeg-android/toolchain-android/lib -lpng16'
LIBS_PRIVATE='-lz'
LIBTOOL='$(SHELL) $(top_builddir)/libtool'
LIPO=''
LN_S='ln -s'
LTLIBOBJS=''
MANIFEST_TOOL=':'
NM='/home/will/Downloads/android/ffmpeg-android/toolchain-android/bin/arm-linux-androideabi-nm'
NMEDIT=''
OBJDUMP='/home/will/Downloads/android/ffmpeg-android/toolchain-android/bin/arm-linux-androideabi-objdump'
OBJEXT='o'
OTOOL64=''
OTOOL=''
PACKAGE_BUGREPORT='freetype@nongnu.org'
PACKAGE_NAME='FreeType'
PACKAGE_STRING='FreeType 2.5.3'
PACKAGE_TARNAME='freetype'
PACKAGE_URL=''
PACKAGE_VERSION='2.5.3'
PATH_SEPARATOR=':'
PKG_CONFIG='/usr/bin/pkg-config'
PKG_CONFIG_LIBDIR='/home/will/Downloads/android/ffmpeg-android/toolchain-android/lib/pkgconfig'
PKG_CONFIG_PATH=''
RANLIB='/home/will/Downloads/android/ffmpeg-android/toolchain-android/bin/arm-linux-androideabi-ranlib'
REQUIRES_PRIVATE='libpng'
RMDIR='rmdir'
SED='/bin/sed'
SHELL='/bin/bash'
STRIP='/home/will/Downloads/android/ffmpeg-android/toolchain-android/bin/arm-linux-androideabi-strip'
XX_ANSIFLAGS=' -pedantic -ansi'
XX_CFLAGS='-Wall'
ZLIB_CFLAGS=''
ZLIB_LIBS='-lz'
ac_ct_AR=''
ac_ct_CC=''
ac_ct_DUMPBIN=''
bindir='${exec_prefix}/bin'
build='x86_64-unknown-linux-gnu'
build_alias=''
build_cpu='x86_64'
build_libtool_libs=''
build_os='linux-gnu'
build_vendor='unknown'
datadir='${datarootdir}'
datarootdir='${prefix}/share'
docdir='${datarootdir}/doc/${PACKAGE_TARNAME}'
dvidir='${docdir}'
exec_prefix='${prefix}'
ft_version='17.2.11'
ftmac_c=''
hardcode_libdir_flag_spec='${wl}-rpath ${wl}$libdir'
host='arm-unknown-linux-androideabi'
host_alias='arm-linux-androideabi'
host_cpu='arm'
host_os='linux-androideabi'
host_vendor='unknown'
htmldir='${docdir}'
includedir='${prefix}/include'
infodir='${datarootdir}/info'
libdir='${exec_prefix}/lib'
libexecdir='${exec_prefix}/libexec'
localedir='${datarootdir}/locale'
localstatedir='${prefix}/var'
mandir='${datarootdir}/man'
oldincludedir='/usr/include'
pdfdir='${docdir}'
prefix='/home/will/Downloads/android/ffmpeg-android/toolchain-android'
program_transform_name='s,x,x,'
psdir='${docdir}'
sbindir='${exec_prefix}/sbin'
sharedstatedir='${prefix}/com'
sysconfdir='${prefix}/etc'
target_alias=''
version_info='17:2:11'
wl='-Wl,'

## ----------- ##
## confdefs.h. ##
## ----------- ##

/* confdefs.h */
#define PACKAGE_NAME "FreeType"
#define PACKAGE_TARNAME "freetype"
#define PACKAGE_VERSION "2.5.3"
#define PACKAGE_STRING "FreeType 2.5.3"
#define PACKAGE_BUGREPORT "freetype@nongnu.org"
#define PACKAGE_URL ""
#define STDC_HEADERS 1
#define HAVE_SYS_TYPES_H 1
#define HAVE_SYS_STAT_H 1
#define HAVE_STDLIB_H 1
#define HAVE_STRING_H 1
#define HAVE_MEMORY_H 1
#define HAVE_STRINGS_H 1
#define HAVE_INTTYPES_H 1
#define HAVE_STDINT_H 1
#define HAVE_UNISTD_H 1
#define HAVE_DLFCN_H 1
#define LT_OBJDIR ".libs/"
#define STDC_HEADERS 1
#define HAVE_FCNTL_H 1
#define HAVE_UNISTD_H 1
#define SIZEOF_INT 4
#define SIZEOF_LONG 4
#define HAVE_STDLIB_H 1
#define HAVE_UNISTD_H 1
#define HAVE_SYS_PARAM_H 1
#define HAVE_GETPAGESIZE 1
#define HAVE_MEMCPY 1
#define HAVE_MEMMOVE 1

configure: exit 0
