This file contains any messages produced by compilers while
running configure, to aid debugging if configure makes a mistake.

It was created by fdk-aac configure 0.1.4, which was
generated by GNU Autoconf 2.69.  Invocation command line was

  $ ./configure --with-sysroot=/home/will/Downloads/android/ffmpeg-android/toolchain-android/sysroot --host=i686-linux --with-pic --enable-static --disable-shared --prefix=/home/will/Downloads/android/ffmpeg-android/toolchain-android --disable-cli

## --------- ##
## Platform. ##
## --------- ##

hostname = will-acer-server
uname -m = x86_64
uname -r = 3.16.0-46-generic
uname -s = Linux
uname -v = #62~14.04.1-Ubuntu SMP Tue Aug 11 16:27:16 UTC 2015

/usr/bin/uname -p = unknown
/bin/uname -X     = unknown

/bin/arch              = unknown
/usr/bin/arch -k       = unknown
/usr/convex/getsysinfo = unknown
/usr/bin/hostinfo      = unknown
/bin/machine           = unknown
/usr/bin/oslevel       = unknown
/bin/universe          = unknown

PATH: /home/will/bin
PATH: /usr/local/sbin
PATH: /usr/local/bin
PATH: /usr/sbin
PATH: /usr/bin
PATH: /sbin
PATH: /bin
PATH: /usr/games
PATH: /usr/local/games


## ----------- ##
## Core tests. ##
## ----------- ##

configure:2301: checking for a BSD-compatible install
configure:2369: result: /usr/bin/install -c
configure:2380: checking whether build environment is sane
configure:2435: result: yes
configure:2494: checking for i686-linux-strip
configure:2521: result: /home/will/Downloads/android/ffmpeg-android/toolchain-android/bin/i686-linux-android-strip
configure:2586: checking for a thread-safe mkdir -p
configure:2625: result: /bin/mkdir -p
configure:2632: checking for gawk
configure:2662: result: no
configure:2632: checking for mawk
configure:2648: found /usr/bin/mawk
configure:2659: result: mawk
configure:2670: checking whether make sets $(MAKE)
configure:2692: result: yes
configure:2721: checking whether make supports nested variables
configure:2738: result: yes
configure:2827: checking whether UID '1000' is supported by ustar format
configure:2830: result: yes
configure:2837: checking whether GID '1000' is supported by ustar format
configure:2840: result: yes
configure:2848: checking how to create a ustar tar archive
configure:2859: tar --version
tar (GNU tar) 1.27.1
Copyright (C) 2013 Free Software Foundation, Inc.
License GPLv3+: GNU GPL version 3 or later <http://gnu.org/licenses/gpl.html>.
This is free software: you are free to change and redistribute it.
There is NO WARRANTY, to the extent permitted by law.

Written by John Gilmore and Jay Fenlason.
configure:2862: $? = 0
configure:2902: tardir=conftest.dir && eval tar --format=ustar -chf - "$tardir" >conftest.tar
configure:2905: $? = 0
configure:2909: tar -xf - <conftest.tar
configure:2912: $? = 0
configure:2914: cat conftest.dir/file
GrepMe
configure:2917: $? = 0
configure:2930: result: gnutar
configure:2990: checking whether make supports nested variables
configure:3007: result: yes
configure:3044: checking for i686-linux-gcc
configure:3071: result: /home/will/Downloads/android/ffmpeg-android/toolchain-android/bin/i686-linux-android-gcc --sysroot=/home/will/Downloads/android/ffmpeg-android/toolchain-android/sysroot
configure:3340: checking for C compiler version
configure:3349: /home/will/Downloads/android/ffmpeg-android/toolchain-android/bin/i686-linux-android-gcc --sysroot=/home/will/Downloads/android/ffmpeg-android/toolchain-android/sysroot --version >&5
i686-linux-android-gcc (GCC) 4.9 20140827 (prerelease)
Copyright (C) 2014 Free Software Foundation, Inc.
This is free software; see the source for copying conditions.  There is NO
warranty; not even for MERCHANTABILITY or FITNESS FOR A PARTICULAR PURPOSE.

configure:3360: $? = 0
configure:3349: /home/will/Downloads/android/ffmpeg-android/toolchain-android/bin/i686-linux-android-gcc --sysroot=/home/will/Downloads/android/ffmpeg-android/toolchain-android/sysroot -v >&5
Using built-in specs.
COLLECT_GCC=/home/will/Downloads/android/ffmpeg-android/toolchain-android/bin/i686-linux-android-gcc
COLLECT_LTO_WRAPPER=/home/will/Downloads/android/ffmpeg-android/toolchain-android/bin/../libexec/gcc/i686-linux-android/4.9/lto-wrapper
Target: i686-linux-android
Configured with: /s/ndk-toolchain/src/build/../gcc/gcc-4.9/configure --prefix=/tmp/ndk-andrewhsieh/build/toolchain/prefix --target=i686-linux-android --host=x86_64-linux-gnu --build=x86_64-linux-gnu --with-gnu-as --with-gnu-ld --enable-languages=c,c++ --with-gmp=/tmp/ndk-andrewhsieh/build/toolchain/temp-install --with-mpfr=/tmp/ndk-andrewhsieh/build/toolchain/temp-install --with-mpc=/tmp/ndk-andrewhsieh/build/toolchain/temp-install --with-cloog=/tmp/ndk-andrewhsieh/build/toolchain/temp-install --with-isl=/tmp/ndk-andrewhsieh/build/toolchain/temp-install --with-ppl=/tmp/ndk-andrewhsieh/build/toolchain/temp-install --disable-ppl-version-check --disable-cloog-version-check --disable-isl-version-check --enable-cloog-backend=isl --with-host-libstdcxx='-static-libgcc -Wl,-Bstatic,-lstdc++,-Bdynamic -lm' --disable-libssp --enable-threads --disable-nls --disable-libmudflap --disable-libgomp --disable-libstdc__-v3 --disable-sjlj-exceptions --disable-shared --disable-tls --disable-libitm --with-arch=i686 --with-tune=intel --with-fpmath=sse --enable-initfini-array --disable-nls --prefix=/tmp/ndk-andrewhsieh/build/toolchain/prefix --with-sysroot=/tmp/ndk-andrewhsieh/build/toolchain/prefix/sysroot --with-binutils-version=2.25 --with-mpfr-version=3.1.1 --with-mpc-version=1.0.1 --with-gmp-version=5.0.5 --with-gcc-version=4.9 --with-gdb-version=7.7 --with-python=/usr/local/google/home/andrewhsieh/mydroid/ndk/prebuilt/linux-x86_64/bin/python-config.sh --with-gxx-include-dir=/tmp/ndk-andrewhsieh/build/toolchain/prefix/include/c++/4.9 --with-bugurl=http://source.android.com/source/report-bugs.html --enable-languages=c,c++ --disable-bootstrap --enable-plugins --enable-libgomp --enable-gnu-indirect-function --disable-libcilkrts --disable-libsanitizer --enable-gold --enable-threads --enable-graphite=yes --with-cloog-version=0.18.0 --with-isl-version=0.11.1 --enable-eh-frame-hdr-for-static --program-transform-name='s&^&i686-linux-android-&' --enable-gold=default
Thread model: posix
gcc version 4.9 20140827 (prerelease) (GCC) 
configure:3360: $? = 0
configure:3349: /home/will/Downloads/android/ffmpeg-android/toolchain-android/bin/i686-linux-android-gcc --sysroot=/home/will/Downloads/android/ffmpeg-android/toolchain-android/sysroot -V >&5
i686-linux-android-gcc: error: unrecognized command line option '-V'
i686-linux-android-gcc: fatal error: no input files
compilation terminated.
configure:3360: $? = 1
configure:3349: /home/will/Downloads/android/ffmpeg-android/toolchain-android/bin/i686-linux-android-gcc --sysroot=/home/will/Downloads/android/ffmpeg-android/toolchain-android/sysroot -qversion >&5
i686-linux-android-gcc: error: unrecognized command line option '-qversion'
i686-linux-android-gcc: fatal error: no input files
compilation terminated.
configure:3360: $? = 1
configure:3380: checking whether the C compiler works
configure:3402: /home/will/Downloads/android/ffmpeg-android/toolchain-android/bin/i686-linux-android-gcc --sysroot=/home/will/Downloads/android/ffmpeg-android/toolchain-android/sysroot    conftest.c  >&5
configure:3406: $? = 0
configure:3454: result: yes
configure:3457: checking for C compiler default output file name
configure:3459: result: a.out
configure:3465: checking for suffix of executables
configure:3472: /home/will/Downloads/android/ffmpeg-android/toolchain-android/bin/i686-linux-android-gcc --sysroot=/home/will/Downloads/android/ffmpeg-android/toolchain-android/sysroot -o conftest    conftest.c  >&5
configure:3476: $? = 0
configure:3498: result: 
configure:3520: checking whether we are cross compiling
configure:3528: /home/will/Downloads/android/ffmpeg-android/toolchain-android/bin/i686-linux-android-gcc --sysroot=/home/will/Downloads/android/ffmpeg-android/toolchain-android/sysroot -o conftest    conftest.c  >&5
configure:3532: $? = 0
configure:3539: ./conftest
./configure: line 3541: ./conftest: No such file or directory
configure:3543: $? = 127
configure:3558: result: yes
configure:3563: checking for suffix of object files
configure:3585: /home/will/Downloads/android/ffmpeg-android/toolchain-android/bin/i686-linux-android-gcc --sysroot=/home/will/Downloads/android/ffmpeg-android/toolchain-android/sysroot -c   conftest.c >&5
configure:3589: $? = 0
configure:3610: result: o
configure:3614: checking whether we are using the GNU C compiler
configure:3633: /home/will/Downloads/android/ffmpeg-android/toolchain-android/bin/i686-linux-android-gcc --sysroot=/home/will/Downloads/android/ffmpeg-android/toolchain-android/sysroot -c   conftest.c >&5
configure:3633: $? = 0
configure:3642: result: yes
configure:3651: checking whether /home/will/Downloads/android/ffmpeg-android/toolchain-android/bin/i686-linux-android-gcc --sysroot=/home/will/Downloads/android/ffmpeg-android/toolchain-android/sysroot accepts -g
configure:3671: /home/will/Downloads/android/ffmpeg-android/toolchain-android/bin/i686-linux-android-gcc --sysroot=/home/will/Downloads/android/ffmpeg-android/toolchain-android/sysroot -c -g  conftest.c >&5
configure:3671: $? = 0
configure:3712: result: yes
configure:3729: checking for /home/will/Downloads/android/ffmpeg-android/toolchain-android/bin/i686-linux-android-gcc --sysroot=/home/will/Downloads/android/ffmpeg-android/toolchain-android/sysroot option to accept ISO C89
configure:3792: /home/will/Downloads/android/ffmpeg-android/toolchain-android/bin/i686-linux-android-gcc --sysroot=/home/will/Downloads/android/ffmpeg-android/toolchain-android/sysroot  -c -g -O2  conftest.c >&5
configure:3792: $? = 0
configure:3805: result: none needed
configure:3830: checking whether /home/will/Downloads/android/ffmpeg-android/toolchain-android/bin/i686-linux-android-gcc --sysroot=/home/will/Downloads/android/ffmpeg-android/toolchain-android/sysroot understands -c and -o together
configure:3852: /home/will/Downloads/android/ffmpeg-android/toolchain-android/bin/i686-linux-android-gcc --sysroot=/home/will/Downloads/android/ffmpeg-android/toolchain-android/sysroot -c conftest.c -o conftest2.o
configure:3855: $? = 0
configure:3852: /home/will/Downloads/android/ffmpeg-android/toolchain-android/bin/i686-linux-android-gcc --sysroot=/home/will/Downloads/android/ffmpeg-android/toolchain-android/sysroot -c conftest.c -o conftest2.o
configure:3855: $? = 0
configure:3867: result: yes
configure:3895: checking for style of include used by make
configure:3923: result: GNU
configure:3949: checking dependency style of /home/will/Downloads/android/ffmpeg-android/toolchain-android/bin/i686-linux-android-gcc --sysroot=/home/will/Downloads/android/ffmpeg-android/toolchain-android/sysroot
configure:4060: result: gcc3
configure:4187: checking for C++ compiler version
configure:4196: /home/will/Downloads/android/ffmpeg-android/toolchain-android/bin/i686-linux-android-g++ --version >&5
i686-linux-android-g++ (GCC) 4.9 20140827 (prerelease)
Copyright (C) 2014 Free Software Foundation, Inc.
This is free software; see the source for copying conditions.  There is NO
warranty; not even for MERCHANTABILITY or FITNESS FOR A PARTICULAR PURPOSE.

configure:4207: $? = 0
configure:4196: /home/will/Downloads/android/ffmpeg-android/toolchain-android/bin/i686-linux-android-g++ -v >&5
Using built-in specs.
COLLECT_GCC=/home/will/Downloads/android/ffmpeg-android/toolchain-android/bin/i686-linux-android-g++
COLLECT_LTO_WRAPPER=/home/will/Downloads/android/ffmpeg-android/toolchain-android/bin/../libexec/gcc/i686-linux-android/4.9/lto-wrapper
Target: i686-linux-android
Configured with: /s/ndk-toolchain/src/build/../gcc/gcc-4.9/configure --prefix=/tmp/ndk-andrewhsieh/build/toolchain/prefix --target=i686-linux-android --host=x86_64-linux-gnu --build=x86_64-linux-gnu --with-gnu-as --with-gnu-ld --enable-languages=c,c++ --with-gmp=/tmp/ndk-andrewhsieh/build/toolchain/temp-install --with-mpfr=/tmp/ndk-andrewhsieh/build/toolchain/temp-install --with-mpc=/tmp/ndk-andrewhsieh/build/toolchain/temp-install --with-cloog=/tmp/ndk-andrewhsieh/build/toolchain/temp-install --with-isl=/tmp/ndk-andrewhsieh/build/toolchain/temp-install --with-ppl=/tmp/ndk-andrewhsieh/build/toolchain/temp-install --disable-ppl-version-check --disable-cloog-version-check --disable-isl-version-check --enable-cloog-backend=isl --with-host-libstdcxx='-static-libgcc -Wl,-Bstatic,-lstdc++,-Bdynamic -lm' --disable-libssp --enable-threads --disable-nls --disable-libmudflap --disable-libgomp --disable-libstdc__-v3 --disable-sjlj-exceptions --disable-shared --disable-tls --disable-libitm --with-arch=i686 --with-tune=intel --with-fpmath=sse --enable-initfini-array --disable-nls --prefix=/tmp/ndk-andrewhsieh/build/toolchain/prefix --with-sysroot=/tmp/ndk-andrewhsieh/build/toolchain/prefix/sysroot --with-binutils-version=2.25 --with-mpfr-version=3.1.1 --with-mpc-version=1.0.1 --with-gmp-version=5.0.5 --with-gcc-version=4.9 --with-gdb-version=7.7 --with-python=/usr/local/google/home/andrewhsieh/mydroid/ndk/prebuilt/linux-x86_64/bin/python-config.sh --with-gxx-include-dir=/tmp/ndk-andrewhsieh/build/toolchain/prefix/include/c++/4.9 --with-bugurl=http://source.android.com/source/report-bugs.html --enable-languages=c,c++ --disable-bootstrap --enable-plugins --enable-libgomp --enable-gnu-indirect-function --disable-libcilkrts --disable-libsanitizer --enable-gold --enable-threads --enable-graphite=yes --with-cloog-version=0.18.0 --with-isl-version=0.11.1 --enable-eh-frame-hdr-for-static --program-transform-name='s&^&i686-linux-android-&' --enable-gold=default
Thread model: posix
gcc version 4.9 20140827 (prerelease) (GCC) 
configure:4207: $? = 0
configure:4196: /home/will/Downloads/android/ffmpeg-android/toolchain-android/bin/i686-linux-android-g++ -V >&5
i686-linux-android-g++: error: unrecognized command line option '-V'
i686-linux-android-g++: fatal error: no input files
compilation terminated.
configure:4207: $? = 1
configure:4196: /home/will/Downloads/android/ffmpeg-android/toolchain-android/bin/i686-linux-android-g++ -qversion >&5
i686-linux-android-g++: error: unrecognized command line option '-qversion'
i686-linux-android-g++: fatal error: no input files
compilation terminated.
configure:4207: $? = 1
configure:4211: checking whether we are using the GNU C++ compiler
configure:4230: /home/will/Downloads/android/ffmpeg-android/toolchain-android/bin/i686-linux-android-g++ -c   conftest.cpp >&5
configure:4230: $? = 0
configure:4239: result: yes
configure:4248: checking whether /home/will/Downloads/android/ffmpeg-android/toolchain-android/bin/i686-linux-android-g++ accepts -g
configure:4268: /home/will/Downloads/android/ffmpeg-android/toolchain-android/bin/i686-linux-android-g++ -c -g  conftest.cpp >&5
configure:4268: $? = 0
configure:4309: result: yes
configure:4334: checking dependency style of /home/will/Downloads/android/ffmpeg-android/toolchain-android/bin/i686-linux-android-g++
configure:4445: result: gcc3
configure:4489: checking build system type
configure:4503: result: x86_64-unknown-linux-gnu
configure:4523: checking host system type
configure:4536: result: i686-pc-linux-gnu
configure:4577: checking how to print strings
configure:4604: result: printf
configure:4625: checking for a sed that does not truncate output
configure:4689: result: /bin/sed
configure:4707: checking for grep that handles long lines and -e
configure:4765: result: /bin/grep
configure:4770: checking for egrep
configure:4832: result: /bin/grep -E
configure:4837: checking for fgrep
configure:4899: result: /bin/grep -F
configure:4934: checking for ld used by /home/will/Downloads/android/ffmpeg-android/toolchain-android/bin/i686-linux-android-gcc --sysroot=/home/will/Downloads/android/ffmpeg-android/toolchain-android/sysroot
configure:5001: result: /home/will/Downloads/android/ffmpeg-android/toolchain-android/bin/i686-linux-android-ld
configure:5008: checking if the linker (/home/will/Downloads/android/ffmpeg-android/toolchain-android/bin/i686-linux-android-ld) is GNU ld
configure:5023: result: yes
configure:5035: checking for BSD- or MS-compatible name lister (nm)
configure:5084: result: /home/will/Downloads/android/ffmpeg-android/toolchain-android/bin/i686-linux-android-nm
configure:5214: checking the name lister (/home/will/Downloads/android/ffmpeg-android/toolchain-android/bin/i686-linux-android-nm) interface
configure:5221: /home/will/Downloads/android/ffmpeg-android/toolchain-android/bin/i686-linux-android-gcc --sysroot=/home/will/Downloads/android/ffmpeg-android/toolchain-android/sysroot -c -g -O2  conftest.c >&5
configure:5224: /home/will/Downloads/android/ffmpeg-android/toolchain-android/bin/i686-linux-android-nm "conftest.o"
configure:5227: output
00000000 B some_variable
configure:5234: result: BSD nm
configure:5237: checking whether ln -s works
configure:5241: result: yes
configure:5249: checking the maximum length of command line arguments
configure:5380: result: 1572864
configure:5397: checking whether the shell understands some XSI constructs
configure:5407: result: yes
configure:5411: checking whether the shell understands "+="
configure:5417: result: yes
configure:5452: checking how to convert x86_64-unknown-linux-gnu file names to i686-pc-linux-gnu format
configure:5492: result: func_convert_file_noop
configure:5499: checking how to convert x86_64-unknown-linux-gnu file names to toolchain format
configure:5519: result: func_convert_file_noop
configure:5526: checking for /home/will/Downloads/android/ffmpeg-android/toolchain-android/bin/i686-linux-android-ld option to reload object files
configure:5533: result: -r
configure:5567: checking for i686-linux-objdump
configure:5594: result: /home/will/Downloads/android/ffmpeg-android/toolchain-android/bin/i686-linux-android-objdump
configure:5666: checking how to recognize dependent libraries
configure:5864: result: pass_all
configure:5909: checking for i686-linux-dlltool
configure:5939: result: no
configure:5949: checking for dlltool
configure:5979: result: no
configure:6009: checking how to associate runtime and link libraries
configure:6036: result: printf %s\n
configure:6053: checking for i686-linux-ar
configure:6080: result: /home/will/Downloads/android/ffmpeg-android/toolchain-android/bin/i686-linux-android-ar
configure:6161: checking for archiver @FILE support
configure:6178: /home/will/Downloads/android/ffmpeg-android/toolchain-android/bin/i686-linux-android-gcc --sysroot=/home/will/Downloads/android/ffmpeg-android/toolchain-android/sysroot -c -g -O2  conftest.c >&5
configure:6178: $? = 0
configure:6181: /home/will/Downloads/android/ffmpeg-android/toolchain-android/bin/i686-linux-android-ar cru libconftest.a @conftest.lst >&5
configure:6184: $? = 0
configure:6189: /home/will/Downloads/android/ffmpeg-android/toolchain-android/bin/i686-linux-android-ar cru libconftest.a @conftest.lst >&5
/home/will/Downloads/android/ffmpeg-android/toolchain-android/bin/i686-linux-android-ar: conftest.o: No such file or directory
configure:6192: $? = 1
configure:6204: result: @
configure:6222: checking for i686-linux-strip
configure:6249: result: /home/will/Downloads/android/ffmpeg-android/toolchain-android/bin/i686-linux-android-strip
configure:6321: checking for i686-linux-ranlib
configure:6348: result: /home/will/Downloads/android/ffmpeg-android/toolchain-android/bin/i686-linux-android-ranlib
configure:6490: checking command to parse /home/will/Downloads/android/ffmpeg-android/toolchain-android/bin/i686-linux-android-nm output from /home/will/Downloads/android/ffmpeg-android/toolchain-android/bin/i686-linux-android-gcc --sysroot=/home/will/Downloads/android/ffmpeg-android/toolchain-android/sysroot object
configure:6610: /home/will/Downloads/android/ffmpeg-android/toolchain-android/bin/i686-linux-android-gcc --sysroot=/home/will/Downloads/android/ffmpeg-android/toolchain-android/sysroot -c -g -O2  conftest.c >&5
configure:6613: $? = 0
configure:6617: /home/will/Downloads/android/ffmpeg-android/toolchain-android/bin/i686-linux-android-nm conftest.o \| sed -n -e 's/^.*[ ]\([ABCDGIRSTW][ABCDGIRSTW]*\)[ ][ ]*\([_A-Za-z][_A-Za-z0-9]*\)$/\1 \2 \2/p' | sed '/ __gnu_lto/d' \> conftest.nm
configure:6620: $? = 0
configure:6686: /home/will/Downloads/android/ffmpeg-android/toolchain-android/bin/i686-linux-android-gcc --sysroot=/home/will/Downloads/android/ffmpeg-android/toolchain-android/sysroot -o conftest -g -O2   conftest.c conftstm.o >&5
configure:6689: $? = 0
configure:6727: result: ok
configure:6764: checking for sysroot
configure:6794: result: /home/will/Downloads/android/ffmpeg-android/toolchain-android/sysroot
configure:7023: checking for i686-linux-mt
configure:7053: result: no
configure:7063: checking for mt
configure:7079: found /bin/mt
configure:7090: result: mt
configure:7102: WARNING: using cross tools not prefixed with host triplet
configure:7113: checking if mt is a manifest tool
configure:7119: mt '-?'
configure:7127: result: no
configure:7769: checking how to run the C preprocessor
configure:7839: result: /home/will/Downloads/android/ffmpeg-android/toolchain-android/bin/i686-linux-android-cpp
configure:7859: /home/will/Downloads/android/ffmpeg-android/toolchain-android/bin/i686-linux-android-cpp  conftest.c
configure:7859: $? = 0
configure:7873: /home/will/Downloads/android/ffmpeg-android/toolchain-android/bin/i686-linux-android-cpp  conftest.c
conftest.c:11:28: fatal error: ac_nonexistent.h: No such file or directory
 #include <ac_nonexistent.h>
                            ^
compilation terminated.
configure:7873: $? = 1
configure: failed program was:
| /* confdefs.h */
| #define PACKAGE_NAME "fdk-aac"
| #define PACKAGE_TARNAME "fdk-aac"
| #define PACKAGE_VERSION "0.1.4"
| #define PACKAGE_STRING "fdk-aac 0.1.4"
| #define PACKAGE_BUGREPORT "http://sourceforge.net/projects/opencore-amr/"
| #define PACKAGE_URL ""
| #define PACKAGE "fdk-aac"
| #define VERSION "0.1.4"
| /* end confdefs.h.  */
| #include <ac_nonexistent.h>
configure:7902: checking for ANSI C header files
configure:7922: /home/will/Downloads/android/ffmpeg-android/toolchain-android/bin/i686-linux-android-gcc --sysroot=/home/will/Downloads/android/ffmpeg-android/toolchain-android/sysroot -c -g -O2  conftest.c >&5
configure:7922: $? = 0
configure:8006: result: yes
configure:8019: checking for sys/types.h
configure:8019: /home/will/Downloads/android/ffmpeg-android/toolchain-android/bin/i686-linux-android-gcc --sysroot=/home/will/Downloads/android/ffmpeg-android/toolchain-android/sysroot -c -g -O2  conftest.c >&5
configure:8019: $? = 0
configure:8019: result: yes
configure:8019: checking for sys/stat.h
configure:8019: /home/will/Downloads/android/ffmpeg-android/toolchain-android/bin/i686-linux-android-gcc --sysroot=/home/will/Downloads/android/ffmpeg-android/toolchain-android/sysroot -c -g -O2  conftest.c >&5
configure:8019: $? = 0
configure:8019: result: yes
configure:8019: checking for stdlib.h
configure:8019: /home/will/Downloads/android/ffmpeg-android/toolchain-android/bin/i686-linux-android-gcc --sysroot=/home/will/Downloads/android/ffmpeg-android/toolchain-android/sysroot -c -g -O2  conftest.c >&5
configure:8019: $? = 0
configure:8019: result: yes
configure:8019: checking for string.h
configure:8019: /home/will/Downloads/android/ffmpeg-android/toolchain-android/bin/i686-linux-android-gcc --sysroot=/home/will/Downloads/android/ffmpeg-android/toolchain-android/sysroot -c -g -O2  conftest.c >&5
configure:8019: $? = 0
configure:8019: result: yes
configure:8019: checking for memory.h
configure:8019: /home/will/Downloads/android/ffmpeg-android/toolchain-android/bin/i686-linux-android-gcc --sysroot=/home/will/Downloads/android/ffmpeg-android/toolchain-android/sysroot -c -g -O2  conftest.c >&5
configure:8019: $? = 0
configure:8019: result: yes
configure:8019: checking for strings.h
configure:8019: /home/will/Downloads/android/ffmpeg-android/toolchain-android/bin/i686-linux-android-gcc --sysroot=/home/will/Downloads/android/ffmpeg-android/toolchain-android/sysroot -c -g -O2  conftest.c >&5
configure:8019: $? = 0
configure:8019: result: yes
configure:8019: checking for inttypes.h
configure:8019: /home/will/Downloads/android/ffmpeg-android/toolchain-android/bin/i686-linux-android-gcc --sysroot=/home/will/Downloads/android/ffmpeg-android/toolchain-android/sysroot -c -g -O2  conftest.c >&5
configure:8019: $? = 0
configure:8019: result: yes
configure:8019: checking for stdint.h
configure:8019: /home/will/Downloads/android/ffmpeg-android/toolchain-android/bin/i686-linux-android-gcc --sysroot=/home/will/Downloads/android/ffmpeg-android/toolchain-android/sysroot -c -g -O2  conftest.c >&5
configure:8019: $? = 0
configure:8019: result: yes
configure:8019: checking for unistd.h
configure:8019: /home/will/Downloads/android/ffmpeg-android/toolchain-android/bin/i686-linux-android-gcc --sysroot=/home/will/Downloads/android/ffmpeg-android/toolchain-android/sysroot -c -g -O2  conftest.c >&5
configure:8019: $? = 0
configure:8019: result: yes
configure:8033: checking for dlfcn.h
configure:8033: /home/will/Downloads/android/ffmpeg-android/toolchain-android/bin/i686-linux-android-gcc --sysroot=/home/will/Downloads/android/ffmpeg-android/toolchain-android/sysroot -c -g -O2  conftest.c >&5
configure:8033: $? = 0
configure:8033: result: yes
configure:8250: checking for objdir
configure:8265: result: .libs
configure:8536: checking if /home/will/Downloads/android/ffmpeg-android/toolchain-android/bin/i686-linux-android-gcc --sysroot=/home/will/Downloads/android/ffmpeg-android/toolchain-android/sysroot supports -fno-rtti -fno-exceptions
configure:8554: /home/will/Downloads/android/ffmpeg-android/toolchain-android/bin/i686-linux-android-gcc --sysroot=/home/will/Downloads/android/ffmpeg-android/toolchain-android/sysroot -c -g -O2  -fno-rtti -fno-exceptions conftest.c >&5
cc1: warning: command line option '-fno-rtti' is valid for C++/ObjC++ but not for C
configure:8558: $? = 0
configure:8571: result: no
configure:8898: checking for /home/will/Downloads/android/ffmpeg-android/toolchain-android/bin/i686-linux-android-gcc --sysroot=/home/will/Downloads/android/ffmpeg-android/toolchain-android/sysroot option to produce PIC
configure:8905: result: -fPIC -DPIC
configure:8913: checking if /home/will/Downloads/android/ffmpeg-android/toolchain-android/bin/i686-linux-android-gcc --sysroot=/home/will/Downloads/android/ffmpeg-android/toolchain-android/sysroot PIC flag -fPIC -DPIC works
configure:8931: /home/will/Downloads/android/ffmpeg-android/toolchain-android/bin/i686-linux-android-gcc --sysroot=/home/will/Downloads/android/ffmpeg-android/toolchain-android/sysroot -c -g -O2  -fPIC -DPIC -DPIC conftest.c >&5
configure:8935: $? = 0
configure:8948: result: yes
configure:8977: checking if /home/will/Downloads/android/ffmpeg-android/toolchain-android/bin/i686-linux-android-gcc --sysroot=/home/will/Downloads/android/ffmpeg-android/toolchain-android/sysroot static flag -static works
configure:9005: result: yes
configure:9020: checking if /home/will/Downloads/android/ffmpeg-android/toolchain-android/bin/i686-linux-android-gcc --sysroot=/home/will/Downloads/android/ffmpeg-android/toolchain-android/sysroot supports -c -o file.o
configure:9041: /home/will/Downloads/android/ffmpeg-android/toolchain-android/bin/i686-linux-android-gcc --sysroot=/home/will/Downloads/android/ffmpeg-android/toolchain-android/sysroot -c -g -O2  -o out/conftest2.o conftest.c >&5
configure:9045: $? = 0
configure:9067: result: yes
configure:9075: checking if /home/will/Downloads/android/ffmpeg-android/toolchain-android/bin/i686-linux-android-gcc --sysroot=/home/will/Downloads/android/ffmpeg-android/toolchain-android/sysroot supports -c -o file.o
configure:9122: result: yes
configure:9155: checking whether the /home/will/Downloads/android/ffmpeg-android/toolchain-android/bin/i686-linux-android-gcc --sysroot=/home/will/Downloads/android/ffmpeg-android/toolchain-android/sysroot linker (/home/will/Downloads/android/ffmpeg-android/toolchain-android/bin/i686-linux-android-ld) supports shared libraries
configure:10312: result: yes
configure:10552: checking dynamic linker characteristics
configure:11052: /home/will/Downloads/android/ffmpeg-android/toolchain-android/bin/i686-linux-android-gcc --sysroot=/home/will/Downloads/android/ffmpeg-android/toolchain-android/sysroot -o conftest -g -O2   -Wl,-rpath -Wl,/foo conftest.c  >&5
configure:11052: $? = 0
configure:11286: result: GNU/Linux ld.so
configure:11393: checking how to hardcode library paths into programs
configure:11418: result: immediate
configure:11958: checking whether stripping libraries is possible
configure:11963: result: yes
configure:11998: checking if libtool supports shared libraries
configure:12000: result: yes
configure:12003: checking whether to build shared libraries
configure:12024: result: no
configure:12027: checking whether to build static libraries
configure:12031: result: yes
configure:12054: checking how to run the C++ preprocessor
configure:12081: /home/will/Downloads/android/ffmpeg-android/toolchain-android/bin/i686-linux-android-g++ -E  conftest.cpp
configure:12081: $? = 0
configure:12095: /home/will/Downloads/android/ffmpeg-android/toolchain-android/bin/i686-linux-android-g++ -E  conftest.cpp
conftest.cpp:23:28: fatal error: ac_nonexistent.h: No such file or directory
 #include <ac_nonexistent.h>
                            ^
compilation terminated.
configure:12095: $? = 1
configure: failed program was:
| /* confdefs.h */
| #define PACKAGE_NAME "fdk-aac"
| #define PACKAGE_TARNAME "fdk-aac"
| #define PACKAGE_VERSION "0.1.4"
| #define PACKAGE_STRING "fdk-aac 0.1.4"
| #define PACKAGE_BUGREPORT "http://sourceforge.net/projects/opencore-amr/"
| #define PACKAGE_URL ""
| #define PACKAGE "fdk-aac"
| #define VERSION "0.1.4"
| #define STDC_HEADERS 1
| #define HAVE_SYS_TYPES_H 1
| #define HAVE_SYS_STAT_H 1
| #define HAVE_STDLIB_H 1
| #define HAVE_STRING_H 1
| #define HAVE_MEMORY_H 1
| #define HAVE_STRINGS_H 1
| #define HAVE_INTTYPES_H 1
| #define HAVE_STDINT_H 1
| #define HAVE_UNISTD_H 1
| #define HAVE_DLFCN_H 1
| #define LT_OBJDIR ".libs/"
| /* end confdefs.h.  */
| #include <ac_nonexistent.h>
configure:12120: result: /home/will/Downloads/android/ffmpeg-android/toolchain-android/bin/i686-linux-android-g++ -E
configure:12140: /home/will/Downloads/android/ffmpeg-android/toolchain-android/bin/i686-linux-android-g++ -E  conftest.cpp
configure:12140: $? = 0
configure:12154: /home/will/Downloads/android/ffmpeg-android/toolchain-android/bin/i686-linux-android-g++ -E  conftest.cpp
conftest.cpp:23:28: fatal error: ac_nonexistent.h: No such file or directory
 #include <ac_nonexistent.h>
                            ^
compilation terminated.
configure:12154: $? = 1
configure: failed program was:
| /* confdefs.h */
| #define PACKAGE_NAME "fdk-aac"
| #define PACKAGE_TARNAME "fdk-aac"
| #define PACKAGE_VERSION "0.1.4"
| #define PACKAGE_STRING "fdk-aac 0.1.4"
| #define PACKAGE_BUGREPORT "http://sourceforge.net/projects/opencore-amr/"
| #define PACKAGE_URL ""
| #define PACKAGE "fdk-aac"
| #define VERSION "0.1.4"
| #define STDC_HEADERS 1
| #define HAVE_SYS_TYPES_H 1
| #define HAVE_SYS_STAT_H 1
| #define HAVE_STDLIB_H 1
| #define HAVE_STRING_H 1
| #define HAVE_MEMORY_H 1
| #define HAVE_STRINGS_H 1
| #define HAVE_INTTYPES_H 1
| #define HAVE_STDINT_H 1
| #define HAVE_UNISTD_H 1
| #define HAVE_DLFCN_H 1
| #define LT_OBJDIR ".libs/"
| /* end confdefs.h.  */
| #include <ac_nonexistent.h>
configure:12323: checking for ld used by /home/will/Downloads/android/ffmpeg-android/toolchain-android/bin/i686-linux-android-g++
configure:12390: result: /home/will/Downloads/android/ffmpeg-android/toolchain-android/bin/i686-linux-android-ld
configure:12397: checking if the linker (/home/will/Downloads/android/ffmpeg-android/toolchain-android/bin/i686-linux-android-ld) is GNU ld
configure:12412: result: yes
configure:12467: checking whether the /home/will/Downloads/android/ffmpeg-android/toolchain-android/bin/i686-linux-android-g++ linker (/home/will/Downloads/android/ffmpeg-android/toolchain-android/bin/i686-linux-android-ld) supports shared libraries
configure:13469: result: yes
configure:13505: /home/will/Downloads/android/ffmpeg-android/toolchain-android/bin/i686-linux-android-g++ -c -g -O2  conftest.cpp >&5
configure:13508: $? = 0
configure:14028: checking for /home/will/Downloads/android/ffmpeg-android/toolchain-android/bin/i686-linux-android-g++ option to produce PIC
configure:14035: result: -fPIC -DPIC
configure:14043: checking if /home/will/Downloads/android/ffmpeg-android/toolchain-android/bin/i686-linux-android-g++ PIC flag -fPIC -DPIC works
configure:14061: /home/will/Downloads/android/ffmpeg-android/toolchain-android/bin/i686-linux-android-g++ -c -g -O2  -fPIC -DPIC -DPIC conftest.cpp >&5
configure:14065: $? = 0
configure:14078: result: yes
configure:14101: checking if /home/will/Downloads/android/ffmpeg-android/toolchain-android/bin/i686-linux-android-g++ static flag -static works
configure:14129: result: yes
configure:14141: checking if /home/will/Downloads/android/ffmpeg-android/toolchain-android/bin/i686-linux-android-g++ supports -c -o file.o
configure:14162: /home/will/Downloads/android/ffmpeg-android/toolchain-android/bin/i686-linux-android-g++ -c -g -O2  -o out/conftest2.o conftest.cpp >&5
configure:14166: $? = 0
configure:14188: result: yes
configure:14193: checking if /home/will/Downloads/android/ffmpeg-android/toolchain-android/bin/i686-linux-android-g++ supports -c -o file.o
configure:14240: result: yes
configure:14270: checking whether the /home/will/Downloads/android/ffmpeg-android/toolchain-android/bin/i686-linux-android-g++ linker (/home/will/Downloads/android/ffmpeg-android/toolchain-android/bin/i686-linux-android-ld) supports shared libraries
configure:14309: result: yes
configure:14450: checking dynamic linker characteristics
configure:15118: result: GNU/Linux ld.so
configure:15171: checking how to hardcode library paths into programs
configure:15196: result: immediate
configure:15258: checking for library containing sin
configure:15289: /home/will/Downloads/android/ffmpeg-android/toolchain-android/bin/i686-linux-android-gcc --sysroot=/home/will/Downloads/android/ffmpeg-android/toolchain-android/sysroot -o conftest -g -O2   conftest.c  >&5
conftest.c:30:6: warning: conflicting types for built-in function 'sin'
 char sin ();
      ^
conftest.c:34: error: undefined reference to 'sin'
collect2: error: ld returned 1 exit status
configure:15289: $? = 1
configure: failed program was:
| /* confdefs.h */
| #define PACKAGE_NAME "fdk-aac"
| #define PACKAGE_TARNAME "fdk-aac"
| #define PACKAGE_VERSION "0.1.4"
| #define PACKAGE_STRING "fdk-aac 0.1.4"
| #define PACKAGE_BUGREPORT "http://sourceforge.net/projects/opencore-amr/"
| #define PACKAGE_URL ""
| #define PACKAGE "fdk-aac"
| #define VERSION "0.1.4"
| #define STDC_HEADERS 1
| #define HAVE_SYS_TYPES_H 1
| #define HAVE_SYS_STAT_H 1
| #define HAVE_STDLIB_H 1
| #define HAVE_STRING_H 1
| #define HAVE_MEMORY_H 1
| #define HAVE_STRINGS_H 1
| #define HAVE_INTTYPES_H 1
| #define HAVE_STDINT_H 1
| #define HAVE_UNISTD_H 1
| #define HAVE_DLFCN_H 1
| #define LT_OBJDIR ".libs/"
| /* end confdefs.h.  */
| 
| /* Override any GCC internal prototype to avoid an error.
|    Use char because int might match the return type of a GCC
|    builtin and then its argument prototype would still apply.  */
| #ifdef __cplusplus
| extern "C"
| #endif
| char sin ();
| int
| main ()
| {
| return sin ();
|   ;
|   return 0;
| }
configure:15289: /home/will/Downloads/android/ffmpeg-android/toolchain-android/bin/i686-linux-android-gcc --sysroot=/home/will/Downloads/android/ffmpeg-android/toolchain-android/sysroot -o conftest -g -O2   conftest.c -lm   >&5
conftest.c:30:6: warning: conflicting types for built-in function 'sin'
 char sin ();
      ^
configure:15289: $? = 0
configure:15306: result: -lm
configure:15473: checking that generated files are newer than configure
configure:15479: result: done
configure:15510: creating ./config.status

## ---------------------- ##
## Running config.status. ##
## ---------------------- ##

This file was extended by fdk-aac config.status 0.1.4, which was
generated by GNU Autoconf 2.69.  Invocation command line was

  CONFIG_FILES    = 
  CONFIG_HEADERS  = 
  CONFIG_LINKS    = 
  CONFIG_COMMANDS = 
  $ ./config.status 

on will-acer-server

config.status:1073: creating Makefile
config.status:1073: creating fdk-aac.pc
config.status:1245: executing depfiles commands
config.status:1245: executing libtool commands
configure:17809: WARNING: unrecognized options: --disable-cli

## ---------------- ##
## Cache variables. ##
## ---------------- ##

ac_cv_build=x86_64-unknown-linux-gnu
ac_cv_c_compiler_gnu=yes
ac_cv_cxx_compiler_gnu=yes
ac_cv_env_CCC_set=
ac_cv_env_CCC_value=
ac_cv_env_CC_set=set
ac_cv_env_CC_value='/home/will/Downloads/android/ffmpeg-android/toolchain-android/bin/i686-linux-android-gcc --sysroot=/home/will/Downloads/android/ffmpeg-android/toolchain-android/sysroot'
ac_cv_env_CFLAGS_set=
ac_cv_env_CFLAGS_value=
ac_cv_env_CPPFLAGS_set=
ac_cv_env_CPPFLAGS_value=
ac_cv_env_CPP_set=set
ac_cv_env_CPP_value=/home/will/Downloads/android/ffmpeg-android/toolchain-android/bin/i686-linux-android-cpp
ac_cv_env_CXXCPP_set=
ac_cv_env_CXXCPP_value=
ac_cv_env_CXXFLAGS_set=
ac_cv_env_CXXFLAGS_value=
ac_cv_env_CXX_set=set
ac_cv_env_CXX_value=/home/will/Downloads/android/ffmpeg-android/toolchain-android/bin/i686-linux-android-g++
ac_cv_env_LDFLAGS_set=
ac_cv_env_LDFLAGS_value=
ac_cv_env_LIBS_set=
ac_cv_env_LIBS_value=
ac_cv_env_build_alias_set=
ac_cv_env_build_alias_value=
ac_cv_env_host_alias_set=set
ac_cv_env_host_alias_value=i686-linux
ac_cv_env_target_alias_set=
ac_cv_env_target_alias_value=
ac_cv_header_dlfcn_h=yes
ac_cv_header_inttypes_h=yes
ac_cv_header_memory_h=yes
ac_cv_header_stdc=yes
ac_cv_header_stdint_h=yes
ac_cv_header_stdlib_h=yes
ac_cv_header_string_h=yes
ac_cv_header_strings_h=yes
ac_cv_header_sys_stat_h=yes
ac_cv_header_sys_types_h=yes
ac_cv_header_unistd_h=yes
ac_cv_host=i686-pc-linux-gnu
ac_cv_objext=o
ac_cv_path_EGREP='/bin/grep -E'
ac_cv_path_FGREP='/bin/grep -F'
ac_cv_path_GREP=/bin/grep
ac_cv_path_SED=/bin/sed
ac_cv_path_install='/usr/bin/install -c'
ac_cv_path_mkdir=/bin/mkdir
ac_cv_prog_AR=/home/will/Downloads/android/ffmpeg-android/toolchain-android/bin/i686-linux-android-ar
ac_cv_prog_AWK=mawk
ac_cv_prog_CC='/home/will/Downloads/android/ffmpeg-android/toolchain-android/bin/i686-linux-android-gcc --sysroot=/home/will/Downloads/android/ffmpeg-android/toolchain-android/sysroot'
ac_cv_prog_CPP=/home/will/Downloads/android/ffmpeg-android/toolchain-android/bin/i686-linux-android-cpp
ac_cv_prog_CXXCPP='/home/will/Downloads/android/ffmpeg-android/toolchain-android/bin/i686-linux-android-g++ -E'
ac_cv_prog_OBJDUMP=/home/will/Downloads/android/ffmpeg-android/toolchain-android/bin/i686-linux-android-objdump
ac_cv_prog_RANLIB=/home/will/Downloads/android/ffmpeg-android/toolchain-android/bin/i686-linux-android-ranlib
ac_cv_prog_STRIP=/home/will/Downloads/android/ffmpeg-android/toolchain-android/bin/i686-linux-android-strip
ac_cv_prog_ac_ct_MANIFEST_TOOL=mt
ac_cv_prog_cc_c89=
ac_cv_prog_cc_g=yes
ac_cv_prog_cxx_g=yes
ac_cv_prog_make_make_set=yes
ac_cv_search_sin=-lm
am_cv_CC_dependencies_compiler_type=gcc3
am_cv_CXX_dependencies_compiler_type=gcc3
am_cv_make_support_nested_variables=yes
am_cv_prog_cc_c_o=yes
am_cv_prog_tar_ustar=gnutar
lt_cv_ar_at_file=@
lt_cv_deplibs_check_method=pass_all
lt_cv_file_magic_cmd='$MAGIC_CMD'
lt_cv_file_magic_test_file=
lt_cv_ld_reload_flag=-r
lt_cv_nm_interface='BSD nm'
lt_cv_objdir=.libs
lt_cv_path_LD=/home/will/Downloads/android/ffmpeg-android/toolchain-android/bin/i686-linux-android-ld
lt_cv_path_LDCXX=/home/will/Downloads/android/ffmpeg-android/toolchain-android/bin/i686-linux-android-ld
lt_cv_path_NM=/home/will/Downloads/android/ffmpeg-android/toolchain-android/bin/i686-linux-android-nm
lt_cv_path_mainfest_tool=no
lt_cv_prog_compiler_c_o=yes
lt_cv_prog_compiler_c_o_CXX=yes
lt_cv_prog_compiler_pic='-fPIC -DPIC'
lt_cv_prog_compiler_pic_CXX='-fPIC -DPIC'
lt_cv_prog_compiler_pic_works=yes
lt_cv_prog_compiler_pic_works_CXX=yes
lt_cv_prog_compiler_rtti_exceptions=no
lt_cv_prog_compiler_static_works=yes
lt_cv_prog_compiler_static_works_CXX=yes
lt_cv_prog_gnu_ld=yes
lt_cv_prog_gnu_ldcxx=yes
lt_cv_sharedlib_from_linklib_cmd='printf %s\n'
lt_cv_shlibpath_overrides_runpath=yes
lt_cv_sys_global_symbol_pipe='sed -n -e '\''s/^.*[	 ]\([ABCDGIRSTW][ABCDGIRSTW]*\)[	 ][	 ]*\([_A-Za-z][_A-Za-z0-9]*\)$/\1 \2 \2/p'\'' | sed '\''/ __gnu_lto/d'\'''
lt_cv_sys_global_symbol_to_c_name_address='sed -n -e '\''s/^: \([^ ]*\)[ ]*$/  {\"\1\", (void *) 0},/p'\'' -e '\''s/^[ABCDGIRSTW]* \([^ ]*\) \([^ ]*\)$/  {"\2", (void *) \&\2},/p'\'''
lt_cv_sys_global_symbol_to_c_name_address_lib_prefix='sed -n -e '\''s/^: \([^ ]*\)[ ]*$/  {\"\1\", (void *) 0},/p'\'' -e '\''s/^[ABCDGIRSTW]* \([^ ]*\) \(lib[^ ]*\)$/  {"\2", (void *) \&\2},/p'\'' -e '\''s/^[ABCDGIRSTW]* \([^ ]*\) \([^ ]*\)$/  {"lib\2", (void *) \&\2},/p'\'''
lt_cv_sys_global_symbol_to_cdecl='sed -n -e '\''s/^T .* \(.*\)$/extern int \1();/p'\'' -e '\''s/^[ABCDGIRSTW]* .* \(.*\)$/extern char \1;/p'\'''
lt_cv_sys_max_cmd_len=1572864
lt_cv_to_host_file_cmd=func_convert_file_noop
lt_cv_to_tool_file_cmd=func_convert_file_noop

## ----------------- ##
## Output variables. ##
## ----------------- ##

ACLOCAL='${SHELL} /home/will/Downloads/android/ffmpeg-android/fdk-aac/missing aclocal-1.14'
AMDEPBACKSLASH='\'
AMDEP_FALSE='#'
AMDEP_TRUE=''
AMTAR='$${TAR-tar}'
AM_BACKSLASH='\'
AM_DEFAULT_V='$(AM_DEFAULT_VERBOSITY)'
AM_DEFAULT_VERBOSITY='0'
AM_V='$(V)'
AR='/home/will/Downloads/android/ffmpeg-android/toolchain-android/bin/i686-linux-android-ar'
AUTOCONF='${SHELL} /home/will/Downloads/android/ffmpeg-android/fdk-aac/missing autoconf'
AUTOHEADER='${SHELL} /home/will/Downloads/android/ffmpeg-android/fdk-aac/missing autoheader'
AUTOMAKE='${SHELL} /home/will/Downloads/android/ffmpeg-android/fdk-aac/missing automake-1.14'
AWK='mawk'
CC='/home/will/Downloads/android/ffmpeg-android/toolchain-android/bin/i686-linux-android-gcc --sysroot=/home/will/Downloads/android/ffmpeg-android/toolchain-android/sysroot'
CCDEPMODE='depmode=gcc3'
CFLAGS='-g -O2'
CPP='/home/will/Downloads/android/ffmpeg-android/toolchain-android/bin/i686-linux-android-cpp'
CPPFLAGS=''
CXX='/home/will/Downloads/android/ffmpeg-android/toolchain-android/bin/i686-linux-android-g++'
CXXCPP='/home/will/Downloads/android/ffmpeg-android/toolchain-android/bin/i686-linux-android-g++ -E'
CXXDEPMODE='depmode=gcc3'
CXXFLAGS='-g -O2'
CYGPATH_W='echo'
DEFS='-DPACKAGE_NAME=\"fdk-aac\" -DPACKAGE_TARNAME=\"fdk-aac\" -DPACKAGE_VERSION=\"0.1.4\" -DPACKAGE_STRING=\"fdk-aac\ 0.1.4\" -DPACKAGE_BUGREPORT=\"http://sourceforge.net/projects/opencore-amr/\" -DPACKAGE_URL=\"\" -DPACKAGE=\"fdk-aac\" -DVERSION=\"0.1.4\" -DSTDC_HEADERS=1 -DHAVE_SYS_TYPES_H=1 -DHAVE_SYS_STAT_H=1 -DHAVE_STDLIB_H=1 -DHAVE_STRING_H=1 -DHAVE_MEMORY_H=1 -DHAVE_STRINGS_H=1 -DHAVE_INTTYPES_H=1 -DHAVE_STDINT_H=1 -DHAVE_UNISTD_H=1 -DHAVE_DLFCN_H=1 -DLT_OBJDIR=\".libs/\"'
DEPDIR='.deps'
DLLTOOL='false'
DSYMUTIL=''
DUMPBIN=''
ECHO_C=''
ECHO_N='-n'
ECHO_T=''
EGREP='/bin/grep -E'
EXAMPLE_FALSE=''
EXAMPLE_TRUE='#'
EXEEXT=''
FDK_AAC_VERSION='1:0:0'
FGREP='/bin/grep -F'
GREP='/bin/grep'
INSTALL_DATA='${INSTALL} -m 644'
INSTALL_PROGRAM='${INSTALL}'
INSTALL_SCRIPT='${INSTALL}'
INSTALL_STRIP_PROGRAM='$(install_sh) -c -s'
LD='/home/will/Downloads/android/ffmpeg-android/toolchain-android/bin/i686-linux-android-ld'
LDFLAGS=''
LIBOBJS=''
LIBS='-lm '
LIBS_PRIVATE=''
LIBS_PUBLIC='-lm '
LIBTOOL='$(SHELL) $(top_builddir)/libtool'
LIPO=''
LN_S='ln -s'
LTLIBOBJS=''
MAKEINFO='${SHELL} /home/will/Downloads/android/ffmpeg-android/fdk-aac/missing makeinfo'
MANIFEST_TOOL=':'
MKDIR_P='/bin/mkdir -p'
NM='/home/will/Downloads/android/ffmpeg-android/toolchain-android/bin/i686-linux-android-nm'
NMEDIT=''
OBJDUMP='/home/will/Downloads/android/ffmpeg-android/toolchain-android/bin/i686-linux-android-objdump'
OBJEXT='o'
OTOOL64=''
OTOOL=''
PACKAGE='fdk-aac'
PACKAGE_BUGREPORT='http://sourceforge.net/projects/opencore-amr/'
PACKAGE_NAME='fdk-aac'
PACKAGE_STRING='fdk-aac 0.1.4'
PACKAGE_TARNAME='fdk-aac'
PACKAGE_URL=''
PACKAGE_VERSION='0.1.4'
PATH_SEPARATOR=':'
RANLIB='/home/will/Downloads/android/ffmpeg-android/toolchain-android/bin/i686-linux-android-ranlib'
SED='/bin/sed'
SET_MAKE=''
SHELL='/bin/bash'
STRIP='/home/will/Downloads/android/ffmpeg-android/toolchain-android/bin/i686-linux-android-strip'
VERSION='0.1.4'
ac_ct_AR=''
ac_ct_CC=''
ac_ct_CXX=''
ac_ct_DUMPBIN=''
am__EXEEXT_FALSE=''
am__EXEEXT_TRUE='#'
am__fastdepCC_FALSE='#'
am__fastdepCC_TRUE=''
am__fastdepCXX_FALSE='#'
am__fastdepCXX_TRUE=''
am__include='include'
am__isrc=''
am__leading_dot='.'
am__nodep='_no'
am__quote=''
am__tar='tar --format=ustar -chf - "$$tardir"'
am__untar='tar -xf -'
bindir='${exec_prefix}/bin'
build='x86_64-unknown-linux-gnu'
build_alias=''
build_cpu='x86_64'
build_os='linux-gnu'
build_vendor='unknown'
datadir='${datarootdir}'
datarootdir='${prefix}/share'
docdir='${datarootdir}/doc/${PACKAGE_TARNAME}'
dvidir='${docdir}'
exec_prefix='${prefix}'
host='i686-pc-linux-gnu'
host_alias='i686-linux'
host_cpu='i686'
host_os='linux-gnu'
host_vendor='pc'
htmldir='${docdir}'
includedir='${prefix}/include'
infodir='${datarootdir}/info'
install_sh='${SHELL} /home/will/Downloads/android/ffmpeg-android/fdk-aac/install-sh'
libdir='${exec_prefix}/lib'
libexecdir='${exec_prefix}/libexec'
localedir='${datarootdir}/locale'
localstatedir='${prefix}/var'
mandir='${datarootdir}/man'
mkdir_p='$(MKDIR_P)'
oldincludedir='/usr/include'
pdfdir='${docdir}'
prefix='/home/will/Downloads/android/ffmpeg-android/toolchain-android'
program_transform_name='s,x,x,'
psdir='${docdir}'
sbindir='${exec_prefix}/sbin'
sharedstatedir='${prefix}/com'
sysconfdir='${prefix}/etc'
target_alias=''

## ----------- ##
## confdefs.h. ##
## ----------- ##

/* confdefs.h */
#define PACKAGE_NAME "fdk-aac"
#define PACKAGE_TARNAME "fdk-aac"
#define PACKAGE_VERSION "0.1.4"
#define PACKAGE_STRING "fdk-aac 0.1.4"
#define PACKAGE_BUGREPORT "http://sourceforge.net/projects/opencore-amr/"
#define PACKAGE_URL ""
#define PACKAGE "fdk-aac"
#define VERSION "0.1.4"
#define STDC_HEADERS 1
#define HAVE_SYS_TYPES_H 1
#define HAVE_SYS_STAT_H 1
#define HAVE_STDLIB_H 1
#define HAVE_STRING_H 1
#define HAVE_MEMORY_H 1
#define HAVE_STRINGS_H 1
#define HAVE_INTTYPES_H 1
#define HAVE_STDINT_H 1
#define HAVE_UNISTD_H 1
#define HAVE_DLFCN_H 1
#define LT_OBJDIR ".libs/"

configure: exit 0
